#
# A fatal error has been detected by the Java Runtime Environment:
#
#  SIGSEGV (0xb) at pc=0x645cf675, pid=22599, tid=1725954880
#
# JRE version: 7.0_21-b02
# Java VM: OpenJDK Server VM (23.7-b01 mixed mode linux-x86 )
# Problematic frame:
# C  [libopencv_java246.so+0x30e675]  cv::Mutex::~Mutex()+0x25
#
# Failed to write core dump. Core dumps have been disabled. To enable core dumping, try "ulimit -c unlimited" before starting Java again
#
# If you would like to submit a bug report, please include
# instructions on how to reproduce the bug and visit:
#   https://bugs.launchpad.net/ubuntu/+source/openjdk-7/
#

---------------  T H R E A D  ---------------

Current thread (0x66ca8400):  VMThread [stack: 0x66d7f000,0x66e00000] [id=22613]

siginfo:si_signo=SIGSEGV: si_errno=0, si_code=1 (SEGV_MAPERR), si_addr=0x00000004

Registers:
EAX=0x00000000, EBX=0x64d5bff4, ECX=0x6a1471f0, EDX=0xffffffff
ESP=0x66dfed00, EBP=0xb772c3e4, ESI=0x64dfeefc, EDI=0x0000008f
EIP=0x645cf675, EFLAGS=0x00210212, CR2=0x00000004

Top of Stack: (sp=0x66dfed00)
0x66dfed00:   6a147650 0000008f b772c3e4 b772bff4
0x66dfed10:   b772bff4 6a147188 0000008f b75b9f51
0x66dfed20:   64dfeefc 0000008f b7667542 b6e20be1
0x66dfed30:   b6504f38 b692bab6 b711eff4 01dec813
0x66dfed40:   b6500468 656d6974 b6507cf0 b772bff4
0x66dfed50:   631fec04 b6530bb0 b6530fa4 b75b9fdd
0x66dfed60:   0000008f b772c3e4 00000001 b6e1fd4f
0x66dfed70:   b757287f b75b9fb6 b711eff4 b6c14510 

Instructions: (pc=0x645cf675)
0x645cf655:   ff ff ff 89 74 24 14 8b 74 24 20 89 5c 24 10 e8
0x645cf665:   be 32 e1 ff 81 c3 8b c9 78 00 89 7c 24 18 8b 06
0x645cf675:   f0 0f c1 50 04 83 fa 01 74 19 c7 06 00 00 00 00
0x645cf685:   8b 5c 24 10 8b 74 24 14 8b 7c 24 18 83 c4 1c c3 

Register to memory mapping:

EAX=0x00000000 is an unknown value
EBX=0x64d5bff4: <offset 0xa9aff4> in /home/matt/CS/Hack/opencv/build/lib/libopencv_java246.so at 0x642c1000
ECX=0x6a1471f0 is an unknown value
EDX=0xffffffff is an unknown value
ESP=0x66dfed00 is an unknown value
EBP=0xb772c3e4: <offset 0x1a53e4> in /lib/i386-linux-gnu/libc.so.6 at 0xb7587000
ESI=0x64dfeefc: _ZN2cv15SURFFindInvoker19findMaximaInLayer_mE+0 in /home/matt/CS/Hack/opencv/build/lib/libopencv_java246.so at 0x642c1000
EDI=0x0000008f is an unknown value


Stack: [0x66d7f000,0x66e00000],  sp=0x66dfed00,  free space=511k
Native frames: (J=compiled Java code, j=interpreted, Vv=VM code, C=native code)
C  [libopencv_java246.so+0x30e675]  cv::Mutex::~Mutex()+0x25

VM_Operation (0x631fec04): Exit, mode: safepoint, requested by thread 0x6650cc00


---------------  P R O C E S S  ---------------

Java Threads: ( => current thread )
  0x6650cc00 JavaThread "SIGTERM handler" daemon [_thread_blocked, id=22632, stack(0x631af000,0x63200000)]
  0x66a0f000 JavaThread "Animation Thread" [_thread_blocked, id=22629, stack(0x64f77000,0x64fc8000)]
  0x66506400 JavaThread "AWT-EventQueue-1" [_thread_blocked, id=22628, stack(0x64f26000,0x64f77000)]
  0xb6506800 JavaThread "DestroyJavaVM" [_thread_blocked, id=22604, stack(0xb6673000,0xb66c4000)]
  0x651af400 JavaThread "AWT-EventQueue-0" [_thread_blocked, id=22626, stack(0x6500d000,0x6505e000)]
  0x651a9800 JavaThread "AWT-Shutdown" [_thread_blocked, id=22625, stack(0x6505e000,0x650af000)]
  0x65183400 JavaThread "thread applet-Main.class" [_thread_blocked, id=22624, stack(0x650af000,0x65100000)]
  0x6516bc00 JavaThread "AWT-XAWT" daemon [_thread_in_native, id=22622, stack(0x65237000,0x65288000)]
  0x6513a400 JavaThread "Java2D Disposer" daemon [_thread_blocked, id=22621, stack(0x65288000,0x652d9000)]
  0x66cf7c00 JavaThread "Service Thread" daemon [_thread_blocked, id=22619, stack(0x6a62e000,0x6a67f000)]
  0x66cf6000 JavaThread "C2 CompilerThread1" daemon [_thread_blocked, id=22618, stack(0x6647f000,0x66500000)]
  0x66cf4000 JavaThread "C2 CompilerThread0" daemon [_thread_blocked, id=22617, stack(0x66f4a000,0x66fcb000)]
  0x66cf2400 JavaThread "Signal Dispatcher" daemon [_thread_blocked, id=22616, stack(0x6a82e000,0x6a87f000)]
  0x66cb0000 JavaThread "Finalizer" daemon [_thread_blocked, id=22615, stack(0x6aa2e000,0x6aa7f000)]
  0x66cae400 JavaThread "Reference Handler" daemon [_thread_blocked, id=22614, stack(0x6ad2e000,0x6ad7f000)]

Other Threads:
=>0x66ca8400 VMThread [stack: 0x66d7f000,0x66e00000] [id=22613]

VM state:at safepoint (shutting down)

VM Mutex/Monitor currently owned by a thread:  ([mutex/lock_event])
[0xb6504238] Threads_lock - owner thread: 0x66ca8400

Heap
 PSYoungGen      total 113408K, used 85831K [0x9ded0000, 0xab600000, 0xb3420000)
  eden space 35136K, 45% used [0x9ded0000,0x9ee71e48,0xa0120000)
  from space 78272K, 89% used [0xa0120000,0xa4550000,0xa4d90000)
  to   space 87680K, 0% used [0xa6060000,0xa6060000,0xab600000)
 ParOldGen       total 289600K, used 252075K [0x73420000, 0x84ef0000, 0x9ded0000)
  object space 289600K, 87% used [0x73420000,0x82a4af80,0x84ef0000)
 PSPermGen       total 16384K, used 7447K [0x6b420000, 0x6c420000, 0x73420000)
  object space 16384K, 45% used [0x6b420000,0x6bb65dc0,0x6c420000)

Card table byte_map: [0x6b1df000,0x6b420000] byte_map_base: 0x6ae84f00

Polling page: 0xb7737000

Code Cache  [0xb34e7000, 0xb3727000, 0xb64e7000)
 total_blobs=326 nmethods=63 adapters=216 free_code_cache=48697Kb largest_free_block=49852352

Compilation events (10 events):
Event: 0.895 Thread 0x66cf4000 nmethod 55 0xb3557ac8 code [0xb3557ba0, 0xb3557bf0]
Event: 0.895 Thread 0x66cf4000   56             java.awt.Rectangle::getHeight (6 bytes)
Event: 0.895 Thread 0x66cf4000 nmethod 56 0xb3557948 code [0xb3557a20, 0xb3557a70]
Event: 0.895 Thread 0x66cf4000   57             Main$BlackLine::<init> (20 bytes)
Event: 0.895 Thread 0x66cf6000 nmethod 53 0xb3553708 code [0xb3553860, 0xb3553a50]
Event: 0.895 Thread 0x66cf6000   58             Main$BlackLine::getCost (12 bytes)
Event: 0.896 Thread 0x66cf4000 nmethod 57 0xb35577c8 code [0xb35578a0, 0xb35578f0]
Event: 0.896 Thread 0x66cf6000 nmethod 58 0xb3553f48 code [0xb3554020, 0xb3554070]
Event: 0.897 Thread 0x66cf4000    5 %           Main::getSeries @ 23 (72 bytes)
Event: 0.901 Thread 0x66cf4000 nmethod 5% 0xb355b588 code [0xb355b720, 0xb355bbb8]

GC Heap History (10 events):
Event: 2.997 GC heap before
{Heap before GC invocations=10 (full 2):
 PSYoungGen      total 70784K, used 70776K [0x9ded0000, 0xa6ca0000, 0xb3420000)
  eden space 32384K, 100% used [0x9ded0000,0x9fe70000,0x9fe70000)
  from space 38400K, 99% used [0x9fe70000,0xa23ee1f8,0xa23f0000)
  to   space 53056K, 0% used [0xa38d0000,0xa38d0000,0xa6ca0000)
 ParOldGen       total 133952K, used 92275K [0x73420000, 0x7b6f0000, 0x9ded0000)
  object space 133952K, 68% used [0x73420000,0x78e3ce30,0x7b6f0000)
 PSPermGen       total 16896K, used 7430K [0x6b420000, 0x6c4a0000, 0x73420000)
  object space 16896K, 43% used [0x6b420000,0x6bb61ab0,0x6c4a0000)
Event: 3.194 GC heap after
Heap after GC invocations=10 (full 2):
 PSYoungGen      total 81344K, used 53056K [0x9ded0000, 0xa84f0000, 0xb3420000)
  eden space 28288K, 0% used [0x9ded0000,0x9ded0000,0x9fa70000)
  from space 53056K, 100% used [0xa38d0000,0xa6ca0000,0xa6ca0000)
  to   space 63872K, 0% used [0x9fa70000,0x9fa70000,0xa38d0000)
 ParOldGen       total 133952K, used 94087K [0x73420000, 0x7b6f0000, 0x9ded0000)
  object space 133952K, 70% used [0x73420000,0x79001e30,0x7b6f0000)
 PSPermGen       total 16896K, used 7430K [0x6b420000, 0x6c4a0000, 0x73420000)
  object space 16896K, 43% used [0x6b420000,0x6bb61ab0,0x6c4a0000)
}
Event: 3.547 GC heap before
{Heap before GC invocations=11 (full 2):
 PSYoungGen      total 81344K, used 81344K [0x9ded0000, 0xa84f0000, 0xb3420000)
  eden space 28288K, 100% used [0x9ded0000,0x9fa70000,0x9fa70000)
  from space 53056K, 100% used [0xa38d0000,0xa6ca0000,0xa6ca0000)
  to   space 63872K, 0% used [0x9fa70000,0x9fa70000,0xa38d0000)
 ParOldGen       total 133952K, used 94087K [0x73420000, 0x7b6f0000, 0x9ded0000)
  object space 133952K, 70% used [0x73420000,0x79001e30,0x7b6f0000)
 PSPermGen       total 16896K, used 7430K [0x6b420000, 0x6c4a0000, 0x73420000)
  object space 16896K, 43% used [0x6b420000,0x6bb61ab0,0x6c4a0000)
Event: 4.322 GC heap after
Heap after GC invocations=11 (full 2):
 PSYoungGen      total 92160K, used 63872K [0x9ded0000, 0xaa2d0000, 0xb3420000)
  eden space 28288K, 0% used [0x9ded0000,0x9ded0000,0x9fa70000)
  from space 63872K, 100% used [0x9fa70000,0xa38d0000,0xa38d0000)
  to   space 82240K, 0% used [0xa5280000,0xa5280000,0xaa2d0000)
 ParOldGen       total 133952K, used 111651K [0x73420000, 0x7b6f0000, 0x9ded0000)
  object space 133952K, 83% used [0x73420000,0x7a128e30,0x7b6f0000)
 PSPermGen       total 16896K, used 7430K [0x6b420000, 0x6c4a0000, 0x73420000)
  object space 16896K, 43% used [0x6b420000,0x6bb61ab0,0x6c4a0000)
}
Event: 4.322 GC heap before
{Heap before GC invocations=12 (full 3):
 PSYoungGen      total 92160K, used 63872K [0x9ded0000, 0xaa2d0000, 0xb3420000)
  eden space 28288K, 0% used [0x9ded0000,0x9ded0000,0x9fa70000)
  from space 63872K, 100% used [0x9fa70000,0xa38d0000,0xa38d0000)
  to   space 82240K, 0% used [0xa5280000,0xa5280000,0xaa2d0000)
 ParOldGen       total 133952K, used 111651K [0x73420000, 0x7b6f0000, 0x9ded0000)
  object space 133952K, 83% used [0x73420000,0x7a128e30,0x7b6f0000)
 PSPermGen       total 16896K, used 7430K [0x6b420000, 0x6c4a0000, 0x73420000)
  object space 16896K, 43% used [0x6b420000,0x6bb61ab0,0x6c4a0000)
Event: 5.825 GC heap after
Heap after GC invocations=12 (full 3):
 PSYoungGen      total 92160K, used 34124K [0x9ded0000, 0xaa2d0000, 0xb3420000)
  eden space 28288K, 0% used [0x9ded0000,0x9ded0000,0x9fa70000)
  from space 63872K, 53% used [0x9fa70000,0xa1bc3280,0xa38d0000)
  to   space 82240K, 0% used [0xa5280000,0xa5280000,0xaa2d0000)
 ParOldGen       total 235456K, used 133950K [0x73420000, 0x81a10000, 0x9ded0000)
  object space 235456K, 56% used [0x73420000,0x7b6ef898,0x81a10000)
 PSPermGen       total 16384K, used 7430K [0x6b420000, 0x6c420000, 0x73420000)
  object space 16384K, 45% used [0x6b420000,0x6bb61ab0,0x6c420000)
}
Event: 6.234 GC heap before
{Heap before GC invocations=13 (full 3):
 PSYoungGen      total 92160K, used 62412K [0x9ded0000, 0xaa2d0000, 0xb3420000)
  eden space 28288K, 100% used [0x9ded0000,0x9fa70000,0x9fa70000)
  from space 63872K, 53% used [0x9fa70000,0xa1bc3280,0xa38d0000)
  to   space 82240K, 0% used [0xa5280000,0xa5280000,0xaa2d0000)
 ParOldGen       total 235456K, used 170005K [0x73420000, 0x81a10000, 0x9ded0000)
  object space 235456K, 72% used [0x73420000,0x7da254f8,0x81a10000)
 PSPermGen       total 16384K, used 7430K [0x6b420000, 0x6c420000, 0x73420000)
  object space 16384K, 45% used [0x6b420000,0x6bb61ab0,0x6c420000)
Event: 6.397 GC heap after
Heap after GC invocations=13 (full 3):
 PSYoungGen      total 108352K, used 34640K [0x9ded0000, 0xa9a00000, 0xb3420000)
  eden space 35136K, 0% used [0x9ded0000,0x9ded0000,0xa0120000)
  from space 73216K, 47% used [0xa5280000,0xa7454000,0xa9a00000)
  to   space 78272K, 0% used [0xa0120000,0xa0120000,0xa4d90000)
 ParOldGen       total 235456K, used 197993K [0x73420000, 0x81a10000, 0x9ded0000)
  object space 235456K, 84% used [0x73420000,0x7f57a4f8,0x81a10000)
 PSPermGen       total 16384K, used 7430K [0x6b420000, 0x6c420000, 0x73420000)
  object space 16384K, 45% used [0x6b420000,0x6bb61ab0,0x6c420000)
}
Event: 7.072 GC heap before
{Heap before GC invocations=14 (full 3):
 PSYoungGen      total 108352K, used 69776K [0x9ded0000, 0xa9a00000, 0xb3420000)
  eden space 35136K, 100% used [0x9ded0000,0xa0120000,0xa0120000)
  from space 73216K, 47% used [0xa5280000,0xa7454000,0xa9a00000)
  to   space 78272K, 0% used [0xa0120000,0xa0120000,0xa4d90000)
 ParOldGen       total 235456K, used 197993K [0x73420000, 0x81a10000, 0x9ded0000)
  object space 235456K, 84% used [0x73420000,0x7f57a4f8,0x81a10000)
 PSPermGen       total 16384K, used 7430K [0x6b420000, 0x6c420000, 0x73420000)
  object space 16384K, 45% used [0x6b420000,0x6bb61ab0,0x6c420000)
Event: 7.784 GC heap after
Heap after GC invocations=14 (full 3):
 PSYoungGen      total 113408K, used 69824K [0x9ded0000, 0xab600000, 0xb3420000)
  eden space 35136K, 0% used [0x9ded0000,0x9ded0000,0xa0120000)
  from space 78272K, 89% used [0xa0120000,0xa4550000,0xa4d90000)
  to   space 87680K, 0% used [0xa6060000,0xa6060000,0xab600000)
 ParOldGen       total 235456K, used 197993K [0x73420000, 0x81a10000, 0x9ded0000)
  object space 235456K, 84% used [0x73420000,0x7f57a4f8,0x81a10000)
 PSPermGen       total 16384K, used 7430K [0x6b420000, 0x6c420000, 0x73420000)
  object space 16384K, 45% used [0x6b420000,0x6bb61ab0,0x6c420000)
}

Deoptimization events (6 events):
Event: 0.229 Thread 0x651af400 Uncommon trap -34 fr.pc 0xb3531708
Event: 0.229 Thread 0x651af400 Uncommon trap -34 fr.pc 0xb3531708
Event: 0.231 Thread 0x651af400 Uncommon trap -34 fr.pc 0xb3531708
Event: 0.231 Thread 0x651af400 Uncommon trap -34 fr.pc 0xb3531708
Event: 0.495 Thread 0x6a164c00 Uncommon trap -28 fr.pc 0xb3548fe4
Event: 0.499 Thread 0x6a164c00 Uncommon trap -28 fr.pc 0xb354e0a4

Internal exceptions (10 events):
Event: 0.412 Thread 0x66a0f000 Threw 0x9e5eb650 at /build/buildd/openjdk-7-7u21-2.3.9/build/openjdk/hotspot/src/share/vm/prims/jvm.cpp:1166
Event: 0.414 Thread 0x66a0f000 Threw 0x9e5f07b0 at /build/buildd/openjdk-7-7u21-2.3.9/build/openjdk/hotspot/src/share/vm/prims/jvm.cpp:1166
Event: 0.436 Thread 0x66a0f000 Threw 0x9e5f8f90 at /build/buildd/openjdk-7-7u21-2.3.9/build/openjdk/hotspot/src/share/vm/prims/jvm.cpp:1166
Event: 0.438 Thread 0x66a0f000 Threw 0x9e604780 at /build/buildd/openjdk-7-7u21-2.3.9/build/openjdk/hotspot/src/share/vm/prims/jvm.cpp:1166
Event: 0.438 Thread 0x66a0f000 Threw 0x9e616c30 at /build/buildd/openjdk-7-7u21-2.3.9/build/openjdk/hotspot/src/share/vm/prims/jvm.cpp:1166
Event: 0.439 Thread 0x66a0f000 Threw 0x9e61be30 at /build/buildd/openjdk-7-7u21-2.3.9/build/openjdk/hotspot/src/share/vm/prims/jvm.cpp:1166
Event: 0.439 Thread 0x66a0f000 Threw 0x9e621d60 at /build/buildd/openjdk-7-7u21-2.3.9/build/openjdk/hotspot/src/share/vm/prims/jvm.cpp:1166
Event: 0.538 Thread 0x66a0f000 Threw 0x9e807720 at /build/buildd/openjdk-7-7u21-2.3.9/build/openjdk/hotspot/src/share/vm/prims/jvm.cpp:1166
Event: 0.621 Thread 0x66a0f000 Threw 0x9e11e588 at /build/buildd/openjdk-7-7u21-2.3.9/build/openjdk/hotspot/src/share/vm/prims/jvm.cpp:1166
Event: 0.876 Thread 0x66a0f000 Threw 0x9e123ed0 at /build/buildd/openjdk-7-7u21-2.3.9/build/openjdk/hotspot/src/share/vm/prims/jvm.cpp:1166

Events (10 events):
Event: 8.397 loading class 0x661a4d78 done
Event: 8.397 Thread 0x6a506400 Thread added: 0x6a506400
Event: 8.397 loading class 0x651525e0
Event: 8.397 loading class 0x6a702ec8
Event: 8.397 loading class 0x6a702ec8 done
Event: 8.397 loading class 0x6a702ef8
Event: 8.397 loading class 0x6a702ef8 done
Event: 8.397 loading class 0x651525e0 done
Event: 8.398 Thread 0x6a506400 Thread exited: 0x6a506400
Event: 8.398 Executing VM operation: Exit


Dynamic libraries:
08048000-08049000 r-xp 00000000 08:0a 3935629    /usr/lib/jvm/java-7-openjdk-i386/jre/bin/java
08049000-0804a000 r--p 00000000 08:0a 3935629    /usr/lib/jvm/java-7-openjdk-i386/jre/bin/java
0804a000-0804b000 rw-p 00001000 08:0a 3935629    /usr/lib/jvm/java-7-openjdk-i386/jre/bin/java
085f8000-08619000 rw-p 00000000 00:00 0          [heap]
60d00000-60d6c000 rw-p 00000000 00:00 0 
60d6c000-60e00000 ---p 00000000 00:00 0 
60f00000-61100000 rw-p 00000000 00:00 0 
61100000-61300000 rw-p 00000000 00:00 0 
61300000-61500000 rw-p 00000000 00:00 0 
61500000-61623000 rw-p 00000000 00:00 0 
61623000-61700000 ---p 00000000 00:00 0 
61700000-61900000 rw-p 00000000 00:00 0 
61900000-61a00000 rw-p 00000000 00:00 0 
61a00000-61a7a000 rw-p 00000000 00:00 0 
61a7a000-61b00000 ---p 00000000 00:00 0 
61b00000-61c00000 rw-p 00000000 00:00 0 
61c00000-61d00000 rw-p 00000000 00:00 0 
61d00000-61e00000 rw-p 00000000 00:00 0 
61e00000-61f00000 rw-p 00000000 00:00 0 
61f00000-62300000 rw-p 00000000 00:00 0 
62300000-62500000 rw-p 00000000 00:00 0 
62500000-62700000 rw-p 00000000 00:00 0 
62700000-62900000 rw-p 00000000 00:00 0 
62900000-62b00000 rw-p 00000000 00:00 0 
62b00000-62c00000 rw-p 00000000 00:00 0 
62cc9000-62ea0000 rw-p 00000000 00:00 0 
63000000-63078000 rw-p 00000000 00:00 0 
63078000-63100000 ---p 00000000 00:00 0 
63107000-6310a000 ---p 00000000 00:00 0 
6310a000-63158000 rw-p 00000000 00:00 0 
63158000-6319d000 r-xp 00000000 08:0a 3932808    /usr/lib/i386-linux-gnu/libjpeg.so.8.0.2
6319d000-6319e000 r--p 00044000 08:0a 3932808    /usr/lib/i386-linux-gnu/libjpeg.so.8.0.2
6319e000-6319f000 rw-p 00045000 08:0a 3932808    /usr/lib/i386-linux-gnu/libjpeg.so.8.0.2
6319f000-631af000 rw-p 00000000 00:00 0 
631af000-631b2000 ---p 00000000 00:00 0 
631b2000-63200000 rw-p 00000000 00:00 0 
63200000-632ec000 rw-p 00000000 00:00 0 
632ec000-63300000 ---p 00000000 00:00 0 
6334c000-634de000 r-xp 00000000 08:0a 1321284    /lib/i386-linux-gnu/libcrypto.so.1.0.0
634de000-634ed000 r--p 00192000 08:0a 1321284    /lib/i386-linux-gnu/libcrypto.so.1.0.0
634ed000-634f4000 rw-p 001a1000 08:0a 1321284    /lib/i386-linux-gnu/libcrypto.so.1.0.0
634f4000-634f7000 rw-p 00000000 00:00 0 
634f7000-63548000 r-xp 00000000 08:0a 1321281    /lib/i386-linux-gnu/libssl.so.1.0.0
63548000-6354a000 r--p 00050000 08:0a 1321281    /lib/i386-linux-gnu/libssl.so.1.0.0
6354a000-6354e000 rw-p 00052000 08:0a 1321281    /lib/i386-linux-gnu/libssl.so.1.0.0
6354e000-637b1000 r-xp 00000000 08:0a 3932992    /usr/lib/libpython2.7.so.1.0
637b1000-637b2000 ---p 00263000 08:0a 3932992    /usr/lib/libpython2.7.so.1.0
637b2000-637b3000 r--p 00263000 08:0a 3932992    /usr/lib/libpython2.7.so.1.0
637b3000-63808000 rw-p 00264000 08:0a 3932992    /usr/lib/libpython2.7.so.1.0
63808000-63814000 rw-p 00000000 00:00 0 
63814000-64200000 r-xp 00000000 08:0a 2399629    /home/matt/CS/Hack/opencv/build/lib/cv2.so
64200000-6420c000 r--p 009eb000 08:0a 2399629    /home/matt/CS/Hack/opencv/build/lib/cv2.so
6420c000-64222000 rw-p 009f7000 08:0a 2399629    /home/matt/CS/Hack/opencv/build/lib/cv2.so
64222000-642c1000 rw-p 00000000 00:00 0 
642c1000-64d4f000 r-xp 00000000 08:0a 2399698    /home/matt/CS/Hack/opencv/build/lib/libopencv_java246.so
64d4f000-64d5c000 r--p 00a8d000 08:0a 2399698    /home/matt/CS/Hack/opencv/build/lib/libopencv_java246.so
64d5c000-64d66000 rw-p 00a9a000 08:0a 2399698    /home/matt/CS/Hack/opencv/build/lib/libopencv_java246.so
64d66000-64e00000 rw-p 00000000 00:00 0 
64e00000-64e6c000 rw-p 00000000 00:00 0 
64e6c000-64f00000 ---p 00000000 00:00 0 
64f1b000-64f24000 r-xp 00000000 08:0a 4078118    /usr/lib/jvm/java-7-openjdk-i386/jre/lib/i386/libjavajpeg.so
64f24000-64f25000 r--p 00008000 08:0a 4078118    /usr/lib/jvm/java-7-openjdk-i386/jre/lib/i386/libjavajpeg.so
64f25000-64f26000 rw-p 00009000 08:0a 4078118    /usr/lib/jvm/java-7-openjdk-i386/jre/lib/i386/libjavajpeg.so
64f26000-64f29000 ---p 00000000 00:00 0 
64f29000-64f77000 rw-p 00000000 00:00 0 
64f77000-64f7a000 ---p 00000000 00:00 0 
64f7a000-64fc8000 rw-p 00000000 00:00 0 
64fc8000-6500b000 r-xp 00000000 08:0a 4078145    /usr/lib/jvm/java-7-openjdk-i386/jre/lib/i386/libfontmanager.so
6500b000-6500c000 r--p 00043000 08:0a 4078145    /usr/lib/jvm/java-7-openjdk-i386/jre/lib/i386/libfontmanager.so
6500c000-6500d000 rw-p 00044000 08:0a 4078145    /usr/lib/jvm/java-7-openjdk-i386/jre/lib/i386/libfontmanager.so
6500d000-65010000 ---p 00000000 00:00 0 
65010000-6505e000 rw-p 00000000 00:00 0 
6505e000-65061000 ---p 00000000 00:00 0 
65061000-650af000 rw-p 00000000 00:00 0 
650af000-650b2000 ---p 00000000 00:00 0 
650b2000-65100000 rw-p 00000000 00:00 0 
65100000-651be000 rw-p 00000000 00:00 0 
651be000-65200000 ---p 00000000 00:00 0 
65208000-6520a000 r-xp 00000000 08:0a 1311808    /lib/i386-linux-gnu/libutil-2.15.so
6520a000-6520b000 r--p 00001000 08:0a 1311808    /lib/i386-linux-gnu/libutil-2.15.so
6520b000-6520c000 rw-p 00002000 08:0a 1311808    /lib/i386-linux-gnu/libutil-2.15.so
6520c000-6521d000 r-xp 00000000 08:0a 4078113    /usr/lib/jvm/java-7-openjdk-i386/jre/lib/i386/libnio.so
6521d000-6521e000 r--p 00010000 08:0a 4078113    /usr/lib/jvm/java-7-openjdk-i386/jre/lib/i386/libnio.so
6521e000-6521f000 rw-p 00011000 08:0a 4078113    /usr/lib/jvm/java-7-openjdk-i386/jre/lib/i386/libnio.so
6521f000-65235000 r-xp 00000000 08:0a 4078127    /usr/lib/jvm/java-7-openjdk-i386/jre/lib/i386/libnet.so
65235000-65236000 r--p 00015000 08:0a 4078127    /usr/lib/jvm/java-7-openjdk-i386/jre/lib/i386/libnet.so
65236000-65237000 rw-p 00016000 08:0a 4078127    /usr/lib/jvm/java-7-openjdk-i386/jre/lib/i386/libnet.so
65237000-6523a000 ---p 00000000 00:00 0 
6523a000-65288000 rw-p 00000000 00:00 0 
65288000-6528b000 ---p 00000000 00:00 0 
6528b000-652d9000 rw-p 00000000 00:00 0 
652d9000-652e2000 r--s 000bc000 08:0a 3936868    /usr/lib/jvm/java-7-openjdk-common/jre/lib/resources.jar
652e2000-652e6000 r--s 0008c000 08:0a 3408443    /home/matt/workspace/obFACEscate/library/core.jar
652e6000-652e9000 r-xp 00000000 08:0a 1310833    /lib/i386-linux-gnu/libgpg-error.so.0.8.0
652e9000-652ea000 r--p 00002000 08:0a 1310833    /lib/i386-linux-gnu/libgpg-error.so.0.8.0
652ea000-652eb000 rw-p 00003000 08:0a 1310833    /lib/i386-linux-gnu/libgpg-error.so.0.8.0
652eb000-65332000 r-xp 00000000 08:0a 1322241    /lib/i386-linux-gnu/libdbus-1.so.3.5.8
65332000-65333000 r--p 00047000 08:0a 1322241    /lib/i386-linux-gnu/libdbus-1.so.3.5.8
65333000-65334000 rw-p 00048000 08:0a 1322241    /lib/i386-linux-gnu/libdbus-1.so.3.5.8
65334000-65344000 r-xp 00000000 08:0a 3933453    /usr/lib/i386-linux-gnu/libp11-kit.so.0.0.0
65344000-65345000 r--p 0000f000 08:0a 3933453    /usr/lib/i386-linux-gnu/libp11-kit.so.0.0.0
65345000-65346000 rw-p 00010000 08:0a 3933453    /usr/lib/i386-linux-gnu/libp11-kit.so.0.0.0
65346000-653c8000 r-xp 00000000 08:0a 1310835    /lib/i386-linux-gnu/libgcrypt.so.11.7.0
653c8000-653c9000 r--p 00081000 08:0a 1310835    /lib/i386-linux-gnu/libgcrypt.so.11.7.0
653c9000-653cb000 rw-p 00082000 08:0a 1310835    /lib/i386-linux-gnu/libgcrypt.so.11.7.0
653cb000-653db000 r-xp 00000000 08:0a 3932307    /usr/lib/i386-linux-gnu/libtasn1.so.3.1.12
653db000-653dc000 r--p 0000f000 08:0a 3932307    /usr/lib/i386-linux-gnu/libtasn1.so.3.1.12
653dc000-653dd000 rw-p 00010000 08:0a 3932307    /usr/lib/i386-linux-gnu/libtasn1.so.3.1.12
653dd000-653e4000 r-xp 00000000 08:0a 3933015    /usr/lib/i386-linux-gnu/libkrb5support.so.0.1
653e4000-653e5000 r--p 00006000 08:0a 3933015    /usr/lib/i386-linux-gnu/libkrb5support.so.0.1
653e5000-653e6000 rw-p 00007000 08:0a 3933015    /usr/lib/i386-linux-gnu/libkrb5support.so.0.1
653e6000-6540c000 r-xp 00000000 08:0a 3933054    /usr/lib/i386-linux-gnu/libk5crypto.so.3.1
6540c000-6540d000 r--p 00025000 08:0a 3933054    /usr/lib/i386-linux-gnu/libk5crypto.so.3.1
6540d000-6540e000 rw-p 00026000 08:0a 3933054    /usr/lib/i386-linux-gnu/libk5crypto.so.3.1
6540e000-654d6000 r-xp 00000000 08:0a 3933062    /usr/lib/i386-linux-gnu/libkrb5.so.3.3
654d6000-654dc000 r--p 000c7000 08:0a 3933062    /usr/lib/i386-linux-gnu/libkrb5.so.3.3
654dc000-654dd000 rw-p 000cd000 08:0a 3933062    /usr/lib/i386-linux-gnu/libkrb5.so.3.3
654dd000-654e5000 r-xp 00000000 08:0a 3955781    /usr/lib/i386-linux-gnu/libxcb-render.so.0.0.0
654e5000-654e6000 r--p 00008000 08:0a 3955781    /usr/lib/i386-linux-gnu/libxcb-render.so.0.0.0
654e6000-654e7000 rw-p 00009000 08:0a 3955781    /usr/lib/i386-linux-gnu/libxcb-render.so.0.0.0
654e7000-6557a000 r-xp 00000000 08:0a 3933109    /usr/lib/i386-linux-gnu/libpixman-1.so.0.24.4
6557a000-6557e000 r--p 00092000 08:0a 3933109    /usr/lib/i386-linux-gnu/libpixman-1.so.0.24.4
6557e000-6557f000 rw-p 00096000 08:0a 3933109    /usr/lib/i386-linux-gnu/libpixman-1.so.0.24.4
6557f000-6563e000 r-xp 00000000 08:0a 3954631    /usr/lib/i386-linux-gnu/libgnutls.so.26.21.8
6563e000-65642000 r--p 000bf000 08:0a 3954631    /usr/lib/i386-linux-gnu/libgnutls.so.26.21.8
65642000-65643000 rw-p 000c3000 08:0a 3954631    /usr/lib/i386-linux-gnu/libgnutls.so.26.21.8
65643000-656d8000 r-xp 00000000 08:0a 3932907    /usr/lib/i386-linux-gnu/libfreetype.so.6.8.0
656d8000-656dc000 r--p 00094000 08:0a 3932907    /usr/lib/i386-linux-gnu/libfreetype.so.6.8.0
656dc000-656dd000 rw-p 00098000 08:0a 3932907    /usr/lib/i386-linux-gnu/libfreetype.so.6.8.0
656dd000-657a4000 r-xp 00000000 08:0a 3934052    /usr/lib/i386-linux-gnu/libcairo.so.2.11000.2
657a4000-657a5000 r--p 000c7000 08:0a 3934052    /usr/lib/i386-linux-gnu/libcairo.so.2.11000.2
657a5000-657a6000 rw-p 000c8000 08:0a 3934052    /usr/lib/i386-linux-gnu/libcairo.so.2.11000.2
657a6000-657a8000 rw-p 00000000 00:00 0 
657a8000-6589f000 r-xp 00000000 08:0a 1311644    /lib/i386-linux-gnu/libglib-2.0.so.0.3200.3
6589f000-658a0000 r--p 000f6000 08:0a 1311644    /lib/i386-linux-gnu/libglib-2.0.so.0.3200.3
658a0000-658a1000 rw-p 000f7000 08:0a 1311644    /lib/i386-linux-gnu/libglib-2.0.so.0.3200.3
658a1000-659f4000 r-xp 00000000 08:0a 3932600    /usr/lib/i386-linux-gnu/libgio-2.0.so.0.3200.3
659f4000-659f6000 r--p 00153000 08:0a 3932600    /usr/lib/i386-linux-gnu/libgio-2.0.so.0.3200.3
659f6000-659f7000 rw-p 00155000 08:0a 3932600    /usr/lib/i386-linux-gnu/libgio-2.0.so.0.3200.3
659f7000-659f8000 rw-p 00000000 00:00 0 
659f8000-65aa3000 r-xp 00000000 08:0a 3935700    /usr/lib/i386-linux-gnu/libgdk-x11-2.0.so.0.2400.10
65aa3000-65aa4000 ---p 000ab000 08:0a 3935700    /usr/lib/i386-linux-gnu/libgdk-x11-2.0.so.0.2400.10
65aa4000-65aa6000 r--p 000ab000 08:0a 3935700    /usr/lib/i386-linux-gnu/libgdk-x11-2.0.so.0.2400.10
65aa6000-65aa7000 rw-p 000ad000 08:0a 3935700    /usr/lib/i386-linux-gnu/libgdk-x11-2.0.so.0.2400.10
65aa7000-65f07000 r-xp 00000000 08:0a 3935042    /usr/lib/i386-linux-gnu/libgtk-x11-2.0.so.0.2400.10
65f07000-65f0b000 r--p 00460000 08:0a 3935042    /usr/lib/i386-linux-gnu/libgtk-x11-2.0.so.0.2400.10
65f0b000-65f0d000 rw-p 00464000 08:0a 3935042    /usr/lib/i386-linux-gnu/libgtk-x11-2.0.so.0.2400.10
65f0d000-65f0f000 rw-p 00000000 00:00 0 
65f0f000-6603f000 r-xp 00000000 08:0a 3935449    /usr/lib/i386-linux-gnu/libX11.so.6.3.0
6603f000-66040000 r--p 0012f000 08:0a 3935449    /usr/lib/i386-linux-gnu/libX11.so.6.3.0
66040000-66042000 rw-p 00130000 08:0a 3935449    /usr/lib/i386-linux-gnu/libX11.so.6.3.0
66042000-66043000 rw-p 00000000 00:00 0 
66043000-660d4000 r-xp 00000000 08:0a 4078119    /usr/lib/jvm/java-7-openjdk-i386/jre/lib/i386/libawt.so
660d4000-660d5000 r--p 00090000 08:0a 4078119    /usr/lib/jvm/java-7-openjdk-i386/jre/lib/i386/libawt.so
660d5000-660dc000 rw-p 00091000 08:0a 4078119    /usr/lib/jvm/java-7-openjdk-i386/jre/lib/i386/libawt.so
660dc000-66100000 rw-p 00000000 00:00 0 
66100000-661ff000 rw-p 00000000 00:00 0 
661ff000-66200000 ---p 00000000 00:00 0 
66201000-66203000 r-xp 00000000 08:0a 1310842    /lib/i386-linux-gnu/libkeyutils.so.1.4
66203000-66204000 r--p 00002000 08:0a 1310842    /lib/i386-linux-gnu/libkeyutils.so.1.4
66204000-66205000 rw-p 00003000 08:0a 1310842    /lib/i386-linux-gnu/libkeyutils.so.1.4
66205000-66240000 r-xp 00000000 08:0a 3933031    /usr/lib/i386-linux-gnu/libgssapi_krb5.so.2.2
66240000-66241000 ---p 0003b000 08:0a 3933031    /usr/lib/i386-linux-gnu/libgssapi_krb5.so.2.2
66241000-66242000 r--p 0003b000 08:0a 3933031    /usr/lib/i386-linux-gnu/libgssapi_krb5.so.2.2
66242000-66243000 rw-p 0003c000 08:0a 3933031    /usr/lib/i386-linux-gnu/libgssapi_krb5.so.2.2
66243000-6627d000 r-xp 00000000 08:0a 1310829    /lib/i386-linux-gnu/libpcre.so.3.12.1
6627d000-6627e000 r--p 00039000 08:0a 1310829    /lib/i386-linux-gnu/libpcre.so.3.12.1
6627e000-6627f000 rw-p 0003a000 08:0a 1310829    /lib/i386-linux-gnu/libpcre.so.3.12.1
6627f000-66280000 ---p 00000000 00:00 0 
66280000-66300000 rw-p 00000000 00:00 0 
66300000-663cc000 rw-p 00000000 00:00 0 
663cc000-66400000 ---p 00000000 00:00 0 
66402000-6642a000 r-xp 00000000 08:0a 1310827    /lib/i386-linux-gnu/libpng12.so.0.46.0
6642a000-6642b000 r--p 00027000 08:0a 1310827    /lib/i386-linux-gnu/libpng12.so.0.46.0
6642b000-6642c000 rw-p 00028000 08:0a 1310827    /lib/i386-linux-gnu/libpng12.so.0.46.0
6642c000-6647b000 r-xp 00000000 08:0a 3933694    /usr/lib/i386-linux-gnu/libcups.so.2
6647b000-6647e000 r--p 0004e000 08:0a 3933694    /usr/lib/i386-linux-gnu/libcups.so.2
6647e000-6647f000 rw-p 00051000 08:0a 3933694    /usr/lib/i386-linux-gnu/libcups.so.2
6647f000-66482000 ---p 00000000 00:00 0 
66482000-66500000 rw-p 00000000 00:00 0 
66500000-66521000 rw-p 00000000 00:00 0 
66521000-66600000 ---p 00000000 00:00 0 
66600000-666fc000 rw-p 00000000 00:00 0 
666fc000-66700000 ---p 00000000 00:00 0 
66700000-66900000 r--p 00000000 08:0a 3937742    /usr/lib/locale/locale-archive
66900000-66921000 rw-p 00000000 00:00 0 
66921000-66a00000 ---p 00000000 00:00 0 
66a00000-66a21000 rw-p 00000000 00:00 0 
66a21000-66b00000 ---p 00000000 00:00 0 
66b00000-66c00000 rw-p 00000000 00:00 0 
66c00000-66cfd000 rw-p 00000000 00:00 0 
66cfd000-66d00000 ---p 00000000 00:00 0 
66d00000-66d03000 r-xp 00000000 08:0a 1310755    /lib/i386-linux-gnu/libcom_err.so.2.1
66d03000-66d04000 r--p 00002000 08:0a 1310755    /lib/i386-linux-gnu/libcom_err.so.2.1
66d04000-66d05000 rw-p 00003000 08:0a 1310755    /lib/i386-linux-gnu/libcom_err.so.2.1
66d05000-66d07000 r-xp 00000000 08:0a 3955792    /usr/lib/i386-linux-gnu/libxcb-shm.so.0.0.0
66d07000-66d08000 r--p 00001000 08:0a 3955792    /usr/lib/i386-linux-gnu/libxcb-shm.so.0.0.0
66d08000-66d09000 rw-p 00002000 08:0a 3955792    /usr/lib/i386-linux-gnu/libxcb-shm.so.0.0.0
66d09000-66d0e000 r-xp 00000000 08:0a 3933281    /usr/lib/i386-linux-gnu/libXdmcp.so.6.0.0
66d0e000-66d0f000 r--p 00004000 08:0a 3933281    /usr/lib/i386-linux-gnu/libXdmcp.so.6.0.0
66d0f000-66d10000 rw-p 00005000 08:0a 3933281    /usr/lib/i386-linux-gnu/libXdmcp.so.6.0.0
66d10000-66d20000 r-xp 00000000 08:0a 3934172    /usr/lib/i386-linux-gnu/libavahi-client.so.3.2.9
66d20000-66d21000 r--p 0000f000 08:0a 3934172    /usr/lib/i386-linux-gnu/libavahi-client.so.3.2.9
66d21000-66d22000 rw-p 00010000 08:0a 3934172    /usr/lib/i386-linux-gnu/libavahi-client.so.3.2.9
66d22000-66d2e000 r-xp 00000000 08:0a 3934170    /usr/lib/i386-linux-gnu/libavahi-common.so.3.5.3
66d2e000-66d2f000 r--p 0000b000 08:0a 3934170    /usr/lib/i386-linux-gnu/libavahi-common.so.3.5.3
66d2f000-66d30000 rw-p 0000c000 08:0a 3934170    /usr/lib/i386-linux-gnu/libavahi-common.so.3.5.3
66d30000-66d7d000 r-xp 00000000 08:0a 3932602    /usr/lib/i386-linux-gnu/libgobject-2.0.so.0.3200.3
66d7d000-66d7e000 r--p 0004c000 08:0a 3932602    /usr/lib/i386-linux-gnu/libgobject-2.0.so.0.3200.3
66d7e000-66d7f000 rw-p 0004d000 08:0a 3932602    /usr/lib/i386-linux-gnu/libgobject-2.0.so.0.3200.3
66d7f000-66d80000 ---p 00000000 00:00 0 
66d80000-66e00000 rw-p 00000000 00:00 0 
66e00000-66ef1000 rw-p 00000000 00:00 0 
66ef1000-66f00000 ---p 00000000 00:00 0 
66f01000-66f06000 r-xp 00000000 08:0a 3934056    /usr/lib/i386-linux-gnu/libffi.so.6.0.0
66f06000-66f07000 r--p 00004000 08:0a 3934056    /usr/lib/i386-linux-gnu/libffi.so.6.0.0
66f07000-66f08000 rw-p 00005000 08:0a 3934056    /usr/lib/i386-linux-gnu/libffi.so.6.0.0
66f08000-66f2e000 r-xp 00000000 08:0a 1310825    /lib/i386-linux-gnu/libexpat.so.1.5.2
66f2e000-66f2f000 ---p 00026000 08:0a 1310825    /lib/i386-linux-gnu/libexpat.so.1.5.2
66f2f000-66f31000 r--p 00026000 08:0a 1310825    /lib/i386-linux-gnu/libexpat.so.1.5.2
66f31000-66f32000 rw-p 00028000 08:0a 1310825    /lib/i386-linux-gnu/libexpat.so.1.5.2
66f32000-66f45000 r-xp 00000000 08:0a 1319147    /lib/i386-linux-gnu/libresolv-2.15.so
66f45000-66f46000 ---p 00013000 08:0a 1319147    /lib/i386-linux-gnu/libresolv-2.15.so
66f46000-66f47000 r--p 00013000 08:0a 1319147    /lib/i386-linux-gnu/libresolv-2.15.so
66f47000-66f48000 rw-p 00014000 08:0a 1319147    /lib/i386-linux-gnu/libresolv-2.15.so
66f48000-66f4a000 rw-p 00000000 00:00 0 
66f4a000-66f4d000 ---p 00000000 00:00 0 
66f4d000-67013000 rw-p 00000000 00:00 0 
67013000-671c0000 r--s 01cde000 08:0a 4063766    /usr/lib/jvm/java-7-openjdk-i386/jre/lib/rt.jar
671c0000-6a100000 rw-p 00000000 00:00 0 
6a100000-6a1f1000 rw-p 00000000 00:00 0 
6a1f1000-6a200000 ---p 00000000 00:00 0 
6a201000-6a233000 r-xp 00000000 08:0a 3932285    /usr/lib/i386-linux-gnu/libfontconfig.so.1.4.4
6a233000-6a234000 r--p 00032000 08:0a 3932285    /usr/lib/i386-linux-gnu/libfontconfig.so.1.4.4
6a234000-6a235000 rw-p 00033000 08:0a 3932285    /usr/lib/i386-linux-gnu/libfontconfig.so.1.4.4
6a235000-6a27c000 r-xp 00000000 08:0a 3932604    /usr/lib/i386-linux-gnu/libpango-1.0.so.0.3000.0
6a27c000-6a27d000 ---p 00047000 08:0a 3932604    /usr/lib/i386-linux-gnu/libpango-1.0.so.0.3000.0
6a27d000-6a27e000 r--p 00047000 08:0a 3932604    /usr/lib/i386-linux-gnu/libpango-1.0.so.0.3000.0
6a27e000-6a27f000 rw-p 00048000 08:0a 3932604    /usr/lib/i386-linux-gnu/libpango-1.0.so.0.3000.0
6a27f000-6a280000 ---p 00000000 00:00 0 
6a280000-6a300000 rw-p 00000000 00:00 0 
6a300000-6a400000 rw-p 00000000 00:00 0 
6a401000-6a403000 r-xp 00000000 08:0a 3933268    /usr/lib/i386-linux-gnu/libXau.so.6.0.0
6a403000-6a404000 r--p 00001000 08:0a 3933268    /usr/lib/i386-linux-gnu/libXau.so.6.0.0
6a404000-6a405000 rw-p 00002000 08:0a 3933268    /usr/lib/i386-linux-gnu/libXau.so.6.0.0
6a405000-6a422000 r-xp 00000000 08:0a 1311702    /lib/i386-linux-gnu/libselinux.so.1
6a422000-6a423000 r--p 0001c000 08:0a 1311702    /lib/i386-linux-gnu/libselinux.so.1
6a423000-6a424000 rw-p 0001d000 08:0a 1311702    /lib/i386-linux-gnu/libselinux.so.1
6a424000-6a427000 r-xp 00000000 08:0a 3932601    /usr/lib/i386-linux-gnu/libgmodule-2.0.so.0.3200.3
6a427000-6a428000 r--p 00002000 08:0a 3932601    /usr/lib/i386-linux-gnu/libgmodule-2.0.so.0.3200.3
6a428000-6a429000 rw-p 00003000 08:0a 3932601    /usr/lib/i386-linux-gnu/libgmodule-2.0.so.0.3200.3
6a429000-6a47b000 r-xp 00000000 08:0a 4063757    /usr/lib/jvm/java-7-openjdk-i386/jre/lib/i386/xawt/libmawt.so
6a47b000-6a47c000 r--p 00051000 08:0a 4063757    /usr/lib/jvm/java-7-openjdk-i386/jre/lib/i386/xawt/libmawt.so
6a47c000-6a47e000 rw-p 00052000 08:0a 4063757    /usr/lib/jvm/java-7-openjdk-i386/jre/lib/i386/xawt/libmawt.so
6a47e000-6a47f000 rw-p 00000000 00:00 0 
6a47f000-6a480000 ---p 00000000 00:00 0 
6a480000-6a500000 rw-p 00000000 00:00 0 
6a500000-6a55e000 rw-p 00000000 00:00 0 
6a55e000-6a600000 ---p 00000000 00:00 0 
6a602000-6a62c000 r-xp 00000000 08:0a 3936905    /usr/lib/i386-linux-gnu/libpangoft2-1.0.so.0.3000.0
6a62c000-6a62d000 r--p 00029000 08:0a 3936905    /usr/lib/i386-linux-gnu/libpangoft2-1.0.so.0.3000.0
6a62d000-6a62e000 rw-p 0002a000 08:0a 3936905    /usr/lib/i386-linux-gnu/libpangoft2-1.0.so.0.3000.0
6a62e000-6a631000 ---p 00000000 00:00 0 
6a631000-6a67f000 rw-p 00000000 00:00 0 
6a67f000-6a680000 ---p 00000000 00:00 0 
6a680000-6a700000 rw-p 00000000 00:00 0 
6a700000-6a74f000 rw-p 00000000 00:00 0 
6a74f000-6a800000 ---p 00000000 00:00 0 
6a803000-6a80c000 r-xp 00000000 08:0a 3955808    /usr/lib/i386-linux-gnu/libXcursor.so.1.0.2
6a80c000-6a80d000 r--p 00008000 08:0a 3955808    /usr/lib/i386-linux-gnu/libXcursor.so.1.0.2
6a80d000-6a80e000 rw-p 00009000 08:0a 3955808    /usr/lib/i386-linux-gnu/libXcursor.so.1.0.2
6a80e000-6a82b000 r-xp 00000000 08:0a 3932338    /usr/lib/i386-linux-gnu/libatk-1.0.so.0.20409.1
6a82b000-6a82d000 r--p 0001c000 08:0a 3932338    /usr/lib/i386-linux-gnu/libatk-1.0.so.0.20409.1
6a82d000-6a82e000 rw-p 0001e000 08:0a 3932338    /usr/lib/i386-linux-gnu/libatk-1.0.so.0.20409.1
6a82e000-6a831000 ---p 00000000 00:00 0 
6a831000-6a87f000 rw-p 00000000 00:00 0 
6a87f000-6a880000 ---p 00000000 00:00 0 
6a880000-6a900000 rw-p 00000000 00:00 0 
6a900000-6aa00000 rw-p 00000000 00:00 0 
6aa00000-6aa02000 r-xp 00000000 08:0a 3937397    /usr/lib/i386-linux-gnu/libXdamage.so.1.1.0
6aa02000-6aa03000 r--p 00001000 08:0a 3937397    /usr/lib/i386-linux-gnu/libXdamage.so.1.1.0
6aa03000-6aa04000 rw-p 00002000 08:0a 3937397    /usr/lib/i386-linux-gnu/libXdamage.so.1.1.0
6aa04000-6aa0b000 r-xp 00000000 08:0a 3955829    /usr/lib/i386-linux-gnu/libXrandr.so.2.2.0
6aa0b000-6aa0c000 r--p 00006000 08:0a 3955829    /usr/lib/i386-linux-gnu/libXrandr.so.2.2.0
6aa0c000-6aa0d000 rw-p 00007000 08:0a 3955829    /usr/lib/i386-linux-gnu/libXrandr.so.2.2.0
6aa0d000-6aa2c000 r-xp 00000000 08:0a 3954626    /usr/lib/i386-linux-gnu/libxcb.so.1.1.0
6aa2c000-6aa2d000 r--p 0001f000 08:0a 3954626    /usr/lib/i386-linux-gnu/libxcb.so.1.1.0
6aa2d000-6aa2e000 rw-p 00020000 08:0a 3954626    /usr/lib/i386-linux-gnu/libxcb.so.1.1.0
6aa2e000-6aa31000 ---p 00000000 00:00 0 
6aa31000-6aa7f000 rw-p 00000000 00:00 0 
6aa7f000-6aa80000 ---p 00000000 00:00 0 
6aa80000-6ab00000 rw-p 00000000 00:00 0 
6ab00000-6ac00000 rw-p 00000000 00:00 0 
6ac00000-6ad00000 rw-p 00000000 00:00 0 
6ad00000-6ad0b000 r-xp 00000000 08:0a 3936754    /usr/lib/i386-linux-gnu/libpangocairo-1.0.so.0.3000.0
6ad0b000-6ad0c000 r--p 0000a000 08:0a 3936754    /usr/lib/i386-linux-gnu/libpangocairo-1.0.so.0.3000.0
6ad0c000-6ad0d000 rw-p 0000b000 08:0a 3936754    /usr/lib/i386-linux-gnu/libpangocairo-1.0.so.0.3000.0
6ad0d000-6ad2c000 r-xp 00000000 08:0a 3936835    /usr/lib/i386-linux-gnu/libgdk_pixbuf-2.0.so.0.2600.1
6ad2c000-6ad2d000 r--p 0001e000 08:0a 3936835    /usr/lib/i386-linux-gnu/libgdk_pixbuf-2.0.so.0.2600.1
6ad2d000-6ad2e000 rw-p 0001f000 08:0a 3936835    /usr/lib/i386-linux-gnu/libgdk_pixbuf-2.0.so.0.2600.1
6ad2e000-6ad31000 ---p 00000000 00:00 0 
6ad31000-6ad7f000 rw-p 00000000 00:00 0 
6ad7f000-6ad80000 ---p 00000000 00:00 0 
6ad80000-6ae00000 rw-p 00000000 00:00 0 
6ae00000-6ae21000 rw-p 00000000 00:00 0 
6ae21000-6af00000 ---p 00000000 00:00 0 
6af01000-6af03000 r-xp 00000000 08:0a 3937431    /usr/lib/i386-linux-gnu/libXcomposite.so.1.0.0
6af03000-6af04000 r--p 00001000 08:0a 3937431    /usr/lib/i386-linux-gnu/libXcomposite.so.1.0.0
6af04000-6af05000 rw-p 00002000 08:0a 3937431    /usr/lib/i386-linux-gnu/libXcomposite.so.1.0.0
6af05000-6af13000 r-xp 00000000 08:0a 3955814    /usr/lib/i386-linux-gnu/libXi.so.6.1.0
6af13000-6af14000 r--p 0000d000 08:0a 3955814    /usr/lib/i386-linux-gnu/libXi.so.6.1.0
6af14000-6af15000 rw-p 0000e000 08:0a 3955814    /usr/lib/i386-linux-gnu/libXi.so.6.1.0
6af15000-6af1d000 r-xp 00000000 08:0a 3955803    /usr/lib/i386-linux-gnu/libXrender.so.1.3.0
6af1d000-6af1e000 r--p 00007000 08:0a 3955803    /usr/lib/i386-linux-gnu/libXrender.so.1.3.0
6af1e000-6af1f000 rw-p 00008000 08:0a 3955803    /usr/lib/i386-linux-gnu/libXrender.so.1.3.0
6af1f000-6af2f000 r-xp 00000000 08:0a 3937994    /usr/lib/i386-linux-gnu/libXext.so.6.4.0
6af2f000-6af30000 r--p 0000f000 08:0a 3937994    /usr/lib/i386-linux-gnu/libXext.so.6.4.0
6af30000-6af31000 rw-p 00010000 08:0a 3937994    /usr/lib/i386-linux-gnu/libXext.so.6.4.0
6af34000-6af38000 r--s 00065000 08:0a 2502399    /home/matt/CS/Hack/opencv/build/bin/opencv-246.jar
6af38000-6af3b000 r--s 0003c000 08:0a 4063559    /usr/lib/jvm/java-7-openjdk-common/jre/lib/ext/sunpkcs11.jar
6af3b000-6af3f000 r--s 00085000 08:0a 4063564    /usr/lib/jvm/java-7-openjdk-common/jre/lib/ext/localedata.jar
6af3f000-6af42000 r--s 00032000 08:0a 4063566    /usr/lib/jvm/java-7-openjdk-common/jre/lib/ext/sunjce_provider.jar
6af42000-6af44000 r--s 00012000 08:0a 4063569    /usr/lib/jvm/java-7-openjdk-common/jre/lib/ext/zipfs.jar
6af44000-6af47000 r--s 0000f000 08:0a 4063567    /usr/lib/jvm/java-7-openjdk-common/jre/lib/ext/pulse-java.jar
6af47000-6af48000 ---p 00000000 00:00 0 
6af48000-6afc8000 rw-p 00000000 00:00 0 
6afc8000-6afc9000 ---p 00000000 00:00 0 
6afc9000-6b051000 rw-p 00000000 00:00 0 
6b051000-6b052000 ---p 00000000 00:00 0 
6b052000-6b089000 rw-p 00000000 00:00 0 
6b089000-6b117000 rw-p 00000000 00:00 0 
6b117000-6b1df000 rw-p 00000000 00:00 0 
6b1df000-6b1e7000 rw-p 00000000 00:00 0 
6b1e7000-6b1e8000 ---p 00000000 00:00 0 
6b1e8000-6b21f000 rw-p 00000000 00:00 0 
6b21f000-6b2ad000 rw-p 00000000 00:00 0 
6b2ad000-6b374000 rw-p 00000000 00:00 0 
6b374000-6b3e0000 rw-p 00000000 00:00 0 
6b3e0000-6b41f000 rw-p 00000000 00:00 0 
6b41f000-6c420000 rw-p 00000000 00:00 0 
6c420000-6c4a0000 ---p 00000000 00:00 0 
6c4a0000-73420000 rw-p 00000000 00:00 0 
73420000-84ef0000 rw-p 00000000 00:00 0 
84ef0000-9ded0000 rw-p 00000000 00:00 0 
9ded0000-ab600000 rw-p 00000000 00:00 0 
ab600000-b3420000 rw-p 00000000 00:00 0 
b3421000-b3425000 r-xp 00000000 08:0a 3955798    /usr/lib/i386-linux-gnu/libXfixes.so.3.1.0
b3425000-b3426000 r--p 00004000 08:0a 3955798    /usr/lib/i386-linux-gnu/libXfixes.so.3.1.0
b3426000-b3427000 rw-p 00005000 08:0a 3955798    /usr/lib/i386-linux-gnu/libXfixes.so.3.1.0
b3427000-b3430000 rw-p 00000000 00:00 0 
b3430000-b34e7000 rw-p 00000000 00:00 0 
b34e7000-b3727000 rwxp 00000000 00:00 0 
b3727000-b64e7000 rw-p 00000000 00:00 0 
b64e7000-b64f2000 r-xp 00000000 08:0a 1319146    /lib/i386-linux-gnu/libnss_files-2.15.so
b64f2000-b64f3000 r--p 0000a000 08:0a 1319146    /lib/i386-linux-gnu/libnss_files-2.15.so
b64f3000-b64f4000 rw-p 0000b000 08:0a 1319146    /lib/i386-linux-gnu/libnss_files-2.15.so
b64f4000-b64fe000 r-xp 00000000 08:0a 1319150    /lib/i386-linux-gnu/libnss_nis-2.15.so
b64fe000-b64ff000 r--p 00009000 08:0a 1319150    /lib/i386-linux-gnu/libnss_nis-2.15.so
b64ff000-b6500000 rw-p 0000a000 08:0a 1319150    /lib/i386-linux-gnu/libnss_nis-2.15.so
b6500000-b65fa000 rw-p 00000000 00:00 0 
b65fa000-b6600000 ---p 00000000 00:00 0 
b6600000-b6601000 rw-p 00000000 00:00 0 
b6601000-b6606000 r-xp 00000000 08:0a 3935471    /usr/lib/i386-linux-gnu/libXtst.so.6.1.0
b6606000-b6607000 r--p 00004000 08:0a 3935471    /usr/lib/i386-linux-gnu/libXtst.so.6.1.0
b6607000-b6608000 rw-p 00005000 08:0a 3935471    /usr/lib/i386-linux-gnu/libXtst.so.6.1.0
b6608000-b661e000 r-xp 00000000 08:0a 1319162    /lib/i386-linux-gnu/libnsl-2.15.so
b661e000-b661f000 r--p 00015000 08:0a 1319162    /lib/i386-linux-gnu/libnsl-2.15.so
b661f000-b6620000 rw-p 00016000 08:0a 1319162    /lib/i386-linux-gnu/libnsl-2.15.so
b6620000-b6622000 rw-p 00000000 00:00 0 
b6622000-b6629000 r-xp 00000000 08:0a 1319142    /lib/i386-linux-gnu/libnss_compat-2.15.so
b6629000-b662a000 r--p 00006000 08:0a 1319142    /lib/i386-linux-gnu/libnss_compat-2.15.so
b662a000-b662b000 rw-p 00007000 08:0a 1319142    /lib/i386-linux-gnu/libnss_compat-2.15.so
b662b000-b662d000 r-xp 00000000 08:0a 3955819    /usr/lib/i386-linux-gnu/libXinerama.so.1.0.0
b662d000-b662e000 r--p 00001000 08:0a 3955819    /usr/lib/i386-linux-gnu/libXinerama.so.1.0.0
b662e000-b662f000 rw-p 00002000 08:0a 3955819    /usr/lib/i386-linux-gnu/libXinerama.so.1.0.0
b662f000-b6637000 r-xp 00000000 08:0a 4078112    /usr/lib/jvm/java-7-openjdk-i386/jre/lib/i386/libzip.so
b6637000-b6638000 r--p 00007000 08:0a 4078112    /usr/lib/jvm/java-7-openjdk-i386/jre/lib/i386/libzip.so
b6638000-b6639000 rw-p 00008000 08:0a 4078112    /usr/lib/jvm/java-7-openjdk-i386/jre/lib/i386/libzip.so
b6639000-b6641000 rw-s 00000000 08:0a 5266348    /tmp/hsperfdata_matt/22599 (deleted)
b6641000-b6668000 r-xp 00000000 08:0a 4078135    /usr/lib/jvm/java-7-openjdk-i386/jre/lib/i386/libjava.so
b6668000-b6669000 r--p 00026000 08:0a 4078135    /usr/lib/jvm/java-7-openjdk-i386/jre/lib/i386/libjava.so
b6669000-b666a000 rw-p 00027000 08:0a 4078135    /usr/lib/jvm/java-7-openjdk-i386/jre/lib/i386/libjava.so
b666a000-b6671000 r-xp 00000000 08:0a 1319149    /lib/i386-linux-gnu/librt-2.15.so
b6671000-b6672000 r--p 00006000 08:0a 1319149    /lib/i386-linux-gnu/librt-2.15.so
b6672000-b6673000 rw-p 00007000 08:0a 1319149    /lib/i386-linux-gnu/librt-2.15.so
b6673000-b6676000 ---p 00000000 00:00 0 
b6676000-b66c4000 rw-p 00000000 00:00 0 
b66c4000-b66e0000 r-xp 00000000 08:0a 1311652    /lib/i386-linux-gnu/libgcc_s.so.1
b66e0000-b66e1000 r--p 0001b000 08:0a 1311652    /lib/i386-linux-gnu/libgcc_s.so.1
b66e1000-b66e2000 rw-p 0001c000 08:0a 1311652    /lib/i386-linux-gnu/libgcc_s.so.1
b66e2000-b670c000 r-xp 00000000 08:0a 1319153    /lib/i386-linux-gnu/libm-2.15.so
b670c000-b670d000 r--p 00029000 08:0a 1319153    /lib/i386-linux-gnu/libm-2.15.so
b670d000-b670e000 rw-p 0002a000 08:0a 1319153    /lib/i386-linux-gnu/libm-2.15.so
b670e000-b67e6000 r-xp 00000000 08:0a 3932513    /usr/lib/i386-linux-gnu/libstdc++.so.6.0.16
b67e6000-b67e7000 ---p 000d8000 08:0a 3932513    /usr/lib/i386-linux-gnu/libstdc++.so.6.0.16
b67e7000-b67eb000 r--p 000d8000 08:0a 3932513    /usr/lib/i386-linux-gnu/libstdc++.so.6.0.16
b67eb000-b67ec000 rw-p 000dc000 08:0a 3932513    /usr/lib/i386-linux-gnu/libstdc++.so.6.0.16
b67ec000-b67f3000 rw-p 00000000 00:00 0 
b67f3000-b70d8000 r-xp 00000000 08:0a 4078114    /usr/lib/jvm/java-7-openjdk-i386/jre/lib/i386/server/libjvm.so
b70d8000-b711f000 r--p 008e5000 08:0a 4078114    /usr/lib/jvm/java-7-openjdk-i386/jre/lib/i386/server/libjvm.so
b711f000-b7133000 rw-p 0092c000 08:0a 4078114    /usr/lib/jvm/java-7-openjdk-i386/jre/lib/i386/server/libjvm.so
b7133000-b7551000 rw-p 00000000 00:00 0 
b7551000-b7565000 r-xp 00000000 08:0a 1311731    /lib/i386-linux-gnu/libz.so.1.2.3.4
b7565000-b7566000 r--p 00013000 08:0a 1311731    /lib/i386-linux-gnu/libz.so.1.2.3.4
b7566000-b7567000 rw-p 00014000 08:0a 1311731    /lib/i386-linux-gnu/libz.so.1.2.3.4
b7567000-b757e000 r-xp 00000000 08:0a 1319151    /lib/i386-linux-gnu/libpthread-2.15.so
b757e000-b757f000 r--p 00016000 08:0a 1319151    /lib/i386-linux-gnu/libpthread-2.15.so
b757f000-b7580000 rw-p 00017000 08:0a 1319151    /lib/i386-linux-gnu/libpthread-2.15.so
b7580000-b7582000 rw-p 00000000 00:00 0 
b7582000-b7585000 r-xp 00000000 08:0a 1319157    /lib/i386-linux-gnu/libdl-2.15.so
b7585000-b7586000 r--p 00002000 08:0a 1319157    /lib/i386-linux-gnu/libdl-2.15.so
b7586000-b7587000 rw-p 00003000 08:0a 1319157    /lib/i386-linux-gnu/libdl-2.15.so
b7587000-b772a000 r-xp 00000000 08:0a 1319140    /lib/i386-linux-gnu/libc-2.15.so
b772a000-b772c000 r--p 001a3000 08:0a 1319140    /lib/i386-linux-gnu/libc-2.15.so
b772c000-b772d000 rw-p 001a5000 08:0a 1319140    /lib/i386-linux-gnu/libc-2.15.so
b772d000-b7730000 rw-p 00000000 00:00 0 
b7730000-b7731000 r--s 00007000 08:0a 4327239    /usr/share/java/java-atk-wrapper.jar
b7731000-b7732000 r--s 00002000 08:0a 4063568    /usr/lib/jvm/java-7-openjdk-common/jre/lib/ext/dnsns.jar
b7732000-b7733000 r-xp 00000000 08:0a 3932523    /usr/lib/i386-linux-gnu/libgthread-2.0.so.0.3200.3
b7733000-b7734000 r--p 00000000 08:0a 3932523    /usr/lib/i386-linux-gnu/libgthread-2.0.so.0.3200.3
b7734000-b7735000 rw-p 00001000 08:0a 3932523    /usr/lib/i386-linux-gnu/libgthread-2.0.so.0.3200.3
b7735000-b7736000 r--p 002c5000 08:0a 3937742    /usr/lib/locale/locale-archive
b7736000-b7737000 rw-p 00000000 00:00 0 
b7737000-b7738000 ---p 00000000 00:00 0 
b7738000-b7744000 r-xp 00000000 08:0a 4078121    /usr/lib/jvm/java-7-openjdk-i386/jre/lib/i386/libverify.so
b7744000-b7745000 r--p 0000b000 08:0a 4078121    /usr/lib/jvm/java-7-openjdk-i386/jre/lib/i386/libverify.so
b7745000-b7746000 rw-p 0000c000 08:0a 4078121    /usr/lib/jvm/java-7-openjdk-i386/jre/lib/i386/libverify.so
b7746000-b7753000 r-xp 00000000 08:0a 4078129    /usr/lib/jvm/java-7-openjdk-i386/jre/lib/i386/jli/libjli.so
b7753000-b7754000 r--p 0000c000 08:0a 4078129    /usr/lib/jvm/java-7-openjdk-i386/jre/lib/i386/jli/libjli.so
b7754000-b7755000 rw-p 0000d000 08:0a 4078129    /usr/lib/jvm/java-7-openjdk-i386/jre/lib/i386/jli/libjli.so
b7755000-b7758000 rw-p 00000000 00:00 0 
b7758000-b7759000 r-xp 00000000 00:00 0          [vdso]
b7759000-b7779000 r-xp 00000000 08:0a 1319154    /lib/i386-linux-gnu/ld-2.15.so
b7779000-b777a000 r--p 0001f000 08:0a 1319154    /lib/i386-linux-gnu/ld-2.15.so
b777a000-b777b000 rw-p 00020000 08:0a 1319154    /lib/i386-linux-gnu/ld-2.15.so
bf977000-bf998000 rw-p 00000000 00:00 0          [stack]

VM Arguments:
jvm_args: -Djava.library.path=/home/matt/CS/Hack/opencv/build/lib -Djava.security.policy=java.policy.applet -Dfile.encoding=UTF-8 
java_command: sun.applet.AppletViewer Main1373745981426.html
Launcher Type: SUN_STANDARD

Environment Variables:
PATH=/usr/lib/lightdm/lightdm:/usr/local/sbin:/usr/local/bin:/usr/sbin:/usr/bin:/sbin:/bin:/usr/games
LD_LIBRARY_PATH=/usr/lib/jvm/java-7-openjdk-i386/jre/lib/i386/server:/usr/lib/jvm/java-7-openjdk-i386/jre/lib/i386:/usr/lib/jvm/java-7-openjdk-i386/jre/../lib/i386:/usr/lib/jvm/java-7-openjdk-i386/jre/lib/i386/client:/usr/lib/jvm/java-7-openjdk-i386/jre/lib/i386:
SHELL=/bin/bash
DISPLAY=:0

Signal Handlers:
SIGSEGV: [libjvm.so+0x753ab0], sa_mask[0]=0x7ffbfeff, sa_flags=0x10000004
SIGBUS: [libjvm.so+0x753ab0], sa_mask[0]=0x7ffbfeff, sa_flags=0x10000004
SIGFPE: [libjvm.so+0x5e95d0], sa_mask[0]=0x7ffbfeff, sa_flags=0x10000004
SIGPIPE: [libjvm.so+0x5e95d0], sa_mask[0]=0x7ffbfeff, sa_flags=0x10000004
SIGXFSZ: [libjvm.so+0x5e95d0], sa_mask[0]=0x7ffbfeff, sa_flags=0x10000004
SIGILL: [libjvm.so+0x5e95d0], sa_mask[0]=0x7ffbfeff, sa_flags=0x10000004
SIGUSR1: SIG_DFL, sa_mask[0]=0x00000000, sa_flags=0x00000000
SIGUSR2: [libjvm.so+0x5e9460], sa_mask[0]=0x00000004, sa_flags=0x10000004
SIGHUP: [libjvm.so+0x5e9ae0], sa_mask[0]=0x7ffbfeff, sa_flags=0x10000004
SIGINT: [libjvm.so+0x5e9ae0], sa_mask[0]=0x7ffbfeff, sa_flags=0x10000004
SIGTERM: [libjvm.so+0x5e9ae0], sa_mask[0]=0x7ffbfeff, sa_flags=0x10000004
SIGQUIT: [libjvm.so+0x5e9ae0], sa_mask[0]=0x7ffbfeff, sa_flags=0x10000004


---------------  S Y S T E M  ---------------

OS:Ubuntu 12.04 (precise)
uname:Linux 3.2.0-49-generic-pae #75-Ubuntu SMP Tue Jun 18 18:00:21 UTC 2013 i686
libc:glibc 2.15 NPTL 2.15 
rlimit: STACK 8192k, CORE 0k, NPROC 64018, NOFILE 4096, AS infinity
load average:4.07 2.08 1.11

/proc/meminfo:
MemTotal:        8208944 kB
MemFree:         5419508 kB
Buffers:          150820 kB
Cached:           980824 kB
SwapCached:            0 kB
Active:          1895288 kB
Inactive:         771424 kB
Active(anon):    1546384 kB
Inactive(anon):   110156 kB
Active(file):     348904 kB
Inactive(file):   661268 kB
Unevictable:          48 kB
Mlocked:              48 kB
HighTotal:       7420168 kB
HighFree:        4870728 kB
LowTotal:         788776 kB
LowFree:          548780 kB
SwapTotal:       8330236 kB
SwapFree:        8330236 kB
Dirty:               432 kB
Writeback:             0 kB
AnonPages:       1535212 kB
Mapped:           218488 kB
Shmem:            121472 kB
Slab:              62464 kB
SReclaimable:      35744 kB
SUnreclaim:        26720 kB
KernelStack:        4456 kB
PageTables:        14896 kB
NFS_Unstable:          0 kB
Bounce:                0 kB
WritebackTmp:          0 kB
CommitLimit:    12434708 kB
Committed_AS:    4468048 kB
VmallocTotal:     122880 kB
VmallocUsed:       29668 kB
VmallocChunk:      86452 kB
HardwareCorrupted:     0 kB
AnonHugePages:         0 kB
HugePages_Total:       0
HugePages_Free:        0
HugePages_Rsvd:        0
HugePages_Surp:        0
Hugepagesize:       2048 kB
DirectMap4k:       10232 kB
DirectMap2M:      903168 kB


CPU:total 8 (4 cores per cpu, 2 threads per core) family 6 model 42 stepping 7, cmov, cx8, fxsr, mmx, sse, sse2, sse3, ssse3, sse4.1, sse4.2, popcnt, avx, ht, tsc, tscinvbit

/proc/cpuinfo:
processor	: 0
vendor_id	: GenuineIntel
cpu family	: 6
model		: 42
model name	: Intel(R) Core(TM) i7-2630QM CPU @ 2.00GHz
stepping	: 7
microcode	: 0x17
cpu MHz		: 800.000
cache size	: 6144 KB
physical id	: 0
siblings	: 8
core id		: 0
cpu cores	: 4
apicid		: 0
initial apicid	: 0
fdiv_bug	: no
hlt_bug		: no
f00f_bug	: no
coma_bug	: no
fpu		: yes
fpu_exception	: yes
cpuid level	: 13
wp		: yes
flags		: fpu vme de pse tsc msr pae mce cx8 apic sep mtrr pge mca cmov pat pse36 clflush dts acpi mmx fxsr sse sse2 ss ht tm pbe nx rdtscp lm constant_tsc arch_perfmon pebs bts xtopology nonstop_tsc aperfmperf pni pclmulqdq dtes64 monitor ds_cpl vmx est tm2 ssse3 cx16 xtpr pdcm pcid sse4_1 sse4_2 x2apic popcnt tsc_deadline_timer xsave avx lahf_lm ida arat epb xsaveopt pln pts dtherm tpr_shadow vnmi flexpriority ept vpid
bogomips	: 3991.07
clflush size	: 64
cache_alignment	: 64
address sizes	: 36 bits physical, 48 bits virtual
power management:

processor	: 1
vendor_id	: GenuineIntel
cpu family	: 6
model		: 42
model name	: Intel(R) Core(TM) i7-2630QM CPU @ 2.00GHz
stepping	: 7
microcode	: 0x17
cpu MHz		: 800.000
cache size	: 6144 KB
physical id	: 0
siblings	: 8
core id		: 0
cpu cores	: 4
apicid		: 1
initial apicid	: 1
fdiv_bug	: no
hlt_bug		: no
f00f_bug	: no
coma_bug	: no
fpu		: yes
fpu_exception	: yes
cpuid level	: 13
wp		: yes
flags		: fpu vme de pse tsc msr pae mce cx8 apic sep mtrr pge mca cmov pat pse36 clflush dts acpi mmx fxsr sse sse2 ss ht tm pbe nx rdtscp lm constant_tsc arch_perfmon pebs bts xtopology nonstop_tsc aperfmperf pni pclmulqdq dtes64 monitor ds_cpl vmx est tm2 ssse3 cx16 xtpr pdcm pcid sse4_1 sse4_2 x2apic popcnt tsc_deadline_timer xsave avx lahf_lm ida arat epb xsaveopt pln pts dtherm tpr_shadow vnmi flexpriority ept vpid
bogomips	: 3990.74
clflush size	: 64
cache_alignment	: 64
address sizes	: 36 bits physical, 48 bits virtual
power management:

processor	: 2
vendor_id	: GenuineIntel
cpu family	: 6
model		: 42
model name	: Intel(R) Core(TM) i7-2630QM CPU @ 2.00GHz
stepping	: 7
microcode	: 0x17
cpu MHz		: 2001.000
cache size	: 6144 KB
physical id	: 0
siblings	: 8
core id		: 1
cpu cores	: 4
apicid		: 2
initial apicid	: 2
fdiv_bug	: no
hlt_bug		: no
f00f_bug	: no
coma_bug	: no
fpu		: yes
fpu_exception	: yes
cpuid level	: 13
wp		: yes
flags		: fpu vme de pse tsc msr pae mce cx8 apic sep mtrr pge mca cmov pat pse36 clflush dts acpi mmx fxsr sse sse2 ss ht tm pbe nx rdtscp lm constant_tsc arch_perfmon pebs bts xtopology nonstop_tsc aperfmperf pni pclmulqdq dtes64 monitor ds_cpl vmx est tm2 ssse3 cx16 xtpr pdcm pcid sse4_1 sse4_2 x2apic popcnt tsc_deadline_timer xsave avx lahf_lm ida arat epb xsaveopt pln pts dtherm tpr_shadow vnmi flexpriority ept vpid
bogomips	: 3990.76
clflush size	: 64
cache_alignment	: 64
address sizes	: 36 bits physical, 48 bits virtual
power management:

processor	: 3
vendor_id	: GenuineIntel
cpu family	: 6
model		: 42
model name	: Intel(R) Core(TM) i7-2630QM CPU @ 2.00GHz
stepping	: 7
microcode	: 0x17
cpu MHz		: 800.000
cache size	: 6144 KB
physical id	: 0
siblings	: 8
core id		: 1
cpu cores	: 4
apicid		: 3
initial apicid	: 3
fdiv_bug	: no
hlt_bug		: no
f00f_bug	: no
coma_bug	: no
fpu		: yes
fpu_exception	: yes
cpuid level	: 13
wp		: yes
flags		: fpu vme de pse tsc msr pae mce cx8 apic sep mtrr pge mca cmov pat pse36 clflush dts acpi mmx fxsr sse sse2 ss ht tm pbe nx rdtscp lm constant_tsc arch_perfmon pebs bts xtopology nonstop_tsc aperfmperf pni pclmulqdq dtes64 monitor ds_cpl vmx est tm2 ssse3 cx16 xtpr pdcm pcid sse4_1 sse4_2 x2apic popcnt tsc_deadline_timer xsave avx lahf_lm ida arat epb xsaveopt pln pts dtherm tpr_shadow vnmi flexpriority ept vpid
bogomips	: 3990.75
clflush size	: 64
cache_alignment	: 64
address sizes	: 36 bits physical, 48 bits virtual
power management:

processor	: 4
vendor_id	: GenuineIntel
cpu family	: 6
model		: 42
model name	: Intel(R) Core(TM) i7-2630QM CPU @ 2.00GHz
stepping	: 7
microcode	: 0x17
cpu MHz		: 800.000
cache size	: 6144 KB
physical id	: 0
siblings	: 8
core id		: 2
cpu cores	: 4
apicid		: 4
initial apicid	: 4
fdiv_bug	: no
hlt_bug		: no
f00f_bug	: no
coma_bug	: no
fpu		: yes
fpu_exception	: yes
cpuid level	: 13
wp		: yes
flags		: fpu vme de pse tsc msr pae mce cx8 apic sep mtrr pge mca cmov pat pse36 clflush dts acpi mmx fxsr sse sse2 ss ht tm pbe nx rdtscp lm constant_tsc arch_perfmon pebs bts xtopology nonstop_tsc aperfmperf pni pclmulqdq dtes64 monitor ds_cpl vmx est tm2 ssse3 cx16 xtpr pdcm pcid sse4_1 sse4_2 x2apic popcnt tsc_deadline_timer xsave avx lahf_lm ida arat epb xsaveopt pln pts dtherm tpr_shadow vnmi flexpriority ept vpid
bogomips	: 3990.74
clflush size	: 64
cache_alignment	: 64
address sizes	: 36 bits physical, 48 bits virtual
power management:

processor	: 5
vendor_id	: GenuineIntel
cpu family	: 6
model		: 42
model name	: Intel(R) Core(TM) i7-2630QM CPU @ 2.00GHz
stepping	: 7
microcode	: 0x17
cpu MHz		: 800.000
cache size	: 6144 KB
physical id	: 0
siblings	: 8
core id		: 2
cpu cores	: 4
apicid		: 5
initial apicid	: 5
fdiv_bug	: no
hlt_bug		: no
f00f_bug	: no
coma_bug	: no
fpu		: yes
fpu_exception	: yes
cpuid level	: 13
wp		: yes
flags		: fpu vme de pse tsc msr pae mce cx8 apic sep mtrr pge mca cmov pat pse36 clflush dts acpi mmx fxsr sse sse2 ss ht tm pbe nx rdtscp lm constant_tsc arch_perfmon pebs bts xtopology nonstop_tsc aperfmperf pni pclmulqdq dtes64 monitor ds_cpl vmx est tm2 ssse3 cx16 xtpr pdcm pcid sse4_1 sse4_2 x2apic popcnt tsc_deadline_timer xsave avx lahf_lm ida arat epb xsaveopt pln pts dtherm tpr_shadow vnmi flexpriority ept vpid
bogomips	: 3990.75
clflush size	: 64
cache_alignment	: 64
address sizes	: 36 bits physical, 48 bits virtual
power management:

processor	: 6
vendor_id	: GenuineIntel
cpu family	: 6
model		: 42
model name	: Intel(R) Core(TM) i7-2630QM CPU @ 2.00GHz
stepping	: 7
microcode	: 0x17
cpu MHz		: 800.000
cache size	: 6144 KB
physical id	: 0
siblings	: 8
core id		: 3
cpu cores	: 4
apicid		: 6
initial apicid	: 6
fdiv_bug	: no
hlt_bug		: no
f00f_bug	: no
coma_bug	: no
fpu		: yes
fpu_exception	: yes
cpuid level	: 13
wp		: yes
flags		: fpu vme de pse tsc msr pae mce cx8 apic sep mtrr pge mca cmov pat pse36 clflush dts acpi mmx fxsr sse sse2 ss ht tm pbe nx rdtscp lm constant_tsc arch_perfmon pebs bts xtopology nonstop_tsc aperfmperf pni pclmulqdq dtes64 monitor ds_cpl vmx est tm2 ssse3 cx16 xtpr pdcm pcid sse4_1 sse4_2 x2apic popcnt tsc_deadline_timer xsave avx lahf_lm ida arat epb xsaveopt pln pts dtherm tpr_shadow vnmi flexpriority ept vpid
bogomips	: 3990.76
clflush size	: 64
cache_alignment	: 64
address sizes	: 36 bits physical, 48 bits virtual
power management:

processor	: 7
vendor_id	: GenuineIntel
cpu family	: 6
model		: 42
model name	: Intel(R) Core(TM) i7-2630QM CPU @ 2.00GHz
stepping	: 7
microcode	: 0x17
cpu MHz		: 800.000
cache size	: 6144 KB
physical id	: 0
siblings	: 8
core id		: 3
cpu cores	: 4
apicid		: 7
initial apicid	: 7
fdiv_bug	: no
hlt_bug		: no
f00f_bug	: no
coma_bug	: no
fpu		: yes
fpu_exception	: yes
cpuid level	: 13
wp		: yes
flags		: fpu vme de pse tsc msr pae mce cx8 apic sep mtrr pge mca cmov pat pse36 clflush dts acpi mmx fxsr sse sse2 ss ht tm pbe nx rdtscp lm constant_tsc arch_perfmon pebs bts xtopology nonstop_tsc aperfmperf pni pclmulqdq dtes64 monitor ds_cpl vmx est tm2 ssse3 cx16 xtpr pdcm pcid sse4_1 sse4_2 x2apic popcnt tsc_deadline_timer xsave avx lahf_lm ida arat epb xsaveopt pln pts dtherm tpr_shadow vnmi flexpriority ept vpid
bogomips	: 3990.75
clflush size	: 64
cache_alignment	: 64
address sizes	: 36 bits physical, 48 bits virtual
power management:



Memory: 4k page, physical 8208944k(5419508k free), swap 8330236k(8330236k free)

vm_info: OpenJDK Server VM (23.7-b01) for linux-x86 JRE (1.7.0_21-b02), built on Apr 23 2013 13:58:31 by "buildd" with gcc 4.6.3

time: Sat Jul 13 13:06:30 2013
elapsed time: 8 seconds

