#
# A fatal error has been detected by the Java Runtime Environment:
#
#  SIGSEGV (0xb) at pc=0x645cf675, pid=22548, tid=1725954880
#
# JRE version: 7.0_21-b02
# Java VM: OpenJDK Server VM (23.7-b01 mixed mode linux-x86 )
# Problematic frame:
# C  [libopencv_java246.so+0x30e675]  cv::Mutex::~Mutex()+0x25
#
# Failed to write core dump. Core dumps have been disabled. To enable core dumping, try "ulimit -c unlimited" before starting Java again
#
# If you would like to submit a bug report, please include
# instructions on how to reproduce the bug and visit:
#   https://bugs.launchpad.net/ubuntu/+source/openjdk-7/
#

---------------  T H R E A D  ---------------

Current thread (0x66ca8400):  VMThread [stack: 0x66d7f000,0x66e00000] [id=22562]

siginfo:si_signo=SIGSEGV: si_errno=0, si_code=1 (SEGV_MAPERR), si_addr=0x00000004

Registers:
EAX=0x00000000, EBX=0x64d5bff4, ECX=0x6a3060d8, EDX=0xffffffff
ESP=0x66dfee80, EBP=0xb77233e4, ESI=0x64dfeefc, EDI=0x0000008f
EIP=0x645cf675, EFLAGS=0x00210212, CR2=0x00000004

Top of Stack: (sp=0x66dfee80)
0x66dfee80:   6a306538 0000008f b77233e4 b7722ff4
0x66dfee90:   b7722ff4 6a306070 0000008f b75b0f51
0x66dfeea0:   64dfeefc 0000008f b765e542 b6e17be1
0x66dfeeb0:   b6504f38 b6922ab6 b7115ff4 01de3813
0x66dfeec0:   b6500468 656d6974 b6507cf0 b7722ff4
0x66dfeed0:   63334b84 b6530bb0 b6530fa4 b75b0fdd
0x66dfeee0:   0000008f b77233e4 00000001 b6e16d4f
0x66dfeef0:   b756987f b75b0fb6 b7115ff4 b6c0b510 

Instructions: (pc=0x645cf675)
0x645cf655:   ff ff ff 89 74 24 14 8b 74 24 20 89 5c 24 10 e8
0x645cf665:   be 32 e1 ff 81 c3 8b c9 78 00 89 7c 24 18 8b 06
0x645cf675:   f0 0f c1 50 04 83 fa 01 74 19 c7 06 00 00 00 00
0x645cf685:   8b 5c 24 10 8b 74 24 14 8b 7c 24 18 83 c4 1c c3 

Register to memory mapping:

EAX=0x00000000 is an unknown value
EBX=0x64d5bff4: <offset 0xa9aff4> in /home/matt/CS/Hack/opencv/build/lib/libopencv_java246.so at 0x642c1000
ECX=0x6a3060d8 is an unknown value
EDX=0xffffffff is an unknown value
ESP=0x66dfee80 is an unknown value
EBP=0xb77233e4: <offset 0x1a53e4> in /lib/i386-linux-gnu/libc.so.6 at 0xb757e000
ESI=0x64dfeefc: _ZN2cv15SURFFindInvoker19findMaximaInLayer_mE+0 in /home/matt/CS/Hack/opencv/build/lib/libopencv_java246.so at 0x642c1000
EDI=0x0000008f is an unknown value


Stack: [0x66d7f000,0x66e00000],  sp=0x66dfee80,  free space=511k
Native frames: (J=compiled Java code, j=interpreted, Vv=VM code, C=native code)
C  [libopencv_java246.so+0x30e675]  cv::Mutex::~Mutex()+0x25

VM_Operation (0x63334b84): Exit, mode: safepoint, requested by thread 0x6650bc00


---------------  P R O C E S S  ---------------

Java Threads: ( => current thread )
  0x6650bc00 JavaThread "SIGTERM handler" daemon [_thread_blocked, id=22581, stack(0x632e5000,0x63336000)]
  0x66a0fc00 JavaThread "Animation Thread" [_thread_blocked, id=22578, stack(0x64f13000,0x64f64000)]
  0x66a03c00 JavaThread "AWT-EventQueue-1" [_thread_blocked, id=22577, stack(0x64f64000,0x64fb5000)]
  0xb6506800 JavaThread "DestroyJavaVM" [_thread_blocked, id=22553, stack(0xb666a000,0xb66bb000)]
  0x6519f400 JavaThread "AWT-EventQueue-0" [_thread_blocked, id=22575, stack(0x6500d000,0x6505e000)]
  0x65199800 JavaThread "AWT-Shutdown" [_thread_blocked, id=22574, stack(0x6505e000,0x650af000)]
  0x65173400 JavaThread "thread applet-Main.class" [_thread_blocked, id=22573, stack(0x650af000,0x65100000)]
  0x6515bc00 JavaThread "AWT-XAWT" daemon [_thread_blocked, id=22571, stack(0x65229000,0x6527a000)]
  0x6512a400 JavaThread "Java2D Disposer" daemon [_thread_blocked, id=22570, stack(0x6527a000,0x652cb000)]
  0x66cf7c00 JavaThread "Service Thread" daemon [_thread_blocked, id=22568, stack(0x6a62e000,0x6a67f000)]
  0x66cf6000 JavaThread "C2 CompilerThread1" daemon [_thread_blocked, id=22567, stack(0x6647f000,0x66500000)]
  0x66cf4000 JavaThread "C2 CompilerThread0" daemon [_thread_blocked, id=22566, stack(0x66f4a000,0x66fcb000)]
  0x66cf2400 JavaThread "Signal Dispatcher" daemon [_thread_blocked, id=22565, stack(0x6a82e000,0x6a87f000)]
  0x66cb0000 JavaThread "Finalizer" daemon [_thread_blocked, id=22564, stack(0x6aa2e000,0x6aa7f000)]
  0x66cae400 JavaThread "Reference Handler" daemon [_thread_blocked, id=22563, stack(0x6ad2e000,0x6ad7f000)]

Other Threads:
=>0x66ca8400 VMThread [stack: 0x66d7f000,0x66e00000] [id=22562]

VM state:at safepoint (shutting down)

VM Mutex/Monitor currently owned by a thread:  ([mutex/lock_event])
[0xb6504238] Threads_lock - owner thread: 0x66ca8400

Heap
 PSYoungGen      total 114112K, used 43134K [0x9ded0000, 0xab230000, 0xb3420000)
  eden space 36992K, 5% used [0x9ded0000,0x9e0f3fd0,0xa02f0000)
  from space 77120K, 53% used [0xa02f0000,0xa2aeb940,0xa4e40000)
  to   space 85696K, 0% used [0xa5e80000,0xa5e80000,0xab230000)
 ParOldGen       total 401664K, used 267966K [0x73420000, 0x8bc60000, 0x9ded0000)
  object space 401664K, 66% used [0x73420000,0x839cfa10,0x8bc60000)
 PSPermGen       total 16384K, used 7507K [0x6b420000, 0x6c420000, 0x73420000)
  object space 16384K, 45% used [0x6b420000,0x6bb74ea0,0x6c420000)

Card table byte_map: [0x6b1df000,0x6b420000] byte_map_base: 0x6ae84f00

Polling page: 0xb772e000

Code Cache  [0xb34e6000, 0xb3726000, 0xb64e6000)
 total_blobs=326 nmethods=63 adapters=216 free_code_cache=48697Kb largest_free_block=49849408

Compilation events (10 events):
Event: 0.880 Thread 0x66cf6000 nmethod 55 0xb3549c48 code [0xb3549d20, 0xb3549d70]
Event: 0.880 Thread 0x66cf6000   56             java.awt.Rectangle::getHeight (6 bytes)
Event: 0.881 Thread 0x66cf6000 nmethod 56 0xb355a588 code [0xb355a660, 0xb355a6b0]
Event: 0.881 Thread 0x66cf6000   57             Main$BlackLine::<init> (20 bytes)
Event: 0.881 Thread 0x66cf4000 nmethod 53 0xb3550cc8 code [0xb3550e20, 0xb3551010]
Event: 0.881 Thread 0x66cf4000   58             Main$BlackLine::getCost (12 bytes)
Event: 0.881 Thread 0x66cf6000 nmethod 57 0xb355a3c8 code [0xb355a4a0, 0xb355a4f0]
Event: 0.881 Thread 0x66cf4000 nmethod 58 0xb3550b48 code [0xb3550c20, 0xb3550c70]
Event: 0.882 Thread 0x66cf6000    5 %           Main::getSeries @ 23 (72 bytes)
Event: 0.887 Thread 0x66cf6000 nmethod 5% 0xb35584c8 code [0xb3558660, 0xb3558af8]

GC Heap History (10 events):
Event: 3.635 GC heap before
{Heap before GC invocations=11 (full 2):
 PSYoungGen      total 83008K, used 83008K [0x9ded0000, 0xa8560000, 0xb3420000)
  eden space 31040K, 100% used [0x9ded0000,0x9fd20000,0x9fd20000)
  from space 51968K, 100% used [0xa3a70000,0xa6d30000,0xa6d30000)
  to   space 62784K, 0% used [0x9fd20000,0x9fd20000,0xa3a70000)
 ParOldGen       total 165440K, used 134617K [0x73420000, 0x7d5b0000, 0x9ded0000)
  object space 165440K, 81% used [0x73420000,0x7b7964a8,0x7d5b0000)
 PSPermGen       total 16896K, used 7430K [0x6b420000, 0x6c4a0000, 0x73420000)
  object space 16896K, 43% used [0x6b420000,0x6bb61ba0,0x6c4a0000)
Event: 3.929 GC heap after
Heap after GC invocations=11 (full 2):
 PSYoungGen      total 93824K, used 62784K [0x9ded0000, 0xaa410000, 0xb3420000)
  eden space 31040K, 0% used [0x9ded0000,0x9ded0000,0x9fd20000)
  from space 62784K, 100% used [0x9fd20000,0xa3a70000,0xa3a70000)
  to   space 81728K, 0% used [0xa5440000,0xa5440000,0xaa410000)
 ParOldGen       total 165440K, used 154965K [0x73420000, 0x7d5b0000, 0x9ded0000)
  object space 165440K, 93% used [0x73420000,0x7cb754a8,0x7d5b0000)
 PSPermGen       total 16896K, used 7430K [0x6b420000, 0x6c4a0000, 0x73420000)
  object space 16896K, 43% used [0x6b420000,0x6bb61ba0,0x6c4a0000)
}
Event: 3.929 GC heap before
{Heap before GC invocations=12 (full 3):
 PSYoungGen      total 93824K, used 62784K [0x9ded0000, 0xaa410000, 0xb3420000)
  eden space 31040K, 0% used [0x9ded0000,0x9ded0000,0x9fd20000)
  from space 62784K, 100% used [0x9fd20000,0xa3a70000,0xa3a70000)
  to   space 81728K, 0% used [0xa5440000,0xa5440000,0xaa410000)
 ParOldGen       total 165440K, used 154965K [0x73420000, 0x7d5b0000, 0x9ded0000)
  object space 165440K, 93% used [0x73420000,0x7cb754a8,0x7d5b0000)
 PSPermGen       total 16896K, used 7430K [0x6b420000, 0x6c4a0000, 0x73420000)
  object space 16896K, 43% used [0x6b420000,0x6bb61ba0,0x6c4a0000)
Event: 5.888 GC heap after
Heap after GC invocations=12 (full 3):
 PSYoungGen      total 93824K, used 20807K [0x9ded0000, 0xaa410000, 0xb3420000)
  eden space 31040K, 0% used [0x9ded0000,0x9ded0000,0x9fd20000)
  from space 62784K, 33% used [0x9fd20000,0xa1171e98,0xa3a70000)
  to   space 81728K, 0% used [0xa5440000,0xa5440000,0xaa410000)
 ParOldGen       total 267968K, used 165438K [0x73420000, 0x839d0000, 0x9ded0000)
  object space 267968K, 61% used [0x73420000,0x7d5afa18,0x839d0000)
 PSPermGen       total 16384K, used 7430K [0x6b420000, 0x6c420000, 0x73420000)
  object space 16384K, 45% used [0x6b420000,0x6bb61ba0,0x6c420000)
}
Event: 6.493 GC heap before
{Heap before GC invocations=13 (full 3):
 PSYoungGen      total 93824K, used 51847K [0x9ded0000, 0xaa410000, 0xb3420000)
  eden space 31040K, 100% used [0x9ded0000,0x9fd20000,0x9fd20000)
  from space 62784K, 33% used [0x9fd20000,0xa1171e98,0xa3a70000)
  to   space 81728K, 0% used [0xa5440000,0xa5440000,0xaa410000)
 ParOldGen       total 267968K, used 165438K [0x73420000, 0x839d0000, 0x9ded0000)
  object space 267968K, 61% used [0x73420000,0x7d5afa18,0x839d0000)
 PSPermGen       total 16384K, used 7431K [0x6b420000, 0x6c420000, 0x73420000)
  object space 16384K, 45% used [0x6b420000,0x6bb61c18,0x6c420000)
Event: 6.696 GC heap after
Heap after GC invocations=13 (full 3):
 PSYoungGen      total 107968K, used 30864K [0x9ded0000, 0xa9990000, 0xb3420000)
  eden space 36992K, 0% used [0x9ded0000,0x9ded0000,0xa02f0000)
  from space 70976K, 43% used [0xa5440000,0xa7264000,0xa9990000)
  to   space 77120K, 0% used [0xa02f0000,0xa02f0000,0xa4e40000)
 ParOldGen       total 267968K, used 186338K [0x73420000, 0x839d0000, 0x9ded0000)
  object space 267968K, 69% used [0x73420000,0x7ea18a18,0x839d0000)
 PSPermGen       total 16384K, used 7431K [0x6b420000, 0x6c420000, 0x73420000)
  object space 16384K, 45% used [0x6b420000,0x6bb61c18,0x6c420000)
}
Event: 7.180 GC heap before
{Heap before GC invocations=14 (full 3):
 PSYoungGen      total 107968K, used 67856K [0x9ded0000, 0xa9990000, 0xb3420000)
  eden space 36992K, 100% used [0x9ded0000,0xa02f0000,0xa02f0000)
  from space 70976K, 43% used [0xa5440000,0xa7264000,0xa9990000)
  to   space 77120K, 0% used [0xa02f0000,0xa02f0000,0xa4e40000)
 ParOldGen       total 267968K, used 186338K [0x73420000, 0x839d0000, 0x9ded0000)
  object space 267968K, 69% used [0x73420000,0x7ea18a18,0x839d0000)
 PSPermGen       total 16384K, used 7490K [0x6b420000, 0x6c420000, 0x73420000)
  object space 16384K, 45% used [0x6b420000,0x6bb70b90,0x6c420000)
Event: 7.414 GC heap after
Heap after GC invocations=14 (full 3):
 PSYoungGen      total 114112K, used 67760K [0x9ded0000, 0xab230000, 0xb3420000)
  eden space 36992K, 0% used [0x9ded0000,0x9ded0000,0xa02f0000)
  from space 77120K, 87% used [0xa02f0000,0xa451c000,0xa4e40000)
  to   space 85696K, 0% used [0xa5e80000,0xa5e80000,0xab230000)
 ParOldGen       total 267968K, used 186338K [0x73420000, 0x839d0000, 0x9ded0000)
  object space 267968K, 69% used [0x73420000,0x7ea18a18,0x839d0000)
 PSPermGen       total 16384K, used 7490K [0x6b420000, 0x6c420000, 0x73420000)
  object space 16384K, 45% used [0x6b420000,0x6bb70b90,0x6c420000)
}
Event: 7.911 GC heap before
{Heap before GC invocations=15 (full 4):
 PSYoungGen      total 114112K, used 104752K [0x9ded0000, 0xab230000, 0xb3420000)
  eden space 36992K, 100% used [0x9ded0000,0xa02f0000,0xa02f0000)
  from space 77120K, 87% used [0xa02f0000,0xa451c000,0xa4e40000)
  to   space 85696K, 0% used [0xa5e80000,0xa5e80000,0xab230000)
 ParOldGen       total 267968K, used 240421K [0x73420000, 0x839d0000, 0x9ded0000)
  object space 267968K, 89% used [0x73420000,0x81ee94a0,0x839d0000)
 PSPermGen       total 16384K, used 7490K [0x6b420000, 0x6c420000, 0x73420000)
  object space 16384K, 45% used [0x6b420000,0x6bb70b90,0x6c420000)
Event: 9.295 GC heap after
Heap after GC invocations=15 (full 4):
 PSYoungGen      total 114112K, used 40942K [0x9ded0000, 0xab230000, 0xb3420000)
  eden space 36992K, 0% used [0x9ded0000,0x9ded0000,0xa02f0000)
  from space 77120K, 53% used [0xa02f0000,0xa2aeb940,0xa4e40000)
  to   space 85696K, 0% used [0xa5e80000,0xa5e80000,0xab230000)
 ParOldGen       total 401664K, used 267966K [0x73420000, 0x8bc60000, 0x9ded0000)
  object space 401664K, 66% used [0x73420000,0x839cfa10,0x8bc60000)
 PSPermGen       total 16384K, used 7490K [0x6b420000, 0x6c420000, 0x73420000)
  object space 16384K, 45% used [0x6b420000,0x6bb70b90,0x6c420000)
}

Deoptimization events (6 events):
Event: 0.224 Thread 0x6519f400 Uncommon trap -34 fr.pc 0xb3530708
Event: 0.224 Thread 0x6519f400 Uncommon trap -34 fr.pc 0xb3530708
Event: 0.225 Thread 0x6519f400 Uncommon trap -34 fr.pc 0xb3530708
Event: 0.225 Thread 0x6519f400 Uncommon trap -34 fr.pc 0xb3530708
Event: 0.476 Thread 0x6a31ac00 Uncommon trap -28 fr.pc 0xb3546164
Event: 0.484 Thread 0x6a31ac00 Uncommon trap -28 fr.pc 0xb354d5e4

Internal exceptions (10 events):
Event: 0.394 Thread 0x66a0fc00 Threw 0x9e63da00 at /build/buildd/openjdk-7-7u21-2.3.9/build/openjdk/hotspot/src/share/vm/prims/jvm.cpp:1166
Event: 0.399 Thread 0x66a0fc00 Threw 0x9e642b18 at /build/buildd/openjdk-7-7u21-2.3.9/build/openjdk/hotspot/src/share/vm/prims/jvm.cpp:1166
Event: 0.421 Thread 0x66a0fc00 Threw 0x9e64b548 at /build/buildd/openjdk-7-7u21-2.3.9/build/openjdk/hotspot/src/share/vm/prims/jvm.cpp:1166
Event: 0.422 Thread 0x66a0fc00 Threw 0x9e656ae8 at /build/buildd/openjdk-7-7u21-2.3.9/build/openjdk/hotspot/src/share/vm/prims/jvm.cpp:1166
Event: 0.423 Thread 0x66a0fc00 Threw 0x9e668f98 at /build/buildd/openjdk-7-7u21-2.3.9/build/openjdk/hotspot/src/share/vm/prims/jvm.cpp:1166
Event: 0.423 Thread 0x66a0fc00 Threw 0x9e66e198 at /build/buildd/openjdk-7-7u21-2.3.9/build/openjdk/hotspot/src/share/vm/prims/jvm.cpp:1166
Event: 0.424 Thread 0x66a0fc00 Threw 0x9e6740c8 at /build/buildd/openjdk-7-7u21-2.3.9/build/openjdk/hotspot/src/share/vm/prims/jvm.cpp:1166
Event: 0.521 Thread 0x66a0fc00 Threw 0x9e859ad0 at /build/buildd/openjdk-7-7u21-2.3.9/build/openjdk/hotspot/src/share/vm/prims/jvm.cpp:1166
Event: 0.611 Thread 0x66a0fc00 Threw 0x9e1705c8 at /build/buildd/openjdk-7-7u21-2.3.9/build/openjdk/hotspot/src/share/vm/prims/jvm.cpp:1166
Event: 0.862 Thread 0x66a0fc00 Threw 0x9e175f40 at /build/buildd/openjdk-7-7u21-2.3.9/build/openjdk/hotspot/src/share/vm/prims/jvm.cpp:1166

Events (10 events):
Event: 9.295 loading class 0x661acd68 done
Event: 9.296 Thread 0x6a505400 Thread added: 0x6a505400
Event: 9.296 loading class 0x651425d8
Event: 9.296 loading class 0x6a7045b0
Event: 9.296 loading class 0x6a7045b0 done
Event: 9.296 loading class 0x6a7045e0
Event: 9.296 loading class 0x6a7045e0 done
Event: 9.297 loading class 0x651425d8 done
Event: 9.298 Thread 0x6a505400 Thread exited: 0x6a505400
Event: 9.299 Executing VM operation: Exit


Dynamic libraries:
08048000-08049000 r-xp 00000000 08:0a 3935629    /usr/lib/jvm/java-7-openjdk-i386/jre/bin/java
08049000-0804a000 r--p 00000000 08:0a 3935629    /usr/lib/jvm/java-7-openjdk-i386/jre/bin/java
0804a000-0804b000 rw-p 00001000 08:0a 3935629    /usr/lib/jvm/java-7-openjdk-i386/jre/bin/java
092de000-092ff000 rw-p 00000000 00:00 0          [heap]
60900000-609e9000 rw-p 00000000 00:00 0 
609e9000-60a00000 ---p 00000000 00:00 0 
60b00000-60d00000 rw-p 00000000 00:00 0 
60d00000-60f00000 rw-p 00000000 00:00 0 
60f00000-61100000 rw-p 00000000 00:00 0 
61100000-611f3000 rw-p 00000000 00:00 0 
611f3000-61200000 ---p 00000000 00:00 0 
61200000-61300000 rw-p 00000000 00:00 0 
61300000-61500000 rw-p 00000000 00:00 0 
61500000-61700000 rw-p 00000000 00:00 0 
61700000-61794000 rw-p 00000000 00:00 0 
61794000-61800000 ---p 00000000 00:00 0 
61800000-61900000 rw-p 00000000 00:00 0 
61900000-61a00000 rw-p 00000000 00:00 0 
61a00000-61afb000 rw-p 00000000 00:00 0 
61afb000-61b00000 ---p 00000000 00:00 0 
61b00000-61c00000 rw-p 00000000 00:00 0 
61c00000-61d00000 rw-p 00000000 00:00 0 
61d00000-61e00000 rw-p 00000000 00:00 0 
61e00000-61f00000 rw-p 00000000 00:00 0 
61f00000-62100000 rw-p 00000000 00:00 0 
62100000-62300000 rw-p 00000000 00:00 0 
62300000-62500000 rw-p 00000000 00:00 0 
62500000-62700000 rw-p 00000000 00:00 0 
62700000-62900000 rw-p 00000000 00:00 0 
62900000-62b00000 rw-p 00000000 00:00 0 
62b00000-62c00000 rw-p 00000000 00:00 0 
62c29000-62e00000 rw-p 00000000 00:00 0 
62f00000-63100000 rw-p 00000000 00:00 0 
63100000-6315c000 rw-p 00000000 00:00 0 
6315c000-63200000 ---p 00000000 00:00 0 
6323d000-63240000 ---p 00000000 00:00 0 
63240000-6328e000 rw-p 00000000 00:00 0 
6328e000-632d3000 r-xp 00000000 08:0a 3932808    /usr/lib/i386-linux-gnu/libjpeg.so.8.0.2
632d3000-632d4000 r--p 00044000 08:0a 3932808    /usr/lib/i386-linux-gnu/libjpeg.so.8.0.2
632d4000-632d5000 rw-p 00045000 08:0a 3932808    /usr/lib/i386-linux-gnu/libjpeg.so.8.0.2
632d5000-632e5000 rw-p 00000000 00:00 0 
632e5000-632e8000 ---p 00000000 00:00 0 
632e8000-63336000 rw-p 00000000 00:00 0 
63336000-634c8000 r-xp 00000000 08:0a 1321284    /lib/i386-linux-gnu/libcrypto.so.1.0.0
634c8000-634d7000 r--p 00192000 08:0a 1321284    /lib/i386-linux-gnu/libcrypto.so.1.0.0
634d7000-634de000 rw-p 001a1000 08:0a 1321284    /lib/i386-linux-gnu/libcrypto.so.1.0.0
634de000-634e1000 rw-p 00000000 00:00 0 
634e1000-63532000 r-xp 00000000 08:0a 1321281    /lib/i386-linux-gnu/libssl.so.1.0.0
63532000-63534000 r--p 00050000 08:0a 1321281    /lib/i386-linux-gnu/libssl.so.1.0.0
63534000-63538000 rw-p 00052000 08:0a 1321281    /lib/i386-linux-gnu/libssl.so.1.0.0
63538000-6379b000 r-xp 00000000 08:0a 3932992    /usr/lib/libpython2.7.so.1.0
6379b000-6379c000 ---p 00263000 08:0a 3932992    /usr/lib/libpython2.7.so.1.0
6379c000-6379d000 r--p 00263000 08:0a 3932992    /usr/lib/libpython2.7.so.1.0
6379d000-637f2000 rw-p 00264000 08:0a 3932992    /usr/lib/libpython2.7.so.1.0
637f2000-637fe000 rw-p 00000000 00:00 0 
63814000-64200000 r-xp 00000000 08:0a 2399629    /home/matt/CS/Hack/opencv/build/lib/cv2.so
64200000-6420c000 r--p 009eb000 08:0a 2399629    /home/matt/CS/Hack/opencv/build/lib/cv2.so
6420c000-64222000 rw-p 009f7000 08:0a 2399629    /home/matt/CS/Hack/opencv/build/lib/cv2.so
64222000-642c1000 rw-p 00000000 00:00 0 
642c1000-64d4f000 r-xp 00000000 08:0a 2399698    /home/matt/CS/Hack/opencv/build/lib/libopencv_java246.so
64d4f000-64d5c000 r--p 00a8d000 08:0a 2399698    /home/matt/CS/Hack/opencv/build/lib/libopencv_java246.so
64d5c000-64d66000 rw-p 00a9a000 08:0a 2399698    /home/matt/CS/Hack/opencv/build/lib/libopencv_java246.so
64d66000-64e00000 rw-p 00000000 00:00 0 
64e00000-64e80000 rw-p 00000000 00:00 0 
64e80000-64f00000 ---p 00000000 00:00 0 
64f13000-64f16000 ---p 00000000 00:00 0 
64f16000-64f64000 rw-p 00000000 00:00 0 
64f64000-64f67000 ---p 00000000 00:00 0 
64f67000-64fb5000 rw-p 00000000 00:00 0 
64fb5000-64fc6000 r-xp 00000000 08:0a 4078113    /usr/lib/jvm/java-7-openjdk-i386/jre/lib/i386/libnio.so
64fc6000-64fc7000 r--p 00010000 08:0a 4078113    /usr/lib/jvm/java-7-openjdk-i386/jre/lib/i386/libnio.so
64fc7000-64fc8000 rw-p 00011000 08:0a 4078113    /usr/lib/jvm/java-7-openjdk-i386/jre/lib/i386/libnio.so
64fc8000-6500b000 r-xp 00000000 08:0a 4078145    /usr/lib/jvm/java-7-openjdk-i386/jre/lib/i386/libfontmanager.so
6500b000-6500c000 r--p 00043000 08:0a 4078145    /usr/lib/jvm/java-7-openjdk-i386/jre/lib/i386/libfontmanager.so
6500c000-6500d000 rw-p 00044000 08:0a 4078145    /usr/lib/jvm/java-7-openjdk-i386/jre/lib/i386/libfontmanager.so
6500d000-65010000 ---p 00000000 00:00 0 
65010000-6505e000 rw-p 00000000 00:00 0 
6505e000-65061000 ---p 00000000 00:00 0 
65061000-650af000 rw-p 00000000 00:00 0 
650af000-650b2000 ---p 00000000 00:00 0 
650b2000-65100000 rw-p 00000000 00:00 0 
65100000-651ae000 rw-p 00000000 00:00 0 
651ae000-65200000 ---p 00000000 00:00 0 
65206000-6520f000 r-xp 00000000 08:0a 4078118    /usr/lib/jvm/java-7-openjdk-i386/jre/lib/i386/libjavajpeg.so
6520f000-65210000 r--p 00008000 08:0a 4078118    /usr/lib/jvm/java-7-openjdk-i386/jre/lib/i386/libjavajpeg.so
65210000-65211000 rw-p 00009000 08:0a 4078118    /usr/lib/jvm/java-7-openjdk-i386/jre/lib/i386/libjavajpeg.so
65211000-65227000 r-xp 00000000 08:0a 4078127    /usr/lib/jvm/java-7-openjdk-i386/jre/lib/i386/libnet.so
65227000-65228000 r--p 00015000 08:0a 4078127    /usr/lib/jvm/java-7-openjdk-i386/jre/lib/i386/libnet.so
65228000-65229000 rw-p 00016000 08:0a 4078127    /usr/lib/jvm/java-7-openjdk-i386/jre/lib/i386/libnet.so
65229000-6522c000 ---p 00000000 00:00 0 
6522c000-6527a000 rw-p 00000000 00:00 0 
6527a000-6527d000 ---p 00000000 00:00 0 
6527d000-652cb000 rw-p 00000000 00:00 0 
652cb000-652d4000 r--s 000bc000 08:0a 3936868    /usr/lib/jvm/java-7-openjdk-common/jre/lib/resources.jar
652d4000-6531b000 r-xp 00000000 08:0a 1322241    /lib/i386-linux-gnu/libdbus-1.so.3.5.8
6531b000-6531c000 r--p 00047000 08:0a 1322241    /lib/i386-linux-gnu/libdbus-1.so.3.5.8
6531c000-6531d000 rw-p 00048000 08:0a 1322241    /lib/i386-linux-gnu/libdbus-1.so.3.5.8
6531d000-6532d000 r-xp 00000000 08:0a 3933453    /usr/lib/i386-linux-gnu/libp11-kit.so.0.0.0
6532d000-6532e000 r--p 0000f000 08:0a 3933453    /usr/lib/i386-linux-gnu/libp11-kit.so.0.0.0
6532e000-6532f000 rw-p 00010000 08:0a 3933453    /usr/lib/i386-linux-gnu/libp11-kit.so.0.0.0
6532f000-653b1000 r-xp 00000000 08:0a 1310835    /lib/i386-linux-gnu/libgcrypt.so.11.7.0
653b1000-653b2000 r--p 00081000 08:0a 1310835    /lib/i386-linux-gnu/libgcrypt.so.11.7.0
653b2000-653b4000 rw-p 00082000 08:0a 1310835    /lib/i386-linux-gnu/libgcrypt.so.11.7.0
653b4000-653c4000 r-xp 00000000 08:0a 3932307    /usr/lib/i386-linux-gnu/libtasn1.so.3.1.12
653c4000-653c5000 r--p 0000f000 08:0a 3932307    /usr/lib/i386-linux-gnu/libtasn1.so.3.1.12
653c5000-653c6000 rw-p 00010000 08:0a 3932307    /usr/lib/i386-linux-gnu/libtasn1.so.3.1.12
653c6000-653ec000 r-xp 00000000 08:0a 3933054    /usr/lib/i386-linux-gnu/libk5crypto.so.3.1
653ec000-653ed000 r--p 00025000 08:0a 3933054    /usr/lib/i386-linux-gnu/libk5crypto.so.3.1
653ed000-653ee000 rw-p 00026000 08:0a 3933054    /usr/lib/i386-linux-gnu/libk5crypto.so.3.1
653ee000-654b6000 r-xp 00000000 08:0a 3933062    /usr/lib/i386-linux-gnu/libkrb5.so.3.3
654b6000-654bc000 r--p 000c7000 08:0a 3933062    /usr/lib/i386-linux-gnu/libkrb5.so.3.3
654bc000-654bd000 rw-p 000cd000 08:0a 3933062    /usr/lib/i386-linux-gnu/libkrb5.so.3.3
654bd000-654e5000 r-xp 00000000 08:0a 1310827    /lib/i386-linux-gnu/libpng12.so.0.46.0
654e5000-654e6000 r--p 00027000 08:0a 1310827    /lib/i386-linux-gnu/libpng12.so.0.46.0
654e6000-654e7000 rw-p 00028000 08:0a 1310827    /lib/i386-linux-gnu/libpng12.so.0.46.0
654e7000-6557a000 r-xp 00000000 08:0a 3933109    /usr/lib/i386-linux-gnu/libpixman-1.so.0.24.4
6557a000-6557e000 r--p 00092000 08:0a 3933109    /usr/lib/i386-linux-gnu/libpixman-1.so.0.24.4
6557e000-6557f000 rw-p 00096000 08:0a 3933109    /usr/lib/i386-linux-gnu/libpixman-1.so.0.24.4
6557f000-6563e000 r-xp 00000000 08:0a 3954631    /usr/lib/i386-linux-gnu/libgnutls.so.26.21.8
6563e000-65642000 r--p 000bf000 08:0a 3954631    /usr/lib/i386-linux-gnu/libgnutls.so.26.21.8
65642000-65643000 rw-p 000c3000 08:0a 3954631    /usr/lib/i386-linux-gnu/libgnutls.so.26.21.8
65643000-656d8000 r-xp 00000000 08:0a 3932907    /usr/lib/i386-linux-gnu/libfreetype.so.6.8.0
656d8000-656dc000 r--p 00094000 08:0a 3932907    /usr/lib/i386-linux-gnu/libfreetype.so.6.8.0
656dc000-656dd000 rw-p 00098000 08:0a 3932907    /usr/lib/i386-linux-gnu/libfreetype.so.6.8.0
656dd000-657a4000 r-xp 00000000 08:0a 3934052    /usr/lib/i386-linux-gnu/libcairo.so.2.11000.2
657a4000-657a5000 r--p 000c7000 08:0a 3934052    /usr/lib/i386-linux-gnu/libcairo.so.2.11000.2
657a5000-657a6000 rw-p 000c8000 08:0a 3934052    /usr/lib/i386-linux-gnu/libcairo.so.2.11000.2
657a6000-657a8000 rw-p 00000000 00:00 0 
657a8000-6589f000 r-xp 00000000 08:0a 1311644    /lib/i386-linux-gnu/libglib-2.0.so.0.3200.3
6589f000-658a0000 r--p 000f6000 08:0a 1311644    /lib/i386-linux-gnu/libglib-2.0.so.0.3200.3
658a0000-658a1000 rw-p 000f7000 08:0a 1311644    /lib/i386-linux-gnu/libglib-2.0.so.0.3200.3
658a1000-659f4000 r-xp 00000000 08:0a 3932600    /usr/lib/i386-linux-gnu/libgio-2.0.so.0.3200.3
659f4000-659f6000 r--p 00153000 08:0a 3932600    /usr/lib/i386-linux-gnu/libgio-2.0.so.0.3200.3
659f6000-659f7000 rw-p 00155000 08:0a 3932600    /usr/lib/i386-linux-gnu/libgio-2.0.so.0.3200.3
659f7000-659f8000 rw-p 00000000 00:00 0 
659f8000-65aa3000 r-xp 00000000 08:0a 3935700    /usr/lib/i386-linux-gnu/libgdk-x11-2.0.so.0.2400.10
65aa3000-65aa4000 ---p 000ab000 08:0a 3935700    /usr/lib/i386-linux-gnu/libgdk-x11-2.0.so.0.2400.10
65aa4000-65aa6000 r--p 000ab000 08:0a 3935700    /usr/lib/i386-linux-gnu/libgdk-x11-2.0.so.0.2400.10
65aa6000-65aa7000 rw-p 000ad000 08:0a 3935700    /usr/lib/i386-linux-gnu/libgdk-x11-2.0.so.0.2400.10
65aa7000-65f07000 r-xp 00000000 08:0a 3935042    /usr/lib/i386-linux-gnu/libgtk-x11-2.0.so.0.2400.10
65f07000-65f0b000 r--p 00460000 08:0a 3935042    /usr/lib/i386-linux-gnu/libgtk-x11-2.0.so.0.2400.10
65f0b000-65f0d000 rw-p 00464000 08:0a 3935042    /usr/lib/i386-linux-gnu/libgtk-x11-2.0.so.0.2400.10
65f0d000-65f0f000 rw-p 00000000 00:00 0 
65f0f000-6603f000 r-xp 00000000 08:0a 3935449    /usr/lib/i386-linux-gnu/libX11.so.6.3.0
6603f000-66040000 r--p 0012f000 08:0a 3935449    /usr/lib/i386-linux-gnu/libX11.so.6.3.0
66040000-66042000 rw-p 00130000 08:0a 3935449    /usr/lib/i386-linux-gnu/libX11.so.6.3.0
66042000-66043000 rw-p 00000000 00:00 0 
66043000-660d4000 r-xp 00000000 08:0a 4078119    /usr/lib/jvm/java-7-openjdk-i386/jre/lib/i386/libawt.so
660d4000-660d5000 r--p 00090000 08:0a 4078119    /usr/lib/jvm/java-7-openjdk-i386/jre/lib/i386/libawt.so
660d5000-660dc000 rw-p 00091000 08:0a 4078119    /usr/lib/jvm/java-7-openjdk-i386/jre/lib/i386/libawt.so
660dc000-66100000 rw-p 00000000 00:00 0 
66100000-661ff000 rw-p 00000000 00:00 0 
661ff000-66200000 ---p 00000000 00:00 0 
66201000-66203000 r-xp 00000000 08:0a 1311808    /lib/i386-linux-gnu/libutil-2.15.so
66203000-66204000 r--p 00001000 08:0a 1311808    /lib/i386-linux-gnu/libutil-2.15.so
66204000-66205000 rw-p 00002000 08:0a 1311808    /lib/i386-linux-gnu/libutil-2.15.so
66205000-66240000 r-xp 00000000 08:0a 3933031    /usr/lib/i386-linux-gnu/libgssapi_krb5.so.2.2
66240000-66241000 ---p 0003b000 08:0a 3933031    /usr/lib/i386-linux-gnu/libgssapi_krb5.so.2.2
66241000-66242000 r--p 0003b000 08:0a 3933031    /usr/lib/i386-linux-gnu/libgssapi_krb5.so.2.2
66242000-66243000 rw-p 0003c000 08:0a 3933031    /usr/lib/i386-linux-gnu/libgssapi_krb5.so.2.2
66243000-6627d000 r-xp 00000000 08:0a 1310829    /lib/i386-linux-gnu/libpcre.so.3.12.1
6627d000-6627e000 r--p 00039000 08:0a 1310829    /lib/i386-linux-gnu/libpcre.so.3.12.1
6627e000-6627f000 rw-p 0003a000 08:0a 1310829    /lib/i386-linux-gnu/libpcre.so.3.12.1
6627f000-66280000 ---p 00000000 00:00 0 
66280000-66300000 rw-p 00000000 00:00 0 
66300000-663fd000 rw-p 00000000 00:00 0 
663fd000-66400000 ---p 00000000 00:00 0 
66403000-66407000 r--s 0008c000 08:0a 3408443    /home/matt/workspace/obFACEscate/library/core.jar
66407000-6640e000 r-xp 00000000 08:0a 3933015    /usr/lib/i386-linux-gnu/libkrb5support.so.0.1
6640e000-6640f000 r--p 00006000 08:0a 3933015    /usr/lib/i386-linux-gnu/libkrb5support.so.0.1
6640f000-66410000 rw-p 00007000 08:0a 3933015    /usr/lib/i386-linux-gnu/libkrb5support.so.0.1
66410000-66418000 r-xp 00000000 08:0a 3955781    /usr/lib/i386-linux-gnu/libxcb-render.so.0.0.0
66418000-66419000 r--p 00008000 08:0a 3955781    /usr/lib/i386-linux-gnu/libxcb-render.so.0.0.0
66419000-6641a000 rw-p 00009000 08:0a 3955781    /usr/lib/i386-linux-gnu/libxcb-render.so.0.0.0
6641a000-6642a000 r-xp 00000000 08:0a 3934172    /usr/lib/i386-linux-gnu/libavahi-client.so.3.2.9
6642a000-6642b000 r--p 0000f000 08:0a 3934172    /usr/lib/i386-linux-gnu/libavahi-client.so.3.2.9
6642b000-6642c000 rw-p 00010000 08:0a 3934172    /usr/lib/i386-linux-gnu/libavahi-client.so.3.2.9
6642c000-6647b000 r-xp 00000000 08:0a 3933694    /usr/lib/i386-linux-gnu/libcups.so.2
6647b000-6647e000 r--p 0004e000 08:0a 3933694    /usr/lib/i386-linux-gnu/libcups.so.2
6647e000-6647f000 rw-p 00051000 08:0a 3933694    /usr/lib/i386-linux-gnu/libcups.so.2
6647f000-66482000 ---p 00000000 00:00 0 
66482000-66500000 rw-p 00000000 00:00 0 
66500000-66522000 rw-p 00000000 00:00 0 
66522000-66600000 ---p 00000000 00:00 0 
66600000-666e7000 rw-p 00000000 00:00 0 
666e7000-66700000 ---p 00000000 00:00 0 
66700000-66900000 r--p 00000000 08:0a 3937742    /usr/lib/locale/locale-archive
66900000-66921000 rw-p 00000000 00:00 0 
66921000-66a00000 ---p 00000000 00:00 0 
66a00000-66a21000 rw-p 00000000 00:00 0 
66a21000-66b00000 ---p 00000000 00:00 0 
66b00000-66c00000 rw-p 00000000 00:00 0 
66c00000-66cfd000 rw-p 00000000 00:00 0 
66cfd000-66d00000 ---p 00000000 00:00 0 
66d01000-66d04000 r-xp 00000000 08:0a 1310833    /lib/i386-linux-gnu/libgpg-error.so.0.8.0
66d04000-66d05000 r--p 00002000 08:0a 1310833    /lib/i386-linux-gnu/libgpg-error.so.0.8.0
66d05000-66d06000 rw-p 00003000 08:0a 1310833    /lib/i386-linux-gnu/libgpg-error.so.0.8.0
66d06000-66d2c000 r-xp 00000000 08:0a 1310825    /lib/i386-linux-gnu/libexpat.so.1.5.2
66d2c000-66d2d000 ---p 00026000 08:0a 1310825    /lib/i386-linux-gnu/libexpat.so.1.5.2
66d2d000-66d2f000 r--p 00026000 08:0a 1310825    /lib/i386-linux-gnu/libexpat.so.1.5.2
66d2f000-66d30000 rw-p 00028000 08:0a 1310825    /lib/i386-linux-gnu/libexpat.so.1.5.2
66d30000-66d7d000 r-xp 00000000 08:0a 3932602    /usr/lib/i386-linux-gnu/libgobject-2.0.so.0.3200.3
66d7d000-66d7e000 r--p 0004c000 08:0a 3932602    /usr/lib/i386-linux-gnu/libgobject-2.0.so.0.3200.3
66d7e000-66d7f000 rw-p 0004d000 08:0a 3932602    /usr/lib/i386-linux-gnu/libgobject-2.0.so.0.3200.3
66d7f000-66d80000 ---p 00000000 00:00 0 
66d80000-66e00000 rw-p 00000000 00:00 0 
66e00000-66ef1000 rw-p 00000000 00:00 0 
66ef1000-66f00000 ---p 00000000 00:00 0 
66f02000-66f04000 r-xp 00000000 08:0a 1310842    /lib/i386-linux-gnu/libkeyutils.so.1.4
66f04000-66f05000 r--p 00002000 08:0a 1310842    /lib/i386-linux-gnu/libkeyutils.so.1.4
66f05000-66f06000 rw-p 00003000 08:0a 1310842    /lib/i386-linux-gnu/libkeyutils.so.1.4
66f06000-66f19000 r-xp 00000000 08:0a 1319147    /lib/i386-linux-gnu/libresolv-2.15.so
66f19000-66f1a000 ---p 00013000 08:0a 1319147    /lib/i386-linux-gnu/libresolv-2.15.so
66f1a000-66f1b000 r--p 00013000 08:0a 1319147    /lib/i386-linux-gnu/libresolv-2.15.so
66f1b000-66f1c000 rw-p 00014000 08:0a 1319147    /lib/i386-linux-gnu/libresolv-2.15.so
66f1c000-66f1e000 rw-p 00000000 00:00 0 
66f1e000-66f48000 r-xp 00000000 08:0a 3936905    /usr/lib/i386-linux-gnu/libpangoft2-1.0.so.0.3000.0
66f48000-66f49000 r--p 00029000 08:0a 3936905    /usr/lib/i386-linux-gnu/libpangoft2-1.0.so.0.3000.0
66f49000-66f4a000 rw-p 0002a000 08:0a 3936905    /usr/lib/i386-linux-gnu/libpangoft2-1.0.so.0.3000.0
66f4a000-66f4d000 ---p 00000000 00:00 0 
66f4d000-67013000 rw-p 00000000 00:00 0 
67013000-671c0000 r--s 01cde000 08:0a 4063766    /usr/lib/jvm/java-7-openjdk-i386/jre/lib/rt.jar
671c0000-6a100000 rw-p 00000000 00:00 0 
6a100000-6a200000 rw-p 00000000 00:00 0 
6a201000-6a233000 r-xp 00000000 08:0a 3932285    /usr/lib/i386-linux-gnu/libfontconfig.so.1.4.4
6a233000-6a234000 r--p 00032000 08:0a 3932285    /usr/lib/i386-linux-gnu/libfontconfig.so.1.4.4
6a234000-6a235000 rw-p 00033000 08:0a 3932285    /usr/lib/i386-linux-gnu/libfontconfig.so.1.4.4
6a235000-6a27c000 r-xp 00000000 08:0a 3932604    /usr/lib/i386-linux-gnu/libpango-1.0.so.0.3000.0
6a27c000-6a27d000 ---p 00047000 08:0a 3932604    /usr/lib/i386-linux-gnu/libpango-1.0.so.0.3000.0
6a27d000-6a27e000 r--p 00047000 08:0a 3932604    /usr/lib/i386-linux-gnu/libpango-1.0.so.0.3000.0
6a27e000-6a27f000 rw-p 00048000 08:0a 3932604    /usr/lib/i386-linux-gnu/libpango-1.0.so.0.3000.0
6a27f000-6a280000 ---p 00000000 00:00 0 
6a280000-6a300000 rw-p 00000000 00:00 0 
6a300000-6a3e6000 rw-p 00000000 00:00 0 
6a3e6000-6a400000 ---p 00000000 00:00 0 
6a401000-6a404000 r-xp 00000000 08:0a 1310755    /lib/i386-linux-gnu/libcom_err.so.2.1
6a404000-6a405000 r--p 00002000 08:0a 1310755    /lib/i386-linux-gnu/libcom_err.so.2.1
6a405000-6a406000 rw-p 00003000 08:0a 1310755    /lib/i386-linux-gnu/libcom_err.so.2.1
6a406000-6a408000 r-xp 00000000 08:0a 3955792    /usr/lib/i386-linux-gnu/libxcb-shm.so.0.0.0
6a408000-6a409000 r--p 00001000 08:0a 3955792    /usr/lib/i386-linux-gnu/libxcb-shm.so.0.0.0
6a409000-6a40a000 rw-p 00002000 08:0a 3955792    /usr/lib/i386-linux-gnu/libxcb-shm.so.0.0.0
6a40a000-6a427000 r-xp 00000000 08:0a 1311702    /lib/i386-linux-gnu/libselinux.so.1
6a427000-6a428000 r--p 0001c000 08:0a 1311702    /lib/i386-linux-gnu/libselinux.so.1
6a428000-6a429000 rw-p 0001d000 08:0a 1311702    /lib/i386-linux-gnu/libselinux.so.1
6a429000-6a47b000 r-xp 00000000 08:0a 4063757    /usr/lib/jvm/java-7-openjdk-i386/jre/lib/i386/xawt/libmawt.so
6a47b000-6a47c000 r--p 00051000 08:0a 4063757    /usr/lib/jvm/java-7-openjdk-i386/jre/lib/i386/xawt/libmawt.so
6a47c000-6a47e000 rw-p 00052000 08:0a 4063757    /usr/lib/jvm/java-7-openjdk-i386/jre/lib/i386/xawt/libmawt.so
6a47e000-6a47f000 rw-p 00000000 00:00 0 
6a47f000-6a480000 ---p 00000000 00:00 0 
6a480000-6a500000 rw-p 00000000 00:00 0 
6a500000-6a600000 rw-p 00000000 00:00 0 
6a600000-6a60c000 r-xp 00000000 08:0a 3934170    /usr/lib/i386-linux-gnu/libavahi-common.so.3.5.3
6a60c000-6a60d000 r--p 0000b000 08:0a 3934170    /usr/lib/i386-linux-gnu/libavahi-common.so.3.5.3
6a60d000-6a60e000 rw-p 0000c000 08:0a 3934170    /usr/lib/i386-linux-gnu/libavahi-common.so.3.5.3
6a60e000-6a62b000 r-xp 00000000 08:0a 3932338    /usr/lib/i386-linux-gnu/libatk-1.0.so.0.20409.1
6a62b000-6a62d000 r--p 0001c000 08:0a 3932338    /usr/lib/i386-linux-gnu/libatk-1.0.so.0.20409.1
6a62d000-6a62e000 rw-p 0001e000 08:0a 3932338    /usr/lib/i386-linux-gnu/libatk-1.0.so.0.20409.1
6a62e000-6a631000 ---p 00000000 00:00 0 
6a631000-6a67f000 rw-p 00000000 00:00 0 
6a67f000-6a680000 ---p 00000000 00:00 0 
6a680000-6a700000 rw-p 00000000 00:00 0 
6a700000-6a721000 rw-p 00000000 00:00 0 
6a721000-6a800000 ---p 00000000 00:00 0 
6a802000-6a807000 r-xp 00000000 08:0a 3933281    /usr/lib/i386-linux-gnu/libXdmcp.so.6.0.0
6a807000-6a808000 r--p 00004000 08:0a 3933281    /usr/lib/i386-linux-gnu/libXdmcp.so.6.0.0
6a808000-6a809000 rw-p 00005000 08:0a 3933281    /usr/lib/i386-linux-gnu/libXdmcp.so.6.0.0
6a809000-6a80b000 r-xp 00000000 08:0a 3933268    /usr/lib/i386-linux-gnu/libXau.so.6.0.0
6a80b000-6a80c000 r--p 00001000 08:0a 3933268    /usr/lib/i386-linux-gnu/libXau.so.6.0.0
6a80c000-6a80d000 rw-p 00002000 08:0a 3933268    /usr/lib/i386-linux-gnu/libXau.so.6.0.0
6a80d000-6a82c000 r-xp 00000000 08:0a 3954626    /usr/lib/i386-linux-gnu/libxcb.so.1.1.0
6a82c000-6a82d000 r--p 0001f000 08:0a 3954626    /usr/lib/i386-linux-gnu/libxcb.so.1.1.0
6a82d000-6a82e000 rw-p 00020000 08:0a 3954626    /usr/lib/i386-linux-gnu/libxcb.so.1.1.0
6a82e000-6a831000 ---p 00000000 00:00 0 
6a831000-6a87f000 rw-p 00000000 00:00 0 
6a87f000-6a880000 ---p 00000000 00:00 0 
6a880000-6a900000 rw-p 00000000 00:00 0 
6a900000-6a921000 rw-p 00000000 00:00 0 
6a921000-6aa00000 ---p 00000000 00:00 0 
6aa01000-6aa06000 r-xp 00000000 08:0a 3934056    /usr/lib/i386-linux-gnu/libffi.so.6.0.0
6aa06000-6aa07000 r--p 00004000 08:0a 3934056    /usr/lib/i386-linux-gnu/libffi.so.6.0.0
6aa07000-6aa08000 rw-p 00005000 08:0a 3934056    /usr/lib/i386-linux-gnu/libffi.so.6.0.0
6aa08000-6aa0b000 r-xp 00000000 08:0a 3932601    /usr/lib/i386-linux-gnu/libgmodule-2.0.so.0.3200.3
6aa0b000-6aa0c000 r--p 00002000 08:0a 3932601    /usr/lib/i386-linux-gnu/libgmodule-2.0.so.0.3200.3
6aa0c000-6aa0d000 rw-p 00003000 08:0a 3932601    /usr/lib/i386-linux-gnu/libgmodule-2.0.so.0.3200.3
6aa0d000-6aa2c000 r-xp 00000000 08:0a 3936835    /usr/lib/i386-linux-gnu/libgdk_pixbuf-2.0.so.0.2600.1
6aa2c000-6aa2d000 r--p 0001e000 08:0a 3936835    /usr/lib/i386-linux-gnu/libgdk_pixbuf-2.0.so.0.2600.1
6aa2d000-6aa2e000 rw-p 0001f000 08:0a 3936835    /usr/lib/i386-linux-gnu/libgdk_pixbuf-2.0.so.0.2600.1
6aa2e000-6aa31000 ---p 00000000 00:00 0 
6aa31000-6aa7f000 rw-p 00000000 00:00 0 
6aa7f000-6aa80000 ---p 00000000 00:00 0 
6aa80000-6ab00000 rw-p 00000000 00:00 0 
6ab00000-6ac00000 rw-p 00000000 00:00 0 
6ac00000-6ac71000 rw-p 00000000 00:00 0 
6ac71000-6ad00000 ---p 00000000 00:00 0 
6ad02000-6ad04000 r-xp 00000000 08:0a 3937397    /usr/lib/i386-linux-gnu/libXdamage.so.1.1.0
6ad04000-6ad05000 r--p 00001000 08:0a 3937397    /usr/lib/i386-linux-gnu/libXdamage.so.1.1.0
6ad05000-6ad06000 rw-p 00002000 08:0a 3937397    /usr/lib/i386-linux-gnu/libXdamage.so.1.1.0
6ad06000-6ad08000 r-xp 00000000 08:0a 3937431    /usr/lib/i386-linux-gnu/libXcomposite.so.1.0.0
6ad08000-6ad09000 r--p 00001000 08:0a 3937431    /usr/lib/i386-linux-gnu/libXcomposite.so.1.0.0
6ad09000-6ad0a000 rw-p 00002000 08:0a 3937431    /usr/lib/i386-linux-gnu/libXcomposite.so.1.0.0
6ad0a000-6ad13000 r-xp 00000000 08:0a 3955808    /usr/lib/i386-linux-gnu/libXcursor.so.1.0.2
6ad13000-6ad14000 r--p 00008000 08:0a 3955808    /usr/lib/i386-linux-gnu/libXcursor.so.1.0.2
6ad14000-6ad15000 rw-p 00009000 08:0a 3955808    /usr/lib/i386-linux-gnu/libXcursor.so.1.0.2
6ad15000-6ad1c000 r-xp 00000000 08:0a 3955829    /usr/lib/i386-linux-gnu/libXrandr.so.2.2.0
6ad1c000-6ad1d000 r--p 00006000 08:0a 3955829    /usr/lib/i386-linux-gnu/libXrandr.so.2.2.0
6ad1d000-6ad1e000 rw-p 00007000 08:0a 3955829    /usr/lib/i386-linux-gnu/libXrandr.so.2.2.0
6ad1e000-6ad2c000 r-xp 00000000 08:0a 3955814    /usr/lib/i386-linux-gnu/libXi.so.6.1.0
6ad2c000-6ad2d000 r--p 0000d000 08:0a 3955814    /usr/lib/i386-linux-gnu/libXi.so.6.1.0
6ad2d000-6ad2e000 rw-p 0000e000 08:0a 3955814    /usr/lib/i386-linux-gnu/libXi.so.6.1.0
6ad2e000-6ad31000 ---p 00000000 00:00 0 
6ad31000-6ad7f000 rw-p 00000000 00:00 0 
6ad7f000-6ad80000 ---p 00000000 00:00 0 
6ad80000-6ae00000 rw-p 00000000 00:00 0 
6ae00000-6af00000 rw-p 00000000 00:00 0 
6af01000-6af0c000 r-xp 00000000 08:0a 3936754    /usr/lib/i386-linux-gnu/libpangocairo-1.0.so.0.3000.0
6af0c000-6af0d000 r--p 0000a000 08:0a 3936754    /usr/lib/i386-linux-gnu/libpangocairo-1.0.so.0.3000.0
6af0d000-6af0e000 rw-p 0000b000 08:0a 3936754    /usr/lib/i386-linux-gnu/libpangocairo-1.0.so.0.3000.0
6af0e000-6af13000 r-xp 00000000 08:0a 3935471    /usr/lib/i386-linux-gnu/libXtst.so.6.1.0
6af13000-6af14000 r--p 00004000 08:0a 3935471    /usr/lib/i386-linux-gnu/libXtst.so.6.1.0
6af14000-6af15000 rw-p 00005000 08:0a 3935471    /usr/lib/i386-linux-gnu/libXtst.so.6.1.0
6af15000-6af1d000 r-xp 00000000 08:0a 3955803    /usr/lib/i386-linux-gnu/libXrender.so.1.3.0
6af1d000-6af1e000 r--p 00007000 08:0a 3955803    /usr/lib/i386-linux-gnu/libXrender.so.1.3.0
6af1e000-6af1f000 rw-p 00008000 08:0a 3955803    /usr/lib/i386-linux-gnu/libXrender.so.1.3.0
6af1f000-6af2f000 r-xp 00000000 08:0a 3937994    /usr/lib/i386-linux-gnu/libXext.so.6.4.0
6af2f000-6af30000 r--p 0000f000 08:0a 3937994    /usr/lib/i386-linux-gnu/libXext.so.6.4.0
6af30000-6af31000 rw-p 00010000 08:0a 3937994    /usr/lib/i386-linux-gnu/libXext.so.6.4.0
6af33000-6af34000 rw-p 00000000 00:00 0 
6af34000-6af38000 r--s 00065000 08:0a 2502399    /home/matt/CS/Hack/opencv/build/bin/opencv-246.jar
6af38000-6af3b000 r--s 0003c000 08:0a 4063559    /usr/lib/jvm/java-7-openjdk-common/jre/lib/ext/sunpkcs11.jar
6af3b000-6af3f000 r--s 00085000 08:0a 4063564    /usr/lib/jvm/java-7-openjdk-common/jre/lib/ext/localedata.jar
6af3f000-6af42000 r--s 00032000 08:0a 4063566    /usr/lib/jvm/java-7-openjdk-common/jre/lib/ext/sunjce_provider.jar
6af42000-6af44000 r--s 00012000 08:0a 4063569    /usr/lib/jvm/java-7-openjdk-common/jre/lib/ext/zipfs.jar
6af44000-6af47000 r--s 0000f000 08:0a 4063567    /usr/lib/jvm/java-7-openjdk-common/jre/lib/ext/pulse-java.jar
6af47000-6af48000 ---p 00000000 00:00 0 
6af48000-6afc8000 rw-p 00000000 00:00 0 
6afc8000-6afc9000 ---p 00000000 00:00 0 
6afc9000-6b051000 rw-p 00000000 00:00 0 
6b051000-6b052000 ---p 00000000 00:00 0 
6b052000-6b089000 rw-p 00000000 00:00 0 
6b089000-6b14e000 rw-p 00000000 00:00 0 
6b14e000-6b1df000 rw-p 00000000 00:00 0 
6b1df000-6b1e7000 rw-p 00000000 00:00 0 
6b1e7000-6b1e8000 ---p 00000000 00:00 0 
6b1e8000-6b21f000 rw-p 00000000 00:00 0 
6b21f000-6b2e4000 rw-p 00000000 00:00 0 
6b2e4000-6b374000 rw-p 00000000 00:00 0 
6b374000-6b3df000 rw-p 00000000 00:00 0 
6b3df000-6b41f000 rw-p 00000000 00:00 0 
6b41f000-6c420000 rw-p 00000000 00:00 0 
6c420000-6c4a0000 ---p 00000000 00:00 0 
6c4a0000-73420000 rw-p 00000000 00:00 0 
73420000-8bc60000 rw-p 00000000 00:00 0 
8bc60000-9ded0000 rw-p 00000000 00:00 0 
9ded0000-ab230000 rw-p 00000000 00:00 0 
ab230000-b3420000 rw-p 00000000 00:00 0 
b3420000-b3424000 r-xp 00000000 08:0a 3955798    /usr/lib/i386-linux-gnu/libXfixes.so.3.1.0
b3424000-b3425000 r--p 00004000 08:0a 3955798    /usr/lib/i386-linux-gnu/libXfixes.so.3.1.0
b3425000-b3426000 rw-p 00005000 08:0a 3955798    /usr/lib/i386-linux-gnu/libXfixes.so.3.1.0
b3426000-b342f000 rw-p 00000000 00:00 0 
b342f000-b34e6000 rw-p 00000000 00:00 0 
b34e6000-b3726000 rwxp 00000000 00:00 0 
b3726000-b64e6000 rw-p 00000000 00:00 0 
b64e6000-b64fc000 r-xp 00000000 08:0a 1319162    /lib/i386-linux-gnu/libnsl-2.15.so
b64fc000-b64fd000 r--p 00015000 08:0a 1319162    /lib/i386-linux-gnu/libnsl-2.15.so
b64fd000-b64fe000 rw-p 00016000 08:0a 1319162    /lib/i386-linux-gnu/libnsl-2.15.so
b64fe000-b6500000 rw-p 00000000 00:00 0 
b6500000-b65fa000 rw-p 00000000 00:00 0 
b65fa000-b6600000 ---p 00000000 00:00 0 
b6600000-b660b000 r-xp 00000000 08:0a 1319146    /lib/i386-linux-gnu/libnss_files-2.15.so
b660b000-b660c000 r--p 0000a000 08:0a 1319146    /lib/i386-linux-gnu/libnss_files-2.15.so
b660c000-b660d000 rw-p 0000b000 08:0a 1319146    /lib/i386-linux-gnu/libnss_files-2.15.so
b660d000-b6617000 r-xp 00000000 08:0a 1319150    /lib/i386-linux-gnu/libnss_nis-2.15.so
b6617000-b6618000 r--p 00009000 08:0a 1319150    /lib/i386-linux-gnu/libnss_nis-2.15.so
b6618000-b6619000 rw-p 0000a000 08:0a 1319150    /lib/i386-linux-gnu/libnss_nis-2.15.so
b6619000-b6620000 r-xp 00000000 08:0a 1319142    /lib/i386-linux-gnu/libnss_compat-2.15.so
b6620000-b6621000 r--p 00006000 08:0a 1319142    /lib/i386-linux-gnu/libnss_compat-2.15.so
b6621000-b6622000 rw-p 00007000 08:0a 1319142    /lib/i386-linux-gnu/libnss_compat-2.15.so
b6622000-b6624000 r-xp 00000000 08:0a 3955819    /usr/lib/i386-linux-gnu/libXinerama.so.1.0.0
b6624000-b6625000 r--p 00001000 08:0a 3955819    /usr/lib/i386-linux-gnu/libXinerama.so.1.0.0
b6625000-b6626000 rw-p 00002000 08:0a 3955819    /usr/lib/i386-linux-gnu/libXinerama.so.1.0.0
b6626000-b662e000 r-xp 00000000 08:0a 4078112    /usr/lib/jvm/java-7-openjdk-i386/jre/lib/i386/libzip.so
b662e000-b662f000 r--p 00007000 08:0a 4078112    /usr/lib/jvm/java-7-openjdk-i386/jre/lib/i386/libzip.so
b662f000-b6630000 rw-p 00008000 08:0a 4078112    /usr/lib/jvm/java-7-openjdk-i386/jre/lib/i386/libzip.so
b6630000-b6638000 rw-s 00000000 08:0a 5266348    /tmp/hsperfdata_matt/22548 (deleted)
b6638000-b665f000 r-xp 00000000 08:0a 4078135    /usr/lib/jvm/java-7-openjdk-i386/jre/lib/i386/libjava.so
b665f000-b6660000 r--p 00026000 08:0a 4078135    /usr/lib/jvm/java-7-openjdk-i386/jre/lib/i386/libjava.so
b6660000-b6661000 rw-p 00027000 08:0a 4078135    /usr/lib/jvm/java-7-openjdk-i386/jre/lib/i386/libjava.so
b6661000-b6668000 r-xp 00000000 08:0a 1319149    /lib/i386-linux-gnu/librt-2.15.so
b6668000-b6669000 r--p 00006000 08:0a 1319149    /lib/i386-linux-gnu/librt-2.15.so
b6669000-b666a000 rw-p 00007000 08:0a 1319149    /lib/i386-linux-gnu/librt-2.15.so
b666a000-b666d000 ---p 00000000 00:00 0 
b666d000-b66bb000 rw-p 00000000 00:00 0 
b66bb000-b66d7000 r-xp 00000000 08:0a 1311652    /lib/i386-linux-gnu/libgcc_s.so.1
b66d7000-b66d8000 r--p 0001b000 08:0a 1311652    /lib/i386-linux-gnu/libgcc_s.so.1
b66d8000-b66d9000 rw-p 0001c000 08:0a 1311652    /lib/i386-linux-gnu/libgcc_s.so.1
b66d9000-b6703000 r-xp 00000000 08:0a 1319153    /lib/i386-linux-gnu/libm-2.15.so
b6703000-b6704000 r--p 00029000 08:0a 1319153    /lib/i386-linux-gnu/libm-2.15.so
b6704000-b6705000 rw-p 0002a000 08:0a 1319153    /lib/i386-linux-gnu/libm-2.15.so
b6705000-b67dd000 r-xp 00000000 08:0a 3932513    /usr/lib/i386-linux-gnu/libstdc++.so.6.0.16
b67dd000-b67de000 ---p 000d8000 08:0a 3932513    /usr/lib/i386-linux-gnu/libstdc++.so.6.0.16
b67de000-b67e2000 r--p 000d8000 08:0a 3932513    /usr/lib/i386-linux-gnu/libstdc++.so.6.0.16
b67e2000-b67e3000 rw-p 000dc000 08:0a 3932513    /usr/lib/i386-linux-gnu/libstdc++.so.6.0.16
b67e3000-b67ea000 rw-p 00000000 00:00 0 
b67ea000-b70cf000 r-xp 00000000 08:0a 4078114    /usr/lib/jvm/java-7-openjdk-i386/jre/lib/i386/server/libjvm.so
b70cf000-b7116000 r--p 008e5000 08:0a 4078114    /usr/lib/jvm/java-7-openjdk-i386/jre/lib/i386/server/libjvm.so
b7116000-b712a000 rw-p 0092c000 08:0a 4078114    /usr/lib/jvm/java-7-openjdk-i386/jre/lib/i386/server/libjvm.so
b712a000-b7548000 rw-p 00000000 00:00 0 
b7548000-b755c000 r-xp 00000000 08:0a 1311731    /lib/i386-linux-gnu/libz.so.1.2.3.4
b755c000-b755d000 r--p 00013000 08:0a 1311731    /lib/i386-linux-gnu/libz.so.1.2.3.4
b755d000-b755e000 rw-p 00014000 08:0a 1311731    /lib/i386-linux-gnu/libz.so.1.2.3.4
b755e000-b7575000 r-xp 00000000 08:0a 1319151    /lib/i386-linux-gnu/libpthread-2.15.so
b7575000-b7576000 r--p 00016000 08:0a 1319151    /lib/i386-linux-gnu/libpthread-2.15.so
b7576000-b7577000 rw-p 00017000 08:0a 1319151    /lib/i386-linux-gnu/libpthread-2.15.so
b7577000-b7579000 rw-p 00000000 00:00 0 
b7579000-b757c000 r-xp 00000000 08:0a 1319157    /lib/i386-linux-gnu/libdl-2.15.so
b757c000-b757d000 r--p 00002000 08:0a 1319157    /lib/i386-linux-gnu/libdl-2.15.so
b757d000-b757e000 rw-p 00003000 08:0a 1319157    /lib/i386-linux-gnu/libdl-2.15.so
b757e000-b7721000 r-xp 00000000 08:0a 1319140    /lib/i386-linux-gnu/libc-2.15.so
b7721000-b7723000 r--p 001a3000 08:0a 1319140    /lib/i386-linux-gnu/libc-2.15.so
b7723000-b7724000 rw-p 001a5000 08:0a 1319140    /lib/i386-linux-gnu/libc-2.15.so
b7724000-b7727000 rw-p 00000000 00:00 0 
b7727000-b7728000 r--s 00007000 08:0a 4327239    /usr/share/java/java-atk-wrapper.jar
b7728000-b7729000 r--s 00002000 08:0a 4063568    /usr/lib/jvm/java-7-openjdk-common/jre/lib/ext/dnsns.jar
b7729000-b772a000 r-xp 00000000 08:0a 3932523    /usr/lib/i386-linux-gnu/libgthread-2.0.so.0.3200.3
b772a000-b772b000 r--p 00000000 08:0a 3932523    /usr/lib/i386-linux-gnu/libgthread-2.0.so.0.3200.3
b772b000-b772c000 rw-p 00001000 08:0a 3932523    /usr/lib/i386-linux-gnu/libgthread-2.0.so.0.3200.3
b772c000-b772d000 r--p 002c5000 08:0a 3937742    /usr/lib/locale/locale-archive
b772d000-b772e000 rw-p 00000000 00:00 0 
b772e000-b772f000 ---p 00000000 00:00 0 
b772f000-b773b000 r-xp 00000000 08:0a 4078121    /usr/lib/jvm/java-7-openjdk-i386/jre/lib/i386/libverify.so
b773b000-b773c000 r--p 0000b000 08:0a 4078121    /usr/lib/jvm/java-7-openjdk-i386/jre/lib/i386/libverify.so
b773c000-b773d000 rw-p 0000c000 08:0a 4078121    /usr/lib/jvm/java-7-openjdk-i386/jre/lib/i386/libverify.so
b773d000-b774a000 r-xp 00000000 08:0a 4078129    /usr/lib/jvm/java-7-openjdk-i386/jre/lib/i386/jli/libjli.so
b774a000-b774b000 r--p 0000c000 08:0a 4078129    /usr/lib/jvm/java-7-openjdk-i386/jre/lib/i386/jli/libjli.so
b774b000-b774c000 rw-p 0000d000 08:0a 4078129    /usr/lib/jvm/java-7-openjdk-i386/jre/lib/i386/jli/libjli.so
b774c000-b774f000 rw-p 00000000 00:00 0 
b774f000-b7750000 r-xp 00000000 00:00 0          [vdso]
b7750000-b7770000 r-xp 00000000 08:0a 1319154    /lib/i386-linux-gnu/ld-2.15.so
b7770000-b7771000 r--p 0001f000 08:0a 1319154    /lib/i386-linux-gnu/ld-2.15.so
b7771000-b7772000 rw-p 00020000 08:0a 1319154    /lib/i386-linux-gnu/ld-2.15.so
bfbb4000-bfbd5000 rw-p 00000000 00:00 0          [stack]

VM Arguments:
jvm_args: -Djava.library.path=/home/matt/CS/Hack/opencv/build/lib -Djava.security.policy=java.policy.applet -Dfile.encoding=UTF-8 
java_command: sun.applet.AppletViewer Main1373745963156.html
Launcher Type: SUN_STANDARD

Environment Variables:
PATH=/usr/lib/lightdm/lightdm:/usr/local/sbin:/usr/local/bin:/usr/sbin:/usr/bin:/sbin:/bin:/usr/games
LD_LIBRARY_PATH=/usr/lib/jvm/java-7-openjdk-i386/jre/lib/i386/server:/usr/lib/jvm/java-7-openjdk-i386/jre/lib/i386:/usr/lib/jvm/java-7-openjdk-i386/jre/../lib/i386:/usr/lib/jvm/java-7-openjdk-i386/jre/lib/i386/client:/usr/lib/jvm/java-7-openjdk-i386/jre/lib/i386:
SHELL=/bin/bash
DISPLAY=:0

Signal Handlers:
SIGSEGV: [libjvm.so+0x753ab0], sa_mask[0]=0x7ffbfeff, sa_flags=0x10000004
SIGBUS: [libjvm.so+0x753ab0], sa_mask[0]=0x7ffbfeff, sa_flags=0x10000004
SIGFPE: [libjvm.so+0x5e95d0], sa_mask[0]=0x7ffbfeff, sa_flags=0x10000004
SIGPIPE: [libjvm.so+0x5e95d0], sa_mask[0]=0x7ffbfeff, sa_flags=0x10000004
SIGXFSZ: [libjvm.so+0x5e95d0], sa_mask[0]=0x7ffbfeff, sa_flags=0x10000004
SIGILL: [libjvm.so+0x5e95d0], sa_mask[0]=0x7ffbfeff, sa_flags=0x10000004
SIGUSR1: SIG_DFL, sa_mask[0]=0x00000000, sa_flags=0x00000000
SIGUSR2: [libjvm.so+0x5e9460], sa_mask[0]=0x00000004, sa_flags=0x10000004
SIGHUP: [libjvm.so+0x5e9ae0], sa_mask[0]=0x7ffbfeff, sa_flags=0x10000004
SIGINT: [libjvm.so+0x5e9ae0], sa_mask[0]=0x7ffbfeff, sa_flags=0x10000004
SIGTERM: [libjvm.so+0x5e9ae0], sa_mask[0]=0x7ffbfeff, sa_flags=0x10000004
SIGQUIT: [libjvm.so+0x5e9ae0], sa_mask[0]=0x7ffbfeff, sa_flags=0x10000004


---------------  S Y S T E M  ---------------

OS:Ubuntu 12.04 (precise)
uname:Linux 3.2.0-49-generic-pae #75-Ubuntu SMP Tue Jun 18 18:00:21 UTC 2013 i686
libc:glibc 2.15 NPTL 2.15 
rlimit: STACK 8192k, CORE 0k, NPROC 64018, NOFILE 4096, AS infinity
load average:2.32 1.61 0.94

/proc/meminfo:
MemTotal:        8208944 kB
MemFree:         5381672 kB
Buffers:          150784 kB
Cached:           986604 kB
SwapCached:            0 kB
Active:          1927536 kB
Inactive:         777216 kB
Active(anon):    1578676 kB
Inactive(anon):   116068 kB
Active(file):     348860 kB
Inactive(file):   661148 kB
Unevictable:          48 kB
Mlocked:              48 kB
HighTotal:       7420168 kB
HighFree:        4833032 kB
LowTotal:         788776 kB
LowFree:          548640 kB
SwapTotal:       8330236 kB
SwapFree:        8330236 kB
Dirty:               356 kB
Writeback:             0 kB
AnonPages:       1567992 kB
Mapped:           218488 kB
Shmem:            127384 kB
Slab:              62512 kB
SReclaimable:      35816 kB
SUnreclaim:        26696 kB
KernelStack:        4496 kB
PageTables:        15184 kB
NFS_Unstable:          0 kB
Bounce:                0 kB
WritebackTmp:          0 kB
CommitLimit:    12434708 kB
Committed_AS:    4610904 kB
VmallocTotal:     122880 kB
VmallocUsed:       29668 kB
VmallocChunk:      86452 kB
HardwareCorrupted:     0 kB
AnonHugePages:         0 kB
HugePages_Total:       0
HugePages_Free:        0
HugePages_Rsvd:        0
HugePages_Surp:        0
Hugepagesize:       2048 kB
DirectMap4k:       10232 kB
DirectMap2M:      903168 kB


CPU:total 8 (4 cores per cpu, 2 threads per core) family 6 model 42 stepping 7, cmov, cx8, fxsr, mmx, sse, sse2, sse3, ssse3, sse4.1, sse4.2, popcnt, avx, ht, tsc, tscinvbit

/proc/cpuinfo:
processor	: 0
vendor_id	: GenuineIntel
cpu family	: 6
model		: 42
model name	: Intel(R) Core(TM) i7-2630QM CPU @ 2.00GHz
stepping	: 7
microcode	: 0x17
cpu MHz		: 800.000
cache size	: 6144 KB
physical id	: 0
siblings	: 8
core id		: 0
cpu cores	: 4
apicid		: 0
initial apicid	: 0
fdiv_bug	: no
hlt_bug		: no
f00f_bug	: no
coma_bug	: no
fpu		: yes
fpu_exception	: yes
cpuid level	: 13
wp		: yes
flags		: fpu vme de pse tsc msr pae mce cx8 apic sep mtrr pge mca cmov pat pse36 clflush dts acpi mmx fxsr sse sse2 ss ht tm pbe nx rdtscp lm constant_tsc arch_perfmon pebs bts xtopology nonstop_tsc aperfmperf pni pclmulqdq dtes64 monitor ds_cpl vmx est tm2 ssse3 cx16 xtpr pdcm pcid sse4_1 sse4_2 x2apic popcnt tsc_deadline_timer xsave avx lahf_lm ida arat epb xsaveopt pln pts dtherm tpr_shadow vnmi flexpriority ept vpid
bogomips	: 3991.07
clflush size	: 64
cache_alignment	: 64
address sizes	: 36 bits physical, 48 bits virtual
power management:

processor	: 1
vendor_id	: GenuineIntel
cpu family	: 6
model		: 42
model name	: Intel(R) Core(TM) i7-2630QM CPU @ 2.00GHz
stepping	: 7
microcode	: 0x17
cpu MHz		: 2001.000
cache size	: 6144 KB
physical id	: 0
siblings	: 8
core id		: 0
cpu cores	: 4
apicid		: 1
initial apicid	: 1
fdiv_bug	: no
hlt_bug		: no
f00f_bug	: no
coma_bug	: no
fpu		: yes
fpu_exception	: yes
cpuid level	: 13
wp		: yes
flags		: fpu vme de pse tsc msr pae mce cx8 apic sep mtrr pge mca cmov pat pse36 clflush dts acpi mmx fxsr sse sse2 ss ht tm pbe nx rdtscp lm constant_tsc arch_perfmon pebs bts xtopology nonstop_tsc aperfmperf pni pclmulqdq dtes64 monitor ds_cpl vmx est tm2 ssse3 cx16 xtpr pdcm pcid sse4_1 sse4_2 x2apic popcnt tsc_deadline_timer xsave avx lahf_lm ida arat epb xsaveopt pln pts dtherm tpr_shadow vnmi flexpriority ept vpid
bogomips	: 3990.74
clflush size	: 64
cache_alignment	: 64
address sizes	: 36 bits physical, 48 bits virtual
power management:

processor	: 2
vendor_id	: GenuineIntel
cpu family	: 6
model		: 42
model name	: Intel(R) Core(TM) i7-2630QM CPU @ 2.00GHz
stepping	: 7
microcode	: 0x17
cpu MHz		: 800.000
cache size	: 6144 KB
physical id	: 0
siblings	: 8
core id		: 1
cpu cores	: 4
apicid		: 2
initial apicid	: 2
fdiv_bug	: no
hlt_bug		: no
f00f_bug	: no
coma_bug	: no
fpu		: yes
fpu_exception	: yes
cpuid level	: 13
wp		: yes
flags		: fpu vme de pse tsc msr pae mce cx8 apic sep mtrr pge mca cmov pat pse36 clflush dts acpi mmx fxsr sse sse2 ss ht tm pbe nx rdtscp lm constant_tsc arch_perfmon pebs bts xtopology nonstop_tsc aperfmperf pni pclmulqdq dtes64 monitor ds_cpl vmx est tm2 ssse3 cx16 xtpr pdcm pcid sse4_1 sse4_2 x2apic popcnt tsc_deadline_timer xsave avx lahf_lm ida arat epb xsaveopt pln pts dtherm tpr_shadow vnmi flexpriority ept vpid
bogomips	: 3990.76
clflush size	: 64
cache_alignment	: 64
address sizes	: 36 bits physical, 48 bits virtual
power management:

processor	: 3
vendor_id	: GenuineIntel
cpu family	: 6
model		: 42
model name	: Intel(R) Core(TM) i7-2630QM CPU @ 2.00GHz
stepping	: 7
microcode	: 0x17
cpu MHz		: 2001.000
cache size	: 6144 KB
physical id	: 0
siblings	: 8
core id		: 1
cpu cores	: 4
apicid		: 3
initial apicid	: 3
fdiv_bug	: no
hlt_bug		: no
f00f_bug	: no
coma_bug	: no
fpu		: yes
fpu_exception	: yes
cpuid level	: 13
wp		: yes
flags		: fpu vme de pse tsc msr pae mce cx8 apic sep mtrr pge mca cmov pat pse36 clflush dts acpi mmx fxsr sse sse2 ss ht tm pbe nx rdtscp lm constant_tsc arch_perfmon pebs bts xtopology nonstop_tsc aperfmperf pni pclmulqdq dtes64 monitor ds_cpl vmx est tm2 ssse3 cx16 xtpr pdcm pcid sse4_1 sse4_2 x2apic popcnt tsc_deadline_timer xsave avx lahf_lm ida arat epb xsaveopt pln pts dtherm tpr_shadow vnmi flexpriority ept vpid
bogomips	: 3990.75
clflush size	: 64
cache_alignment	: 64
address sizes	: 36 bits physical, 48 bits virtual
power management:

processor	: 4
vendor_id	: GenuineIntel
cpu family	: 6
model		: 42
model name	: Intel(R) Core(TM) i7-2630QM CPU @ 2.00GHz
stepping	: 7
microcode	: 0x17
cpu MHz		: 800.000
cache size	: 6144 KB
physical id	: 0
siblings	: 8
core id		: 2
cpu cores	: 4
apicid		: 4
initial apicid	: 4
fdiv_bug	: no
hlt_bug		: no
f00f_bug	: no
coma_bug	: no
fpu		: yes
fpu_exception	: yes
cpuid level	: 13
wp		: yes
flags		: fpu vme de pse tsc msr pae mce cx8 apic sep mtrr pge mca cmov pat pse36 clflush dts acpi mmx fxsr sse sse2 ss ht tm pbe nx rdtscp lm constant_tsc arch_perfmon pebs bts xtopology nonstop_tsc aperfmperf pni pclmulqdq dtes64 monitor ds_cpl vmx est tm2 ssse3 cx16 xtpr pdcm pcid sse4_1 sse4_2 x2apic popcnt tsc_deadline_timer xsave avx lahf_lm ida arat epb xsaveopt pln pts dtherm tpr_shadow vnmi flexpriority ept vpid
bogomips	: 3990.74
clflush size	: 64
cache_alignment	: 64
address sizes	: 36 bits physical, 48 bits virtual
power management:

processor	: 5
vendor_id	: GenuineIntel
cpu family	: 6
model		: 42
model name	: Intel(R) Core(TM) i7-2630QM CPU @ 2.00GHz
stepping	: 7
microcode	: 0x17
cpu MHz		: 2001.000
cache size	: 6144 KB
physical id	: 0
siblings	: 8
core id		: 2
cpu cores	: 4
apicid		: 5
initial apicid	: 5
fdiv_bug	: no
hlt_bug		: no
f00f_bug	: no
coma_bug	: no
fpu		: yes
fpu_exception	: yes
cpuid level	: 13
wp		: yes
flags		: fpu vme de pse tsc msr pae mce cx8 apic sep mtrr pge mca cmov pat pse36 clflush dts acpi mmx fxsr sse sse2 ss ht tm pbe nx rdtscp lm constant_tsc arch_perfmon pebs bts xtopology nonstop_tsc aperfmperf pni pclmulqdq dtes64 monitor ds_cpl vmx est tm2 ssse3 cx16 xtpr pdcm pcid sse4_1 sse4_2 x2apic popcnt tsc_deadline_timer xsave avx lahf_lm ida arat epb xsaveopt pln pts dtherm tpr_shadow vnmi flexpriority ept vpid
bogomips	: 3990.75
clflush size	: 64
cache_alignment	: 64
address sizes	: 36 bits physical, 48 bits virtual
power management:

processor	: 6
vendor_id	: GenuineIntel
cpu family	: 6
model		: 42
model name	: Intel(R) Core(TM) i7-2630QM CPU @ 2.00GHz
stepping	: 7
microcode	: 0x17
cpu MHz		: 900.000
cache size	: 6144 KB
physical id	: 0
siblings	: 8
core id		: 3
cpu cores	: 4
apicid		: 6
initial apicid	: 6
fdiv_bug	: no
hlt_bug		: no
f00f_bug	: no
coma_bug	: no
fpu		: yes
fpu_exception	: yes
cpuid level	: 13
wp		: yes
flags		: fpu vme de pse tsc msr pae mce cx8 apic sep mtrr pge mca cmov pat pse36 clflush dts acpi mmx fxsr sse sse2 ss ht tm pbe nx rdtscp lm constant_tsc arch_perfmon pebs bts xtopology nonstop_tsc aperfmperf pni pclmulqdq dtes64 monitor ds_cpl vmx est tm2 ssse3 cx16 xtpr pdcm pcid sse4_1 sse4_2 x2apic popcnt tsc_deadline_timer xsave avx lahf_lm ida arat epb xsaveopt pln pts dtherm tpr_shadow vnmi flexpriority ept vpid
bogomips	: 3990.76
clflush size	: 64
cache_alignment	: 64
address sizes	: 36 bits physical, 48 bits virtual
power management:

processor	: 7
vendor_id	: GenuineIntel
cpu family	: 6
model		: 42
model name	: Intel(R) Core(TM) i7-2630QM CPU @ 2.00GHz
stepping	: 7
microcode	: 0x17
cpu MHz		: 800.000
cache size	: 6144 KB
physical id	: 0
siblings	: 8
core id		: 3
cpu cores	: 4
apicid		: 7
initial apicid	: 7
fdiv_bug	: no
hlt_bug		: no
f00f_bug	: no
coma_bug	: no
fpu		: yes
fpu_exception	: yes
cpuid level	: 13
wp		: yes
flags		: fpu vme de pse tsc msr pae mce cx8 apic sep mtrr pge mca cmov pat pse36 clflush dts acpi mmx fxsr sse sse2 ss ht tm pbe nx rdtscp lm constant_tsc arch_perfmon pebs bts xtopology nonstop_tsc aperfmperf pni pclmulqdq dtes64 monitor ds_cpl vmx est tm2 ssse3 cx16 xtpr pdcm pcid sse4_1 sse4_2 x2apic popcnt tsc_deadline_timer xsave avx lahf_lm ida arat epb xsaveopt pln pts dtherm tpr_shadow vnmi flexpriority ept vpid
bogomips	: 3990.75
clflush size	: 64
cache_alignment	: 64
address sizes	: 36 bits physical, 48 bits virtual
power management:



Memory: 4k page, physical 8208944k(5381672k free), swap 8330236k(8330236k free)

vm_info: OpenJDK Server VM (23.7-b01) for linux-x86 JRE (1.7.0_21-b02), built on Apr 23 2013 13:58:31 by "buildd" with gcc 4.6.3

time: Sat Jul 13 13:06:12 2013
elapsed time: 9 seconds

