#
# A fatal error has been detected by the Java Runtime Environment:
#
#  SIGSEGV (0xb) at pc=0x643cf675, pid=22666, tid=1725954880
#
# JRE version: 7.0_21-b02
# Java VM: OpenJDK Server VM (23.7-b01 mixed mode linux-x86 )
# Problematic frame:
# C  [libopencv_java246.so+0x30e675]  cv::Mutex::~Mutex()+0x25
#
# Failed to write core dump. Core dumps have been disabled. To enable core dumping, try "ulimit -c unlimited" before starting Java again
#
# If you would like to submit a bug report, please include
# instructions on how to reproduce the bug and visit:
#   https://bugs.launchpad.net/ubuntu/+source/openjdk-7/
#

---------------  T H R E A D  ---------------

Current thread (0x66ca8400):  VMThread [stack: 0x66d7f000,0x66e00000] [id=22680]

siginfo:si_signo=SIGSEGV: si_errno=0, si_code=1 (SEGV_MAPERR), si_addr=0x00000004

Registers:
EAX=0x00000000, EBX=0x64b5bff4, ECX=0x6a306f68, EDX=0xffffffff
ESP=0x66dfef80, EBP=0xb771d3e4, ESI=0x64bfeefc, EDI=0x0000008f
EIP=0x643cf675, EFLAGS=0x00210212, CR2=0x00000004

Top of Stack: (sp=0x66dfef80)
0x66dfef80:   6a3073c8 0000008f b771d3e4 b771cff4
0x66dfef90:   b771cff4 6a306f00 0000008f b75aaf51
0x66dfefa0:   64bfeefc 0000008f b7658542 b6e11be1
0x66dfefb0:   b6504f38 b691cab6 b710fff4 01ddd813
0x66dfefc0:   b6500468 656d6974 b6507cf0 b771cff4
0x66dfefd0:   64d91e84 b6530bb0 b6530fa4 b75aafdd
0x66dfefe0:   0000008f b771d3e4 00000001 b6e10d4f
0x66dfeff0:   b756387f b75aafb6 b710fff4 b6c05510 

Instructions: (pc=0x643cf675)
0x643cf655:   ff ff ff 89 74 24 14 8b 74 24 20 89 5c 24 10 e8
0x643cf665:   be 32 e1 ff 81 c3 8b c9 78 00 89 7c 24 18 8b 06
0x643cf675:   f0 0f c1 50 04 83 fa 01 74 19 c7 06 00 00 00 00
0x643cf685:   8b 5c 24 10 8b 74 24 14 8b 7c 24 18 83 c4 1c c3 

Register to memory mapping:

EAX=0x00000000 is an unknown value
EBX=0x64b5bff4: <offset 0xa9aff4> in /home/matt/CS/Hack/opencv/build/lib/libopencv_java246.so at 0x640c1000
ECX=0x6a306f68 is an unknown value
EDX=0xffffffff is an unknown value
ESP=0x66dfef80 is an unknown value
EBP=0xb771d3e4: <offset 0x1a53e4> in /lib/i386-linux-gnu/libc.so.6 at 0xb7578000
ESI=0x64bfeefc: _ZN2cv15SURFFindInvoker19findMaximaInLayer_mE+0 in /home/matt/CS/Hack/opencv/build/lib/libopencv_java246.so at 0x640c1000
EDI=0x0000008f is an unknown value


Stack: [0x66d7f000,0x66e00000],  sp=0x66dfef80,  free space=511k
Native frames: (J=compiled Java code, j=interpreted, Vv=VM code, C=native code)
C  [libopencv_java246.so+0x30e675]  cv::Mutex::~Mutex()+0x25

VM_Operation (0x64d91e84): Exit, mode: safepoint, requested by thread 0x6650e400


---------------  P R O C E S S  ---------------

Java Threads: ( => current thread )
  0x6650e400 JavaThread "SIGTERM handler" daemon [_thread_blocked, id=22698, stack(0x64d42000,0x64d93000)]
  0x66a0cc00 JavaThread "Animation Thread" [_thread_blocked, id=22696, stack(0x64f13000,0x64f64000)]
  0x66a00c00 JavaThread "AWT-EventQueue-1" [_thread_blocked, id=22695, stack(0x64f64000,0x64fb5000)]
  0xb6506800 JavaThread "DestroyJavaVM" [_thread_blocked, id=22671, stack(0xb6664000,0xb66b5000)]
  0x651a8400 JavaThread "AWT-EventQueue-0" [_thread_blocked, id=22693, stack(0x6500d000,0x6505e000)]
  0x651a2800 JavaThread "AWT-Shutdown" [_thread_blocked, id=22692, stack(0x6505e000,0x650af000)]
  0x6517c400 JavaThread "thread applet-Main.class" [_thread_blocked, id=22691, stack(0x650af000,0x65100000)]
  0x65164c00 JavaThread "AWT-XAWT" daemon [_thread_blocked, id=22689, stack(0x65229000,0x6527a000)]
  0x65133400 JavaThread "Java2D Disposer" daemon [_thread_blocked, id=22688, stack(0x6527a000,0x652cb000)]
  0x66cf7c00 JavaThread "Service Thread" daemon [_thread_blocked, id=22686, stack(0x6a62e000,0x6a67f000)]
  0x66cf6000 JavaThread "C2 CompilerThread1" daemon [_thread_blocked, id=22685, stack(0x66f4a000,0x66fcb000)]
  0x66cf4000 JavaThread "C2 CompilerThread0" daemon [_thread_blocked, id=22684, stack(0x6667f000,0x66700000)]
  0x66cf2400 JavaThread "Signal Dispatcher" daemon [_thread_blocked, id=22683, stack(0x6a82e000,0x6a87f000)]
  0x66cb0000 JavaThread "Finalizer" daemon [_thread_blocked, id=22682, stack(0x6aa2e000,0x6aa7f000)]
  0x66cae400 JavaThread "Reference Handler" daemon [_thread_blocked, id=22681, stack(0x6ad2e000,0x6ad7f000)]

Other Threads:
=>0x66ca8400 VMThread [stack: 0x66d7f000,0x66e00000] [id=22680]

VM state:at safepoint (shutting down)

VM Mutex/Monitor currently owned by a thread:  ([mutex/lock_event])
[0xb6504238] Threads_lock - owner thread: 0x66ca8400

Heap
 PSYoungGen      total 349312K, used 10520K [0x9dec0000, 0xb3410000, 0xb3410000)
  eden space 349120K, 2% used [0x9dec0000,0x9e8e99b8,0xb33b0000)
  from space 192K, 59% used [0xb33e0000,0xb33fc6d0,0xb3410000)
  to   space 192K, 0% used [0xb33b0000,0xb33b0000,0xb33e0000)
 ParOldGen       total 43392K, used 9767K [0x73410000, 0x75e70000, 0x9dec0000)
  object space 43392K, 22% used [0x73410000,0x73d99c40,0x75e70000)
 PSPermGen       total 16384K, used 7618K [0x6b410000, 0x6c410000, 0x73410000)
  object space 16384K, 46% used [0x6b410000,0x6bb809b8,0x6c410000)

Card table byte_map: [0x6b1cf000,0x6b410000] byte_map_base: 0x6ae74f80

Polling page: 0xb7728000

Code Cache  [0xb34d9000, 0xb3719000, 0xb64d9000)
 total_blobs=446 nmethods=170 adapters=229 free_code_cache=48448Kb largest_free_block=49581184

Compilation events (10 events):
Event: 1.579 Thread 0x66cf6000 nmethod 162 0xb354c188 code [0xb354c300, 0xb354c724]
Event: 1.579 Thread 0x66cf6000  166             sun.java2d.pisces.Renderer$ScanlineIterator::<init> (8 bytes)
Event: 1.581 Thread 0x66cf6000 nmethod 166 0xb358a388 code [0xb358a480, 0xb358a630]
Event: 1.581 Thread 0x66cf6000  167             sun.java2d.pisces.Renderer$ScanlineIterator::<init> (41 bytes)
Event: 1.582 Thread 0x66cf6000 nmethod 167 0xb3584e88 code [0xb3584f80, 0xb3585130]
Event: 1.582 Thread 0x66cf6000  168             sun.java2d.pisces.PiscesCache::startRow (145 bytes)
Event: 1.583 Thread 0x66cf6000 nmethod 168 0xb3584bc8 code [0xb3584cc0, 0xb3584d90]
Event: 1.584 Thread 0x66cf6000    6 %           Main$BlackLine::drawTo @ 17 (63 bytes)
Event: 1.586 Thread 0x66cf6000 nmethod 6% 0xb3584788 code [0xb35848a0, 0xb3584a64]
Event: 1.589 Thread 0x66cf4000 nmethod 165 0xb3583a08 code [0xb3583b40, 0xb35841d0]

GC Heap History (10 events):
Event: 8.890 GC heap before
{Heap before GC invocations=95 (full 1):
 PSYoungGen      total 349312K, used 349152K [0x9dec0000, 0xb3410000, 0xb3410000)
  eden space 349120K, 100% used [0x9dec0000,0xb33b0000,0xb33b0000)
  from space 192K, 16% used [0xb33b0000,0xb33b8000,0xb33e0000)
  to   space 192K, 0% used [0xb33e0000,0xb33e0000,0xb3410000)
 ParOldGen       total 43392K, used 9767K [0x73410000, 0x75e70000, 0x9dec0000)
  object space 43392K, 22% used [0x73410000,0x73d99c40,0x75e70000)
 PSPermGen       total 16384K, used 7601K [0x6b410000, 0x6c410000, 0x73410000)
  object space 16384K, 46% used [0x6b410000,0x6bb7c630,0x6c410000)
Event: 8.892 GC heap after
Heap after GC invocations=95 (full 1):
 PSYoungGen      total 349312K, used 32K [0x9dec0000, 0xb3410000, 0xb3410000)
  eden space 349120K, 0% used [0x9dec0000,0x9dec0000,0xb33b0000)
  from space 192K, 16% used [0xb33e0000,0xb33e8000,0xb3410000)
  to   space 192K, 0% used [0xb33b0000,0xb33b0000,0xb33e0000)
 ParOldGen       total 43392K, used 9767K [0x73410000, 0x75e70000, 0x9dec0000)
  object space 43392K, 22% used [0x73410000,0x73d99c40,0x75e70000)
 PSPermGen       total 16384K, used 7601K [0x6b410000, 0x6c410000, 0x73410000)
  object space 16384K, 46% used [0x6b410000,0x6bb7c630,0x6c410000)
}
Event: 8.981 GC heap before
{Heap before GC invocations=96 (full 1):
 PSYoungGen      total 349312K, used 349152K [0x9dec0000, 0xb3410000, 0xb3410000)
  eden space 349120K, 100% used [0x9dec0000,0xb33b0000,0xb33b0000)
  from space 192K, 16% used [0xb33e0000,0xb33e8000,0xb3410000)
  to   space 192K, 0% used [0xb33b0000,0xb33b0000,0xb33e0000)
 ParOldGen       total 43392K, used 9767K [0x73410000, 0x75e70000, 0x9dec0000)
  object space 43392K, 22% used [0x73410000,0x73d99c40,0x75e70000)
 PSPermGen       total 16384K, used 7601K [0x6b410000, 0x6c410000, 0x73410000)
  object space 16384K, 46% used [0x6b410000,0x6bb7c630,0x6c410000)
Event: 8.983 GC heap after
Heap after GC invocations=96 (full 1):
 PSYoungGen      total 349312K, used 115K [0x9dec0000, 0xb3410000, 0xb3410000)
  eden space 349120K, 0% used [0x9dec0000,0x9dec0000,0xb33b0000)
  from space 192K, 60% used [0xb33b0000,0xb33ccda0,0xb33e0000)
  to   space 192K, 0% used [0xb33e0000,0xb33e0000,0xb3410000)
 ParOldGen       total 43392K, used 9767K [0x73410000, 0x75e70000, 0x9dec0000)
  object space 43392K, 22% used [0x73410000,0x73d99c40,0x75e70000)
 PSPermGen       total 16384K, used 7601K [0x6b410000, 0x6c410000, 0x73410000)
  object space 16384K, 46% used [0x6b410000,0x6bb7c630,0x6c410000)
}
Event: 9.069 GC heap before
{Heap before GC invocations=97 (full 1):
 PSYoungGen      total 349312K, used 349235K [0x9dec0000, 0xb3410000, 0xb3410000)
  eden space 349120K, 100% used [0x9dec0000,0xb33b0000,0xb33b0000)
  from space 192K, 60% used [0xb33b0000,0xb33ccda0,0xb33e0000)
  to   space 192K, 0% used [0xb33e0000,0xb33e0000,0xb3410000)
 ParOldGen       total 43392K, used 9767K [0x73410000, 0x75e70000, 0x9dec0000)
  object space 43392K, 22% used [0x73410000,0x73d99c40,0x75e70000)
 PSPermGen       total 16384K, used 7601K [0x6b410000, 0x6c410000, 0x73410000)
  object space 16384K, 46% used [0x6b410000,0x6bb7c630,0x6c410000)
Event: 9.071 GC heap after
Heap after GC invocations=97 (full 1):
 PSYoungGen      total 349312K, used 99K [0x9dec0000, 0xb3410000, 0xb3410000)
  eden space 349120K, 0% used [0x9dec0000,0x9dec0000,0xb33b0000)
  from space 192K, 51% used [0xb33e0000,0xb33f8da0,0xb3410000)
  to   space 192K, 0% used [0xb33b0000,0xb33b0000,0xb33e0000)
 ParOldGen       total 43392K, used 9767K [0x73410000, 0x75e70000, 0x9dec0000)
  object space 43392K, 22% used [0x73410000,0x73d99c40,0x75e70000)
 PSPermGen       total 16384K, used 7601K [0x6b410000, 0x6c410000, 0x73410000)
  object space 16384K, 46% used [0x6b410000,0x6bb7c630,0x6c410000)
}
Event: 9.155 GC heap before
{Heap before GC invocations=98 (full 1):
 PSYoungGen      total 349312K, used 349219K [0x9dec0000, 0xb3410000, 0xb3410000)
  eden space 349120K, 100% used [0x9dec0000,0xb33b0000,0xb33b0000)
  from space 192K, 51% used [0xb33e0000,0xb33f8da0,0xb3410000)
  to   space 192K, 0% used [0xb33b0000,0xb33b0000,0xb33e0000)
 ParOldGen       total 43392K, used 9767K [0x73410000, 0x75e70000, 0x9dec0000)
  object space 43392K, 22% used [0x73410000,0x73d99c40,0x75e70000)
 PSPermGen       total 16384K, used 7601K [0x6b410000, 0x6c410000, 0x73410000)
  object space 16384K, 46% used [0x6b410000,0x6bb7c630,0x6c410000)
Event: 9.158 GC heap after
Heap after GC invocations=98 (full 1):
 PSYoungGen      total 349312K, used 99K [0x9dec0000, 0xb3410000, 0xb3410000)
  eden space 349120K, 0% used [0x9dec0000,0x9dec0000,0xb33b0000)
  from space 192K, 51% used [0xb33b0000,0xb33c8da0,0xb33e0000)
  to   space 192K, 0% used [0xb33e0000,0xb33e0000,0xb3410000)
 ParOldGen       total 43392K, used 9767K [0x73410000, 0x75e70000, 0x9dec0000)
  object space 43392K, 22% used [0x73410000,0x73d99c40,0x75e70000)
 PSPermGen       total 16384K, used 7601K [0x6b410000, 0x6c410000, 0x73410000)
  object space 16384K, 46% used [0x6b410000,0x6bb7c630,0x6c410000)
}
Event: 9.239 GC heap before
{Heap before GC invocations=99 (full 1):
 PSYoungGen      total 349312K, used 349219K [0x9dec0000, 0xb3410000, 0xb3410000)
  eden space 349120K, 100% used [0x9dec0000,0xb33b0000,0xb33b0000)
  from space 192K, 51% used [0xb33b0000,0xb33c8da0,0xb33e0000)
  to   space 192K, 0% used [0xb33e0000,0xb33e0000,0xb3410000)
 ParOldGen       total 43392K, used 9767K [0x73410000, 0x75e70000, 0x9dec0000)
  object space 43392K, 22% used [0x73410000,0x73d99c40,0x75e70000)
 PSPermGen       total 16384K, used 7618K [0x6b410000, 0x6c410000, 0x73410000)
  object space 16384K, 46% used [0x6b410000,0x6bb80940,0x6c410000)
Event: 9.248 GC heap after
Heap after GC invocations=99 (full 1):
 PSYoungGen      total 349312K, used 113K [0x9dec0000, 0xb3410000, 0xb3410000)
  eden space 349120K, 0% used [0x9dec0000,0x9dec0000,0xb33b0000)
  from space 192K, 59% used [0xb33e0000,0xb33fc6d0,0xb3410000)
  to   space 192K, 0% used [0xb33b0000,0xb33b0000,0xb33e0000)
 ParOldGen       total 43392K, used 9767K [0x73410000, 0x75e70000, 0x9dec0000)
  object space 43392K, 22% used [0x73410000,0x73d99c40,0x75e70000)
 PSPermGen       total 16384K, used 7618K [0x6b410000, 0x6c410000, 0x73410000)
  object space 16384K, 46% used [0x6b410000,0x6bb80940,0x6c410000)
}

Deoptimization events (7 events):
Event: 0.227 Thread 0xb6506800 Uncommon trap -34 fr.pc 0xb3523708
Event: 0.227 Thread 0xb6506800 Uncommon trap -34 fr.pc 0xb3523708
Event: 0.229 Thread 0xb6506800 Uncommon trap -34 fr.pc 0xb3523708
Event: 0.229 Thread 0xb6506800 Uncommon trap -34 fr.pc 0xb3523708
Event: 0.491 Thread 0x6a31bc00 Uncommon trap -28 fr.pc 0xb353ade4
Event: 0.494 Thread 0x6a31bc00 Uncommon trap -28 fr.pc 0xb3540a64
Event: 0.899 Thread 0x66a0cc00 Uncommon trap -83 fr.pc 0xb354c6f8

Internal exceptions (10 events):
Event: 0.411 Thread 0x66a0cc00 Threw 0x9e632bf8 at /build/buildd/openjdk-7-7u21-2.3.9/build/openjdk/hotspot/src/share/vm/prims/jvm.cpp:1166
Event: 0.433 Thread 0x66a0cc00 Threw 0x9e63b3d8 at /build/buildd/openjdk-7-7u21-2.3.9/build/openjdk/hotspot/src/share/vm/prims/jvm.cpp:1166
Event: 0.435 Thread 0x66a0cc00 Threw 0x9e646bc8 at /build/buildd/openjdk-7-7u21-2.3.9/build/openjdk/hotspot/src/share/vm/prims/jvm.cpp:1166
Event: 0.436 Thread 0x66a0cc00 Threw 0x9e659078 at /build/buildd/openjdk-7-7u21-2.3.9/build/openjdk/hotspot/src/share/vm/prims/jvm.cpp:1166
Event: 0.436 Thread 0x66a0cc00 Threw 0x9e65e278 at /build/buildd/openjdk-7-7u21-2.3.9/build/openjdk/hotspot/src/share/vm/prims/jvm.cpp:1166
Event: 0.437 Thread 0x66a0cc00 Threw 0x9e6641a8 at /build/buildd/openjdk-7-7u21-2.3.9/build/openjdk/hotspot/src/share/vm/prims/jvm.cpp:1166
Event: 0.533 Thread 0x66a0cc00 Threw 0x9e849b00 at /build/buildd/openjdk-7-7u21-2.3.9/build/openjdk/hotspot/src/share/vm/prims/jvm.cpp:1166
Event: 0.617 Thread 0x66a0cc00 Threw 0x9e1605f0 at /build/buildd/openjdk-7-7u21-2.3.9/build/openjdk/hotspot/src/share/vm/prims/jvm.cpp:1166
Event: 0.872 Thread 0x66a0cc00 Threw 0x9e165f68 at /build/buildd/openjdk-7-7u21-2.3.9/build/openjdk/hotspot/src/share/vm/prims/jvm.cpp:1166
Event: 0.901 Thread 0x66a0cc00 Threw 0x9e300218 at /build/buildd/openjdk-7-7u21-2.3.9/build/openjdk/hotspot/src/share/vm/prims/jvm.cpp:1166

Events (10 events):
Event: 9.238 loading class 0x6514b5d0
Event: 9.238 loading class 0x6a703918
Event: 9.238 loading class 0x6a703918 done
Event: 9.238 loading class 0x6a703948
Event: 9.238 loading class 0x6a703948 done
Event: 9.238 loading class 0x6514b5d0 done
Event: 9.239 Executing VM operation: ParallelGCFailedAllocation
Event: 9.248 Executing VM operation: ParallelGCFailedAllocation done
Event: 9.249 Thread 0x6a505400 Thread exited: 0x6a505400
Event: 9.249 Executing VM operation: Exit


Dynamic libraries:
08048000-08049000 r-xp 00000000 08:0a 3935629    /usr/lib/jvm/java-7-openjdk-i386/jre/bin/java
08049000-0804a000 r--p 00000000 08:0a 3935629    /usr/lib/jvm/java-7-openjdk-i386/jre/bin/java
0804a000-0804b000 rw-p 00001000 08:0a 3935629    /usr/lib/jvm/java-7-openjdk-i386/jre/bin/java
08764000-08785000 rw-p 00000000 00:00 0          [heap]
62a00000-62a93000 rw-p 00000000 00:00 0 
62a93000-62b00000 ---p 00000000 00:00 0 
62b29000-62d00000 rw-p 00000000 00:00 0 
62daf000-62db2000 ---p 00000000 00:00 0 
62db2000-62e00000 rw-p 00000000 00:00 0 
62e00000-62efd000 rw-p 00000000 00:00 0 
62efd000-62f00000 ---p 00000000 00:00 0 
62f00000-62fb9000 rw-p 00000000 00:00 0 
62fb9000-63000000 ---p 00000000 00:00 0 
63000000-630fa000 rw-p 00000000 00:00 0 
630fa000-63100000 ---p 00000000 00:00 0 
6314c000-63191000 r-xp 00000000 08:0a 3932808    /usr/lib/i386-linux-gnu/libjpeg.so.8.0.2
63191000-63192000 r--p 00044000 08:0a 3932808    /usr/lib/i386-linux-gnu/libjpeg.so.8.0.2
63192000-63193000 rw-p 00045000 08:0a 3932808    /usr/lib/i386-linux-gnu/libjpeg.so.8.0.2
63193000-631a3000 rw-p 00000000 00:00 0 
631a3000-63335000 r-xp 00000000 08:0a 1321284    /lib/i386-linux-gnu/libcrypto.so.1.0.0
63335000-63344000 r--p 00192000 08:0a 1321284    /lib/i386-linux-gnu/libcrypto.so.1.0.0
63344000-6334b000 rw-p 001a1000 08:0a 1321284    /lib/i386-linux-gnu/libcrypto.so.1.0.0
6334b000-6334e000 rw-p 00000000 00:00 0 
6334e000-635b1000 r-xp 00000000 08:0a 3932992    /usr/lib/libpython2.7.so.1.0
635b1000-635b2000 ---p 00263000 08:0a 3932992    /usr/lib/libpython2.7.so.1.0
635b2000-635b3000 r--p 00263000 08:0a 3932992    /usr/lib/libpython2.7.so.1.0
635b3000-63608000 rw-p 00264000 08:0a 3932992    /usr/lib/libpython2.7.so.1.0
63608000-63614000 rw-p 00000000 00:00 0 
63614000-64000000 r-xp 00000000 08:0a 2399629    /home/matt/CS/Hack/opencv/build/lib/cv2.so
64000000-6400c000 r--p 009eb000 08:0a 2399629    /home/matt/CS/Hack/opencv/build/lib/cv2.so
6400c000-64022000 rw-p 009f7000 08:0a 2399629    /home/matt/CS/Hack/opencv/build/lib/cv2.so
64022000-640c1000 rw-p 00000000 00:00 0 
640c1000-64b4f000 r-xp 00000000 08:0a 2399698    /home/matt/CS/Hack/opencv/build/lib/libopencv_java246.so
64b4f000-64b5c000 r--p 00a8d000 08:0a 2399698    /home/matt/CS/Hack/opencv/build/lib/libopencv_java246.so
64b5c000-64b66000 rw-p 00a9a000 08:0a 2399698    /home/matt/CS/Hack/opencv/build/lib/libopencv_java246.so
64b66000-64c00000 rw-p 00000000 00:00 0 
64c00000-64c5a000 rw-p 00000000 00:00 0 
64c5a000-64d00000 ---p 00000000 00:00 0 
64d42000-64d45000 ---p 00000000 00:00 0 
64d45000-64d93000 rw-p 00000000 00:00 0 
64d93000-64de4000 r-xp 00000000 08:0a 1321281    /lib/i386-linux-gnu/libssl.so.1.0.0
64de4000-64de6000 r--p 00050000 08:0a 1321281    /lib/i386-linux-gnu/libssl.so.1.0.0
64de6000-64dea000 rw-p 00052000 08:0a 1321281    /lib/i386-linux-gnu/libssl.so.1.0.0
64e00000-64e26000 rw-p 00000000 00:00 0 
64e26000-64f00000 ---p 00000000 00:00 0 
64f13000-64f16000 ---p 00000000 00:00 0 
64f16000-64f64000 rw-p 00000000 00:00 0 
64f64000-64f67000 ---p 00000000 00:00 0 
64f67000-64fb5000 rw-p 00000000 00:00 0 
64fb5000-64fc6000 r-xp 00000000 08:0a 4078113    /usr/lib/jvm/java-7-openjdk-i386/jre/lib/i386/libnio.so
64fc6000-64fc7000 r--p 00010000 08:0a 4078113    /usr/lib/jvm/java-7-openjdk-i386/jre/lib/i386/libnio.so
64fc7000-64fc8000 rw-p 00011000 08:0a 4078113    /usr/lib/jvm/java-7-openjdk-i386/jre/lib/i386/libnio.so
64fc8000-6500b000 r-xp 00000000 08:0a 4078145    /usr/lib/jvm/java-7-openjdk-i386/jre/lib/i386/libfontmanager.so
6500b000-6500c000 r--p 00043000 08:0a 4078145    /usr/lib/jvm/java-7-openjdk-i386/jre/lib/i386/libfontmanager.so
6500c000-6500d000 rw-p 00044000 08:0a 4078145    /usr/lib/jvm/java-7-openjdk-i386/jre/lib/i386/libfontmanager.so
6500d000-65010000 ---p 00000000 00:00 0 
65010000-6505e000 rw-p 00000000 00:00 0 
6505e000-65061000 ---p 00000000 00:00 0 
65061000-650af000 rw-p 00000000 00:00 0 
650af000-650b2000 ---p 00000000 00:00 0 
650b2000-65100000 rw-p 00000000 00:00 0 
65100000-651fd000 rw-p 00000000 00:00 0 
651fd000-65200000 ---p 00000000 00:00 0 
65202000-6520b000 r-xp 00000000 08:0a 4078118    /usr/lib/jvm/java-7-openjdk-i386/jre/lib/i386/libjavajpeg.so
6520b000-6520c000 r--p 00008000 08:0a 4078118    /usr/lib/jvm/java-7-openjdk-i386/jre/lib/i386/libjavajpeg.so
6520c000-6520d000 rw-p 00009000 08:0a 4078118    /usr/lib/jvm/java-7-openjdk-i386/jre/lib/i386/libjavajpeg.so
6520d000-6520f000 r-xp 00000000 08:0a 1311808    /lib/i386-linux-gnu/libutil-2.15.so
6520f000-65210000 r--p 00001000 08:0a 1311808    /lib/i386-linux-gnu/libutil-2.15.so
65210000-65211000 rw-p 00002000 08:0a 1311808    /lib/i386-linux-gnu/libutil-2.15.so
65211000-65227000 r-xp 00000000 08:0a 4078127    /usr/lib/jvm/java-7-openjdk-i386/jre/lib/i386/libnet.so
65227000-65228000 r--p 00015000 08:0a 4078127    /usr/lib/jvm/java-7-openjdk-i386/jre/lib/i386/libnet.so
65228000-65229000 rw-p 00016000 08:0a 4078127    /usr/lib/jvm/java-7-openjdk-i386/jre/lib/i386/libnet.so
65229000-6522c000 ---p 00000000 00:00 0 
6522c000-6527a000 rw-p 00000000 00:00 0 
6527a000-6527d000 ---p 00000000 00:00 0 
6527d000-652cb000 rw-p 00000000 00:00 0 
652cb000-652d4000 r--s 000bc000 08:0a 3936868    /usr/lib/jvm/java-7-openjdk-common/jre/lib/resources.jar
652d4000-6531b000 r-xp 00000000 08:0a 1322241    /lib/i386-linux-gnu/libdbus-1.so.3.5.8
6531b000-6531c000 r--p 00047000 08:0a 1322241    /lib/i386-linux-gnu/libdbus-1.so.3.5.8
6531c000-6531d000 rw-p 00048000 08:0a 1322241    /lib/i386-linux-gnu/libdbus-1.so.3.5.8
6531d000-6532d000 r-xp 00000000 08:0a 3933453    /usr/lib/i386-linux-gnu/libp11-kit.so.0.0.0
6532d000-6532e000 r--p 0000f000 08:0a 3933453    /usr/lib/i386-linux-gnu/libp11-kit.so.0.0.0
6532e000-6532f000 rw-p 00010000 08:0a 3933453    /usr/lib/i386-linux-gnu/libp11-kit.so.0.0.0
6532f000-653b1000 r-xp 00000000 08:0a 1310835    /lib/i386-linux-gnu/libgcrypt.so.11.7.0
653b1000-653b2000 r--p 00081000 08:0a 1310835    /lib/i386-linux-gnu/libgcrypt.so.11.7.0
653b2000-653b4000 rw-p 00082000 08:0a 1310835    /lib/i386-linux-gnu/libgcrypt.so.11.7.0
653b4000-653c4000 r-xp 00000000 08:0a 3932307    /usr/lib/i386-linux-gnu/libtasn1.so.3.1.12
653c4000-653c5000 r--p 0000f000 08:0a 3932307    /usr/lib/i386-linux-gnu/libtasn1.so.3.1.12
653c5000-653c6000 rw-p 00010000 08:0a 3932307    /usr/lib/i386-linux-gnu/libtasn1.so.3.1.12
653c6000-653ec000 r-xp 00000000 08:0a 3933054    /usr/lib/i386-linux-gnu/libk5crypto.so.3.1
653ec000-653ed000 r--p 00025000 08:0a 3933054    /usr/lib/i386-linux-gnu/libk5crypto.so.3.1
653ed000-653ee000 rw-p 00026000 08:0a 3933054    /usr/lib/i386-linux-gnu/libk5crypto.so.3.1
653ee000-654b6000 r-xp 00000000 08:0a 3933062    /usr/lib/i386-linux-gnu/libkrb5.so.3.3
654b6000-654bc000 r--p 000c7000 08:0a 3933062    /usr/lib/i386-linux-gnu/libkrb5.so.3.3
654bc000-654bd000 rw-p 000cd000 08:0a 3933062    /usr/lib/i386-linux-gnu/libkrb5.so.3.3
654bd000-654e5000 r-xp 00000000 08:0a 1310827    /lib/i386-linux-gnu/libpng12.so.0.46.0
654e5000-654e6000 r--p 00027000 08:0a 1310827    /lib/i386-linux-gnu/libpng12.so.0.46.0
654e6000-654e7000 rw-p 00028000 08:0a 1310827    /lib/i386-linux-gnu/libpng12.so.0.46.0
654e7000-6557a000 r-xp 00000000 08:0a 3933109    /usr/lib/i386-linux-gnu/libpixman-1.so.0.24.4
6557a000-6557e000 r--p 00092000 08:0a 3933109    /usr/lib/i386-linux-gnu/libpixman-1.so.0.24.4
6557e000-6557f000 rw-p 00096000 08:0a 3933109    /usr/lib/i386-linux-gnu/libpixman-1.so.0.24.4
6557f000-6563e000 r-xp 00000000 08:0a 3954631    /usr/lib/i386-linux-gnu/libgnutls.so.26.21.8
6563e000-65642000 r--p 000bf000 08:0a 3954631    /usr/lib/i386-linux-gnu/libgnutls.so.26.21.8
65642000-65643000 rw-p 000c3000 08:0a 3954631    /usr/lib/i386-linux-gnu/libgnutls.so.26.21.8
65643000-656d8000 r-xp 00000000 08:0a 3932907    /usr/lib/i386-linux-gnu/libfreetype.so.6.8.0
656d8000-656dc000 r--p 00094000 08:0a 3932907    /usr/lib/i386-linux-gnu/libfreetype.so.6.8.0
656dc000-656dd000 rw-p 00098000 08:0a 3932907    /usr/lib/i386-linux-gnu/libfreetype.so.6.8.0
656dd000-657a4000 r-xp 00000000 08:0a 3934052    /usr/lib/i386-linux-gnu/libcairo.so.2.11000.2
657a4000-657a5000 r--p 000c7000 08:0a 3934052    /usr/lib/i386-linux-gnu/libcairo.so.2.11000.2
657a5000-657a6000 rw-p 000c8000 08:0a 3934052    /usr/lib/i386-linux-gnu/libcairo.so.2.11000.2
657a6000-657a8000 rw-p 00000000 00:00 0 
657a8000-6589f000 r-xp 00000000 08:0a 1311644    /lib/i386-linux-gnu/libglib-2.0.so.0.3200.3
6589f000-658a0000 r--p 000f6000 08:0a 1311644    /lib/i386-linux-gnu/libglib-2.0.so.0.3200.3
658a0000-658a1000 rw-p 000f7000 08:0a 1311644    /lib/i386-linux-gnu/libglib-2.0.so.0.3200.3
658a1000-659f4000 r-xp 00000000 08:0a 3932600    /usr/lib/i386-linux-gnu/libgio-2.0.so.0.3200.3
659f4000-659f6000 r--p 00153000 08:0a 3932600    /usr/lib/i386-linux-gnu/libgio-2.0.so.0.3200.3
659f6000-659f7000 rw-p 00155000 08:0a 3932600    /usr/lib/i386-linux-gnu/libgio-2.0.so.0.3200.3
659f7000-659f8000 rw-p 00000000 00:00 0 
659f8000-65aa3000 r-xp 00000000 08:0a 3935700    /usr/lib/i386-linux-gnu/libgdk-x11-2.0.so.0.2400.10
65aa3000-65aa4000 ---p 000ab000 08:0a 3935700    /usr/lib/i386-linux-gnu/libgdk-x11-2.0.so.0.2400.10
65aa4000-65aa6000 r--p 000ab000 08:0a 3935700    /usr/lib/i386-linux-gnu/libgdk-x11-2.0.so.0.2400.10
65aa6000-65aa7000 rw-p 000ad000 08:0a 3935700    /usr/lib/i386-linux-gnu/libgdk-x11-2.0.so.0.2400.10
65aa7000-65f07000 r-xp 00000000 08:0a 3935042    /usr/lib/i386-linux-gnu/libgtk-x11-2.0.so.0.2400.10
65f07000-65f0b000 r--p 00460000 08:0a 3935042    /usr/lib/i386-linux-gnu/libgtk-x11-2.0.so.0.2400.10
65f0b000-65f0d000 rw-p 00464000 08:0a 3935042    /usr/lib/i386-linux-gnu/libgtk-x11-2.0.so.0.2400.10
65f0d000-65f0f000 rw-p 00000000 00:00 0 
65f0f000-6603f000 r-xp 00000000 08:0a 3935449    /usr/lib/i386-linux-gnu/libX11.so.6.3.0
6603f000-66040000 r--p 0012f000 08:0a 3935449    /usr/lib/i386-linux-gnu/libX11.so.6.3.0
66040000-66042000 rw-p 00130000 08:0a 3935449    /usr/lib/i386-linux-gnu/libX11.so.6.3.0
66042000-66043000 rw-p 00000000 00:00 0 
66043000-660d4000 r-xp 00000000 08:0a 4078119    /usr/lib/jvm/java-7-openjdk-i386/jre/lib/i386/libawt.so
660d4000-660d5000 r--p 00090000 08:0a 4078119    /usr/lib/jvm/java-7-openjdk-i386/jre/lib/i386/libawt.so
660d5000-660dc000 rw-p 00091000 08:0a 4078119    /usr/lib/jvm/java-7-openjdk-i386/jre/lib/i386/libawt.so
660dc000-66100000 rw-p 00000000 00:00 0 
66100000-661fe000 rw-p 00000000 00:00 0 
661fe000-66200000 ---p 00000000 00:00 0 
66200000-66300000 rw-p 00000000 00:00 0 
66300000-66303000 r-xp 00000000 08:0a 1310833    /lib/i386-linux-gnu/libgpg-error.so.0.8.0
66303000-66304000 r--p 00002000 08:0a 1310833    /lib/i386-linux-gnu/libgpg-error.so.0.8.0
66304000-66305000 rw-p 00003000 08:0a 1310833    /lib/i386-linux-gnu/libgpg-error.so.0.8.0
66305000-66340000 r-xp 00000000 08:0a 3933031    /usr/lib/i386-linux-gnu/libgssapi_krb5.so.2.2
66340000-66341000 ---p 0003b000 08:0a 3933031    /usr/lib/i386-linux-gnu/libgssapi_krb5.so.2.2
66341000-66342000 r--p 0003b000 08:0a 3933031    /usr/lib/i386-linux-gnu/libgssapi_krb5.so.2.2
66342000-66343000 rw-p 0003c000 08:0a 3933031    /usr/lib/i386-linux-gnu/libgssapi_krb5.so.2.2
66343000-6637d000 r-xp 00000000 08:0a 1310829    /lib/i386-linux-gnu/libpcre.so.3.12.1
6637d000-6637e000 r--p 00039000 08:0a 1310829    /lib/i386-linux-gnu/libpcre.so.3.12.1
6637e000-6637f000 rw-p 0003a000 08:0a 1310829    /lib/i386-linux-gnu/libpcre.so.3.12.1
6637f000-66380000 ---p 00000000 00:00 0 
66380000-66400000 rw-p 00000000 00:00 0 
66400000-66500000 rw-p 00000000 00:00 0 
66500000-66524000 rw-p 00000000 00:00 0 
66524000-66600000 ---p 00000000 00:00 0 
66603000-66605000 r-xp 00000000 08:0a 1310842    /lib/i386-linux-gnu/libkeyutils.so.1.4
66605000-66606000 r--p 00002000 08:0a 1310842    /lib/i386-linux-gnu/libkeyutils.so.1.4
66606000-66607000 rw-p 00003000 08:0a 1310842    /lib/i386-linux-gnu/libkeyutils.so.1.4
66607000-6660e000 r-xp 00000000 08:0a 3933015    /usr/lib/i386-linux-gnu/libkrb5support.so.0.1
6660e000-6660f000 r--p 00006000 08:0a 3933015    /usr/lib/i386-linux-gnu/libkrb5support.so.0.1
6660f000-66610000 rw-p 00007000 08:0a 3933015    /usr/lib/i386-linux-gnu/libkrb5support.so.0.1
66610000-66618000 r-xp 00000000 08:0a 3955781    /usr/lib/i386-linux-gnu/libxcb-render.so.0.0.0
66618000-66619000 r--p 00008000 08:0a 3955781    /usr/lib/i386-linux-gnu/libxcb-render.so.0.0.0
66619000-6661a000 rw-p 00009000 08:0a 3955781    /usr/lib/i386-linux-gnu/libxcb-render.so.0.0.0
6661a000-6662a000 r-xp 00000000 08:0a 3934172    /usr/lib/i386-linux-gnu/libavahi-client.so.3.2.9
6662a000-6662b000 r--p 0000f000 08:0a 3934172    /usr/lib/i386-linux-gnu/libavahi-client.so.3.2.9
6662b000-6662c000 rw-p 00010000 08:0a 3934172    /usr/lib/i386-linux-gnu/libavahi-client.so.3.2.9
6662c000-6667b000 r-xp 00000000 08:0a 3933694    /usr/lib/i386-linux-gnu/libcups.so.2
6667b000-6667e000 r--p 0004e000 08:0a 3933694    /usr/lib/i386-linux-gnu/libcups.so.2
6667e000-6667f000 rw-p 00051000 08:0a 3933694    /usr/lib/i386-linux-gnu/libcups.so.2
6667f000-66682000 ---p 00000000 00:00 0 
66682000-66700000 rw-p 00000000 00:00 0 
66700000-66900000 r--p 00000000 08:0a 3937742    /usr/lib/locale/locale-archive
66900000-66921000 rw-p 00000000 00:00 0 
66921000-66a00000 ---p 00000000 00:00 0 
66a00000-66a21000 rw-p 00000000 00:00 0 
66a21000-66b00000 ---p 00000000 00:00 0 
66b00000-66bce000 rw-p 00000000 00:00 0 
66bce000-66c00000 ---p 00000000 00:00 0 
66c00000-66cfd000 rw-p 00000000 00:00 0 
66cfd000-66d00000 ---p 00000000 00:00 0 
66d01000-66d04000 r-xp 00000000 08:0a 1310755    /lib/i386-linux-gnu/libcom_err.so.2.1
66d04000-66d05000 r--p 00002000 08:0a 1310755    /lib/i386-linux-gnu/libcom_err.so.2.1
66d05000-66d06000 rw-p 00003000 08:0a 1310755    /lib/i386-linux-gnu/libcom_err.so.2.1
66d06000-66d2c000 r-xp 00000000 08:0a 1310825    /lib/i386-linux-gnu/libexpat.so.1.5.2
66d2c000-66d2d000 ---p 00026000 08:0a 1310825    /lib/i386-linux-gnu/libexpat.so.1.5.2
66d2d000-66d2f000 r--p 00026000 08:0a 1310825    /lib/i386-linux-gnu/libexpat.so.1.5.2
66d2f000-66d30000 rw-p 00028000 08:0a 1310825    /lib/i386-linux-gnu/libexpat.so.1.5.2
66d30000-66d7d000 r-xp 00000000 08:0a 3932602    /usr/lib/i386-linux-gnu/libgobject-2.0.so.0.3200.3
66d7d000-66d7e000 r--p 0004c000 08:0a 3932602    /usr/lib/i386-linux-gnu/libgobject-2.0.so.0.3200.3
66d7e000-66d7f000 rw-p 0004d000 08:0a 3932602    /usr/lib/i386-linux-gnu/libgobject-2.0.so.0.3200.3
66d7f000-66d80000 ---p 00000000 00:00 0 
66d80000-66e00000 rw-p 00000000 00:00 0 
66e00000-66ef1000 rw-p 00000000 00:00 0 
66ef1000-66f00000 ---p 00000000 00:00 0 
66f02000-66f04000 r-xp 00000000 08:0a 3955792    /usr/lib/i386-linux-gnu/libxcb-shm.so.0.0.0
66f04000-66f05000 r--p 00001000 08:0a 3955792    /usr/lib/i386-linux-gnu/libxcb-shm.so.0.0.0
66f05000-66f06000 rw-p 00002000 08:0a 3955792    /usr/lib/i386-linux-gnu/libxcb-shm.so.0.0.0
66f06000-66f19000 r-xp 00000000 08:0a 1319147    /lib/i386-linux-gnu/libresolv-2.15.so
66f19000-66f1a000 ---p 00013000 08:0a 1319147    /lib/i386-linux-gnu/libresolv-2.15.so
66f1a000-66f1b000 r--p 00013000 08:0a 1319147    /lib/i386-linux-gnu/libresolv-2.15.so
66f1b000-66f1c000 rw-p 00014000 08:0a 1319147    /lib/i386-linux-gnu/libresolv-2.15.so
66f1c000-66f1e000 rw-p 00000000 00:00 0 
66f1e000-66f48000 r-xp 00000000 08:0a 3936905    /usr/lib/i386-linux-gnu/libpangoft2-1.0.so.0.3000.0
66f48000-66f49000 r--p 00029000 08:0a 3936905    /usr/lib/i386-linux-gnu/libpangoft2-1.0.so.0.3000.0
66f49000-66f4a000 rw-p 0002a000 08:0a 3936905    /usr/lib/i386-linux-gnu/libpangoft2-1.0.so.0.3000.0
66f4a000-66f4d000 ---p 00000000 00:00 0 
66f4d000-67013000 rw-p 00000000 00:00 0 
67013000-671c0000 r--s 01cde000 08:0a 4063766    /usr/lib/jvm/java-7-openjdk-i386/jre/lib/rt.jar
671c0000-6a100000 rw-p 00000000 00:00 0 
6a100000-6a15d000 rw-p 00000000 00:00 0 
6a15d000-6a200000 ---p 00000000 00:00 0 
6a201000-6a233000 r-xp 00000000 08:0a 3932285    /usr/lib/i386-linux-gnu/libfontconfig.so.1.4.4
6a233000-6a234000 r--p 00032000 08:0a 3932285    /usr/lib/i386-linux-gnu/libfontconfig.so.1.4.4
6a234000-6a235000 rw-p 00033000 08:0a 3932285    /usr/lib/i386-linux-gnu/libfontconfig.so.1.4.4
6a235000-6a27c000 r-xp 00000000 08:0a 3932604    /usr/lib/i386-linux-gnu/libpango-1.0.so.0.3000.0
6a27c000-6a27d000 ---p 00047000 08:0a 3932604    /usr/lib/i386-linux-gnu/libpango-1.0.so.0.3000.0
6a27d000-6a27e000 r--p 00047000 08:0a 3932604    /usr/lib/i386-linux-gnu/libpango-1.0.so.0.3000.0
6a27e000-6a27f000 rw-p 00048000 08:0a 3932604    /usr/lib/i386-linux-gnu/libpango-1.0.so.0.3000.0
6a27f000-6a280000 ---p 00000000 00:00 0 
6a280000-6a300000 rw-p 00000000 00:00 0 
6a300000-6a3ff000 rw-p 00000000 00:00 0 
6a3ff000-6a400000 ---p 00000000 00:00 0 
6a403000-6a408000 r-xp 00000000 08:0a 3933281    /usr/lib/i386-linux-gnu/libXdmcp.so.6.0.0
6a408000-6a409000 r--p 00004000 08:0a 3933281    /usr/lib/i386-linux-gnu/libXdmcp.so.6.0.0
6a409000-6a40a000 rw-p 00005000 08:0a 3933281    /usr/lib/i386-linux-gnu/libXdmcp.so.6.0.0
6a40a000-6a427000 r-xp 00000000 08:0a 1311702    /lib/i386-linux-gnu/libselinux.so.1
6a427000-6a428000 r--p 0001c000 08:0a 1311702    /lib/i386-linux-gnu/libselinux.so.1
6a428000-6a429000 rw-p 0001d000 08:0a 1311702    /lib/i386-linux-gnu/libselinux.so.1
6a429000-6a47b000 r-xp 00000000 08:0a 4063757    /usr/lib/jvm/java-7-openjdk-i386/jre/lib/i386/xawt/libmawt.so
6a47b000-6a47c000 r--p 00051000 08:0a 4063757    /usr/lib/jvm/java-7-openjdk-i386/jre/lib/i386/xawt/libmawt.so
6a47c000-6a47e000 rw-p 00052000 08:0a 4063757    /usr/lib/jvm/java-7-openjdk-i386/jre/lib/i386/xawt/libmawt.so
6a47e000-6a47f000 rw-p 00000000 00:00 0 
6a47f000-6a480000 ---p 00000000 00:00 0 
6a480000-6a500000 rw-p 00000000 00:00 0 
6a500000-6a521000 rw-p 00000000 00:00 0 
6a521000-6a600000 ---p 00000000 00:00 0 
6a600000-6a60c000 r-xp 00000000 08:0a 3934170    /usr/lib/i386-linux-gnu/libavahi-common.so.3.5.3
6a60c000-6a60d000 r--p 0000b000 08:0a 3934170    /usr/lib/i386-linux-gnu/libavahi-common.so.3.5.3
6a60d000-6a60e000 rw-p 0000c000 08:0a 3934170    /usr/lib/i386-linux-gnu/libavahi-common.so.3.5.3
6a60e000-6a62b000 r-xp 00000000 08:0a 3932338    /usr/lib/i386-linux-gnu/libatk-1.0.so.0.20409.1
6a62b000-6a62d000 r--p 0001c000 08:0a 3932338    /usr/lib/i386-linux-gnu/libatk-1.0.so.0.20409.1
6a62d000-6a62e000 rw-p 0001e000 08:0a 3932338    /usr/lib/i386-linux-gnu/libatk-1.0.so.0.20409.1
6a62e000-6a631000 ---p 00000000 00:00 0 
6a631000-6a67f000 rw-p 00000000 00:00 0 
6a67f000-6a680000 ---p 00000000 00:00 0 
6a680000-6a700000 rw-p 00000000 00:00 0 
6a700000-6a721000 rw-p 00000000 00:00 0 
6a721000-6a800000 ---p 00000000 00:00 0 
6a801000-6a806000 r-xp 00000000 08:0a 3934056    /usr/lib/i386-linux-gnu/libffi.so.6.0.0
6a806000-6a807000 r--p 00004000 08:0a 3934056    /usr/lib/i386-linux-gnu/libffi.so.6.0.0
6a807000-6a808000 rw-p 00005000 08:0a 3934056    /usr/lib/i386-linux-gnu/libffi.so.6.0.0
6a808000-6a80b000 r-xp 00000000 08:0a 3932601    /usr/lib/i386-linux-gnu/libgmodule-2.0.so.0.3200.3
6a80b000-6a80c000 r--p 00002000 08:0a 3932601    /usr/lib/i386-linux-gnu/libgmodule-2.0.so.0.3200.3
6a80c000-6a80d000 rw-p 00003000 08:0a 3932601    /usr/lib/i386-linux-gnu/libgmodule-2.0.so.0.3200.3
6a80d000-6a82c000 r-xp 00000000 08:0a 3954626    /usr/lib/i386-linux-gnu/libxcb.so.1.1.0
6a82c000-6a82d000 r--p 0001f000 08:0a 3954626    /usr/lib/i386-linux-gnu/libxcb.so.1.1.0
6a82d000-6a82e000 rw-p 00020000 08:0a 3954626    /usr/lib/i386-linux-gnu/libxcb.so.1.1.0
6a82e000-6a831000 ---p 00000000 00:00 0 
6a831000-6a87f000 rw-p 00000000 00:00 0 
6a87f000-6a880000 ---p 00000000 00:00 0 
6a880000-6a900000 rw-p 00000000 00:00 0 
6a900000-6a921000 rw-p 00000000 00:00 0 
6a921000-6aa00000 ---p 00000000 00:00 0 
6aa02000-6aa0b000 r-xp 00000000 08:0a 3955808    /usr/lib/i386-linux-gnu/libXcursor.so.1.0.2
6aa0b000-6aa0c000 r--p 00008000 08:0a 3955808    /usr/lib/i386-linux-gnu/libXcursor.so.1.0.2
6aa0c000-6aa0d000 rw-p 00009000 08:0a 3955808    /usr/lib/i386-linux-gnu/libXcursor.so.1.0.2
6aa0d000-6aa2c000 r-xp 00000000 08:0a 3936835    /usr/lib/i386-linux-gnu/libgdk_pixbuf-2.0.so.0.2600.1
6aa2c000-6aa2d000 r--p 0001e000 08:0a 3936835    /usr/lib/i386-linux-gnu/libgdk_pixbuf-2.0.so.0.2600.1
6aa2d000-6aa2e000 rw-p 0001f000 08:0a 3936835    /usr/lib/i386-linux-gnu/libgdk_pixbuf-2.0.so.0.2600.1
6aa2e000-6aa31000 ---p 00000000 00:00 0 
6aa31000-6aa7f000 rw-p 00000000 00:00 0 
6aa7f000-6aa80000 ---p 00000000 00:00 0 
6aa80000-6ab00000 rw-p 00000000 00:00 0 
6ab00000-6ab21000 rw-p 00000000 00:00 0 
6ab21000-6ac00000 ---p 00000000 00:00 0 
6ac00000-6ac21000 rw-p 00000000 00:00 0 
6ac21000-6ad00000 ---p 00000000 00:00 0 
6ad00000-6ad02000 r-xp 00000000 08:0a 3933268    /usr/lib/i386-linux-gnu/libXau.so.6.0.0
6ad02000-6ad03000 r--p 00001000 08:0a 3933268    /usr/lib/i386-linux-gnu/libXau.so.6.0.0
6ad03000-6ad04000 rw-p 00002000 08:0a 3933268    /usr/lib/i386-linux-gnu/libXau.so.6.0.0
6ad04000-6ad06000 r-xp 00000000 08:0a 3937397    /usr/lib/i386-linux-gnu/libXdamage.so.1.1.0
6ad06000-6ad07000 r--p 00001000 08:0a 3937397    /usr/lib/i386-linux-gnu/libXdamage.so.1.1.0
6ad07000-6ad08000 rw-p 00002000 08:0a 3937397    /usr/lib/i386-linux-gnu/libXdamage.so.1.1.0
6ad08000-6ad0f000 r-xp 00000000 08:0a 3955829    /usr/lib/i386-linux-gnu/libXrandr.so.2.2.0
6ad0f000-6ad10000 r--p 00006000 08:0a 3955829    /usr/lib/i386-linux-gnu/libXrandr.so.2.2.0
6ad10000-6ad11000 rw-p 00007000 08:0a 3955829    /usr/lib/i386-linux-gnu/libXrandr.so.2.2.0
6ad11000-6ad1c000 r-xp 00000000 08:0a 3936754    /usr/lib/i386-linux-gnu/libpangocairo-1.0.so.0.3000.0
6ad1c000-6ad1d000 r--p 0000a000 08:0a 3936754    /usr/lib/i386-linux-gnu/libpangocairo-1.0.so.0.3000.0
6ad1d000-6ad1e000 rw-p 0000b000 08:0a 3936754    /usr/lib/i386-linux-gnu/libpangocairo-1.0.so.0.3000.0
6ad1e000-6ad2c000 r-xp 00000000 08:0a 3955814    /usr/lib/i386-linux-gnu/libXi.so.6.1.0
6ad2c000-6ad2d000 r--p 0000d000 08:0a 3955814    /usr/lib/i386-linux-gnu/libXi.so.6.1.0
6ad2d000-6ad2e000 rw-p 0000e000 08:0a 3955814    /usr/lib/i386-linux-gnu/libXi.so.6.1.0
6ad2e000-6ad31000 ---p 00000000 00:00 0 
6ad31000-6ad7f000 rw-p 00000000 00:00 0 
6ad7f000-6ad80000 ---p 00000000 00:00 0 
6ad80000-6ae00000 rw-p 00000000 00:00 0 
6ae00000-6ae21000 rw-p 00000000 00:00 0 
6ae21000-6af00000 ---p 00000000 00:00 0 
6af01000-6af03000 r-xp 00000000 08:0a 3937431    /usr/lib/i386-linux-gnu/libXcomposite.so.1.0.0
6af03000-6af04000 r--p 00001000 08:0a 3937431    /usr/lib/i386-linux-gnu/libXcomposite.so.1.0.0
6af04000-6af05000 rw-p 00002000 08:0a 3937431    /usr/lib/i386-linux-gnu/libXcomposite.so.1.0.0
6af05000-6af0d000 r-xp 00000000 08:0a 3955803    /usr/lib/i386-linux-gnu/libXrender.so.1.3.0
6af0d000-6af0e000 r--p 00007000 08:0a 3955803    /usr/lib/i386-linux-gnu/libXrender.so.1.3.0
6af0e000-6af0f000 rw-p 00008000 08:0a 3955803    /usr/lib/i386-linux-gnu/libXrender.so.1.3.0
6af0f000-6af1f000 r-xp 00000000 08:0a 3937994    /usr/lib/i386-linux-gnu/libXext.so.6.4.0
6af1f000-6af20000 r--p 0000f000 08:0a 3937994    /usr/lib/i386-linux-gnu/libXext.so.6.4.0
6af20000-6af21000 rw-p 00010000 08:0a 3937994    /usr/lib/i386-linux-gnu/libXext.so.6.4.0
6af22000-6af23000 rw-p 00000000 00:00 0 
6af23000-6af27000 r--s 0008c000 08:0a 3408443    /home/matt/workspace/obFACEscate/library/core.jar
6af27000-6af2b000 r--s 00065000 08:0a 2502399    /home/matt/CS/Hack/opencv/build/bin/opencv-246.jar
6af2b000-6af2e000 r--s 0003c000 08:0a 4063559    /usr/lib/jvm/java-7-openjdk-common/jre/lib/ext/sunpkcs11.jar
6af2e000-6af32000 r--s 00085000 08:0a 4063564    /usr/lib/jvm/java-7-openjdk-common/jre/lib/ext/localedata.jar
6af32000-6af35000 r--s 00032000 08:0a 4063566    /usr/lib/jvm/java-7-openjdk-common/jre/lib/ext/sunjce_provider.jar
6af35000-6af37000 r--s 00012000 08:0a 4063569    /usr/lib/jvm/java-7-openjdk-common/jre/lib/ext/zipfs.jar
6af37000-6af38000 ---p 00000000 00:00 0 
6af38000-6afb8000 rw-p 00000000 00:00 0 
6afb8000-6afb9000 ---p 00000000 00:00 0 
6afb9000-6b041000 rw-p 00000000 00:00 0 
6b041000-6b079000 rw-p 00000000 00:00 0 
6b079000-6b08f000 rw-p 00000000 00:00 0 
6b08f000-6b1cf000 rw-p 00000000 00:00 0 
6b1cf000-6b1d7000 rw-p 00000000 00:00 0 
6b1d7000-6b20f000 rw-p 00000000 00:00 0 
6b20f000-6b225000 rw-p 00000000 00:00 0 
6b225000-6b364000 rw-p 00000000 00:00 0 
6b364000-6b40f000 rw-p 00000000 00:00 0 
6b40f000-6c410000 rw-p 00000000 00:00 0 
6c410000-73410000 rw-p 00000000 00:00 0 
73410000-75e70000 rw-p 00000000 00:00 0 
75e70000-75ec0000 ---p 00000000 00:00 0 
75ec0000-9dec0000 rw-p 00000000 00:00 0 
9dec0000-b3410000 rw-p 00000000 00:00 0 
b3410000-b3413000 r--s 0000f000 08:0a 4063567    /usr/lib/jvm/java-7-openjdk-common/jre/lib/ext/pulse-java.jar
b3413000-b3417000 r-xp 00000000 08:0a 3955798    /usr/lib/i386-linux-gnu/libXfixes.so.3.1.0
b3417000-b3418000 r--p 00004000 08:0a 3955798    /usr/lib/i386-linux-gnu/libXfixes.so.3.1.0
b3418000-b3419000 rw-p 00005000 08:0a 3955798    /usr/lib/i386-linux-gnu/libXfixes.so.3.1.0
b3419000-b3422000 rw-p 00000000 00:00 0 
b3422000-b34d9000 rw-p 00000000 00:00 0 
b34d9000-b3719000 rwxp 00000000 00:00 0 
b3719000-b64d9000 rw-p 00000000 00:00 0 
b64d9000-b64e4000 r-xp 00000000 08:0a 1319146    /lib/i386-linux-gnu/libnss_files-2.15.so
b64e4000-b64e5000 r--p 0000a000 08:0a 1319146    /lib/i386-linux-gnu/libnss_files-2.15.so
b64e5000-b64e6000 rw-p 0000b000 08:0a 1319146    /lib/i386-linux-gnu/libnss_files-2.15.so
b64e6000-b64fc000 r-xp 00000000 08:0a 1319162    /lib/i386-linux-gnu/libnsl-2.15.so
b64fc000-b64fd000 r--p 00015000 08:0a 1319162    /lib/i386-linux-gnu/libnsl-2.15.so
b64fd000-b64fe000 rw-p 00016000 08:0a 1319162    /lib/i386-linux-gnu/libnsl-2.15.so
b64fe000-b6500000 rw-p 00000000 00:00 0 
b6500000-b65fa000 rw-p 00000000 00:00 0 
b65fa000-b6600000 ---p 00000000 00:00 0 
b6600000-b6605000 r-xp 00000000 08:0a 3935471    /usr/lib/i386-linux-gnu/libXtst.so.6.1.0
b6605000-b6606000 r--p 00004000 08:0a 3935471    /usr/lib/i386-linux-gnu/libXtst.so.6.1.0
b6606000-b6607000 rw-p 00005000 08:0a 3935471    /usr/lib/i386-linux-gnu/libXtst.so.6.1.0
b6607000-b6611000 r-xp 00000000 08:0a 1319150    /lib/i386-linux-gnu/libnss_nis-2.15.so
b6611000-b6612000 r--p 00009000 08:0a 1319150    /lib/i386-linux-gnu/libnss_nis-2.15.so
b6612000-b6613000 rw-p 0000a000 08:0a 1319150    /lib/i386-linux-gnu/libnss_nis-2.15.so
b6613000-b661a000 r-xp 00000000 08:0a 1319142    /lib/i386-linux-gnu/libnss_compat-2.15.so
b661a000-b661b000 r--p 00006000 08:0a 1319142    /lib/i386-linux-gnu/libnss_compat-2.15.so
b661b000-b661c000 rw-p 00007000 08:0a 1319142    /lib/i386-linux-gnu/libnss_compat-2.15.so
b661c000-b661e000 r-xp 00000000 08:0a 3955819    /usr/lib/i386-linux-gnu/libXinerama.so.1.0.0
b661e000-b661f000 r--p 00001000 08:0a 3955819    /usr/lib/i386-linux-gnu/libXinerama.so.1.0.0
b661f000-b6620000 rw-p 00002000 08:0a 3955819    /usr/lib/i386-linux-gnu/libXinerama.so.1.0.0
b6620000-b6628000 r-xp 00000000 08:0a 4078112    /usr/lib/jvm/java-7-openjdk-i386/jre/lib/i386/libzip.so
b6628000-b6629000 r--p 00007000 08:0a 4078112    /usr/lib/jvm/java-7-openjdk-i386/jre/lib/i386/libzip.so
b6629000-b662a000 rw-p 00008000 08:0a 4078112    /usr/lib/jvm/java-7-openjdk-i386/jre/lib/i386/libzip.so
b662a000-b6632000 rw-s 00000000 08:0a 5266348    /tmp/hsperfdata_matt/22666 (deleted)
b6632000-b6659000 r-xp 00000000 08:0a 4078135    /usr/lib/jvm/java-7-openjdk-i386/jre/lib/i386/libjava.so
b6659000-b665a000 r--p 00026000 08:0a 4078135    /usr/lib/jvm/java-7-openjdk-i386/jre/lib/i386/libjava.so
b665a000-b665b000 rw-p 00027000 08:0a 4078135    /usr/lib/jvm/java-7-openjdk-i386/jre/lib/i386/libjava.so
b665b000-b6662000 r-xp 00000000 08:0a 1319149    /lib/i386-linux-gnu/librt-2.15.so
b6662000-b6663000 r--p 00006000 08:0a 1319149    /lib/i386-linux-gnu/librt-2.15.so
b6663000-b6664000 rw-p 00007000 08:0a 1319149    /lib/i386-linux-gnu/librt-2.15.so
b6664000-b6667000 ---p 00000000 00:00 0 
b6667000-b66b5000 rw-p 00000000 00:00 0 
b66b5000-b66d1000 r-xp 00000000 08:0a 1311652    /lib/i386-linux-gnu/libgcc_s.so.1
b66d1000-b66d2000 r--p 0001b000 08:0a 1311652    /lib/i386-linux-gnu/libgcc_s.so.1
b66d2000-b66d3000 rw-p 0001c000 08:0a 1311652    /lib/i386-linux-gnu/libgcc_s.so.1
b66d3000-b66fd000 r-xp 00000000 08:0a 1319153    /lib/i386-linux-gnu/libm-2.15.so
b66fd000-b66fe000 r--p 00029000 08:0a 1319153    /lib/i386-linux-gnu/libm-2.15.so
b66fe000-b66ff000 rw-p 0002a000 08:0a 1319153    /lib/i386-linux-gnu/libm-2.15.so
b66ff000-b67d7000 r-xp 00000000 08:0a 3932513    /usr/lib/i386-linux-gnu/libstdc++.so.6.0.16
b67d7000-b67d8000 ---p 000d8000 08:0a 3932513    /usr/lib/i386-linux-gnu/libstdc++.so.6.0.16
b67d8000-b67dc000 r--p 000d8000 08:0a 3932513    /usr/lib/i386-linux-gnu/libstdc++.so.6.0.16
b67dc000-b67dd000 rw-p 000dc000 08:0a 3932513    /usr/lib/i386-linux-gnu/libstdc++.so.6.0.16
b67dd000-b67e4000 rw-p 00000000 00:00 0 
b67e4000-b70c9000 r-xp 00000000 08:0a 4078114    /usr/lib/jvm/java-7-openjdk-i386/jre/lib/i386/server/libjvm.so
b70c9000-b7110000 r--p 008e5000 08:0a 4078114    /usr/lib/jvm/java-7-openjdk-i386/jre/lib/i386/server/libjvm.so
b7110000-b7124000 rw-p 0092c000 08:0a 4078114    /usr/lib/jvm/java-7-openjdk-i386/jre/lib/i386/server/libjvm.so
b7124000-b7542000 rw-p 00000000 00:00 0 
b7542000-b7556000 r-xp 00000000 08:0a 1311731    /lib/i386-linux-gnu/libz.so.1.2.3.4
b7556000-b7557000 r--p 00013000 08:0a 1311731    /lib/i386-linux-gnu/libz.so.1.2.3.4
b7557000-b7558000 rw-p 00014000 08:0a 1311731    /lib/i386-linux-gnu/libz.so.1.2.3.4
b7558000-b756f000 r-xp 00000000 08:0a 1319151    /lib/i386-linux-gnu/libpthread-2.15.so
b756f000-b7570000 r--p 00016000 08:0a 1319151    /lib/i386-linux-gnu/libpthread-2.15.so
b7570000-b7571000 rw-p 00017000 08:0a 1319151    /lib/i386-linux-gnu/libpthread-2.15.so
b7571000-b7573000 rw-p 00000000 00:00 0 
b7573000-b7576000 r-xp 00000000 08:0a 1319157    /lib/i386-linux-gnu/libdl-2.15.so
b7576000-b7577000 r--p 00002000 08:0a 1319157    /lib/i386-linux-gnu/libdl-2.15.so
b7577000-b7578000 rw-p 00003000 08:0a 1319157    /lib/i386-linux-gnu/libdl-2.15.so
b7578000-b771b000 r-xp 00000000 08:0a 1319140    /lib/i386-linux-gnu/libc-2.15.so
b771b000-b771d000 r--p 001a3000 08:0a 1319140    /lib/i386-linux-gnu/libc-2.15.so
b771d000-b771e000 rw-p 001a5000 08:0a 1319140    /lib/i386-linux-gnu/libc-2.15.so
b771e000-b7721000 rw-p 00000000 00:00 0 
b7721000-b7722000 r--s 00007000 08:0a 4327239    /usr/share/java/java-atk-wrapper.jar
b7722000-b7723000 r--s 00002000 08:0a 4063568    /usr/lib/jvm/java-7-openjdk-common/jre/lib/ext/dnsns.jar
b7723000-b7724000 r-xp 00000000 08:0a 3932523    /usr/lib/i386-linux-gnu/libgthread-2.0.so.0.3200.3
b7724000-b7725000 r--p 00000000 08:0a 3932523    /usr/lib/i386-linux-gnu/libgthread-2.0.so.0.3200.3
b7725000-b7726000 rw-p 00001000 08:0a 3932523    /usr/lib/i386-linux-gnu/libgthread-2.0.so.0.3200.3
b7726000-b7727000 r--p 002c5000 08:0a 3937742    /usr/lib/locale/locale-archive
b7727000-b7728000 rw-p 00000000 00:00 0 
b7728000-b7729000 ---p 00000000 00:00 0 
b7729000-b7735000 r-xp 00000000 08:0a 4078121    /usr/lib/jvm/java-7-openjdk-i386/jre/lib/i386/libverify.so
b7735000-b7736000 r--p 0000b000 08:0a 4078121    /usr/lib/jvm/java-7-openjdk-i386/jre/lib/i386/libverify.so
b7736000-b7737000 rw-p 0000c000 08:0a 4078121    /usr/lib/jvm/java-7-openjdk-i386/jre/lib/i386/libverify.so
b7737000-b7744000 r-xp 00000000 08:0a 4078129    /usr/lib/jvm/java-7-openjdk-i386/jre/lib/i386/jli/libjli.so
b7744000-b7745000 r--p 0000c000 08:0a 4078129    /usr/lib/jvm/java-7-openjdk-i386/jre/lib/i386/jli/libjli.so
b7745000-b7746000 rw-p 0000d000 08:0a 4078129    /usr/lib/jvm/java-7-openjdk-i386/jre/lib/i386/jli/libjli.so
b7746000-b7749000 rw-p 00000000 00:00 0 
b7749000-b774a000 r-xp 00000000 00:00 0          [vdso]
b774a000-b776a000 r-xp 00000000 08:0a 1319154    /lib/i386-linux-gnu/ld-2.15.so
b776a000-b776b000 r--p 0001f000 08:0a 1319154    /lib/i386-linux-gnu/ld-2.15.so
b776b000-b776c000 rw-p 00020000 08:0a 1319154    /lib/i386-linux-gnu/ld-2.15.so
bfb37000-bfb58000 rw-p 00000000 00:00 0          [stack]

VM Arguments:
jvm_args: -Djava.library.path=/home/matt/CS/Hack/opencv/build/lib -Djava.security.policy=java.policy.applet -Dfile.encoding=UTF-8 
java_command: sun.applet.AppletViewer Main1373746026042.html
Launcher Type: SUN_STANDARD

Environment Variables:
PATH=/usr/lib/lightdm/lightdm:/usr/local/sbin:/usr/local/bin:/usr/sbin:/usr/bin:/sbin:/bin:/usr/games
LD_LIBRARY_PATH=/usr/lib/jvm/java-7-openjdk-i386/jre/lib/i386/server:/usr/lib/jvm/java-7-openjdk-i386/jre/lib/i386:/usr/lib/jvm/java-7-openjdk-i386/jre/../lib/i386:/usr/lib/jvm/java-7-openjdk-i386/jre/lib/i386/client:/usr/lib/jvm/java-7-openjdk-i386/jre/lib/i386:
SHELL=/bin/bash
DISPLAY=:0

Signal Handlers:
SIGSEGV: [libjvm.so+0x753ab0], sa_mask[0]=0x7ffbfeff, sa_flags=0x10000004
SIGBUS: [libjvm.so+0x753ab0], sa_mask[0]=0x7ffbfeff, sa_flags=0x10000004
SIGFPE: [libjvm.so+0x5e95d0], sa_mask[0]=0x7ffbfeff, sa_flags=0x10000004
SIGPIPE: [libjvm.so+0x5e95d0], sa_mask[0]=0x7ffbfeff, sa_flags=0x10000004
SIGXFSZ: [libjvm.so+0x5e95d0], sa_mask[0]=0x7ffbfeff, sa_flags=0x10000004
SIGILL: [libjvm.so+0x5e95d0], sa_mask[0]=0x7ffbfeff, sa_flags=0x10000004
SIGUSR1: SIG_DFL, sa_mask[0]=0x00000000, sa_flags=0x00000000
SIGUSR2: [libjvm.so+0x5e9460], sa_mask[0]=0x00000004, sa_flags=0x10000004
SIGHUP: [libjvm.so+0x5e9ae0], sa_mask[0]=0x7ffbfeff, sa_flags=0x10000004
SIGINT: [libjvm.so+0x5e9ae0], sa_mask[0]=0x7ffbfeff, sa_flags=0x10000004
SIGTERM: [libjvm.so+0x5e9ae0], sa_mask[0]=0x7ffbfeff, sa_flags=0x10000004
SIGQUIT: [libjvm.so+0x5e9ae0], sa_mask[0]=0x7ffbfeff, sa_flags=0x10000004


---------------  S Y S T E M  ---------------

OS:Ubuntu 12.04 (precise)
uname:Linux 3.2.0-49-generic-pae #75-Ubuntu SMP Tue Jun 18 18:00:21 UTC 2013 i686
libc:glibc 2.15 NPTL 2.15 
rlimit: STACK 8192k, CORE 0k, NPROC 64018, NOFILE 4096, AS infinity
load average:2.20 1.86 1.08

/proc/meminfo:
MemTotal:        8208944 kB
MemFree:         5477128 kB
Buffers:          150864 kB
Cached:           981156 kB
SwapCached:            0 kB
Active:          1837200 kB
Inactive:         771872 kB
Active(anon):    1488252 kB
Inactive(anon):   110592 kB
Active(file):     348948 kB
Inactive(file):   661280 kB
Unevictable:          48 kB
Mlocked:              48 kB
HighTotal:       7420168 kB
HighFree:        4928512 kB
LowTotal:         788776 kB
LowFree:          548616 kB
SwapTotal:       8330236 kB
SwapFree:        8330236 kB
Dirty:               220 kB
Writeback:             0 kB
AnonPages:       1477204 kB
Mapped:           218516 kB
Shmem:            121796 kB
Slab:              62432 kB
SReclaimable:      35708 kB
SUnreclaim:        26724 kB
KernelStack:        4472 kB
PageTables:        14800 kB
NFS_Unstable:          0 kB
Bounce:                0 kB
WritebackTmp:          0 kB
CommitLimit:    12434708 kB
Committed_AS:    4354396 kB
VmallocTotal:     122880 kB
VmallocUsed:       29668 kB
VmallocChunk:      86452 kB
HardwareCorrupted:     0 kB
AnonHugePages:         0 kB
HugePages_Total:       0
HugePages_Free:        0
HugePages_Rsvd:        0
HugePages_Surp:        0
Hugepagesize:       2048 kB
DirectMap4k:       10232 kB
DirectMap2M:      903168 kB


CPU:total 8 (4 cores per cpu, 2 threads per core) family 6 model 42 stepping 7, cmov, cx8, fxsr, mmx, sse, sse2, sse3, ssse3, sse4.1, sse4.2, popcnt, avx, ht, tsc, tscinvbit

/proc/cpuinfo:
processor	: 0
vendor_id	: GenuineIntel
cpu family	: 6
model		: 42
model name	: Intel(R) Core(TM) i7-2630QM CPU @ 2.00GHz
stepping	: 7
microcode	: 0x17
cpu MHz		: 2001.000
cache size	: 6144 KB
physical id	: 0
siblings	: 8
core id		: 0
cpu cores	: 4
apicid		: 0
initial apicid	: 0
fdiv_bug	: no
hlt_bug		: no
f00f_bug	: no
coma_bug	: no
fpu		: yes
fpu_exception	: yes
cpuid level	: 13
wp		: yes
flags		: fpu vme de pse tsc msr pae mce cx8 apic sep mtrr pge mca cmov pat pse36 clflush dts acpi mmx fxsr sse sse2 ss ht tm pbe nx rdtscp lm constant_tsc arch_perfmon pebs bts xtopology nonstop_tsc aperfmperf pni pclmulqdq dtes64 monitor ds_cpl vmx est tm2 ssse3 cx16 xtpr pdcm pcid sse4_1 sse4_2 x2apic popcnt tsc_deadline_timer xsave avx lahf_lm ida arat epb xsaveopt pln pts dtherm tpr_shadow vnmi flexpriority ept vpid
bogomips	: 3991.07
clflush size	: 64
cache_alignment	: 64
address sizes	: 36 bits physical, 48 bits virtual
power management:

processor	: 1
vendor_id	: GenuineIntel
cpu family	: 6
model		: 42
model name	: Intel(R) Core(TM) i7-2630QM CPU @ 2.00GHz
stepping	: 7
microcode	: 0x17
cpu MHz		: 2001.000
cache size	: 6144 KB
physical id	: 0
siblings	: 8
core id		: 0
cpu cores	: 4
apicid		: 1
initial apicid	: 1
fdiv_bug	: no
hlt_bug		: no
f00f_bug	: no
coma_bug	: no
fpu		: yes
fpu_exception	: yes
cpuid level	: 13
wp		: yes
flags		: fpu vme de pse tsc msr pae mce cx8 apic sep mtrr pge mca cmov pat pse36 clflush dts acpi mmx fxsr sse sse2 ss ht tm pbe nx rdtscp lm constant_tsc arch_perfmon pebs bts xtopology nonstop_tsc aperfmperf pni pclmulqdq dtes64 monitor ds_cpl vmx est tm2 ssse3 cx16 xtpr pdcm pcid sse4_1 sse4_2 x2apic popcnt tsc_deadline_timer xsave avx lahf_lm ida arat epb xsaveopt pln pts dtherm tpr_shadow vnmi flexpriority ept vpid
bogomips	: 3990.74
clflush size	: 64
cache_alignment	: 64
address sizes	: 36 bits physical, 48 bits virtual
power management:

processor	: 2
vendor_id	: GenuineIntel
cpu family	: 6
model		: 42
model name	: Intel(R) Core(TM) i7-2630QM CPU @ 2.00GHz
stepping	: 7
microcode	: 0x17
cpu MHz		: 800.000
cache size	: 6144 KB
physical id	: 0
siblings	: 8
core id		: 1
cpu cores	: 4
apicid		: 2
initial apicid	: 2
fdiv_bug	: no
hlt_bug		: no
f00f_bug	: no
coma_bug	: no
fpu		: yes
fpu_exception	: yes
cpuid level	: 13
wp		: yes
flags		: fpu vme de pse tsc msr pae mce cx8 apic sep mtrr pge mca cmov pat pse36 clflush dts acpi mmx fxsr sse sse2 ss ht tm pbe nx rdtscp lm constant_tsc arch_perfmon pebs bts xtopology nonstop_tsc aperfmperf pni pclmulqdq dtes64 monitor ds_cpl vmx est tm2 ssse3 cx16 xtpr pdcm pcid sse4_1 sse4_2 x2apic popcnt tsc_deadline_timer xsave avx lahf_lm ida arat epb xsaveopt pln pts dtherm tpr_shadow vnmi flexpriority ept vpid
bogomips	: 3990.76
clflush size	: 64
cache_alignment	: 64
address sizes	: 36 bits physical, 48 bits virtual
power management:

processor	: 3
vendor_id	: GenuineIntel
cpu family	: 6
model		: 42
model name	: Intel(R) Core(TM) i7-2630QM CPU @ 2.00GHz
stepping	: 7
microcode	: 0x17
cpu MHz		: 2001.000
cache size	: 6144 KB
physical id	: 0
siblings	: 8
core id		: 1
cpu cores	: 4
apicid		: 3
initial apicid	: 3
fdiv_bug	: no
hlt_bug		: no
f00f_bug	: no
coma_bug	: no
fpu		: yes
fpu_exception	: yes
cpuid level	: 13
wp		: yes
flags		: fpu vme de pse tsc msr pae mce cx8 apic sep mtrr pge mca cmov pat pse36 clflush dts acpi mmx fxsr sse sse2 ss ht tm pbe nx rdtscp lm constant_tsc arch_perfmon pebs bts xtopology nonstop_tsc aperfmperf pni pclmulqdq dtes64 monitor ds_cpl vmx est tm2 ssse3 cx16 xtpr pdcm pcid sse4_1 sse4_2 x2apic popcnt tsc_deadline_timer xsave avx lahf_lm ida arat epb xsaveopt pln pts dtherm tpr_shadow vnmi flexpriority ept vpid
bogomips	: 3990.75
clflush size	: 64
cache_alignment	: 64
address sizes	: 36 bits physical, 48 bits virtual
power management:

processor	: 4
vendor_id	: GenuineIntel
cpu family	: 6
model		: 42
model name	: Intel(R) Core(TM) i7-2630QM CPU @ 2.00GHz
stepping	: 7
microcode	: 0x17
cpu MHz		: 800.000
cache size	: 6144 KB
physical id	: 0
siblings	: 8
core id		: 2
cpu cores	: 4
apicid		: 4
initial apicid	: 4
fdiv_bug	: no
hlt_bug		: no
f00f_bug	: no
coma_bug	: no
fpu		: yes
fpu_exception	: yes
cpuid level	: 13
wp		: yes
flags		: fpu vme de pse tsc msr pae mce cx8 apic sep mtrr pge mca cmov pat pse36 clflush dts acpi mmx fxsr sse sse2 ss ht tm pbe nx rdtscp lm constant_tsc arch_perfmon pebs bts xtopology nonstop_tsc aperfmperf pni pclmulqdq dtes64 monitor ds_cpl vmx est tm2 ssse3 cx16 xtpr pdcm pcid sse4_1 sse4_2 x2apic popcnt tsc_deadline_timer xsave avx lahf_lm ida arat epb xsaveopt pln pts dtherm tpr_shadow vnmi flexpriority ept vpid
bogomips	: 3990.74
clflush size	: 64
cache_alignment	: 64
address sizes	: 36 bits physical, 48 bits virtual
power management:

processor	: 5
vendor_id	: GenuineIntel
cpu family	: 6
model		: 42
model name	: Intel(R) Core(TM) i7-2630QM CPU @ 2.00GHz
stepping	: 7
microcode	: 0x17
cpu MHz		: 2001.000
cache size	: 6144 KB
physical id	: 0
siblings	: 8
core id		: 2
cpu cores	: 4
apicid		: 5
initial apicid	: 5
fdiv_bug	: no
hlt_bug		: no
f00f_bug	: no
coma_bug	: no
fpu		: yes
fpu_exception	: yes
cpuid level	: 13
wp		: yes
flags		: fpu vme de pse tsc msr pae mce cx8 apic sep mtrr pge mca cmov pat pse36 clflush dts acpi mmx fxsr sse sse2 ss ht tm pbe nx rdtscp lm constant_tsc arch_perfmon pebs bts xtopology nonstop_tsc aperfmperf pni pclmulqdq dtes64 monitor ds_cpl vmx est tm2 ssse3 cx16 xtpr pdcm pcid sse4_1 sse4_2 x2apic popcnt tsc_deadline_timer xsave avx lahf_lm ida arat epb xsaveopt pln pts dtherm tpr_shadow vnmi flexpriority ept vpid
bogomips	: 3990.75
clflush size	: 64
cache_alignment	: 64
address sizes	: 36 bits physical, 48 bits virtual
power management:

processor	: 6
vendor_id	: GenuineIntel
cpu family	: 6
model		: 42
model name	: Intel(R) Core(TM) i7-2630QM CPU @ 2.00GHz
stepping	: 7
microcode	: 0x17
cpu MHz		: 800.000
cache size	: 6144 KB
physical id	: 0
siblings	: 8
core id		: 3
cpu cores	: 4
apicid		: 6
initial apicid	: 6
fdiv_bug	: no
hlt_bug		: no
f00f_bug	: no
coma_bug	: no
fpu		: yes
fpu_exception	: yes
cpuid level	: 13
wp		: yes
flags		: fpu vme de pse tsc msr pae mce cx8 apic sep mtrr pge mca cmov pat pse36 clflush dts acpi mmx fxsr sse sse2 ss ht tm pbe nx rdtscp lm constant_tsc arch_perfmon pebs bts xtopology nonstop_tsc aperfmperf pni pclmulqdq dtes64 monitor ds_cpl vmx est tm2 ssse3 cx16 xtpr pdcm pcid sse4_1 sse4_2 x2apic popcnt tsc_deadline_timer xsave avx lahf_lm ida arat epb xsaveopt pln pts dtherm tpr_shadow vnmi flexpriority ept vpid
bogomips	: 3990.76
clflush size	: 64
cache_alignment	: 64
address sizes	: 36 bits physical, 48 bits virtual
power management:

processor	: 7
vendor_id	: GenuineIntel
cpu family	: 6
model		: 42
model name	: Intel(R) Core(TM) i7-2630QM CPU @ 2.00GHz
stepping	: 7
microcode	: 0x17
cpu MHz		: 2001.000
cache size	: 6144 KB
physical id	: 0
siblings	: 8
core id		: 3
cpu cores	: 4
apicid		: 7
initial apicid	: 7
fdiv_bug	: no
hlt_bug		: no
f00f_bug	: no
coma_bug	: no
fpu		: yes
fpu_exception	: yes
cpuid level	: 13
wp		: yes
flags		: fpu vme de pse tsc msr pae mce cx8 apic sep mtrr pge mca cmov pat pse36 clflush dts acpi mmx fxsr sse sse2 ss ht tm pbe nx rdtscp lm constant_tsc arch_perfmon pebs bts xtopology nonstop_tsc aperfmperf pni pclmulqdq dtes64 monitor ds_cpl vmx est tm2 ssse3 cx16 xtpr pdcm pcid sse4_1 sse4_2 x2apic popcnt tsc_deadline_timer xsave avx lahf_lm ida arat epb xsaveopt pln pts dtherm tpr_shadow vnmi flexpriority ept vpid
bogomips	: 3990.75
clflush size	: 64
cache_alignment	: 64
address sizes	: 36 bits physical, 48 bits virtual
power management:



Memory: 4k page, physical 8208944k(5477128k free), swap 8330236k(8330236k free)

vm_info: OpenJDK Server VM (23.7-b01) for linux-x86 JRE (1.7.0_21-b02), built on Apr 23 2013 13:58:31 by "buildd" with gcc 4.6.3

time: Sat Jul 13 13:07:15 2013
elapsed time: 9 seconds

