#
# A fatal error has been detected by the Java Runtime Environment:
#
#  SIGSEGV (0xb) at pc=0x645cf675, pid=23314, tid=1725954880
#
# JRE version: 7.0_21-b02
# Java VM: OpenJDK Server VM (23.7-b01 mixed mode linux-x86 )
# Problematic frame:
# C  [libopencv_java246.so+0x30e675]  cv::Mutex::~Mutex()+0x25
#
# Failed to write core dump. Core dumps have been disabled. To enable core dumping, try "ulimit -c unlimited" before starting Java again
#
# If you would like to submit a bug report, please include
# instructions on how to reproduce the bug and visit:
#   https://bugs.launchpad.net/ubuntu/+source/openjdk-7/
#

---------------  T H R E A D  ---------------

Current thread (0x66ca8400):  VMThread [stack: 0x66d7f000,0x66e00000] [id=23328]

siginfo:si_signo=SIGSEGV: si_errno=0, si_code=1 (SEGV_MAPERR), si_addr=0x00000004

Registers:
EAX=0x00000000, EBX=0x64d5bff4, ECX=0x6a305978, EDX=0xffffffff
ESP=0x66dfef80, EBP=0xb771e3e4, ESI=0x64dfeefc, EDI=0x0000008f
EIP=0x645cf675, EFLAGS=0x00010212, CR2=0x00000004

Top of Stack: (sp=0x66dfef80)
0x66dfef80:   6a305dd8 0000008f b771e3e4 b771dff4
0x66dfef90:   b771dff4 6a305910 0000008f b75abf51
0x66dfefa0:   64dfeefc 0000008f b7659542 b6e12be1
0x66dfefb0:   b6504f38 b691dab6 b7110ff4 01dde813
0x66dfefc0:   b6500468 656d6974 b6507cf0 b771dff4
0x66dfefd0:   63334b04 b6530bb0 b6530fa4 b75abfdd
0x66dfefe0:   0000008f b771e3e4 00000001 b6e11d4f
0x66dfeff0:   b756487f b75abfb6 b7110ff4 b6c06510 

Instructions: (pc=0x645cf675)
0x645cf655:   ff ff ff 89 74 24 14 8b 74 24 20 89 5c 24 10 e8
0x645cf665:   be 32 e1 ff 81 c3 8b c9 78 00 89 7c 24 18 8b 06
0x645cf675:   f0 0f c1 50 04 83 fa 01 74 19 c7 06 00 00 00 00
0x645cf685:   8b 5c 24 10 8b 74 24 14 8b 7c 24 18 83 c4 1c c3 

Register to memory mapping:

EAX=0x00000000 is an unknown value
EBX=0x64d5bff4: <offset 0xa9aff4> in /home/matt/CS/Hack/opencv/build/lib/libopencv_java246.so at 0x642c1000
ECX=0x6a305978 is an unknown value
EDX=0xffffffff is an unknown value
ESP=0x66dfef80 is an unknown value
EBP=0xb771e3e4: <offset 0x1a53e4> in /lib/i386-linux-gnu/libc.so.6 at 0xb7579000
ESI=0x64dfeefc: _ZN2cv15SURFFindInvoker19findMaximaInLayer_mE+0 in /home/matt/CS/Hack/opencv/build/lib/libopencv_java246.so at 0x642c1000
EDI=0x0000008f is an unknown value


Stack: [0x66d7f000,0x66e00000],  sp=0x66dfef80,  free space=511k
Native frames: (J=compiled Java code, j=interpreted, Vv=VM code, C=native code)
C  [libopencv_java246.so+0x30e675]  cv::Mutex::~Mutex()+0x25

VM_Operation (0x63334b04): Exit, mode: safepoint, requested by thread 0x66507c00


---------------  P R O C E S S  ---------------

Java Threads: ( => current thread )
  0x66507c00 JavaThread "SIGTERM handler" daemon [_thread_blocked, id=23971, stack(0x632e5000,0x63336000)]
  0x66a03c00 JavaThread "AWT-EventQueue-1" [_thread_blocked, id=23343, stack(0x64f64000,0x64fb5000)]
  0xb6506800 JavaThread "DestroyJavaVM" [_thread_blocked, id=23319, stack(0xb6665000,0xb66b6000)]
  0x651af400 JavaThread "AWT-EventQueue-0" [_thread_blocked, id=23341, stack(0x6500d000,0x6505e000)]
  0x651a9800 JavaThread "AWT-Shutdown" [_thread_blocked, id=23340, stack(0x6505e000,0x650af000)]
  0x65183400 JavaThread "thread applet-Main.class" [_thread_blocked, id=23339, stack(0x650af000,0x65100000)]
  0x6516bc00 JavaThread "AWT-XAWT" daemon [_thread_blocked, id=23337, stack(0x65229000,0x6527a000)]
  0x6513a400 JavaThread "Java2D Disposer" daemon [_thread_blocked, id=23336, stack(0x6527a000,0x652cb000)]
  0x66cf7c00 JavaThread "Service Thread" daemon [_thread_blocked, id=23334, stack(0x6a62e000,0x6a67f000)]
  0x66cf6000 JavaThread "C2 CompilerThread1" daemon [_thread_blocked, id=23333, stack(0x66f4a000,0x66fcb000)]
  0x66cf4000 JavaThread "C2 CompilerThread0" daemon [_thread_blocked, id=23332, stack(0x6667f000,0x66700000)]
  0x66cf2400 JavaThread "Signal Dispatcher" daemon [_thread_blocked, id=23331, stack(0x6a82e000,0x6a87f000)]
  0x66cb0000 JavaThread "Finalizer" daemon [_thread_blocked, id=23330, stack(0x6aa2e000,0x6aa7f000)]
  0x66cae400 JavaThread "Reference Handler" daemon [_thread_blocked, id=23329, stack(0x6ad2e000,0x6ad7f000)]

Other Threads:
=>0x66ca8400 VMThread [stack: 0x66d7f000,0x66e00000] [id=23328]

VM state:at safepoint (shutting down)

VM Mutex/Monitor currently owned by a thread:  ([mutex/lock_event])
[0xb6504238] Threads_lock - owner thread: 0x66ca8400

Heap
 PSYoungGen      total 168256K, used 98907K [0x9dec0000, 0xab730000, 0xb3410000)
  eden space 119616K, 51% used [0x9dec0000,0xa1a74ed8,0xa5390000)
  from space 48640K, 77% used [0xa5390000,0xa7871f90,0xa8310000)
  to   space 49472K, 0% used [0xa86e0000,0xa86e0000,0xab730000)
 ParOldGen       total 61376K, used 32491K [0x73410000, 0x77000000, 0x9dec0000)
  object space 61376K, 52% used [0x73410000,0x753caec0,0x77000000)
 PSPermGen       total 16640K, used 8317K [0x6b410000, 0x6c450000, 0x73410000)
  object space 16640K, 49% used [0x6b410000,0x6bc2f418,0x6c450000)

Card table byte_map: [0x6b1cf000,0x6b410000] byte_map_base: 0x6ae74f80

Polling page: 0xb7729000

Code Cache  [0xb34d9000, 0xb3719000, 0xb64d9000)
 total_blobs=411 nmethods=146 adapters=217 free_code_cache=48482Kb largest_free_block=49625088

Compilation events (10 events):
Event: 492.484 Thread 0x66cf4000  138             sun.awt.SunToolkit::awtUnlock (7 bytes)
Event: 492.484 Thread 0x66cf6000  137             sun.awt.SunToolkit::awtLock (7 bytes)
Event: 492.488 Thread 0x66cf6000 nmethod 137 0xb357d288 code [0xb357d3a0, 0xb357d4b8]
Event: 492.492 Thread 0x66cf4000 nmethod 138 0xb357b688 code [0xb357b7a0, 0xb357b8dc]
Event: 1032.816 Thread 0x66cf6000  139             sun.awt.X11.XToolkit::getDisplay (4 bytes)
Event: 1032.816 Thread 0x66cf6000 nmethod 139 0xb3575688 code [0xb3575760, 0xb35757b0]
Event: 1044.108 Thread 0x66cf4000  140             sun.awt.X11.Native::getInt (8 bytes)
Event: 1044.109 Thread 0x66cf4000 nmethod 140 0xb357b4c8 code [0xb357b5c0, 0xb357b610]
Event: 1136.089 Thread 0x66cf6000  141             java.util.concurrent.locks.ReentrantLock$Sync::nonfairTryAcquire (67 bytes)
Event: 1136.092 Thread 0x66cf6000 nmethod 141 0xb357b288 code [0xb357b380, 0xb357b430]

GC Heap History (10 events):
Event: 50.639 GC heap before
{Heap before GC invocations=46 (full 1):
 PSYoungGen      total 159744K, used 140581K [0x9dec0000, 0xaa550000, 0xb3410000)
  eden space 117056K, 100% used [0x9dec0000,0xa5110000,0xa5110000)
  from space 42688K, 55% used [0xa7ba0000,0xa92995f0,0xaa550000)
  to   space 43136K, 0% used [0xa5110000,0xa5110000,0xa7b30000)
 ParOldGen       total 61376K, used 26855K [0x73410000, 0x77000000, 0x9dec0000)
  object space 61376K, 43% used [0x73410000,0x74e49d50,0x77000000)
 PSPermGen       total 16640K, used 8285K [0x6b410000, 0x6c450000, 0x73410000)
  object space 16640K, 49% used [0x6b410000,0x6bc27668,0x6c450000)
Event: 50.643 GC heap after
Heap after GC invocations=46 (full 1):
 PSYoungGen      total 160192K, used 24480K [0x9dec0000, 0xaa6a0000, 0xb3410000)
  eden space 117056K, 0% used [0x9dec0000,0x9dec0000,0xa5110000)
  from space 43136K, 56% used [0xa5110000,0xa68f8360,0xa7b30000)
  to   space 42688K, 0% used [0xa7cf0000,0xa7cf0000,0xaa6a0000)
 ParOldGen       total 61376K, used 26855K [0x73410000, 0x77000000, 0x9dec0000)
  object space 61376K, 43% used [0x73410000,0x74e49d50,0x77000000)
 PSPermGen       total 16640K, used 8285K [0x6b410000, 0x6c450000, 0x73410000)
  object space 16640K, 49% used [0x6b410000,0x6bc27668,0x6c450000)
}
Event: 51.759 GC heap before
{Heap before GC invocations=47 (full 1):
 PSYoungGen      total 160192K, used 141536K [0x9dec0000, 0xaa6a0000, 0xb3410000)
  eden space 117056K, 100% used [0x9dec0000,0xa5110000,0xa5110000)
  from space 43136K, 56% used [0xa5110000,0xa68f8360,0xa7b30000)
  to   space 42688K, 0% used [0xa7cf0000,0xa7cf0000,0xaa6a0000)
 ParOldGen       total 61376K, used 26855K [0x73410000, 0x77000000, 0x9dec0000)
  object space 61376K, 43% used [0x73410000,0x74e49d50,0x77000000)
 PSPermGen       total 16640K, used 8286K [0x6b410000, 0x6c450000, 0x73410000)
  object space 16640K, 49% used [0x6b410000,0x6bc278c0,0x6c450000)
Event: 51.762 GC heap after
Heap after GC invocations=47 (full 1):
 PSYoungGen      total 161792K, used 20082K [0x9dec0000, 0xaa700000, 0xb3410000)
  eden space 119104K, 0% used [0x9dec0000,0x9dec0000,0xa5310000)
  from space 42688K, 47% used [0xa7cf0000,0xa908c810,0xaa6a0000)
  to   space 42880K, 0% used [0xa5310000,0xa5310000,0xa7cf0000)
 ParOldGen       total 61376K, used 26855K [0x73410000, 0x77000000, 0x9dec0000)
  object space 61376K, 43% used [0x73410000,0x74e49d50,0x77000000)
 PSPermGen       total 16640K, used 8286K [0x6b410000, 0x6c450000, 0x73410000)
  object space 16640K, 49% used [0x6b410000,0x6bc278c0,0x6c450000)
}
Event: 53.130 GC heap before
{Heap before GC invocations=48 (full 1):
 PSYoungGen      total 161792K, used 139186K [0x9dec0000, 0xaa700000, 0xb3410000)
  eden space 119104K, 100% used [0x9dec0000,0xa5310000,0xa5310000)
  from space 42688K, 47% used [0xa7cf0000,0xa908c810,0xaa6a0000)
  to   space 42880K, 0% used [0xa5310000,0xa5310000,0xa7cf0000)
 ParOldGen       total 61376K, used 26855K [0x73410000, 0x77000000, 0x9dec0000)
  object space 61376K, 43% used [0x73410000,0x74e49d50,0x77000000)
 PSPermGen       total 16640K, used 8287K [0x6b410000, 0x6c450000, 0x73410000)
  object space 16640K, 49% used [0x6b410000,0x6bc27d70,0x6c450000)
Event: 53.139 GC heap after
Heap after GC invocations=48 (full 1):
 PSYoungGen      total 161984K, used 41526K [0x9dec0000, 0xab050000, 0xb3410000)
  eden space 119104K, 0% used [0x9dec0000,0x9dec0000,0xa5310000)
  from space 42880K, 96% used [0xa5310000,0xa7b9d950,0xa7cf0000)
  to   space 46336K, 0% used [0xa8310000,0xa8310000,0xab050000)
 ParOldGen       total 61376K, used 32485K [0x73410000, 0x77000000, 0x9dec0000)
  object space 61376K, 52% used [0x73410000,0x753c9498,0x77000000)
 PSPermGen       total 16640K, used 8287K [0x6b410000, 0x6c450000, 0x73410000)
  object space 16640K, 49% used [0x6b410000,0x6bc27d70,0x6c450000)
}
Event: 54.807 GC heap before
{Heap before GC invocations=49 (full 1):
 PSYoungGen      total 161984K, used 160630K [0x9dec0000, 0xab050000, 0xb3410000)
  eden space 119104K, 100% used [0x9dec0000,0xa5310000,0xa5310000)
  from space 42880K, 96% used [0xa5310000,0xa7b9d950,0xa7cf0000)
  to   space 46336K, 0% used [0xa8310000,0xa8310000,0xab050000)
 ParOldGen       total 61376K, used 32485K [0x73410000, 0x77000000, 0x9dec0000)
  object space 61376K, 52% used [0x73410000,0x753c94e8,0x77000000)
 PSPermGen       total 16640K, used 8288K [0x6b410000, 0x6c450000, 0x73410000)
  object space 16640K, 49% used [0x6b410000,0x6bc28208,0x6c450000)
Event: 54.815 GC heap after
Heap after GC invocations=49 (full 1):
 PSYoungGen      total 165952K, used 40453K [0x9dec0000, 0xab4f0000, 0xb3410000)
  eden space 119616K, 0% used [0x9dec0000,0x9dec0000,0xa5390000)
  from space 46336K, 87% used [0xa8310000,0xaaa917c8,0xab050000)
  to   space 48640K, 0% used [0xa5390000,0xa5390000,0xa8310000)
 ParOldGen       total 61376K, used 32489K [0x73410000, 0x77000000, 0x9dec0000)
  object space 61376K, 52% used [0x73410000,0x753ca4e8,0x77000000)
 PSPermGen       total 16640K, used 8288K [0x6b410000, 0x6c450000, 0x73410000)
  object space 16640K, 49% used [0x6b410000,0x6bc28208,0x6c450000)
}
Event: 56.211 GC heap before
{Heap before GC invocations=50 (full 1):
 PSYoungGen      total 165952K, used 160069K [0x9dec0000, 0xab4f0000, 0xb3410000)
  eden space 119616K, 100% used [0x9dec0000,0xa5390000,0xa5390000)
  from space 46336K, 87% used [0xa8310000,0xaaa917c8,0xab050000)
  to   space 48640K, 0% used [0xa5390000,0xa5390000,0xa8310000)
 ParOldGen       total 61376K, used 32491K [0x73410000, 0x77000000, 0x9dec0000)
  object space 61376K, 52% used [0x73410000,0x753caec0,0x77000000)
 PSPermGen       total 16640K, used 8288K [0x6b410000, 0x6c450000, 0x73410000)
  object space 16640K, 49% used [0x6b410000,0x6bc28290,0x6c450000)
Event: 56.219 GC heap after
Heap after GC invocations=50 (full 1):
 PSYoungGen      total 168256K, used 37767K [0x9dec0000, 0xab730000, 0xb3410000)
  eden space 119616K, 0% used [0x9dec0000,0x9dec0000,0xa5390000)
  from space 48640K, 77% used [0xa5390000,0xa7871f90,0xa8310000)
  to   space 49472K, 0% used [0xa86e0000,0xa86e0000,0xab730000)
 ParOldGen       total 61376K, used 32491K [0x73410000, 0x77000000, 0x9dec0000)
  object space 61376K, 52% used [0x73410000,0x753caec0,0x77000000)
 PSPermGen       total 16640K, used 8288K [0x6b410000, 0x6c450000, 0x73410000)
  object space 16640K, 49% used [0x6b410000,0x6bc28290,0x6c450000)
}

Deoptimization events (10 events):
Event: 1.958 Thread 0x66a10c00 Uncommon trap -34 fr.pc 0xb3541770
Event: 2.722 Thread 0x66a10c00 Uncommon trap -34 fr.pc 0xb3541770
Event: 2.862 Thread 0x66a10c00 Uncommon trap -34 fr.pc 0xb3541770
Event: 4.137 Thread 0x66a10c00 Uncommon trap -34 fr.pc 0xb35512e0
Event: 4.140 Thread 0x66a10c00 Uncommon trap -83 fr.pc 0xb355a7bc
Event: 4.948 Thread 0x66a10c00 Uncommon trap -34 fr.pc 0xb35512e0
Event: 6.938 Thread 0x66a10c00 Uncommon trap -34 fr.pc 0xb35512e0
Event: 24.441 Thread 0x66a10c00 Uncommon trap -34 fr.pc 0xb35512e0
Event: 32.821 Thread 0x66a10c00 Uncommon trap -34 fr.pc 0xb356880c
Event: 55.822 Thread 0x66a10c00 Uncommon trap -34 fr.pc 0xb356880c

Internal exceptions (10 events):
Event: 0.447 Thread 0x66a10c00 Threw 0x9e63b630 at /build/buildd/openjdk-7-7u21-2.3.9/build/openjdk/hotspot/src/share/vm/prims/jvm.cpp:1166
Event: 0.448 Thread 0x66a10c00 Threw 0x9e64dae0 at /build/buildd/openjdk-7-7u21-2.3.9/build/openjdk/hotspot/src/share/vm/prims/jvm.cpp:1166
Event: 0.449 Thread 0x66a10c00 Threw 0x9e652ce0 at /build/buildd/openjdk-7-7u21-2.3.9/build/openjdk/hotspot/src/share/vm/prims/jvm.cpp:1166
Event: 0.449 Thread 0x66a10c00 Threw 0x9e658c10 at /build/buildd/openjdk-7-7u21-2.3.9/build/openjdk/hotspot/src/share/vm/prims/jvm.cpp:1166
Event: 0.537 Thread 0x66a10c00 Threw 0x9e848718 at /build/buildd/openjdk-7-7u21-2.3.9/build/openjdk/hotspot/src/share/vm/prims/jvm.cpp:1166
Event: 0.540 Thread 0x66a10c00 Threw 0x9eea8308 at /build/buildd/openjdk-7-7u21-2.3.9/build/openjdk/hotspot/src/share/vm/prims/jvm.cpp:1166
Event: 0.592 Thread 0x66a10c00 Threw 0x9e9c8a18 at /build/buildd/openjdk-7-7u21-2.3.9/build/openjdk/hotspot/src/share/vm/prims/jvm.cpp:1166
Event: 0.730 Thread 0x66a10c00 Threw 0x9e9ce630 at /build/buildd/openjdk-7-7u21-2.3.9/build/openjdk/hotspot/src/share/vm/prims/jvm.cpp:1166
Event: 0.910 Thread 0x66a10c00 Threw 0x9e9eafe8 at /build/buildd/openjdk-7-7u21-2.3.9/build/openjdk/hotspot/src/share/vm/prims/jvm.cpp:1166
Event: 4.140 Thread 0x66a10c00 Implicit null exception at 0xb35596dc to 0xb355a7a5

Events (10 events):
Event: 2130.582 loading class 0x6a701fa8
Event: 2130.582 loading class 0x6a701fa8 done
Event: 2130.582 loading class 0x6a701fd8
Event: 2130.582 loading class 0x6a701fd8 done
Event: 2130.582 loading class 0x651525d8 done
Event: 2130.582 Executing VM operation: RevokeBias
Event: 2130.582 Executing VM operation: RevokeBias done
Event: 2130.582 Thread 0x6a50a400 Thread exited: 0x6a50a400
Event: 2130.583 Thread 0x6a50ac00 Thread exited: 0x6a50ac00
Event: 2130.583 Executing VM operation: Exit


Dynamic libraries:
08048000-08049000 r-xp 00000000 08:0a 3935629    /usr/lib/jvm/java-7-openjdk-i386/jre/bin/java
08049000-0804a000 r--p 00000000 08:0a 3935629    /usr/lib/jvm/java-7-openjdk-i386/jre/bin/java
0804a000-0804b000 rw-p 00001000 08:0a 3935629    /usr/lib/jvm/java-7-openjdk-i386/jre/bin/java
09064000-09085000 rw-p 00000000 00:00 0          [heap]
61f80000-620e0000 rw-p 00000000 00:00 0 
623a0000-62500000 rw-p 00000000 00:00 0 
62500000-626fc000 rw-p 00000000 00:00 0 
626fc000-62700000 ---p 00000000 00:00 0 
62700000-627fd000 rw-p 00000000 00:00 0 
627fd000-62800000 ---p 00000000 00:00 0 
62800000-628fc000 rw-p 00000000 00:00 0 
628fc000-62900000 ---p 00000000 00:00 0 
62900000-629eb000 rw-p 00000000 00:00 0 
629eb000-62a00000 ---p 00000000 00:00 0 
62b00000-62bff000 rw-p 00000000 00:00 0 
62bff000-62c00000 ---p 00000000 00:00 0 
62d00000-62dfd000 rw-p 00000000 00:00 0 
62dfd000-62e00000 ---p 00000000 00:00 0 
62f29000-63100000 rw-p 00000000 00:00 0 
63100000-631fb000 rw-p 00000000 00:00 0 
631fb000-63200000 ---p 00000000 00:00 0 
6323d000-63240000 ---p 00000000 00:00 0 
63240000-6328e000 rw-p 00000000 00:00 0 
6328e000-632d3000 r-xp 00000000 08:0a 3932808    /usr/lib/i386-linux-gnu/libjpeg.so.8.0.2
632d3000-632d4000 r--p 00044000 08:0a 3932808    /usr/lib/i386-linux-gnu/libjpeg.so.8.0.2
632d4000-632d5000 rw-p 00045000 08:0a 3932808    /usr/lib/i386-linux-gnu/libjpeg.so.8.0.2
632d5000-632e5000 rw-p 00000000 00:00 0 
632e5000-632e8000 ---p 00000000 00:00 0 
632e8000-63336000 rw-p 00000000 00:00 0 
63336000-634c8000 r-xp 00000000 08:0a 1321284    /lib/i386-linux-gnu/libcrypto.so.1.0.0
634c8000-634d7000 r--p 00192000 08:0a 1321284    /lib/i386-linux-gnu/libcrypto.so.1.0.0
634d7000-634de000 rw-p 001a1000 08:0a 1321284    /lib/i386-linux-gnu/libcrypto.so.1.0.0
634de000-634e1000 rw-p 00000000 00:00 0 
634e1000-63532000 r-xp 00000000 08:0a 1321281    /lib/i386-linux-gnu/libssl.so.1.0.0
63532000-63534000 r--p 00050000 08:0a 1321281    /lib/i386-linux-gnu/libssl.so.1.0.0
63534000-63538000 rw-p 00052000 08:0a 1321281    /lib/i386-linux-gnu/libssl.so.1.0.0
63538000-6379b000 r-xp 00000000 08:0a 3932992    /usr/lib/libpython2.7.so.1.0
6379b000-6379c000 ---p 00263000 08:0a 3932992    /usr/lib/libpython2.7.so.1.0
6379c000-6379d000 r--p 00263000 08:0a 3932992    /usr/lib/libpython2.7.so.1.0
6379d000-637f2000 rw-p 00264000 08:0a 3932992    /usr/lib/libpython2.7.so.1.0
637f2000-637fe000 rw-p 00000000 00:00 0 
63814000-64200000 r-xp 00000000 08:0a 2399629    /home/matt/CS/Hack/opencv/build/lib/cv2.so
64200000-6420c000 r--p 009eb000 08:0a 2399629    /home/matt/CS/Hack/opencv/build/lib/cv2.so
6420c000-64222000 rw-p 009f7000 08:0a 2399629    /home/matt/CS/Hack/opencv/build/lib/cv2.so
64222000-642c1000 rw-p 00000000 00:00 0 
642c1000-64d4f000 r-xp 00000000 08:0a 2399698    /home/matt/CS/Hack/opencv/build/lib/libopencv_java246.so
64d4f000-64d5c000 r--p 00a8d000 08:0a 2399698    /home/matt/CS/Hack/opencv/build/lib/libopencv_java246.so
64d5c000-64d66000 rw-p 00a9a000 08:0a 2399698    /home/matt/CS/Hack/opencv/build/lib/libopencv_java246.so
64d66000-64e00000 rw-p 00000000 00:00 0 
64e00000-64e69000 rw-p 00000000 00:00 0 
64e69000-64f00000 ---p 00000000 00:00 0 
64f0e000-64f13000 r--s 0004c000 08:0a 3937254    /usr/lib/jvm/java-7-openjdk-common/jre/lib/jsse.jar
64f13000-64f16000 ---p 00000000 00:00 0 
64f16000-64f64000 rw-p 00000000 00:00 0 
64f64000-64f67000 ---p 00000000 00:00 0 
64f67000-64fb5000 rw-p 00000000 00:00 0 
64fb5000-64fc6000 r-xp 00000000 08:0a 4078113    /usr/lib/jvm/java-7-openjdk-i386/jre/lib/i386/libnio.so
64fc6000-64fc7000 r--p 00010000 08:0a 4078113    /usr/lib/jvm/java-7-openjdk-i386/jre/lib/i386/libnio.so
64fc7000-64fc8000 rw-p 00011000 08:0a 4078113    /usr/lib/jvm/java-7-openjdk-i386/jre/lib/i386/libnio.so
64fc8000-6500b000 r-xp 00000000 08:0a 4078145    /usr/lib/jvm/java-7-openjdk-i386/jre/lib/i386/libfontmanager.so
6500b000-6500c000 r--p 00043000 08:0a 4078145    /usr/lib/jvm/java-7-openjdk-i386/jre/lib/i386/libfontmanager.so
6500c000-6500d000 rw-p 00044000 08:0a 4078145    /usr/lib/jvm/java-7-openjdk-i386/jre/lib/i386/libfontmanager.so
6500d000-65010000 ---p 00000000 00:00 0 
65010000-6505e000 rw-p 00000000 00:00 0 
6505e000-65061000 ---p 00000000 00:00 0 
65061000-650af000 rw-p 00000000 00:00 0 
650af000-650b2000 ---p 00000000 00:00 0 
650b2000-65100000 rw-p 00000000 00:00 0 
65100000-651be000 rw-p 00000000 00:00 0 
651be000-65200000 ---p 00000000 00:00 0 
65202000-6520b000 r-xp 00000000 08:0a 4078118    /usr/lib/jvm/java-7-openjdk-i386/jre/lib/i386/libjavajpeg.so
6520b000-6520c000 r--p 00008000 08:0a 4078118    /usr/lib/jvm/java-7-openjdk-i386/jre/lib/i386/libjavajpeg.so
6520c000-6520d000 rw-p 00009000 08:0a 4078118    /usr/lib/jvm/java-7-openjdk-i386/jre/lib/i386/libjavajpeg.so
6520d000-6520f000 r-xp 00000000 08:0a 1311808    /lib/i386-linux-gnu/libutil-2.15.so
6520f000-65210000 r--p 00001000 08:0a 1311808    /lib/i386-linux-gnu/libutil-2.15.so
65210000-65211000 rw-p 00002000 08:0a 1311808    /lib/i386-linux-gnu/libutil-2.15.so
65211000-65227000 r-xp 00000000 08:0a 4078127    /usr/lib/jvm/java-7-openjdk-i386/jre/lib/i386/libnet.so
65227000-65228000 r--p 00015000 08:0a 4078127    /usr/lib/jvm/java-7-openjdk-i386/jre/lib/i386/libnet.so
65228000-65229000 rw-p 00016000 08:0a 4078127    /usr/lib/jvm/java-7-openjdk-i386/jre/lib/i386/libnet.so
65229000-6522c000 ---p 00000000 00:00 0 
6522c000-6527a000 rw-p 00000000 00:00 0 
6527a000-6527d000 ---p 00000000 00:00 0 
6527d000-652cb000 rw-p 00000000 00:00 0 
652cb000-652d4000 r--s 000bc000 08:0a 3936868    /usr/lib/jvm/java-7-openjdk-common/jre/lib/resources.jar
652d4000-6531b000 r-xp 00000000 08:0a 1322241    /lib/i386-linux-gnu/libdbus-1.so.3.5.8
6531b000-6531c000 r--p 00047000 08:0a 1322241    /lib/i386-linux-gnu/libdbus-1.so.3.5.8
6531c000-6531d000 rw-p 00048000 08:0a 1322241    /lib/i386-linux-gnu/libdbus-1.so.3.5.8
6531d000-6532d000 r-xp 00000000 08:0a 3933453    /usr/lib/i386-linux-gnu/libp11-kit.so.0.0.0
6532d000-6532e000 r--p 0000f000 08:0a 3933453    /usr/lib/i386-linux-gnu/libp11-kit.so.0.0.0
6532e000-6532f000 rw-p 00010000 08:0a 3933453    /usr/lib/i386-linux-gnu/libp11-kit.so.0.0.0
6532f000-653b1000 r-xp 00000000 08:0a 1310835    /lib/i386-linux-gnu/libgcrypt.so.11.7.0
653b1000-653b2000 r--p 00081000 08:0a 1310835    /lib/i386-linux-gnu/libgcrypt.so.11.7.0
653b2000-653b4000 rw-p 00082000 08:0a 1310835    /lib/i386-linux-gnu/libgcrypt.so.11.7.0
653b4000-653c4000 r-xp 00000000 08:0a 3932307    /usr/lib/i386-linux-gnu/libtasn1.so.3.1.12
653c4000-653c5000 r--p 0000f000 08:0a 3932307    /usr/lib/i386-linux-gnu/libtasn1.so.3.1.12
653c5000-653c6000 rw-p 00010000 08:0a 3932307    /usr/lib/i386-linux-gnu/libtasn1.so.3.1.12
653c6000-653ec000 r-xp 00000000 08:0a 3933054    /usr/lib/i386-linux-gnu/libk5crypto.so.3.1
653ec000-653ed000 r--p 00025000 08:0a 3933054    /usr/lib/i386-linux-gnu/libk5crypto.so.3.1
653ed000-653ee000 rw-p 00026000 08:0a 3933054    /usr/lib/i386-linux-gnu/libk5crypto.so.3.1
653ee000-654b6000 r-xp 00000000 08:0a 3933062    /usr/lib/i386-linux-gnu/libkrb5.so.3.3
654b6000-654bc000 r--p 000c7000 08:0a 3933062    /usr/lib/i386-linux-gnu/libkrb5.so.3.3
654bc000-654bd000 rw-p 000cd000 08:0a 3933062    /usr/lib/i386-linux-gnu/libkrb5.so.3.3
654bd000-654e5000 r-xp 00000000 08:0a 1310827    /lib/i386-linux-gnu/libpng12.so.0.46.0
654e5000-654e6000 r--p 00027000 08:0a 1310827    /lib/i386-linux-gnu/libpng12.so.0.46.0
654e6000-654e7000 rw-p 00028000 08:0a 1310827    /lib/i386-linux-gnu/libpng12.so.0.46.0
654e7000-6557a000 r-xp 00000000 08:0a 3933109    /usr/lib/i386-linux-gnu/libpixman-1.so.0.24.4
6557a000-6557e000 r--p 00092000 08:0a 3933109    /usr/lib/i386-linux-gnu/libpixman-1.so.0.24.4
6557e000-6557f000 rw-p 00096000 08:0a 3933109    /usr/lib/i386-linux-gnu/libpixman-1.so.0.24.4
6557f000-6563e000 r-xp 00000000 08:0a 3954631    /usr/lib/i386-linux-gnu/libgnutls.so.26.21.8
6563e000-65642000 r--p 000bf000 08:0a 3954631    /usr/lib/i386-linux-gnu/libgnutls.so.26.21.8
65642000-65643000 rw-p 000c3000 08:0a 3954631    /usr/lib/i386-linux-gnu/libgnutls.so.26.21.8
65643000-656d8000 r-xp 00000000 08:0a 3932907    /usr/lib/i386-linux-gnu/libfreetype.so.6.8.0
656d8000-656dc000 r--p 00094000 08:0a 3932907    /usr/lib/i386-linux-gnu/libfreetype.so.6.8.0
656dc000-656dd000 rw-p 00098000 08:0a 3932907    /usr/lib/i386-linux-gnu/libfreetype.so.6.8.0
656dd000-657a4000 r-xp 00000000 08:0a 3934052    /usr/lib/i386-linux-gnu/libcairo.so.2.11000.2
657a4000-657a5000 r--p 000c7000 08:0a 3934052    /usr/lib/i386-linux-gnu/libcairo.so.2.11000.2
657a5000-657a6000 rw-p 000c8000 08:0a 3934052    /usr/lib/i386-linux-gnu/libcairo.so.2.11000.2
657a6000-657a8000 rw-p 00000000 00:00 0 
657a8000-6589f000 r-xp 00000000 08:0a 1311644    /lib/i386-linux-gnu/libglib-2.0.so.0.3200.3
6589f000-658a0000 r--p 000f6000 08:0a 1311644    /lib/i386-linux-gnu/libglib-2.0.so.0.3200.3
658a0000-658a1000 rw-p 000f7000 08:0a 1311644    /lib/i386-linux-gnu/libglib-2.0.so.0.3200.3
658a1000-659f4000 r-xp 00000000 08:0a 3932600    /usr/lib/i386-linux-gnu/libgio-2.0.so.0.3200.3
659f4000-659f6000 r--p 00153000 08:0a 3932600    /usr/lib/i386-linux-gnu/libgio-2.0.so.0.3200.3
659f6000-659f7000 rw-p 00155000 08:0a 3932600    /usr/lib/i386-linux-gnu/libgio-2.0.so.0.3200.3
659f7000-659f8000 rw-p 00000000 00:00 0 
659f8000-65aa3000 r-xp 00000000 08:0a 3935700    /usr/lib/i386-linux-gnu/libgdk-x11-2.0.so.0.2400.10
65aa3000-65aa4000 ---p 000ab000 08:0a 3935700    /usr/lib/i386-linux-gnu/libgdk-x11-2.0.so.0.2400.10
65aa4000-65aa6000 r--p 000ab000 08:0a 3935700    /usr/lib/i386-linux-gnu/libgdk-x11-2.0.so.0.2400.10
65aa6000-65aa7000 rw-p 000ad000 08:0a 3935700    /usr/lib/i386-linux-gnu/libgdk-x11-2.0.so.0.2400.10
65aa7000-65f07000 r-xp 00000000 08:0a 3935042    /usr/lib/i386-linux-gnu/libgtk-x11-2.0.so.0.2400.10
65f07000-65f0b000 r--p 00460000 08:0a 3935042    /usr/lib/i386-linux-gnu/libgtk-x11-2.0.so.0.2400.10
65f0b000-65f0d000 rw-p 00464000 08:0a 3935042    /usr/lib/i386-linux-gnu/libgtk-x11-2.0.so.0.2400.10
65f0d000-65f0f000 rw-p 00000000 00:00 0 
65f0f000-6603f000 r-xp 00000000 08:0a 3935449    /usr/lib/i386-linux-gnu/libX11.so.6.3.0
6603f000-66040000 r--p 0012f000 08:0a 3935449    /usr/lib/i386-linux-gnu/libX11.so.6.3.0
66040000-66042000 rw-p 00130000 08:0a 3935449    /usr/lib/i386-linux-gnu/libX11.so.6.3.0
66042000-66043000 rw-p 00000000 00:00 0 
66043000-660d4000 r-xp 00000000 08:0a 4078119    /usr/lib/jvm/java-7-openjdk-i386/jre/lib/i386/libawt.so
660d4000-660d5000 r--p 00090000 08:0a 4078119    /usr/lib/jvm/java-7-openjdk-i386/jre/lib/i386/libawt.so
660d5000-660dc000 rw-p 00091000 08:0a 4078119    /usr/lib/jvm/java-7-openjdk-i386/jre/lib/i386/libawt.so
660dc000-66100000 rw-p 00000000 00:00 0 
66100000-661ff000 rw-p 00000000 00:00 0 
661ff000-66200000 ---p 00000000 00:00 0 
66200000-662fa000 rw-p 00000000 00:00 0 
662fa000-66300000 ---p 00000000 00:00 0 
66300000-66303000 r-xp 00000000 08:0a 1310833    /lib/i386-linux-gnu/libgpg-error.so.0.8.0
66303000-66304000 r--p 00002000 08:0a 1310833    /lib/i386-linux-gnu/libgpg-error.so.0.8.0
66304000-66305000 rw-p 00003000 08:0a 1310833    /lib/i386-linux-gnu/libgpg-error.so.0.8.0
66305000-66340000 r-xp 00000000 08:0a 3933031    /usr/lib/i386-linux-gnu/libgssapi_krb5.so.2.2
66340000-66341000 ---p 0003b000 08:0a 3933031    /usr/lib/i386-linux-gnu/libgssapi_krb5.so.2.2
66341000-66342000 r--p 0003b000 08:0a 3933031    /usr/lib/i386-linux-gnu/libgssapi_krb5.so.2.2
66342000-66343000 rw-p 0003c000 08:0a 3933031    /usr/lib/i386-linux-gnu/libgssapi_krb5.so.2.2
66343000-6637d000 r-xp 00000000 08:0a 1310829    /lib/i386-linux-gnu/libpcre.so.3.12.1
6637d000-6637e000 r--p 00039000 08:0a 1310829    /lib/i386-linux-gnu/libpcre.so.3.12.1
6637e000-6637f000 rw-p 0003a000 08:0a 1310829    /lib/i386-linux-gnu/libpcre.so.3.12.1
6637f000-66380000 ---p 00000000 00:00 0 
66380000-66400000 rw-p 00000000 00:00 0 
66400000-664f2000 rw-p 00000000 00:00 0 
664f2000-66500000 ---p 00000000 00:00 0 
66500000-66521000 rw-p 00000000 00:00 0 
66521000-66600000 ---p 00000000 00:00 0 
66603000-66605000 r-xp 00000000 08:0a 1310842    /lib/i386-linux-gnu/libkeyutils.so.1.4
66605000-66606000 r--p 00002000 08:0a 1310842    /lib/i386-linux-gnu/libkeyutils.so.1.4
66606000-66607000 rw-p 00003000 08:0a 1310842    /lib/i386-linux-gnu/libkeyutils.so.1.4
66607000-6660e000 r-xp 00000000 08:0a 3933015    /usr/lib/i386-linux-gnu/libkrb5support.so.0.1
6660e000-6660f000 r--p 00006000 08:0a 3933015    /usr/lib/i386-linux-gnu/libkrb5support.so.0.1
6660f000-66610000 rw-p 00007000 08:0a 3933015    /usr/lib/i386-linux-gnu/libkrb5support.so.0.1
66610000-66618000 r-xp 00000000 08:0a 3955781    /usr/lib/i386-linux-gnu/libxcb-render.so.0.0.0
66618000-66619000 r--p 00008000 08:0a 3955781    /usr/lib/i386-linux-gnu/libxcb-render.so.0.0.0
66619000-6661a000 rw-p 00009000 08:0a 3955781    /usr/lib/i386-linux-gnu/libxcb-render.so.0.0.0
6661a000-6662a000 r-xp 00000000 08:0a 3934172    /usr/lib/i386-linux-gnu/libavahi-client.so.3.2.9
6662a000-6662b000 r--p 0000f000 08:0a 3934172    /usr/lib/i386-linux-gnu/libavahi-client.so.3.2.9
6662b000-6662c000 rw-p 00010000 08:0a 3934172    /usr/lib/i386-linux-gnu/libavahi-client.so.3.2.9
6662c000-6667b000 r-xp 00000000 08:0a 3933694    /usr/lib/i386-linux-gnu/libcups.so.2
6667b000-6667e000 r--p 0004e000 08:0a 3933694    /usr/lib/i386-linux-gnu/libcups.so.2
6667e000-6667f000 rw-p 00051000 08:0a 3933694    /usr/lib/i386-linux-gnu/libcups.so.2
6667f000-66682000 ---p 00000000 00:00 0 
66682000-66700000 rw-p 00000000 00:00 0 
66700000-66900000 r--p 00000000 08:0a 3937742    /usr/lib/locale/locale-archive
66900000-66921000 rw-p 00000000 00:00 0 
66921000-66a00000 ---p 00000000 00:00 0 
66a00000-66a21000 rw-p 00000000 00:00 0 
66a21000-66b00000 ---p 00000000 00:00 0 
66b00000-66bfe000 rw-p 00000000 00:00 0 
66bfe000-66c00000 ---p 00000000 00:00 0 
66c00000-66cfd000 rw-p 00000000 00:00 0 
66cfd000-66d00000 ---p 00000000 00:00 0 
66d01000-66d04000 r-xp 00000000 08:0a 1310755    /lib/i386-linux-gnu/libcom_err.so.2.1
66d04000-66d05000 r--p 00002000 08:0a 1310755    /lib/i386-linux-gnu/libcom_err.so.2.1
66d05000-66d06000 rw-p 00003000 08:0a 1310755    /lib/i386-linux-gnu/libcom_err.so.2.1
66d06000-66d2c000 r-xp 00000000 08:0a 1310825    /lib/i386-linux-gnu/libexpat.so.1.5.2
66d2c000-66d2d000 ---p 00026000 08:0a 1310825    /lib/i386-linux-gnu/libexpat.so.1.5.2
66d2d000-66d2f000 r--p 00026000 08:0a 1310825    /lib/i386-linux-gnu/libexpat.so.1.5.2
66d2f000-66d30000 rw-p 00028000 08:0a 1310825    /lib/i386-linux-gnu/libexpat.so.1.5.2
66d30000-66d7d000 r-xp 00000000 08:0a 3932602    /usr/lib/i386-linux-gnu/libgobject-2.0.so.0.3200.3
66d7d000-66d7e000 r--p 0004c000 08:0a 3932602    /usr/lib/i386-linux-gnu/libgobject-2.0.so.0.3200.3
66d7e000-66d7f000 rw-p 0004d000 08:0a 3932602    /usr/lib/i386-linux-gnu/libgobject-2.0.so.0.3200.3
66d7f000-66d80000 ---p 00000000 00:00 0 
66d80000-66e00000 rw-p 00000000 00:00 0 
66e00000-66ef1000 rw-p 00000000 00:00 0 
66ef1000-66f00000 ---p 00000000 00:00 0 
66f02000-66f04000 r-xp 00000000 08:0a 3955792    /usr/lib/i386-linux-gnu/libxcb-shm.so.0.0.0
66f04000-66f05000 r--p 00001000 08:0a 3955792    /usr/lib/i386-linux-gnu/libxcb-shm.so.0.0.0
66f05000-66f06000 rw-p 00002000 08:0a 3955792    /usr/lib/i386-linux-gnu/libxcb-shm.so.0.0.0
66f06000-66f19000 r-xp 00000000 08:0a 1319147    /lib/i386-linux-gnu/libresolv-2.15.so
66f19000-66f1a000 ---p 00013000 08:0a 1319147    /lib/i386-linux-gnu/libresolv-2.15.so
66f1a000-66f1b000 r--p 00013000 08:0a 1319147    /lib/i386-linux-gnu/libresolv-2.15.so
66f1b000-66f1c000 rw-p 00014000 08:0a 1319147    /lib/i386-linux-gnu/libresolv-2.15.so
66f1c000-66f1e000 rw-p 00000000 00:00 0 
66f1e000-66f48000 r-xp 00000000 08:0a 3936905    /usr/lib/i386-linux-gnu/libpangoft2-1.0.so.0.3000.0
66f48000-66f49000 r--p 00029000 08:0a 3936905    /usr/lib/i386-linux-gnu/libpangoft2-1.0.so.0.3000.0
66f49000-66f4a000 rw-p 0002a000 08:0a 3936905    /usr/lib/i386-linux-gnu/libpangoft2-1.0.so.0.3000.0
66f4a000-66f4d000 ---p 00000000 00:00 0 
66f4d000-67013000 rw-p 00000000 00:00 0 
67013000-671c0000 r--s 01cde000 08:0a 4063766    /usr/lib/jvm/java-7-openjdk-i386/jre/lib/rt.jar
671c0000-6a100000 rw-p 00000000 00:00 0 
6a100000-6a170000 rw-p 00000000 00:00 0 
6a170000-6a200000 ---p 00000000 00:00 0 
6a201000-6a233000 r-xp 00000000 08:0a 3932285    /usr/lib/i386-linux-gnu/libfontconfig.so.1.4.4
6a233000-6a234000 r--p 00032000 08:0a 3932285    /usr/lib/i386-linux-gnu/libfontconfig.so.1.4.4
6a234000-6a235000 rw-p 00033000 08:0a 3932285    /usr/lib/i386-linux-gnu/libfontconfig.so.1.4.4
6a235000-6a27c000 r-xp 00000000 08:0a 3932604    /usr/lib/i386-linux-gnu/libpango-1.0.so.0.3000.0
6a27c000-6a27d000 ---p 00047000 08:0a 3932604    /usr/lib/i386-linux-gnu/libpango-1.0.so.0.3000.0
6a27d000-6a27e000 r--p 00047000 08:0a 3932604    /usr/lib/i386-linux-gnu/libpango-1.0.so.0.3000.0
6a27e000-6a27f000 rw-p 00048000 08:0a 3932604    /usr/lib/i386-linux-gnu/libpango-1.0.so.0.3000.0
6a27f000-6a280000 ---p 00000000 00:00 0 
6a280000-6a300000 rw-p 00000000 00:00 0 
6a300000-6a3fa000 rw-p 00000000 00:00 0 
6a3fa000-6a400000 ---p 00000000 00:00 0 
6a403000-6a408000 r-xp 00000000 08:0a 3933281    /usr/lib/i386-linux-gnu/libXdmcp.so.6.0.0
6a408000-6a409000 r--p 00004000 08:0a 3933281    /usr/lib/i386-linux-gnu/libXdmcp.so.6.0.0
6a409000-6a40a000 rw-p 00005000 08:0a 3933281    /usr/lib/i386-linux-gnu/libXdmcp.so.6.0.0
6a40a000-6a427000 r-xp 00000000 08:0a 1311702    /lib/i386-linux-gnu/libselinux.so.1
6a427000-6a428000 r--p 0001c000 08:0a 1311702    /lib/i386-linux-gnu/libselinux.so.1
6a428000-6a429000 rw-p 0001d000 08:0a 1311702    /lib/i386-linux-gnu/libselinux.so.1
6a429000-6a47b000 r-xp 00000000 08:0a 4063757    /usr/lib/jvm/java-7-openjdk-i386/jre/lib/i386/xawt/libmawt.so
6a47b000-6a47c000 r--p 00051000 08:0a 4063757    /usr/lib/jvm/java-7-openjdk-i386/jre/lib/i386/xawt/libmawt.so
6a47c000-6a47e000 rw-p 00052000 08:0a 4063757    /usr/lib/jvm/java-7-openjdk-i386/jre/lib/i386/xawt/libmawt.so
6a47e000-6a47f000 rw-p 00000000 00:00 0 
6a47f000-6a480000 ---p 00000000 00:00 0 
6a480000-6a500000 rw-p 00000000 00:00 0 
6a500000-6a521000 rw-p 00000000 00:00 0 
6a521000-6a600000 ---p 00000000 00:00 0 
6a600000-6a60c000 r-xp 00000000 08:0a 3934170    /usr/lib/i386-linux-gnu/libavahi-common.so.3.5.3
6a60c000-6a60d000 r--p 0000b000 08:0a 3934170    /usr/lib/i386-linux-gnu/libavahi-common.so.3.5.3
6a60d000-6a60e000 rw-p 0000c000 08:0a 3934170    /usr/lib/i386-linux-gnu/libavahi-common.so.3.5.3
6a60e000-6a62b000 r-xp 00000000 08:0a 3932338    /usr/lib/i386-linux-gnu/libatk-1.0.so.0.20409.1
6a62b000-6a62d000 r--p 0001c000 08:0a 3932338    /usr/lib/i386-linux-gnu/libatk-1.0.so.0.20409.1
6a62d000-6a62e000 rw-p 0001e000 08:0a 3932338    /usr/lib/i386-linux-gnu/libatk-1.0.so.0.20409.1
6a62e000-6a631000 ---p 00000000 00:00 0 
6a631000-6a67f000 rw-p 00000000 00:00 0 
6a67f000-6a680000 ---p 00000000 00:00 0 
6a680000-6a700000 rw-p 00000000 00:00 0 
6a700000-6a721000 rw-p 00000000 00:00 0 
6a721000-6a800000 ---p 00000000 00:00 0 
6a801000-6a806000 r-xp 00000000 08:0a 3934056    /usr/lib/i386-linux-gnu/libffi.so.6.0.0
6a806000-6a807000 r--p 00004000 08:0a 3934056    /usr/lib/i386-linux-gnu/libffi.so.6.0.0
6a807000-6a808000 rw-p 00005000 08:0a 3934056    /usr/lib/i386-linux-gnu/libffi.so.6.0.0
6a808000-6a80b000 r-xp 00000000 08:0a 3932601    /usr/lib/i386-linux-gnu/libgmodule-2.0.so.0.3200.3
6a80b000-6a80c000 r--p 00002000 08:0a 3932601    /usr/lib/i386-linux-gnu/libgmodule-2.0.so.0.3200.3
6a80c000-6a80d000 rw-p 00003000 08:0a 3932601    /usr/lib/i386-linux-gnu/libgmodule-2.0.so.0.3200.3
6a80d000-6a82c000 r-xp 00000000 08:0a 3954626    /usr/lib/i386-linux-gnu/libxcb.so.1.1.0
6a82c000-6a82d000 r--p 0001f000 08:0a 3954626    /usr/lib/i386-linux-gnu/libxcb.so.1.1.0
6a82d000-6a82e000 rw-p 00020000 08:0a 3954626    /usr/lib/i386-linux-gnu/libxcb.so.1.1.0
6a82e000-6a831000 ---p 00000000 00:00 0 
6a831000-6a87f000 rw-p 00000000 00:00 0 
6a87f000-6a880000 ---p 00000000 00:00 0 
6a880000-6a900000 rw-p 00000000 00:00 0 
6a900000-6a921000 rw-p 00000000 00:00 0 
6a921000-6aa00000 ---p 00000000 00:00 0 
6aa02000-6aa0b000 r-xp 00000000 08:0a 3955808    /usr/lib/i386-linux-gnu/libXcursor.so.1.0.2
6aa0b000-6aa0c000 r--p 00008000 08:0a 3955808    /usr/lib/i386-linux-gnu/libXcursor.so.1.0.2
6aa0c000-6aa0d000 rw-p 00009000 08:0a 3955808    /usr/lib/i386-linux-gnu/libXcursor.so.1.0.2
6aa0d000-6aa2c000 r-xp 00000000 08:0a 3936835    /usr/lib/i386-linux-gnu/libgdk_pixbuf-2.0.so.0.2600.1
6aa2c000-6aa2d000 r--p 0001e000 08:0a 3936835    /usr/lib/i386-linux-gnu/libgdk_pixbuf-2.0.so.0.2600.1
6aa2d000-6aa2e000 rw-p 0001f000 08:0a 3936835    /usr/lib/i386-linux-gnu/libgdk_pixbuf-2.0.so.0.2600.1
6aa2e000-6aa31000 ---p 00000000 00:00 0 
6aa31000-6aa7f000 rw-p 00000000 00:00 0 
6aa7f000-6aa80000 ---p 00000000 00:00 0 
6aa80000-6ab00000 rw-p 00000000 00:00 0 
6ab00000-6ab21000 rw-p 00000000 00:00 0 
6ab21000-6ac00000 ---p 00000000 00:00 0 
6ac00000-6ac21000 rw-p 00000000 00:00 0 
6ac21000-6ad00000 ---p 00000000 00:00 0 
6ad00000-6ad02000 r-xp 00000000 08:0a 3933268    /usr/lib/i386-linux-gnu/libXau.so.6.0.0
6ad02000-6ad03000 r--p 00001000 08:0a 3933268    /usr/lib/i386-linux-gnu/libXau.so.6.0.0
6ad03000-6ad04000 rw-p 00002000 08:0a 3933268    /usr/lib/i386-linux-gnu/libXau.so.6.0.0
6ad04000-6ad06000 r-xp 00000000 08:0a 3937397    /usr/lib/i386-linux-gnu/libXdamage.so.1.1.0
6ad06000-6ad07000 r--p 00001000 08:0a 3937397    /usr/lib/i386-linux-gnu/libXdamage.so.1.1.0
6ad07000-6ad08000 rw-p 00002000 08:0a 3937397    /usr/lib/i386-linux-gnu/libXdamage.so.1.1.0
6ad08000-6ad0f000 r-xp 00000000 08:0a 3955829    /usr/lib/i386-linux-gnu/libXrandr.so.2.2.0
6ad0f000-6ad10000 r--p 00006000 08:0a 3955829    /usr/lib/i386-linux-gnu/libXrandr.so.2.2.0
6ad10000-6ad11000 rw-p 00007000 08:0a 3955829    /usr/lib/i386-linux-gnu/libXrandr.so.2.2.0
6ad11000-6ad1c000 r-xp 00000000 08:0a 3936754    /usr/lib/i386-linux-gnu/libpangocairo-1.0.so.0.3000.0
6ad1c000-6ad1d000 r--p 0000a000 08:0a 3936754    /usr/lib/i386-linux-gnu/libpangocairo-1.0.so.0.3000.0
6ad1d000-6ad1e000 rw-p 0000b000 08:0a 3936754    /usr/lib/i386-linux-gnu/libpangocairo-1.0.so.0.3000.0
6ad1e000-6ad2c000 r-xp 00000000 08:0a 3955814    /usr/lib/i386-linux-gnu/libXi.so.6.1.0
6ad2c000-6ad2d000 r--p 0000d000 08:0a 3955814    /usr/lib/i386-linux-gnu/libXi.so.6.1.0
6ad2d000-6ad2e000 rw-p 0000e000 08:0a 3955814    /usr/lib/i386-linux-gnu/libXi.so.6.1.0
6ad2e000-6ad31000 ---p 00000000 00:00 0 
6ad31000-6ad7f000 rw-p 00000000 00:00 0 
6ad7f000-6ad80000 ---p 00000000 00:00 0 
6ad80000-6ae00000 rw-p 00000000 00:00 0 
6ae00000-6ae21000 rw-p 00000000 00:00 0 
6ae21000-6af00000 ---p 00000000 00:00 0 
6af01000-6af03000 r-xp 00000000 08:0a 3937431    /usr/lib/i386-linux-gnu/libXcomposite.so.1.0.0
6af03000-6af04000 r--p 00001000 08:0a 3937431    /usr/lib/i386-linux-gnu/libXcomposite.so.1.0.0
6af04000-6af05000 rw-p 00002000 08:0a 3937431    /usr/lib/i386-linux-gnu/libXcomposite.so.1.0.0
6af05000-6af0d000 r-xp 00000000 08:0a 3955803    /usr/lib/i386-linux-gnu/libXrender.so.1.3.0
6af0d000-6af0e000 r--p 00007000 08:0a 3955803    /usr/lib/i386-linux-gnu/libXrender.so.1.3.0
6af0e000-6af0f000 rw-p 00008000 08:0a 3955803    /usr/lib/i386-linux-gnu/libXrender.so.1.3.0
6af0f000-6af1f000 r-xp 00000000 08:0a 3937994    /usr/lib/i386-linux-gnu/libXext.so.6.4.0
6af1f000-6af20000 r--p 0000f000 08:0a 3937994    /usr/lib/i386-linux-gnu/libXext.so.6.4.0
6af20000-6af21000 rw-p 00010000 08:0a 3937994    /usr/lib/i386-linux-gnu/libXext.so.6.4.0
6af23000-6af27000 r--s 0008c000 08:0a 3408443    /home/matt/workspace/obFACEscate/library/core.jar
6af27000-6af2b000 r--s 00065000 08:0a 2502399    /home/matt/CS/Hack/opencv/build/bin/opencv-246.jar
6af2b000-6af2e000 r--s 0003c000 08:0a 4063559    /usr/lib/jvm/java-7-openjdk-common/jre/lib/ext/sunpkcs11.jar
6af2e000-6af32000 r--s 00085000 08:0a 4063564    /usr/lib/jvm/java-7-openjdk-common/jre/lib/ext/localedata.jar
6af32000-6af35000 r--s 00032000 08:0a 4063566    /usr/lib/jvm/java-7-openjdk-common/jre/lib/ext/sunjce_provider.jar
6af35000-6af37000 r--s 00012000 08:0a 4063569    /usr/lib/jvm/java-7-openjdk-common/jre/lib/ext/zipfs.jar
6af37000-6af38000 ---p 00000000 00:00 0 
6af38000-6afb8000 rw-p 00000000 00:00 0 
6afb8000-6afb9000 ---p 00000000 00:00 0 
6afb9000-6b042000 rw-p 00000000 00:00 0 
6b042000-6b079000 rw-p 00000000 00:00 0 
6b079000-6b097000 rw-p 00000000 00:00 0 
6b097000-6b1cf000 rw-p 00000000 00:00 0 
6b1cf000-6b1d8000 rw-p 00000000 00:00 0 
6b1d8000-6b20f000 rw-p 00000000 00:00 0 
6b20f000-6b22d000 rw-p 00000000 00:00 0 
6b22d000-6b364000 rw-p 00000000 00:00 0 
6b364000-6b3d1000 rw-p 00000000 00:00 0 
6b3d1000-6b40f000 rw-p 00000000 00:00 0 
6b40f000-6c450000 rw-p 00000000 00:00 0 
6c450000-73410000 rw-p 00000000 00:00 0 
73410000-77000000 rw-p 00000000 00:00 0 
77000000-9dec0000 rw-p 00000000 00:00 0 
9dec0000-ab730000 rw-p 00000000 00:00 0 
ab730000-b3410000 rw-p 00000000 00:00 0 
b3410000-b3413000 r--s 0000f000 08:0a 4063567    /usr/lib/jvm/java-7-openjdk-common/jre/lib/ext/pulse-java.jar
b3413000-b3417000 r-xp 00000000 08:0a 3955798    /usr/lib/i386-linux-gnu/libXfixes.so.3.1.0
b3417000-b3418000 r--p 00004000 08:0a 3955798    /usr/lib/i386-linux-gnu/libXfixes.so.3.1.0
b3418000-b3419000 rw-p 00005000 08:0a 3955798    /usr/lib/i386-linux-gnu/libXfixes.so.3.1.0
b3419000-b3422000 rw-p 00000000 00:00 0 
b3422000-b34d9000 rw-p 00000000 00:00 0 
b34d9000-b3719000 rwxp 00000000 00:00 0 
b3719000-b64d9000 rw-p 00000000 00:00 0 
b64d9000-b64e4000 r-xp 00000000 08:0a 1319146    /lib/i386-linux-gnu/libnss_files-2.15.so
b64e4000-b64e5000 r--p 0000a000 08:0a 1319146    /lib/i386-linux-gnu/libnss_files-2.15.so
b64e5000-b64e6000 rw-p 0000b000 08:0a 1319146    /lib/i386-linux-gnu/libnss_files-2.15.so
b64e6000-b64fc000 r-xp 00000000 08:0a 1319162    /lib/i386-linux-gnu/libnsl-2.15.so
b64fc000-b64fd000 r--p 00015000 08:0a 1319162    /lib/i386-linux-gnu/libnsl-2.15.so
b64fd000-b64fe000 rw-p 00016000 08:0a 1319162    /lib/i386-linux-gnu/libnsl-2.15.so
b64fe000-b6500000 rw-p 00000000 00:00 0 
b6500000-b65fa000 rw-p 00000000 00:00 0 
b65fa000-b6600000 ---p 00000000 00:00 0 
b6600000-b6601000 rw-p 00000000 00:00 0 
b6601000-b6606000 r-xp 00000000 08:0a 3935471    /usr/lib/i386-linux-gnu/libXtst.so.6.1.0
b6606000-b6607000 r--p 00004000 08:0a 3935471    /usr/lib/i386-linux-gnu/libXtst.so.6.1.0
b6607000-b6608000 rw-p 00005000 08:0a 3935471    /usr/lib/i386-linux-gnu/libXtst.so.6.1.0
b6608000-b6612000 r-xp 00000000 08:0a 1319150    /lib/i386-linux-gnu/libnss_nis-2.15.so
b6612000-b6613000 r--p 00009000 08:0a 1319150    /lib/i386-linux-gnu/libnss_nis-2.15.so
b6613000-b6614000 rw-p 0000a000 08:0a 1319150    /lib/i386-linux-gnu/libnss_nis-2.15.so
b6614000-b661b000 r-xp 00000000 08:0a 1319142    /lib/i386-linux-gnu/libnss_compat-2.15.so
b661b000-b661c000 r--p 00006000 08:0a 1319142    /lib/i386-linux-gnu/libnss_compat-2.15.so
b661c000-b661d000 rw-p 00007000 08:0a 1319142    /lib/i386-linux-gnu/libnss_compat-2.15.so
b661d000-b661f000 r-xp 00000000 08:0a 3955819    /usr/lib/i386-linux-gnu/libXinerama.so.1.0.0
b661f000-b6620000 r--p 00001000 08:0a 3955819    /usr/lib/i386-linux-gnu/libXinerama.so.1.0.0
b6620000-b6621000 rw-p 00002000 08:0a 3955819    /usr/lib/i386-linux-gnu/libXinerama.so.1.0.0
b6621000-b6629000 r-xp 00000000 08:0a 4078112    /usr/lib/jvm/java-7-openjdk-i386/jre/lib/i386/libzip.so
b6629000-b662a000 r--p 00007000 08:0a 4078112    /usr/lib/jvm/java-7-openjdk-i386/jre/lib/i386/libzip.so
b662a000-b662b000 rw-p 00008000 08:0a 4078112    /usr/lib/jvm/java-7-openjdk-i386/jre/lib/i386/libzip.so
b662b000-b6633000 rw-s 00000000 08:0a 5266348    /tmp/hsperfdata_matt/23314 (deleted)
b6633000-b665a000 r-xp 00000000 08:0a 4078135    /usr/lib/jvm/java-7-openjdk-i386/jre/lib/i386/libjava.so
b665a000-b665b000 r--p 00026000 08:0a 4078135    /usr/lib/jvm/java-7-openjdk-i386/jre/lib/i386/libjava.so
b665b000-b665c000 rw-p 00027000 08:0a 4078135    /usr/lib/jvm/java-7-openjdk-i386/jre/lib/i386/libjava.so
b665c000-b6663000 r-xp 00000000 08:0a 1319149    /lib/i386-linux-gnu/librt-2.15.so
b6663000-b6664000 r--p 00006000 08:0a 1319149    /lib/i386-linux-gnu/librt-2.15.so
b6664000-b6665000 rw-p 00007000 08:0a 1319149    /lib/i386-linux-gnu/librt-2.15.so
b6665000-b6668000 ---p 00000000 00:00 0 
b6668000-b66b6000 rw-p 00000000 00:00 0 
b66b6000-b66d2000 r-xp 00000000 08:0a 1311652    /lib/i386-linux-gnu/libgcc_s.so.1
b66d2000-b66d3000 r--p 0001b000 08:0a 1311652    /lib/i386-linux-gnu/libgcc_s.so.1
b66d3000-b66d4000 rw-p 0001c000 08:0a 1311652    /lib/i386-linux-gnu/libgcc_s.so.1
b66d4000-b66fe000 r-xp 00000000 08:0a 1319153    /lib/i386-linux-gnu/libm-2.15.so
b66fe000-b66ff000 r--p 00029000 08:0a 1319153    /lib/i386-linux-gnu/libm-2.15.so
b66ff000-b6700000 rw-p 0002a000 08:0a 1319153    /lib/i386-linux-gnu/libm-2.15.so
b6700000-b67d8000 r-xp 00000000 08:0a 3932513    /usr/lib/i386-linux-gnu/libstdc++.so.6.0.16
b67d8000-b67d9000 ---p 000d8000 08:0a 3932513    /usr/lib/i386-linux-gnu/libstdc++.so.6.0.16
b67d9000-b67dd000 r--p 000d8000 08:0a 3932513    /usr/lib/i386-linux-gnu/libstdc++.so.6.0.16
b67dd000-b67de000 rw-p 000dc000 08:0a 3932513    /usr/lib/i386-linux-gnu/libstdc++.so.6.0.16
b67de000-b67e5000 rw-p 00000000 00:00 0 
b67e5000-b70ca000 r-xp 00000000 08:0a 4078114    /usr/lib/jvm/java-7-openjdk-i386/jre/lib/i386/server/libjvm.so
b70ca000-b7111000 r--p 008e5000 08:0a 4078114    /usr/lib/jvm/java-7-openjdk-i386/jre/lib/i386/server/libjvm.so
b7111000-b7125000 rw-p 0092c000 08:0a 4078114    /usr/lib/jvm/java-7-openjdk-i386/jre/lib/i386/server/libjvm.so
b7125000-b7543000 rw-p 00000000 00:00 0 
b7543000-b7557000 r-xp 00000000 08:0a 1311731    /lib/i386-linux-gnu/libz.so.1.2.3.4
b7557000-b7558000 r--p 00013000 08:0a 1311731    /lib/i386-linux-gnu/libz.so.1.2.3.4
b7558000-b7559000 rw-p 00014000 08:0a 1311731    /lib/i386-linux-gnu/libz.so.1.2.3.4
b7559000-b7570000 r-xp 00000000 08:0a 1319151    /lib/i386-linux-gnu/libpthread-2.15.so
b7570000-b7571000 r--p 00016000 08:0a 1319151    /lib/i386-linux-gnu/libpthread-2.15.so
b7571000-b7572000 rw-p 00017000 08:0a 1319151    /lib/i386-linux-gnu/libpthread-2.15.so
b7572000-b7574000 rw-p 00000000 00:00 0 
b7574000-b7577000 r-xp 00000000 08:0a 1319157    /lib/i386-linux-gnu/libdl-2.15.so
b7577000-b7578000 r--p 00002000 08:0a 1319157    /lib/i386-linux-gnu/libdl-2.15.so
b7578000-b7579000 rw-p 00003000 08:0a 1319157    /lib/i386-linux-gnu/libdl-2.15.so
b7579000-b771c000 r-xp 00000000 08:0a 1319140    /lib/i386-linux-gnu/libc-2.15.so
b771c000-b771e000 r--p 001a3000 08:0a 1319140    /lib/i386-linux-gnu/libc-2.15.so
b771e000-b771f000 rw-p 001a5000 08:0a 1319140    /lib/i386-linux-gnu/libc-2.15.so
b771f000-b7722000 rw-p 00000000 00:00 0 
b7722000-b7723000 r--s 00007000 08:0a 4327239    /usr/share/java/java-atk-wrapper.jar
b7723000-b7724000 r--s 00002000 08:0a 4063568    /usr/lib/jvm/java-7-openjdk-common/jre/lib/ext/dnsns.jar
b7724000-b7725000 r-xp 00000000 08:0a 3932523    /usr/lib/i386-linux-gnu/libgthread-2.0.so.0.3200.3
b7725000-b7726000 r--p 00000000 08:0a 3932523    /usr/lib/i386-linux-gnu/libgthread-2.0.so.0.3200.3
b7726000-b7727000 rw-p 00001000 08:0a 3932523    /usr/lib/i386-linux-gnu/libgthread-2.0.so.0.3200.3
b7727000-b7728000 r--p 002c5000 08:0a 3937742    /usr/lib/locale/locale-archive
b7728000-b7729000 rw-p 00000000 00:00 0 
b7729000-b772a000 ---p 00000000 00:00 0 
b772a000-b7736000 r-xp 00000000 08:0a 4078121    /usr/lib/jvm/java-7-openjdk-i386/jre/lib/i386/libverify.so
b7736000-b7737000 r--p 0000b000 08:0a 4078121    /usr/lib/jvm/java-7-openjdk-i386/jre/lib/i386/libverify.so
b7737000-b7738000 rw-p 0000c000 08:0a 4078121    /usr/lib/jvm/java-7-openjdk-i386/jre/lib/i386/libverify.so
b7738000-b7745000 r-xp 00000000 08:0a 4078129    /usr/lib/jvm/java-7-openjdk-i386/jre/lib/i386/jli/libjli.so
b7745000-b7746000 r--p 0000c000 08:0a 4078129    /usr/lib/jvm/java-7-openjdk-i386/jre/lib/i386/jli/libjli.so
b7746000-b7747000 rw-p 0000d000 08:0a 4078129    /usr/lib/jvm/java-7-openjdk-i386/jre/lib/i386/jli/libjli.so
b7747000-b774a000 rw-p 00000000 00:00 0 
b774a000-b774b000 r-xp 00000000 00:00 0          [vdso]
b774b000-b776b000 r-xp 00000000 08:0a 1319154    /lib/i386-linux-gnu/ld-2.15.so
b776b000-b776c000 r--p 0001f000 08:0a 1319154    /lib/i386-linux-gnu/ld-2.15.so
b776c000-b776d000 rw-p 00020000 08:0a 1319154    /lib/i386-linux-gnu/ld-2.15.so
bf81c000-bf83d000 rw-p 00000000 00:00 0          [stack]

VM Arguments:
jvm_args: -Djava.library.path=/home/matt/CS/Hack/opencv/build/lib -Djava.security.policy=java.policy.applet -Dfile.encoding=UTF-8 
java_command: sun.applet.AppletViewer Main1373746799260.html
Launcher Type: SUN_STANDARD

Environment Variables:
PATH=/usr/lib/lightdm/lightdm:/usr/local/sbin:/usr/local/bin:/usr/sbin:/usr/bin:/sbin:/bin:/usr/games
LD_LIBRARY_PATH=/usr/lib/jvm/java-7-openjdk-i386/jre/lib/i386/server:/usr/lib/jvm/java-7-openjdk-i386/jre/lib/i386:/usr/lib/jvm/java-7-openjdk-i386/jre/../lib/i386:/usr/lib/jvm/java-7-openjdk-i386/jre/lib/i386/client:/usr/lib/jvm/java-7-openjdk-i386/jre/lib/i386:
SHELL=/bin/bash
DISPLAY=:0

Signal Handlers:
SIGSEGV: [libjvm.so+0x753ab0], sa_mask[0]=0x7ffbfeff, sa_flags=0x10000004
SIGBUS: [libjvm.so+0x753ab0], sa_mask[0]=0x7ffbfeff, sa_flags=0x10000004
SIGFPE: [libjvm.so+0x5e95d0], sa_mask[0]=0x7ffbfeff, sa_flags=0x10000004
SIGPIPE: [libjvm.so+0x5e95d0], sa_mask[0]=0x7ffbfeff, sa_flags=0x10000004
SIGXFSZ: [libjvm.so+0x5e95d0], sa_mask[0]=0x7ffbfeff, sa_flags=0x10000004
SIGILL: [libjvm.so+0x5e95d0], sa_mask[0]=0x7ffbfeff, sa_flags=0x10000004
SIGUSR1: SIG_DFL, sa_mask[0]=0x00000000, sa_flags=0x00000000
SIGUSR2: [libjvm.so+0x5e9460], sa_mask[0]=0x00000004, sa_flags=0x10000004
SIGHUP: [libjvm.so+0x5e9ae0], sa_mask[0]=0x7ffbfeff, sa_flags=0x10000004
SIGINT: [libjvm.so+0x5e9ae0], sa_mask[0]=0x7ffbfeff, sa_flags=0x10000004
SIGTERM: [libjvm.so+0x5e9ae0], sa_mask[0]=0x7ffbfeff, sa_flags=0x10000004
SIGQUIT: [libjvm.so+0x5e9ae0], sa_mask[0]=0x7ffbfeff, sa_flags=0x10000004


---------------  S Y S T E M  ---------------

OS:Ubuntu 12.04 (precise)
uname:Linux 3.2.0-49-generic-pae #75-Ubuntu SMP Tue Jun 18 18:00:21 UTC 2013 i686
libc:glibc 2.15 NPTL 2.15 
rlimit: STACK 8192k, CORE 0k, NPROC 64018, NOFILE 4096, AS infinity
load average:0.27 0.16 0.29

/proc/meminfo:
MemTotal:        8208944 kB
MemFree:         5466660 kB
Buffers:          159640 kB
Cached:          1012376 kB
SwapCached:            0 kB
Active:          1826736 kB
Inactive:         789796 kB
Active(anon):    1460240 kB
Inactive(anon):   112804 kB
Active(file):     366496 kB
Inactive(file):   676992 kB
Unevictable:          48 kB
Mlocked:              48 kB
HighTotal:       7420168 kB
HighFree:        4928884 kB
LowTotal:         788776 kB
LowFree:          537776 kB
SwapTotal:       8330236 kB
SwapFree:        8330236 kB
Dirty:               356 kB
Writeback:             0 kB
AnonPages:       1444700 kB
Mapped:           212872 kB
Shmem:            128528 kB
Slab:              64304 kB
SReclaimable:      36880 kB
SUnreclaim:        27424 kB
KernelStack:        4520 kB
PageTables:        15908 kB
NFS_Unstable:          0 kB
Bounce:                0 kB
WritebackTmp:          0 kB
CommitLimit:    12434708 kB
Committed_AS:    4426500 kB
VmallocTotal:     122880 kB
VmallocUsed:       29668 kB
VmallocChunk:      86452 kB
HardwareCorrupted:     0 kB
AnonHugePages:         0 kB
HugePages_Total:       0
HugePages_Free:        0
HugePages_Rsvd:        0
HugePages_Surp:        0
Hugepagesize:       2048 kB
DirectMap4k:       10232 kB
DirectMap2M:      903168 kB


CPU:total 8 (4 cores per cpu, 2 threads per core) family 6 model 42 stepping 7, cmov, cx8, fxsr, mmx, sse, sse2, sse3, ssse3, sse4.1, sse4.2, popcnt, avx, ht, tsc, tscinvbit

/proc/cpuinfo:
processor	: 0
vendor_id	: GenuineIntel
cpu family	: 6
model		: 42
model name	: Intel(R) Core(TM) i7-2630QM CPU @ 2.00GHz
stepping	: 7
microcode	: 0x17
cpu MHz		: 800.000
cache size	: 6144 KB
physical id	: 0
siblings	: 8
core id		: 0
cpu cores	: 4
apicid		: 0
initial apicid	: 0
fdiv_bug	: no
hlt_bug		: no
f00f_bug	: no
coma_bug	: no
fpu		: yes
fpu_exception	: yes
cpuid level	: 13
wp		: yes
flags		: fpu vme de pse tsc msr pae mce cx8 apic sep mtrr pge mca cmov pat pse36 clflush dts acpi mmx fxsr sse sse2 ss ht tm pbe nx rdtscp lm constant_tsc arch_perfmon pebs bts xtopology nonstop_tsc aperfmperf pni pclmulqdq dtes64 monitor ds_cpl vmx est tm2 ssse3 cx16 xtpr pdcm pcid sse4_1 sse4_2 x2apic popcnt tsc_deadline_timer xsave avx lahf_lm ida arat epb xsaveopt pln pts dtherm tpr_shadow vnmi flexpriority ept vpid
bogomips	: 3991.07
clflush size	: 64
cache_alignment	: 64
address sizes	: 36 bits physical, 48 bits virtual
power management:

processor	: 1
vendor_id	: GenuineIntel
cpu family	: 6
model		: 42
model name	: Intel(R) Core(TM) i7-2630QM CPU @ 2.00GHz
stepping	: 7
microcode	: 0x17
cpu MHz		: 800.000
cache size	: 6144 KB
physical id	: 0
siblings	: 8
core id		: 0
cpu cores	: 4
apicid		: 1
initial apicid	: 1
fdiv_bug	: no
hlt_bug		: no
f00f_bug	: no
coma_bug	: no
fpu		: yes
fpu_exception	: yes
cpuid level	: 13
wp		: yes
flags		: fpu vme de pse tsc msr pae mce cx8 apic sep mtrr pge mca cmov pat pse36 clflush dts acpi mmx fxsr sse sse2 ss ht tm pbe nx rdtscp lm constant_tsc arch_perfmon pebs bts xtopology nonstop_tsc aperfmperf pni pclmulqdq dtes64 monitor ds_cpl vmx est tm2 ssse3 cx16 xtpr pdcm pcid sse4_1 sse4_2 x2apic popcnt tsc_deadline_timer xsave avx lahf_lm ida arat epb xsaveopt pln pts dtherm tpr_shadow vnmi flexpriority ept vpid
bogomips	: 3990.74
clflush size	: 64
cache_alignment	: 64
address sizes	: 36 bits physical, 48 bits virtual
power management:

processor	: 2
vendor_id	: GenuineIntel
cpu family	: 6
model		: 42
model name	: Intel(R) Core(TM) i7-2630QM CPU @ 2.00GHz
stepping	: 7
microcode	: 0x17
cpu MHz		: 800.000
cache size	: 6144 KB
physical id	: 0
siblings	: 8
core id		: 1
cpu cores	: 4
apicid		: 2
initial apicid	: 2
fdiv_bug	: no
hlt_bug		: no
f00f_bug	: no
coma_bug	: no
fpu		: yes
fpu_exception	: yes
cpuid level	: 13
wp		: yes
flags		: fpu vme de pse tsc msr pae mce cx8 apic sep mtrr pge mca cmov pat pse36 clflush dts acpi mmx fxsr sse sse2 ss ht tm pbe nx rdtscp lm constant_tsc arch_perfmon pebs bts xtopology nonstop_tsc aperfmperf pni pclmulqdq dtes64 monitor ds_cpl vmx est tm2 ssse3 cx16 xtpr pdcm pcid sse4_1 sse4_2 x2apic popcnt tsc_deadline_timer xsave avx lahf_lm ida arat epb xsaveopt pln pts dtherm tpr_shadow vnmi flexpriority ept vpid
bogomips	: 3990.76
clflush size	: 64
cache_alignment	: 64
address sizes	: 36 bits physical, 48 bits virtual
power management:

processor	: 3
vendor_id	: GenuineIntel
cpu family	: 6
model		: 42
model name	: Intel(R) Core(TM) i7-2630QM CPU @ 2.00GHz
stepping	: 7
microcode	: 0x17
cpu MHz		: 800.000
cache size	: 6144 KB
physical id	: 0
siblings	: 8
core id		: 1
cpu cores	: 4
apicid		: 3
initial apicid	: 3
fdiv_bug	: no
hlt_bug		: no
f00f_bug	: no
coma_bug	: no
fpu		: yes
fpu_exception	: yes
cpuid level	: 13
wp		: yes
flags		: fpu vme de pse tsc msr pae mce cx8 apic sep mtrr pge mca cmov pat pse36 clflush dts acpi mmx fxsr sse sse2 ss ht tm pbe nx rdtscp lm constant_tsc arch_perfmon pebs bts xtopology nonstop_tsc aperfmperf pni pclmulqdq dtes64 monitor ds_cpl vmx est tm2 ssse3 cx16 xtpr pdcm pcid sse4_1 sse4_2 x2apic popcnt tsc_deadline_timer xsave avx lahf_lm ida arat epb xsaveopt pln pts dtherm tpr_shadow vnmi flexpriority ept vpid
bogomips	: 3990.75
clflush size	: 64
cache_alignment	: 64
address sizes	: 36 bits physical, 48 bits virtual
power management:

processor	: 4
vendor_id	: GenuineIntel
cpu family	: 6
model		: 42
model name	: Intel(R) Core(TM) i7-2630QM CPU @ 2.00GHz
stepping	: 7
microcode	: 0x17
cpu MHz		: 800.000
cache size	: 6144 KB
physical id	: 0
siblings	: 8
core id		: 2
cpu cores	: 4
apicid		: 4
initial apicid	: 4
fdiv_bug	: no
hlt_bug		: no
f00f_bug	: no
coma_bug	: no
fpu		: yes
fpu_exception	: yes
cpuid level	: 13
wp		: yes
flags		: fpu vme de pse tsc msr pae mce cx8 apic sep mtrr pge mca cmov pat pse36 clflush dts acpi mmx fxsr sse sse2 ss ht tm pbe nx rdtscp lm constant_tsc arch_perfmon pebs bts xtopology nonstop_tsc aperfmperf pni pclmulqdq dtes64 monitor ds_cpl vmx est tm2 ssse3 cx16 xtpr pdcm pcid sse4_1 sse4_2 x2apic popcnt tsc_deadline_timer xsave avx lahf_lm ida arat epb xsaveopt pln pts dtherm tpr_shadow vnmi flexpriority ept vpid
bogomips	: 3990.74
clflush size	: 64
cache_alignment	: 64
address sizes	: 36 bits physical, 48 bits virtual
power management:

processor	: 5
vendor_id	: GenuineIntel
cpu family	: 6
model		: 42
model name	: Intel(R) Core(TM) i7-2630QM CPU @ 2.00GHz
stepping	: 7
microcode	: 0x17
cpu MHz		: 1100.000
cache size	: 6144 KB
physical id	: 0
siblings	: 8
core id		: 2
cpu cores	: 4
apicid		: 5
initial apicid	: 5
fdiv_bug	: no
hlt_bug		: no
f00f_bug	: no
coma_bug	: no
fpu		: yes
fpu_exception	: yes
cpuid level	: 13
wp		: yes
flags		: fpu vme de pse tsc msr pae mce cx8 apic sep mtrr pge mca cmov pat pse36 clflush dts acpi mmx fxsr sse sse2 ss ht tm pbe nx rdtscp lm constant_tsc arch_perfmon pebs bts xtopology nonstop_tsc aperfmperf pni pclmulqdq dtes64 monitor ds_cpl vmx est tm2 ssse3 cx16 xtpr pdcm pcid sse4_1 sse4_2 x2apic popcnt tsc_deadline_timer xsave avx lahf_lm ida arat epb xsaveopt pln pts dtherm tpr_shadow vnmi flexpriority ept vpid
bogomips	: 3990.75
clflush size	: 64
cache_alignment	: 64
address sizes	: 36 bits physical, 48 bits virtual
power management:

processor	: 6
vendor_id	: GenuineIntel
cpu family	: 6
model		: 42
model name	: Intel(R) Core(TM) i7-2630QM CPU @ 2.00GHz
stepping	: 7
microcode	: 0x17
cpu MHz		: 800.000
cache size	: 6144 KB
physical id	: 0
siblings	: 8
core id		: 3
cpu cores	: 4
apicid		: 6
initial apicid	: 6
fdiv_bug	: no
hlt_bug		: no
f00f_bug	: no
coma_bug	: no
fpu		: yes
fpu_exception	: yes
cpuid level	: 13
wp		: yes
flags		: fpu vme de pse tsc msr pae mce cx8 apic sep mtrr pge mca cmov pat pse36 clflush dts acpi mmx fxsr sse sse2 ss ht tm pbe nx rdtscp lm constant_tsc arch_perfmon pebs bts xtopology nonstop_tsc aperfmperf pni pclmulqdq dtes64 monitor ds_cpl vmx est tm2 ssse3 cx16 xtpr pdcm pcid sse4_1 sse4_2 x2apic popcnt tsc_deadline_timer xsave avx lahf_lm ida arat epb xsaveopt pln pts dtherm tpr_shadow vnmi flexpriority ept vpid
bogomips	: 3990.76
clflush size	: 64
cache_alignment	: 64
address sizes	: 36 bits physical, 48 bits virtual
power management:

processor	: 7
vendor_id	: GenuineIntel
cpu family	: 6
model		: 42
model name	: Intel(R) Core(TM) i7-2630QM CPU @ 2.00GHz
stepping	: 7
microcode	: 0x17
cpu MHz		: 800.000
cache size	: 6144 KB
physical id	: 0
siblings	: 8
core id		: 3
cpu cores	: 4
apicid		: 7
initial apicid	: 7
fdiv_bug	: no
hlt_bug		: no
f00f_bug	: no
coma_bug	: no
fpu		: yes
fpu_exception	: yes
cpuid level	: 13
wp		: yes
flags		: fpu vme de pse tsc msr pae mce cx8 apic sep mtrr pge mca cmov pat pse36 clflush dts acpi mmx fxsr sse sse2 ss ht tm pbe nx rdtscp lm constant_tsc arch_perfmon pebs bts xtopology nonstop_tsc aperfmperf pni pclmulqdq dtes64 monitor ds_cpl vmx est tm2 ssse3 cx16 xtpr pdcm pcid sse4_1 sse4_2 x2apic popcnt tsc_deadline_timer xsave avx lahf_lm ida arat epb xsaveopt pln pts dtherm tpr_shadow vnmi flexpriority ept vpid
bogomips	: 3990.75
clflush size	: 64
cache_alignment	: 64
address sizes	: 36 bits physical, 48 bits virtual
power management:



Memory: 4k page, physical 8208944k(5466660k free), swap 8330236k(8330236k free)

vm_info: OpenJDK Server VM (23.7-b01) for linux-x86 JRE (1.7.0_21-b02), built on Apr 23 2013 13:58:31 by "buildd" with gcc 4.6.3

time: Sat Jul 13 13:55:29 2013
elapsed time: 2130 seconds

