#
# A fatal error has been detected by the Java Runtime Environment:
#
#  SIGSEGV (0xb) at pc=0x643cf675, pid=22856, tid=1724906304
#
# JRE version: 7.0_21-b02
# Java VM: OpenJDK Server VM (23.7-b01 mixed mode linux-x86 )
# Problematic frame:
# C  [libopencv_java246.so+0x30e675]  cv::Mutex::~Mutex()+0x25
#
# Failed to write core dump. Core dumps have been disabled. To enable core dumping, try "ulimit -c unlimited" before starting Java again
#
# If you would like to submit a bug report, please include
# instructions on how to reproduce the bug and visit:
#   https://bugs.launchpad.net/ubuntu/+source/openjdk-7/
#

---------------  T H R E A D  ---------------

Current thread (0x66ba8400):  VMThread [stack: 0x66c7f000,0x66d00000] [id=22871]

siginfo:si_signo=SIGSEGV: si_errno=0, si_code=1 (SEGV_MAPERR), si_addr=0x00000004

Registers:
EAX=0x00000000, EBX=0x64b5bff4, ECX=0x6a2058d8, EDX=0xffffffff
ESP=0x66cff080, EBP=0xb76ba3e4, ESI=0x64bfeefc, EDI=0x0000008f
EIP=0x643cf675, EFLAGS=0x00010212, CR2=0x00000004

Top of Stack: (sp=0x66cff080)
0x66cff080:   6a205d38 0000008f b76ba3e4 b76b9ff4
0x66cff090:   b76b9ff4 6a205870 0000008f b7547f51
0x66cff0a0:   64bfeefc 0000008f b75f5542 b6daebe1
0x66cff0b0:   b6504f38 b68b9ab6 b70acff4 01d7a813
0x66cff0c0:   b6500468 656d6974 b6507cf0 b76b9ff4
0x66cff0d0:   631a1c84 b6530bb0 b6530fa4 b7547fdd
0x66cff0e0:   0000008f b76ba3e4 00000001 b6dadd4f
0x66cff0f0:   b750087f b7547fb6 b70acff4 b6ba2510 

Instructions: (pc=0x643cf675)
0x643cf655:   ff ff ff 89 74 24 14 8b 74 24 20 89 5c 24 10 e8
0x643cf665:   be 32 e1 ff 81 c3 8b c9 78 00 89 7c 24 18 8b 06
0x643cf675:   f0 0f c1 50 04 83 fa 01 74 19 c7 06 00 00 00 00
0x643cf685:   8b 5c 24 10 8b 74 24 14 8b 7c 24 18 83 c4 1c c3 

Register to memory mapping:

EAX=0x00000000 is an unknown value
EBX=0x64b5bff4: <offset 0xa9aff4> in /home/matt/CS/Hack/opencv/build/lib/libopencv_java246.so at 0x640c1000
ECX=0x6a2058d8 is an unknown value
EDX=0xffffffff is an unknown value
ESP=0x66cff080 is an unknown value
EBP=0xb76ba3e4: <offset 0x1a53e4> in /lib/i386-linux-gnu/libc.so.6 at 0xb7515000
ESI=0x64bfeefc: _ZN2cv15SURFFindInvoker19findMaximaInLayer_mE+0 in /home/matt/CS/Hack/opencv/build/lib/libopencv_java246.so at 0x640c1000
EDI=0x0000008f is an unknown value


Stack: [0x66c7f000,0x66d00000],  sp=0x66cff080,  free space=512k
Native frames: (J=compiled Java code, j=interpreted, Vv=VM code, C=native code)
C  [libopencv_java246.so+0x30e675]  cv::Mutex::~Mutex()+0x25

VM_Operation (0x631a1c84): Exit, mode: safepoint, requested by thread 0x6640b400


---------------  P R O C E S S  ---------------

Java Threads: ( => current thread )
  0x6640b400 JavaThread "SIGTERM handler" daemon [_thread_blocked, id=22894, stack(0x63152000,0x631a3000)]
  0x66911000 JavaThread "Animation Thread" [_thread_blocked, id=22887, stack(0x64daf000,0x64e00000)]
  0x66903c00 JavaThread "AWT-EventQueue-1" [_thread_blocked, id=22886, stack(0x64f07000,0x64f58000)]
  0xb6506800 JavaThread "DestroyJavaVM" [_thread_blocked, id=22858, stack(0xb6601000,0xb6652000)]
  0x651a7c00 JavaThread "AWT-EventQueue-0" [_thread_blocked, id=22884, stack(0x64f6b000,0x64fbc000)]
  0x651a2400 JavaThread "AWT-Shutdown" [_thread_blocked, id=22883, stack(0x64fbc000,0x6500d000)]
  0x6517c400 JavaThread "thread applet-Main.class" [_thread_blocked, id=22882, stack(0x6500d000,0x6505e000)]
  0x65164c00 JavaThread "AWT-XAWT" daemon [_thread_blocked, id=22880, stack(0x6505e000,0x650af000)]
  0x65133400 JavaThread "Java2D Disposer" daemon [_thread_blocked, id=22879, stack(0x650af000,0x65100000)]
  0x66bf7c00 JavaThread "Service Thread" daemon [_thread_blocked, id=22877, stack(0x6a92e000,0x6a97f000)]
  0x66bf6000 JavaThread "C2 CompilerThread1" daemon [_thread_blocked, id=22876, stack(0x6637f000,0x66400000)]
  0x66bf4000 JavaThread "C2 CompilerThread0" daemon [_thread_blocked, id=22875, stack(0x66e4a000,0x66ecb000)]
  0x66bf2400 JavaThread "Signal Dispatcher" daemon [_thread_blocked, id=22874, stack(0x6ab2e000,0x6ab7f000)]
  0x66bb0000 JavaThread "Finalizer" daemon [_thread_blocked, id=22873, stack(0x6ad2e000,0x6ad7f000)]
  0x66bae400 JavaThread "Reference Handler" daemon [_thread_blocked, id=22872, stack(0x6af07000,0x6af58000)]

Other Threads:
=>0x66ba8400 VMThread [stack: 0x66c7f000,0x66d00000] [id=22871]

VM state:at safepoint (shutting down)

VM Mutex/Monitor currently owned by a thread:  ([mutex/lock_event])
[0xb6504238] Threads_lock - owner thread: 0x66ba8400

Heap
 PSYoungGen      total 165824K, used 33632K [0x9de60000, 0xaba90000, 0xb33b0000)
  eden space 118208K, 2% used [0x9de60000,0x9e150420,0xa51d0000)
  from space 47616K, 64% used [0xa8c10000,0xaa9f7d90,0xaba90000)
  to   space 53632K, 0% used [0xa51d0000,0xa51d0000,0xa8630000)
 ParOldGen       total 82752K, used 21475K [0x733b0000, 0x78480000, 0x9de60000)
  object space 82752K, 25% used [0x733b0000,0x748a8fb8,0x78480000)
 PSPermGen       total 16896K, used 8358K [0x6b3b0000, 0x6c430000, 0x733b0000)
  object space 16896K, 49% used [0x6b3b0000,0x6bbd99f0,0x6c430000)

Card table byte_map: [0x6b16f000,0x6b3b0000] byte_map_base: 0x6ae15280

Polling page: 0xb76c5000

Code Cache  [0xb347c000, 0xb36bc000, 0xb647c000)
 total_blobs=415 nmethods=148 adapters=219 free_code_cache=48464Kb largest_free_block=49601792

Compilation events (10 events):
Event: 48.001 Thread 0x66bf4000  141             java.lang.Integer::stringSize (21 bytes)
Event: 48.001 Thread 0x66bf6000  142             java.lang.Integer::getChars (131 bytes)
Event: 48.003 Thread 0x66bf4000 nmethod 141 0xb34f6b08 code [0xb34f6c00, 0xb34f6cd0]
Event: 48.005 Thread 0x66bf6000 nmethod 142 0xb351f588 code [0xb351f6a0, 0xb351f970]
Event: 51.218 Thread 0x66bf4000  143             java.security.AccessControlContext::optimize (319 bytes)
Event: 51.228 Thread 0x66bf4000 nmethod 143 0xb3525308 code [0xb3525440, 0xb3525a3c]
Event: 51.268 Thread 0x66bf6000  144             java.awt.EventQueue::getNextEventPrivate (76 bytes)
Event: 51.271 Thread 0x66bf6000 nmethod 144 0xb3525e88 code [0xb3525fa0, 0xb35260fc]
Event: 51.934 Thread 0x66bf4000  145             java.util.HashMap::getEntry (77 bytes)
Event: 51.938 Thread 0x66bf4000 nmethod 145 0xb351eec8 code [0xb351efe0, 0xb351f2bc]

GC Heap History (10 events):
Event: 32.861 GC heap before
{Heap before GC invocations=34 (full 2):
 PSYoungGen      total 189120K, used 171084K [0x9de60000, 0xacfc0000, 0xb33b0000)
  eden space 134656K, 100% used [0x9de60000,0xa61e0000,0xa61e0000)
  from space 54464K, 66% used [0xa61e0000,0xa8573010,0xa9710000)
  to   space 53888K, 0% used [0xa9b20000,0xa9b20000,0xacfc0000)
 ParOldGen       total 82752K, used 21459K [0x733b0000, 0x78480000, 0x9de60000)
  object space 82752K, 25% used [0x733b0000,0x748a4fb8,0x78480000)
 PSPermGen       total 16896K, used 8322K [0x6b3b0000, 0x6c430000, 0x733b0000)
  object space 16896K, 49% used [0x6b3b0000,0x6bbd0b68,0x6c430000)
Event: 32.868 GC heap after
Heap after GC invocations=34 (full 2):
 PSYoungGen      total 187648K, used 31965K [0x9de60000, 0xacaf0000, 0xb33b0000)
  eden space 138688K, 0% used [0x9de60000,0x9de60000,0xa65d0000)
  from space 48960K, 65% used [0xa9b20000,0xaba577d0,0xacaf0000)
  to   space 51776K, 0% used [0xa65d0000,0xa65d0000,0xa9860000)
 ParOldGen       total 82752K, used 21459K [0x733b0000, 0x78480000, 0x9de60000)
  object space 82752K, 25% used [0x733b0000,0x748a4fb8,0x78480000)
 PSPermGen       total 16896K, used 8322K [0x6b3b0000, 0x6c430000, 0x733b0000)
  object space 16896K, 49% used [0x6b3b0000,0x6bbd0b68,0x6c430000)
}
Event: 35.388 GC heap before
{Heap before GC invocations=35 (full 2):
 PSYoungGen      total 187648K, used 170492K [0x9de60000, 0xacaf0000, 0xb33b0000)
  eden space 138688K, 99% used [0x9de60000,0xa65a7a68,0xa65d0000)
  from space 48960K, 65% used [0xa9b20000,0xaba577d0,0xacaf0000)
  to   space 51776K, 0% used [0xa65d0000,0xa65d0000,0xa9860000)
 ParOldGen       total 82752K, used 21459K [0x733b0000, 0x78480000, 0x9de60000)
  object space 82752K, 25% used [0x733b0000,0x748a4fb8,0x78480000)
 PSPermGen       total 16896K, used 8323K [0x6b3b0000, 0x6c430000, 0x733b0000)
  object space 16896K, 49% used [0x6b3b0000,0x6bbd0c60,0x6c430000)
Event: 35.396 GC heap after
Heap after GC invocations=35 (full 2):
 PSYoungGen      total 167488K, used 34279K [0x9de60000, 0xac330000, 0xb33b0000)
  eden space 133184K, 0% used [0x9de60000,0x9de60000,0xa6070000)
  from space 34304K, 99% used [0xa65d0000,0xa8749f60,0xa8750000)
  to   space 50560K, 0% used [0xa91d0000,0xa91d0000,0xac330000)
 ParOldGen       total 82752K, used 21463K [0x733b0000, 0x78480000, 0x9de60000)
  object space 82752K, 25% used [0x733b0000,0x748a5fb8,0x78480000)
 PSPermGen       total 16896K, used 8323K [0x6b3b0000, 0x6c430000, 0x733b0000)
  object space 16896K, 49% used [0x6b3b0000,0x6bbd0c60,0x6c430000)
}
Event: 38.233 GC heap before
{Heap before GC invocations=36 (full 2):
 PSYoungGen      total 167488K, used 167463K [0x9de60000, 0xac330000, 0xb33b0000)
  eden space 133184K, 100% used [0x9de60000,0xa6070000,0xa6070000)
  from space 34304K, 99% used [0xa65d0000,0xa8749f60,0xa8750000)
  to   space 50560K, 0% used [0xa91d0000,0xa91d0000,0xac330000)
 ParOldGen       total 82752K, used 21463K [0x733b0000, 0x78480000, 0x9de60000)
  object space 82752K, 25% used [0x733b0000,0x748a5fb8,0x78480000)
 PSPermGen       total 16896K, used 8323K [0x6b3b0000, 0x6c430000, 0x733b0000)
  object space 16896K, 49% used [0x6b3b0000,0x6bbd0cf0,0x6c430000)
Event: 38.239 GC heap after
Heap after GC invocations=36 (full 2):
 PSYoungGen      total 174272K, used 38859K [0x9de60000, 0xabf10000, 0xb33b0000)
  eden space 127936K, 0% used [0x9de60000,0x9de60000,0xa5b50000)
  from space 46336K, 83% used [0xa91d0000,0xab7c2c30,0xabf10000)
  to   space 51072K, 0% used [0xa5b50000,0xa5b50000,0xa8d30000)
 ParOldGen       total 82752K, used 21467K [0x733b0000, 0x78480000, 0x9de60000)
  object space 82752K, 25% used [0x733b0000,0x748a6fb8,0x78480000)
 PSPermGen       total 16896K, used 8323K [0x6b3b0000, 0x6c430000, 0x733b0000)
  object space 16896K, 49% used [0x6b3b0000,0x6bbd0cf0,0x6c430000)
}
Event: 39.376 GC heap before
{Heap before GC invocations=37 (full 2):
 PSYoungGen      total 174272K, used 166795K [0x9de60000, 0xabf10000, 0xb33b0000)
  eden space 127936K, 100% used [0x9de60000,0xa5b50000,0xa5b50000)
  from space 46336K, 83% used [0xa91d0000,0xab7c2c30,0xabf10000)
  to   space 51072K, 0% used [0xa5b50000,0xa5b50000,0xa8d30000)
 ParOldGen       total 82752K, used 21467K [0x733b0000, 0x78480000, 0x9de60000)
  object space 82752K, 25% used [0x733b0000,0x748a6fb8,0x78480000)
 PSPermGen       total 16896K, used 8324K [0x6b3b0000, 0x6c430000, 0x733b0000)
  object space 16896K, 49% used [0x6b3b0000,0x6bbd1008,0x6c430000)
Event: 39.383 GC heap after
Heap after GC invocations=37 (full 2):
 PSYoungGen      total 171392K, used 48409K [0x9de60000, 0xac1b0000, 0xb33b0000)
  eden space 122944K, 0% used [0x9de60000,0x9de60000,0xa5670000)
  from space 48448K, 99% used [0xa5b50000,0xa8a96790,0xa8aa0000)
  to   space 54912K, 0% used [0xa8c10000,0xa8c10000,0xac1b0000)
 ParOldGen       total 82752K, used 21471K [0x733b0000, 0x78480000, 0x9de60000)
  object space 82752K, 25% used [0x733b0000,0x748a7fb8,0x78480000)
 PSPermGen       total 16896K, used 8324K [0x6b3b0000, 0x6c430000, 0x733b0000)
  object space 16896K, 49% used [0x6b3b0000,0x6bbd1008,0x6c430000)
}
Event: 52.328 GC heap before
{Heap before GC invocations=38 (full 2):
 PSYoungGen      total 171392K, used 171353K [0x9de60000, 0xac1b0000, 0xb33b0000)
  eden space 122944K, 100% used [0x9de60000,0xa5670000,0xa5670000)
  from space 48448K, 99% used [0xa5b50000,0xa8a96790,0xa8aa0000)
  to   space 54912K, 0% used [0xa8c10000,0xa8c10000,0xac1b0000)
 ParOldGen       total 82752K, used 21471K [0x733b0000, 0x78480000, 0x9de60000)
  object space 82752K, 25% used [0x733b0000,0x748a7fb8,0x78480000)
 PSPermGen       total 16896K, used 8351K [0x6b3b0000, 0x6c430000, 0x733b0000)
  object space 16896K, 49% used [0x6b3b0000,0x6bbd7e98,0x6c430000)
Event: 52.332 GC heap after
Heap after GC invocations=38 (full 2):
 PSYoungGen      total 165824K, used 30623K [0x9de60000, 0xaba90000, 0xb33b0000)
  eden space 118208K, 0% used [0x9de60000,0x9de60000,0xa51d0000)
  from space 47616K, 64% used [0xa8c10000,0xaa9f7d90,0xaba90000)
  to   space 53632K, 0% used [0xa51d0000,0xa51d0000,0xa8630000)
 ParOldGen       total 82752K, used 21475K [0x733b0000, 0x78480000, 0x9de60000)
  object space 82752K, 25% used [0x733b0000,0x748a8fb8,0x78480000)
 PSPermGen       total 16896K, used 8351K [0x6b3b0000, 0x6c430000, 0x733b0000)
  object space 16896K, 49% used [0x6b3b0000,0x6bbd7e98,0x6c430000)
}

Deoptimization events (10 events):
Event: 2.008 Thread 0x66911000 Uncommon trap -34 fr.pc 0xb34e52f0
Event: 2.353 Thread 0x66911000 Uncommon trap -34 fr.pc 0xb34e52f0
Event: 2.494 Thread 0x66911000 Uncommon trap -34 fr.pc 0xb34e52f0
Event: 2.636 Thread 0x66911000 Uncommon trap -34 fr.pc 0xb34e52f0
Event: 3.354 Thread 0x66911000 Uncommon trap -34 fr.pc 0xb3502a24
Event: 3.358 Thread 0x66911000 Uncommon trap -83 fr.pc 0xb34f1a3c
Event: 3.389 Thread 0x66911000 Uncommon trap -122 fr.pc 0xb34f4c64
Event: 4.745 Thread 0x66911000 Uncommon trap -34 fr.pc 0xb3502a24
Event: 5.230 Thread 0x66911000 Uncommon trap -34 fr.pc 0xb3502a24
Event: 5.751 Thread 0x66911000 Uncommon trap -34 fr.pc 0xb3502a24

Internal exceptions (10 events):
Event: 0.544 Thread 0x66911000 Threw 0x9e12fd18 at /build/buildd/openjdk-7-7u21-2.3.9/build/openjdk/hotspot/src/share/vm/prims/jvm.cpp:1166
Event: 0.547 Thread 0x66911000 Threw 0x9e13b030 at /build/buildd/openjdk-7-7u21-2.3.9/build/openjdk/hotspot/src/share/vm/prims/jvm.cpp:1166
Event: 0.625 Thread 0x66911000 Threw 0x9e58c0d0 at /build/buildd/openjdk-7-7u21-2.3.9/build/openjdk/hotspot/src/share/vm/prims/jvm.cpp:1166
Event: 0.880 Thread 0x66911000 Threw 0x9e591ce8 at /build/buildd/openjdk-7-7u21-2.3.9/build/openjdk/hotspot/src/share/vm/prims/jvm.cpp:1166
Event: 2.314 Thread 0x66911000 Threw 0x9e66de50 at /build/buildd/openjdk-7-7u21-2.3.9/build/openjdk/hotspot/src/share/vm/prims/jvm.cpp:1166
Event: 3.358 Thread 0x66911000 Implicit null exception at 0xb34f095c to 0xb34f1a25
Event: 40.367 Thread 0x66911000 Threw 0xa515be48 at /build/buildd/openjdk-7-7u21-2.3.9/build/openjdk/hotspot/src/share/vm/prims/jvm.cpp:1166
Event: 52.336 Thread 0x66911000 Threw 0x9df89e80 at /build/buildd/openjdk-7-7u21-2.3.9/build/openjdk/hotspot/src/share/vm/prims/jni.cpp:716
Event: 52.336 Thread 0x66911000 Threw 0x9df8a068 at /build/buildd/openjdk-7-7u21-2.3.9/build/openjdk/hotspot/src/share/vm/prims/jni.cpp:716
Event: 52.336 Thread 0x66911000 Threw 0x9df8a1d8 at /build/buildd/openjdk-7-7u21-2.3.9/build/openjdk/hotspot/src/share/vm/prims/jni.cpp:716

Events (10 events):
Event: 52.334 Executing VM operation: RevokeBias done
Event: 52.334 Executing VM operation: RevokeBias
Event: 52.334 Executing VM operation: RevokeBias done
Event: 52.334 Thread 0x6a405400 Thread exited: 0x6a405400
Event: 52.336 loading class 0x66bd1360
Event: 52.336 loading class 0x66bd1360 done
Event: 52.341 Executing VM operation: RevokeBias
Event: 52.341 Executing VM operation: RevokeBias done
Event: 52.341 Thread 0x6a406400 Thread exited: 0x6a406400
Event: 52.341 Executing VM operation: Exit


Dynamic libraries:
08048000-08049000 r-xp 00000000 08:0a 3935629    /usr/lib/jvm/java-7-openjdk-i386/jre/bin/java
08049000-0804a000 r--p 00000000 08:0a 3935629    /usr/lib/jvm/java-7-openjdk-i386/jre/bin/java
0804a000-0804b000 rw-p 00001000 08:0a 3935629    /usr/lib/jvm/java-7-openjdk-i386/jre/bin/java
086a2000-086c5000 rw-p 00000000 00:00 0          [heap]
61853000-61a29000 rw-s 00000000 00:04 46301200   /SYSV00000000 (deleted)
61a29000-61c00000 rw-p 00000000 00:00 0 
61c00000-61d55000 rw-p 00000000 00:00 0 
61d55000-61e00000 ---p 00000000 00:00 0 
61e00000-61ef9000 rw-p 00000000 00:00 0 
61ef9000-61f00000 ---p 00000000 00:00 0 
61f00000-62000000 rw-p 00000000 00:00 0 
62000000-620ff000 rw-p 00000000 00:00 0 
620ff000-62100000 ---p 00000000 00:00 0 
62200000-622f3000 rw-p 00000000 00:00 0 
622f3000-62300000 ---p 00000000 00:00 0 
62700000-62800000 rw-p 00000000 00:00 0 
628c9000-62a29000 rw-p 00000000 00:00 0 
62d8d000-62d90000 ---p 00000000 00:00 0 
62d90000-62dde000 rw-p 00000000 00:00 0 
62dde000-62de1000 ---p 00000000 00:00 0 
62de1000-62e2f000 rw-p 00000000 00:00 0 
62f00000-62ffa000 rw-p 00000000 00:00 0 
62ffa000-63000000 ---p 00000000 00:00 0 
630fb000-63140000 r-xp 00000000 08:0a 3932808    /usr/lib/i386-linux-gnu/libjpeg.so.8.0.2
63140000-63141000 r--p 00044000 08:0a 3932808    /usr/lib/i386-linux-gnu/libjpeg.so.8.0.2
63141000-63142000 rw-p 00045000 08:0a 3932808    /usr/lib/i386-linux-gnu/libjpeg.so.8.0.2
63142000-63152000 rw-p 00000000 00:00 0 
63152000-63155000 ---p 00000000 00:00 0 
63155000-631a3000 rw-p 00000000 00:00 0 
631a3000-63335000 r-xp 00000000 08:0a 1321284    /lib/i386-linux-gnu/libcrypto.so.1.0.0
63335000-63344000 r--p 00192000 08:0a 1321284    /lib/i386-linux-gnu/libcrypto.so.1.0.0
63344000-6334b000 rw-p 001a1000 08:0a 1321284    /lib/i386-linux-gnu/libcrypto.so.1.0.0
6334b000-6334e000 rw-p 00000000 00:00 0 
6334e000-635b1000 r-xp 00000000 08:0a 3932992    /usr/lib/libpython2.7.so.1.0
635b1000-635b2000 ---p 00263000 08:0a 3932992    /usr/lib/libpython2.7.so.1.0
635b2000-635b3000 r--p 00263000 08:0a 3932992    /usr/lib/libpython2.7.so.1.0
635b3000-63608000 rw-p 00264000 08:0a 3932992    /usr/lib/libpython2.7.so.1.0
63608000-63614000 rw-p 00000000 00:00 0 
63614000-64000000 r-xp 00000000 08:0a 2399629    /home/matt/CS/Hack/opencv/build/lib/cv2.so
64000000-6400c000 r--p 009eb000 08:0a 2399629    /home/matt/CS/Hack/opencv/build/lib/cv2.so
6400c000-64022000 rw-p 009f7000 08:0a 2399629    /home/matt/CS/Hack/opencv/build/lib/cv2.so
64022000-640c1000 rw-p 00000000 00:00 0 
640c1000-64b4f000 r-xp 00000000 08:0a 2399698    /home/matt/CS/Hack/opencv/build/lib/libopencv_java246.so
64b4f000-64b5c000 r--p 00a8d000 08:0a 2399698    /home/matt/CS/Hack/opencv/build/lib/libopencv_java246.so
64b5c000-64b66000 rw-p 00a9a000 08:0a 2399698    /home/matt/CS/Hack/opencv/build/lib/libopencv_java246.so
64b66000-64c00000 rw-p 00000000 00:00 0 
64c00000-64c5a000 rw-p 00000000 00:00 0 
64c5a000-64d00000 ---p 00000000 00:00 0 
64d42000-64d93000 r-xp 00000000 08:0a 1321281    /lib/i386-linux-gnu/libssl.so.1.0.0
64d93000-64d95000 r--p 00050000 08:0a 1321281    /lib/i386-linux-gnu/libssl.so.1.0.0
64d95000-64d99000 rw-p 00052000 08:0a 1321281    /lib/i386-linux-gnu/libssl.so.1.0.0
64da4000-64dad000 r-xp 00000000 08:0a 4078118    /usr/lib/jvm/java-7-openjdk-i386/jre/lib/i386/libjavajpeg.so
64dad000-64dae000 r--p 00008000 08:0a 4078118    /usr/lib/jvm/java-7-openjdk-i386/jre/lib/i386/libjavajpeg.so
64dae000-64daf000 rw-p 00009000 08:0a 4078118    /usr/lib/jvm/java-7-openjdk-i386/jre/lib/i386/libjavajpeg.so
64daf000-64db2000 ---p 00000000 00:00 0 
64db2000-64e00000 rw-p 00000000 00:00 0 
64e00000-64e26000 rw-p 00000000 00:00 0 
64e26000-64f00000 ---p 00000000 00:00 0 
64f07000-64f0a000 ---p 00000000 00:00 0 
64f0a000-64f58000 rw-p 00000000 00:00 0 
64f58000-64f69000 r-xp 00000000 08:0a 4078113    /usr/lib/jvm/java-7-openjdk-i386/jre/lib/i386/libnio.so
64f69000-64f6a000 r--p 00010000 08:0a 4078113    /usr/lib/jvm/java-7-openjdk-i386/jre/lib/i386/libnio.so
64f6a000-64f6b000 rw-p 00011000 08:0a 4078113    /usr/lib/jvm/java-7-openjdk-i386/jre/lib/i386/libnio.so
64f6b000-64f6e000 ---p 00000000 00:00 0 
64f6e000-64fbc000 rw-p 00000000 00:00 0 
64fbc000-64fbf000 ---p 00000000 00:00 0 
64fbf000-6500d000 rw-p 00000000 00:00 0 
6500d000-65010000 ---p 00000000 00:00 0 
65010000-6505e000 rw-p 00000000 00:00 0 
6505e000-65061000 ---p 00000000 00:00 0 
65061000-650af000 rw-p 00000000 00:00 0 
650af000-650b2000 ---p 00000000 00:00 0 
650b2000-65100000 rw-p 00000000 00:00 0 
65100000-651fd000 rw-p 00000000 00:00 0 
651fd000-65200000 ---p 00000000 00:00 0 
65205000-65248000 r-xp 00000000 08:0a 4078145    /usr/lib/jvm/java-7-openjdk-i386/jre/lib/i386/libfontmanager.so
65248000-65249000 r--p 00043000 08:0a 4078145    /usr/lib/jvm/java-7-openjdk-i386/jre/lib/i386/libfontmanager.so
65249000-6524a000 rw-p 00044000 08:0a 4078145    /usr/lib/jvm/java-7-openjdk-i386/jre/lib/i386/libfontmanager.so
6524a000-65291000 r-xp 00000000 08:0a 1322241    /lib/i386-linux-gnu/libdbus-1.so.3.5.8
65291000-65292000 r--p 00047000 08:0a 1322241    /lib/i386-linux-gnu/libdbus-1.so.3.5.8
65292000-65293000 rw-p 00048000 08:0a 1322241    /lib/i386-linux-gnu/libdbus-1.so.3.5.8
65293000-65315000 r-xp 00000000 08:0a 1310835    /lib/i386-linux-gnu/libgcrypt.so.11.7.0
65315000-65316000 r--p 00081000 08:0a 1310835    /lib/i386-linux-gnu/libgcrypt.so.11.7.0
65316000-65318000 rw-p 00082000 08:0a 1310835    /lib/i386-linux-gnu/libgcrypt.so.11.7.0
65318000-653e0000 r-xp 00000000 08:0a 3933062    /usr/lib/i386-linux-gnu/libkrb5.so.3.3
653e0000-653e6000 r--p 000c7000 08:0a 3933062    /usr/lib/i386-linux-gnu/libkrb5.so.3.3
653e6000-653e7000 rw-p 000cd000 08:0a 3933062    /usr/lib/i386-linux-gnu/libkrb5.so.3.3
653e7000-6547a000 r-xp 00000000 08:0a 3933109    /usr/lib/i386-linux-gnu/libpixman-1.so.0.24.4
6547a000-6547e000 r--p 00092000 08:0a 3933109    /usr/lib/i386-linux-gnu/libpixman-1.so.0.24.4
6547e000-6547f000 rw-p 00096000 08:0a 3933109    /usr/lib/i386-linux-gnu/libpixman-1.so.0.24.4
6547f000-6553e000 r-xp 00000000 08:0a 3954631    /usr/lib/i386-linux-gnu/libgnutls.so.26.21.8
6553e000-65542000 r--p 000bf000 08:0a 3954631    /usr/lib/i386-linux-gnu/libgnutls.so.26.21.8
65542000-65543000 rw-p 000c3000 08:0a 3954631    /usr/lib/i386-linux-gnu/libgnutls.so.26.21.8
65543000-655d8000 r-xp 00000000 08:0a 3932907    /usr/lib/i386-linux-gnu/libfreetype.so.6.8.0
655d8000-655dc000 r--p 00094000 08:0a 3932907    /usr/lib/i386-linux-gnu/libfreetype.so.6.8.0
655dc000-655dd000 rw-p 00098000 08:0a 3932907    /usr/lib/i386-linux-gnu/libfreetype.so.6.8.0
655dd000-656a4000 r-xp 00000000 08:0a 3934052    /usr/lib/i386-linux-gnu/libcairo.so.2.11000.2
656a4000-656a5000 r--p 000c7000 08:0a 3934052    /usr/lib/i386-linux-gnu/libcairo.so.2.11000.2
656a5000-656a6000 rw-p 000c8000 08:0a 3934052    /usr/lib/i386-linux-gnu/libcairo.so.2.11000.2
656a6000-656a8000 rw-p 00000000 00:00 0 
656a8000-6579f000 r-xp 00000000 08:0a 1311644    /lib/i386-linux-gnu/libglib-2.0.so.0.3200.3
6579f000-657a0000 r--p 000f6000 08:0a 1311644    /lib/i386-linux-gnu/libglib-2.0.so.0.3200.3
657a0000-657a1000 rw-p 000f7000 08:0a 1311644    /lib/i386-linux-gnu/libglib-2.0.so.0.3200.3
657a1000-658f4000 r-xp 00000000 08:0a 3932600    /usr/lib/i386-linux-gnu/libgio-2.0.so.0.3200.3
658f4000-658f6000 r--p 00153000 08:0a 3932600    /usr/lib/i386-linux-gnu/libgio-2.0.so.0.3200.3
658f6000-658f7000 rw-p 00155000 08:0a 3932600    /usr/lib/i386-linux-gnu/libgio-2.0.so.0.3200.3
658f7000-658f8000 rw-p 00000000 00:00 0 
658f8000-659a3000 r-xp 00000000 08:0a 3935700    /usr/lib/i386-linux-gnu/libgdk-x11-2.0.so.0.2400.10
659a3000-659a4000 ---p 000ab000 08:0a 3935700    /usr/lib/i386-linux-gnu/libgdk-x11-2.0.so.0.2400.10
659a4000-659a6000 r--p 000ab000 08:0a 3935700    /usr/lib/i386-linux-gnu/libgdk-x11-2.0.so.0.2400.10
659a6000-659a7000 rw-p 000ad000 08:0a 3935700    /usr/lib/i386-linux-gnu/libgdk-x11-2.0.so.0.2400.10
659a7000-65e07000 r-xp 00000000 08:0a 3935042    /usr/lib/i386-linux-gnu/libgtk-x11-2.0.so.0.2400.10
65e07000-65e0b000 r--p 00460000 08:0a 3935042    /usr/lib/i386-linux-gnu/libgtk-x11-2.0.so.0.2400.10
65e0b000-65e0d000 rw-p 00464000 08:0a 3935042    /usr/lib/i386-linux-gnu/libgtk-x11-2.0.so.0.2400.10
65e0d000-65e0f000 rw-p 00000000 00:00 0 
65e0f000-65f3f000 r-xp 00000000 08:0a 3935449    /usr/lib/i386-linux-gnu/libX11.so.6.3.0
65f3f000-65f40000 r--p 0012f000 08:0a 3935449    /usr/lib/i386-linux-gnu/libX11.so.6.3.0
65f40000-65f42000 rw-p 00130000 08:0a 3935449    /usr/lib/i386-linux-gnu/libX11.so.6.3.0
65f42000-65f43000 rw-p 00000000 00:00 0 
65f43000-65fd4000 r-xp 00000000 08:0a 4078119    /usr/lib/jvm/java-7-openjdk-i386/jre/lib/i386/libawt.so
65fd4000-65fd5000 r--p 00090000 08:0a 4078119    /usr/lib/jvm/java-7-openjdk-i386/jre/lib/i386/libawt.so
65fd5000-65fdc000 rw-p 00091000 08:0a 4078119    /usr/lib/jvm/java-7-openjdk-i386/jre/lib/i386/libawt.so
65fdc000-66000000 rw-p 00000000 00:00 0 
66000000-660fe000 rw-p 00000000 00:00 0 
660fe000-66100000 ---p 00000000 00:00 0 
66100000-66105000 r--s 0004c000 08:0a 3937254    /usr/lib/jvm/java-7-openjdk-common/jre/lib/jsse.jar
66105000-66107000 r-xp 00000000 08:0a 1311808    /lib/i386-linux-gnu/libutil-2.15.so
66107000-66108000 r--p 00001000 08:0a 1311808    /lib/i386-linux-gnu/libutil-2.15.so
66108000-66109000 rw-p 00002000 08:0a 1311808    /lib/i386-linux-gnu/libutil-2.15.so
66109000-6611f000 r-xp 00000000 08:0a 4078127    /usr/lib/jvm/java-7-openjdk-i386/jre/lib/i386/libnet.so
6611f000-66120000 r--p 00015000 08:0a 4078127    /usr/lib/jvm/java-7-openjdk-i386/jre/lib/i386/libnet.so
66120000-66121000 rw-p 00016000 08:0a 4078127    /usr/lib/jvm/java-7-openjdk-i386/jre/lib/i386/libnet.so
66121000-6612a000 r--s 000bc000 08:0a 3936868    /usr/lib/jvm/java-7-openjdk-common/jre/lib/resources.jar
6612a000-6612e000 r--s 0008c000 08:0a 3408443    /home/matt/workspace/obFACEscate/library/core.jar
6612e000-66131000 r-xp 00000000 08:0a 1310833    /lib/i386-linux-gnu/libgpg-error.so.0.8.0
66131000-66132000 r--p 00002000 08:0a 1310833    /lib/i386-linux-gnu/libgpg-error.so.0.8.0
66132000-66133000 rw-p 00003000 08:0a 1310833    /lib/i386-linux-gnu/libgpg-error.so.0.8.0
66133000-66143000 r-xp 00000000 08:0a 3933453    /usr/lib/i386-linux-gnu/libp11-kit.so.0.0.0
66143000-66144000 r--p 0000f000 08:0a 3933453    /usr/lib/i386-linux-gnu/libp11-kit.so.0.0.0
66144000-66145000 rw-p 00010000 08:0a 3933453    /usr/lib/i386-linux-gnu/libp11-kit.so.0.0.0
66145000-66155000 r-xp 00000000 08:0a 3932307    /usr/lib/i386-linux-gnu/libtasn1.so.3.1.12
66155000-66156000 r--p 0000f000 08:0a 3932307    /usr/lib/i386-linux-gnu/libtasn1.so.3.1.12
66156000-66157000 rw-p 00010000 08:0a 3932307    /usr/lib/i386-linux-gnu/libtasn1.so.3.1.12
66157000-6617d000 r-xp 00000000 08:0a 3933054    /usr/lib/i386-linux-gnu/libk5crypto.so.3.1
6617d000-6617e000 r--p 00025000 08:0a 3933054    /usr/lib/i386-linux-gnu/libk5crypto.so.3.1
6617e000-6617f000 rw-p 00026000 08:0a 3933054    /usr/lib/i386-linux-gnu/libk5crypto.so.3.1
6617f000-66180000 ---p 00000000 00:00 0 
66180000-66200000 rw-p 00000000 00:00 0 
66200000-66300000 rw-p 00000000 00:00 0 
66300000-66302000 r-xp 00000000 08:0a 1310842    /lib/i386-linux-gnu/libkeyutils.so.1.4
66302000-66303000 r--p 00002000 08:0a 1310842    /lib/i386-linux-gnu/libkeyutils.so.1.4
66303000-66304000 rw-p 00003000 08:0a 1310842    /lib/i386-linux-gnu/libkeyutils.so.1.4
66304000-6630b000 r-xp 00000000 08:0a 3933015    /usr/lib/i386-linux-gnu/libkrb5support.so.0.1
6630b000-6630c000 r--p 00006000 08:0a 3933015    /usr/lib/i386-linux-gnu/libkrb5support.so.0.1
6630c000-6630d000 rw-p 00007000 08:0a 3933015    /usr/lib/i386-linux-gnu/libkrb5support.so.0.1
6630d000-66315000 r-xp 00000000 08:0a 3955781    /usr/lib/i386-linux-gnu/libxcb-render.so.0.0.0
66315000-66316000 r--p 00008000 08:0a 3955781    /usr/lib/i386-linux-gnu/libxcb-render.so.0.0.0
66316000-66317000 rw-p 00009000 08:0a 3955781    /usr/lib/i386-linux-gnu/libxcb-render.so.0.0.0
66317000-6633f000 r-xp 00000000 08:0a 1310827    /lib/i386-linux-gnu/libpng12.so.0.46.0
6633f000-66340000 r--p 00027000 08:0a 1310827    /lib/i386-linux-gnu/libpng12.so.0.46.0
66340000-66341000 rw-p 00028000 08:0a 1310827    /lib/i386-linux-gnu/libpng12.so.0.46.0
66341000-6637c000 r-xp 00000000 08:0a 3933031    /usr/lib/i386-linux-gnu/libgssapi_krb5.so.2.2
6637c000-6637d000 ---p 0003b000 08:0a 3933031    /usr/lib/i386-linux-gnu/libgssapi_krb5.so.2.2
6637d000-6637e000 r--p 0003b000 08:0a 3933031    /usr/lib/i386-linux-gnu/libgssapi_krb5.so.2.2
6637e000-6637f000 rw-p 0003c000 08:0a 3933031    /usr/lib/i386-linux-gnu/libgssapi_krb5.so.2.2
6637f000-66382000 ---p 00000000 00:00 0 
66382000-66400000 rw-p 00000000 00:00 0 
66400000-66421000 rw-p 00000000 00:00 0 
66421000-66500000 ---p 00000000 00:00 0 
66500000-665fc000 rw-p 00000000 00:00 0 
665fc000-66600000 ---p 00000000 00:00 0 
66600000-66800000 r--p 00000000 08:0a 3937742    /usr/lib/locale/locale-archive
66800000-66821000 rw-p 00000000 00:00 0 
66821000-66900000 ---p 00000000 00:00 0 
66900000-66921000 rw-p 00000000 00:00 0 
66921000-66a00000 ---p 00000000 00:00 0 
66a00000-66acd000 rw-p 00000000 00:00 0 
66acd000-66b00000 ---p 00000000 00:00 0 
66b00000-66bfd000 rw-p 00000000 00:00 0 
66bfd000-66c00000 ---p 00000000 00:00 0 
66c00000-66c05000 r-xp 00000000 08:0a 3933281    /usr/lib/i386-linux-gnu/libXdmcp.so.6.0.0
66c05000-66c06000 r--p 00004000 08:0a 3933281    /usr/lib/i386-linux-gnu/libXdmcp.so.6.0.0
66c06000-66c07000 rw-p 00005000 08:0a 3933281    /usr/lib/i386-linux-gnu/libXdmcp.so.6.0.0
66c07000-66c17000 r-xp 00000000 08:0a 3934172    /usr/lib/i386-linux-gnu/libavahi-client.so.3.2.9
66c17000-66c18000 r--p 0000f000 08:0a 3934172    /usr/lib/i386-linux-gnu/libavahi-client.so.3.2.9
66c18000-66c19000 rw-p 00010000 08:0a 3934172    /usr/lib/i386-linux-gnu/libavahi-client.so.3.2.9
66c19000-66c53000 r-xp 00000000 08:0a 1310829    /lib/i386-linux-gnu/libpcre.so.3.12.1
66c53000-66c54000 r--p 00039000 08:0a 1310829    /lib/i386-linux-gnu/libpcre.so.3.12.1
66c54000-66c55000 rw-p 0003a000 08:0a 1310829    /lib/i386-linux-gnu/libpcre.so.3.12.1
66c55000-66c7b000 r-xp 00000000 08:0a 1310825    /lib/i386-linux-gnu/libexpat.so.1.5.2
66c7b000-66c7c000 ---p 00026000 08:0a 1310825    /lib/i386-linux-gnu/libexpat.so.1.5.2
66c7c000-66c7e000 r--p 00026000 08:0a 1310825    /lib/i386-linux-gnu/libexpat.so.1.5.2
66c7e000-66c7f000 rw-p 00028000 08:0a 1310825    /lib/i386-linux-gnu/libexpat.so.1.5.2
66c7f000-66c80000 ---p 00000000 00:00 0 
66c80000-66d00000 rw-p 00000000 00:00 0 
66d00000-66df1000 rw-p 00000000 00:00 0 
66df1000-66e00000 ---p 00000000 00:00 0 
66e00000-66e03000 r-xp 00000000 08:0a 1310755    /lib/i386-linux-gnu/libcom_err.so.2.1
66e03000-66e04000 r--p 00002000 08:0a 1310755    /lib/i386-linux-gnu/libcom_err.so.2.1
66e04000-66e05000 rw-p 00003000 08:0a 1310755    /lib/i386-linux-gnu/libcom_err.so.2.1
66e05000-66e11000 r-xp 00000000 08:0a 3934170    /usr/lib/i386-linux-gnu/libavahi-common.so.3.5.3
66e11000-66e12000 r--p 0000b000 08:0a 3934170    /usr/lib/i386-linux-gnu/libavahi-common.so.3.5.3
66e12000-66e13000 rw-p 0000c000 08:0a 3934170    /usr/lib/i386-linux-gnu/libavahi-common.so.3.5.3
66e13000-66e26000 r-xp 00000000 08:0a 1319147    /lib/i386-linux-gnu/libresolv-2.15.so
66e26000-66e27000 ---p 00013000 08:0a 1319147    /lib/i386-linux-gnu/libresolv-2.15.so
66e27000-66e28000 r--p 00013000 08:0a 1319147    /lib/i386-linux-gnu/libresolv-2.15.so
66e28000-66e29000 rw-p 00014000 08:0a 1319147    /lib/i386-linux-gnu/libresolv-2.15.so
66e29000-66e2b000 rw-p 00000000 00:00 0 
66e2b000-66e48000 r-xp 00000000 08:0a 1311702    /lib/i386-linux-gnu/libselinux.so.1
66e48000-66e49000 r--p 0001c000 08:0a 1311702    /lib/i386-linux-gnu/libselinux.so.1
66e49000-66e4a000 rw-p 0001d000 08:0a 1311702    /lib/i386-linux-gnu/libselinux.so.1
66e4a000-66e4d000 ---p 00000000 00:00 0 
66e4d000-66f13000 rw-p 00000000 00:00 0 
66f13000-670c0000 r--s 01cde000 08:0a 4063766    /usr/lib/jvm/java-7-openjdk-i386/jre/lib/rt.jar
670c0000-6a000000 rw-p 00000000 00:00 0 
6a000000-6a05e000 rw-p 00000000 00:00 0 
6a05e000-6a100000 ---p 00000000 00:00 0 
6a100000-6a12a000 r-xp 00000000 08:0a 3936905    /usr/lib/i386-linux-gnu/libpangoft2-1.0.so.0.3000.0
6a12a000-6a12b000 r--p 00029000 08:0a 3936905    /usr/lib/i386-linux-gnu/libpangoft2-1.0.so.0.3000.0
6a12b000-6a12c000 rw-p 0002a000 08:0a 3936905    /usr/lib/i386-linux-gnu/libpangoft2-1.0.so.0.3000.0
6a12c000-6a17b000 r-xp 00000000 08:0a 3933694    /usr/lib/i386-linux-gnu/libcups.so.2
6a17b000-6a17e000 r--p 0004e000 08:0a 3933694    /usr/lib/i386-linux-gnu/libcups.so.2
6a17e000-6a17f000 rw-p 00051000 08:0a 3933694    /usr/lib/i386-linux-gnu/libcups.so.2
6a17f000-6a180000 ---p 00000000 00:00 0 
6a180000-6a200000 rw-p 00000000 00:00 0 
6a200000-6a2ff000 rw-p 00000000 00:00 0 
6a2ff000-6a300000 ---p 00000000 00:00 0 
6a301000-6a303000 r-xp 00000000 08:0a 3955792    /usr/lib/i386-linux-gnu/libxcb-shm.so.0.0.0
6a303000-6a304000 r--p 00001000 08:0a 3955792    /usr/lib/i386-linux-gnu/libxcb-shm.so.0.0.0
6a304000-6a305000 rw-p 00002000 08:0a 3955792    /usr/lib/i386-linux-gnu/libxcb-shm.so.0.0.0
6a305000-6a307000 r-xp 00000000 08:0a 3933268    /usr/lib/i386-linux-gnu/libXau.so.6.0.0
6a307000-6a308000 r--p 00001000 08:0a 3933268    /usr/lib/i386-linux-gnu/libXau.so.6.0.0
6a308000-6a309000 rw-p 00002000 08:0a 3933268    /usr/lib/i386-linux-gnu/libXau.so.6.0.0
6a309000-6a30e000 r-xp 00000000 08:0a 3934056    /usr/lib/i386-linux-gnu/libffi.so.6.0.0
6a30e000-6a30f000 r--p 00004000 08:0a 3934056    /usr/lib/i386-linux-gnu/libffi.so.6.0.0
6a30f000-6a310000 rw-p 00005000 08:0a 3934056    /usr/lib/i386-linux-gnu/libffi.so.6.0.0
6a310000-6a32d000 r-xp 00000000 08:0a 3932338    /usr/lib/i386-linux-gnu/libatk-1.0.so.0.20409.1
6a32d000-6a32f000 r--p 0001c000 08:0a 3932338    /usr/lib/i386-linux-gnu/libatk-1.0.so.0.20409.1
6a32f000-6a330000 rw-p 0001e000 08:0a 3932338    /usr/lib/i386-linux-gnu/libatk-1.0.so.0.20409.1
6a330000-6a37d000 r-xp 00000000 08:0a 3932602    /usr/lib/i386-linux-gnu/libgobject-2.0.so.0.3200.3
6a37d000-6a37e000 r--p 0004c000 08:0a 3932602    /usr/lib/i386-linux-gnu/libgobject-2.0.so.0.3200.3
6a37e000-6a37f000 rw-p 0004d000 08:0a 3932602    /usr/lib/i386-linux-gnu/libgobject-2.0.so.0.3200.3
6a37f000-6a380000 ---p 00000000 00:00 0 
6a380000-6a400000 rw-p 00000000 00:00 0 
6a400000-6a421000 rw-p 00000000 00:00 0 
6a421000-6a500000 ---p 00000000 00:00 0 
6a501000-6a533000 r-xp 00000000 08:0a 3932285    /usr/lib/i386-linux-gnu/libfontconfig.so.1.4.4
6a533000-6a534000 r--p 00032000 08:0a 3932285    /usr/lib/i386-linux-gnu/libfontconfig.so.1.4.4
6a534000-6a535000 rw-p 00033000 08:0a 3932285    /usr/lib/i386-linux-gnu/libfontconfig.so.1.4.4
6a535000-6a57c000 r-xp 00000000 08:0a 3932604    /usr/lib/i386-linux-gnu/libpango-1.0.so.0.3000.0
6a57c000-6a57d000 ---p 00047000 08:0a 3932604    /usr/lib/i386-linux-gnu/libpango-1.0.so.0.3000.0
6a57d000-6a57e000 r--p 00047000 08:0a 3932604    /usr/lib/i386-linux-gnu/libpango-1.0.so.0.3000.0
6a57e000-6a57f000 rw-p 00048000 08:0a 3932604    /usr/lib/i386-linux-gnu/libpango-1.0.so.0.3000.0
6a57f000-6a580000 ---p 00000000 00:00 0 
6a580000-6a600000 rw-p 00000000 00:00 0 
6a600000-6a621000 rw-p 00000000 00:00 0 
6a621000-6a700000 ---p 00000000 00:00 0 
6a703000-6a706000 r-xp 00000000 08:0a 3932601    /usr/lib/i386-linux-gnu/libgmodule-2.0.so.0.3200.3
6a706000-6a707000 r--p 00002000 08:0a 3932601    /usr/lib/i386-linux-gnu/libgmodule-2.0.so.0.3200.3
6a707000-6a708000 rw-p 00003000 08:0a 3932601    /usr/lib/i386-linux-gnu/libgmodule-2.0.so.0.3200.3
6a708000-6a727000 r-xp 00000000 08:0a 3954626    /usr/lib/i386-linux-gnu/libxcb.so.1.1.0
6a727000-6a728000 r--p 0001f000 08:0a 3954626    /usr/lib/i386-linux-gnu/libxcb.so.1.1.0
6a728000-6a729000 rw-p 00020000 08:0a 3954626    /usr/lib/i386-linux-gnu/libxcb.so.1.1.0
6a729000-6a77b000 r-xp 00000000 08:0a 4063757    /usr/lib/jvm/java-7-openjdk-i386/jre/lib/i386/xawt/libmawt.so
6a77b000-6a77c000 r--p 00051000 08:0a 4063757    /usr/lib/jvm/java-7-openjdk-i386/jre/lib/i386/xawt/libmawt.so
6a77c000-6a77e000 rw-p 00052000 08:0a 4063757    /usr/lib/jvm/java-7-openjdk-i386/jre/lib/i386/xawt/libmawt.so
6a77e000-6a77f000 rw-p 00000000 00:00 0 
6a77f000-6a780000 ---p 00000000 00:00 0 
6a780000-6a800000 rw-p 00000000 00:00 0 
6a800000-6a821000 rw-p 00000000 00:00 0 
6a821000-6a900000 ---p 00000000 00:00 0 
6a902000-6a90b000 r-xp 00000000 08:0a 3955808    /usr/lib/i386-linux-gnu/libXcursor.so.1.0.2
6a90b000-6a90c000 r--p 00008000 08:0a 3955808    /usr/lib/i386-linux-gnu/libXcursor.so.1.0.2
6a90c000-6a90d000 rw-p 00009000 08:0a 3955808    /usr/lib/i386-linux-gnu/libXcursor.so.1.0.2
6a90d000-6a92c000 r-xp 00000000 08:0a 3936835    /usr/lib/i386-linux-gnu/libgdk_pixbuf-2.0.so.0.2600.1
6a92c000-6a92d000 r--p 0001e000 08:0a 3936835    /usr/lib/i386-linux-gnu/libgdk_pixbuf-2.0.so.0.2600.1
6a92d000-6a92e000 rw-p 0001f000 08:0a 3936835    /usr/lib/i386-linux-gnu/libgdk_pixbuf-2.0.so.0.2600.1
6a92e000-6a931000 ---p 00000000 00:00 0 
6a931000-6a97f000 rw-p 00000000 00:00 0 
6a97f000-6a980000 ---p 00000000 00:00 0 
6a980000-6aa00000 rw-p 00000000 00:00 0 
6aa00000-6aa21000 rw-p 00000000 00:00 0 
6aa21000-6ab00000 ---p 00000000 00:00 0 
6ab00000-6ab02000 r-xp 00000000 08:0a 3937397    /usr/lib/i386-linux-gnu/libXdamage.so.1.1.0
6ab02000-6ab03000 r--p 00001000 08:0a 3937397    /usr/lib/i386-linux-gnu/libXdamage.so.1.1.0
6ab03000-6ab04000 rw-p 00002000 08:0a 3937397    /usr/lib/i386-linux-gnu/libXdamage.so.1.1.0
6ab04000-6ab06000 r-xp 00000000 08:0a 3937431    /usr/lib/i386-linux-gnu/libXcomposite.so.1.0.0
6ab06000-6ab07000 r--p 00001000 08:0a 3937431    /usr/lib/i386-linux-gnu/libXcomposite.so.1.0.0
6ab07000-6ab08000 rw-p 00002000 08:0a 3937431    /usr/lib/i386-linux-gnu/libXcomposite.so.1.0.0
6ab08000-6ab0f000 r-xp 00000000 08:0a 3955829    /usr/lib/i386-linux-gnu/libXrandr.so.2.2.0
6ab0f000-6ab10000 r--p 00006000 08:0a 3955829    /usr/lib/i386-linux-gnu/libXrandr.so.2.2.0
6ab10000-6ab11000 rw-p 00007000 08:0a 3955829    /usr/lib/i386-linux-gnu/libXrandr.so.2.2.0
6ab11000-6ab1c000 r-xp 00000000 08:0a 3936754    /usr/lib/i386-linux-gnu/libpangocairo-1.0.so.0.3000.0
6ab1c000-6ab1d000 r--p 0000a000 08:0a 3936754    /usr/lib/i386-linux-gnu/libpangocairo-1.0.so.0.3000.0
6ab1d000-6ab1e000 rw-p 0000b000 08:0a 3936754    /usr/lib/i386-linux-gnu/libpangocairo-1.0.so.0.3000.0
6ab1e000-6ab2c000 r-xp 00000000 08:0a 3955814    /usr/lib/i386-linux-gnu/libXi.so.6.1.0
6ab2c000-6ab2d000 r--p 0000d000 08:0a 3955814    /usr/lib/i386-linux-gnu/libXi.so.6.1.0
6ab2d000-6ab2e000 rw-p 0000e000 08:0a 3955814    /usr/lib/i386-linux-gnu/libXi.so.6.1.0
6ab2e000-6ab31000 ---p 00000000 00:00 0 
6ab31000-6ab7f000 rw-p 00000000 00:00 0 
6ab7f000-6ab80000 ---p 00000000 00:00 0 
6ab80000-6ac00000 rw-p 00000000 00:00 0 
6ac00000-6ac21000 rw-p 00000000 00:00 0 
6ac21000-6ad00000 ---p 00000000 00:00 0 
6ad00000-6ad04000 r-xp 00000000 08:0a 3955798    /usr/lib/i386-linux-gnu/libXfixes.so.3.1.0
6ad04000-6ad05000 r--p 00004000 08:0a 3955798    /usr/lib/i386-linux-gnu/libXfixes.so.3.1.0
6ad05000-6ad06000 rw-p 00005000 08:0a 3955798    /usr/lib/i386-linux-gnu/libXfixes.so.3.1.0
6ad06000-6ad16000 r-xp 00000000 08:0a 3937994    /usr/lib/i386-linux-gnu/libXext.so.6.4.0
6ad16000-6ad17000 r--p 0000f000 08:0a 3937994    /usr/lib/i386-linux-gnu/libXext.so.6.4.0
6ad17000-6ad18000 rw-p 00010000 08:0a 3937994    /usr/lib/i386-linux-gnu/libXext.so.6.4.0
6ad1a000-6ad1e000 r--s 00065000 08:0a 2502399    /home/matt/CS/Hack/opencv/build/bin/opencv-246.jar
6ad1e000-6ad21000 r--s 0003c000 08:0a 4063559    /usr/lib/jvm/java-7-openjdk-common/jre/lib/ext/sunpkcs11.jar
6ad21000-6ad25000 r--s 00085000 08:0a 4063564    /usr/lib/jvm/java-7-openjdk-common/jre/lib/ext/localedata.jar
6ad25000-6ad28000 r--s 00032000 08:0a 4063566    /usr/lib/jvm/java-7-openjdk-common/jre/lib/ext/sunjce_provider.jar
6ad28000-6ad29000 r--s 00007000 08:0a 4327239    /usr/share/java/java-atk-wrapper.jar
6ad29000-6ad2b000 r--s 00012000 08:0a 4063569    /usr/lib/jvm/java-7-openjdk-common/jre/lib/ext/zipfs.jar
6ad2b000-6ad2e000 r--s 0000f000 08:0a 4063567    /usr/lib/jvm/java-7-openjdk-common/jre/lib/ext/pulse-java.jar
6ad2e000-6ad31000 ---p 00000000 00:00 0 
6ad31000-6ad7f000 rw-p 00000000 00:00 0 
6ad7f000-6ad80000 ---p 00000000 00:00 0 
6ad80000-6ae00000 rw-p 00000000 00:00 0 
6ae00000-6ae21000 rw-p 00000000 00:00 0 
6ae21000-6af00000 ---p 00000000 00:00 0 
6af00000-6af05000 r-xp 00000000 08:0a 3935471    /usr/lib/i386-linux-gnu/libXtst.so.6.1.0
6af05000-6af06000 r--p 00004000 08:0a 3935471    /usr/lib/i386-linux-gnu/libXtst.so.6.1.0
6af06000-6af07000 rw-p 00005000 08:0a 3935471    /usr/lib/i386-linux-gnu/libXtst.so.6.1.0
6af07000-6af0a000 ---p 00000000 00:00 0 
6af0a000-6af58000 rw-p 00000000 00:00 0 
6af58000-6af59000 ---p 00000000 00:00 0 
6af59000-6afe2000 rw-p 00000000 00:00 0 
6afe2000-6b019000 rw-p 00000000 00:00 0 
6b019000-6b042000 rw-p 00000000 00:00 0 
6b042000-6b16f000 rw-p 00000000 00:00 0 
6b16f000-6b178000 rw-p 00000000 00:00 0 
6b178000-6b1af000 rw-p 00000000 00:00 0 
6b1af000-6b1d8000 rw-p 00000000 00:00 0 
6b1d8000-6b304000 rw-p 00000000 00:00 0 
6b304000-6b373000 rw-p 00000000 00:00 0 
6b373000-6b37e000 ---p 00000000 00:00 0 
6b37e000-6b3af000 rw-p 00000000 00:00 0 
6b3af000-6c430000 rw-p 00000000 00:00 0 
6c430000-733b0000 rw-p 00000000 00:00 0 
733b0000-78480000 rw-p 00000000 00:00 0 
78480000-9de60000 rw-p 00000000 00:00 0 
9de60000-aba90000 rw-p 00000000 00:00 0 
aba90000-acfc0000 ---p 00000000 00:00 0 
acfc0000-b33b0000 rw-p 00000000 00:00 0 
b33b2000-b33ba000 r-xp 00000000 08:0a 3955803    /usr/lib/i386-linux-gnu/libXrender.so.1.3.0
b33ba000-b33bb000 r--p 00007000 08:0a 3955803    /usr/lib/i386-linux-gnu/libXrender.so.1.3.0
b33bb000-b33bc000 rw-p 00008000 08:0a 3955803    /usr/lib/i386-linux-gnu/libXrender.so.1.3.0
b33bc000-b33c5000 rw-p 00000000 00:00 0 
b33c5000-b347c000 rw-p 00000000 00:00 0 
b347c000-b36bc000 rwxp 00000000 00:00 0 
b36bc000-b647c000 rw-p 00000000 00:00 0 
b647c000-b6487000 r-xp 00000000 08:0a 1319146    /lib/i386-linux-gnu/libnss_files-2.15.so
b6487000-b6488000 r--p 0000a000 08:0a 1319146    /lib/i386-linux-gnu/libnss_files-2.15.so
b6488000-b6489000 rw-p 0000b000 08:0a 1319146    /lib/i386-linux-gnu/libnss_files-2.15.so
b6489000-b6493000 r-xp 00000000 08:0a 1319150    /lib/i386-linux-gnu/libnss_nis-2.15.so
b6493000-b6494000 r--p 00009000 08:0a 1319150    /lib/i386-linux-gnu/libnss_nis-2.15.so
b6494000-b6495000 rw-p 0000a000 08:0a 1319150    /lib/i386-linux-gnu/libnss_nis-2.15.so
b6495000-b64ab000 r-xp 00000000 08:0a 1319162    /lib/i386-linux-gnu/libnsl-2.15.so
b64ab000-b64ac000 r--p 00015000 08:0a 1319162    /lib/i386-linux-gnu/libnsl-2.15.so
b64ac000-b64ad000 rw-p 00016000 08:0a 1319162    /lib/i386-linux-gnu/libnsl-2.15.so
b64ad000-b64af000 rw-p 00000000 00:00 0 
b64af000-b64b6000 r-xp 00000000 08:0a 1319142    /lib/i386-linux-gnu/libnss_compat-2.15.so
b64b6000-b64b7000 r--p 00006000 08:0a 1319142    /lib/i386-linux-gnu/libnss_compat-2.15.so
b64b7000-b64b8000 rw-p 00007000 08:0a 1319142    /lib/i386-linux-gnu/libnss_compat-2.15.so
b64b8000-b64ba000 r-xp 00000000 08:0a 3955819    /usr/lib/i386-linux-gnu/libXinerama.so.1.0.0
b64ba000-b64bb000 r--p 00001000 08:0a 3955819    /usr/lib/i386-linux-gnu/libXinerama.so.1.0.0
b64bb000-b64bc000 rw-p 00002000 08:0a 3955819    /usr/lib/i386-linux-gnu/libXinerama.so.1.0.0
b64bc000-b64c4000 r-xp 00000000 08:0a 4078112    /usr/lib/jvm/java-7-openjdk-i386/jre/lib/i386/libzip.so
b64c4000-b64c5000 r--p 00007000 08:0a 4078112    /usr/lib/jvm/java-7-openjdk-i386/jre/lib/i386/libzip.so
b64c5000-b64c6000 rw-p 00008000 08:0a 4078112    /usr/lib/jvm/java-7-openjdk-i386/jre/lib/i386/libzip.so
b64c6000-b64ce000 rw-s 00000000 08:0a 5266348    /tmp/hsperfdata_matt/22856 (deleted)
b64ce000-b64f5000 r-xp 00000000 08:0a 4078135    /usr/lib/jvm/java-7-openjdk-i386/jre/lib/i386/libjava.so
b64f5000-b64f6000 r--p 00026000 08:0a 4078135    /usr/lib/jvm/java-7-openjdk-i386/jre/lib/i386/libjava.so
b64f6000-b64f7000 rw-p 00027000 08:0a 4078135    /usr/lib/jvm/java-7-openjdk-i386/jre/lib/i386/libjava.so
b64f7000-b64fe000 r-xp 00000000 08:0a 1319149    /lib/i386-linux-gnu/librt-2.15.so
b64fe000-b64ff000 r--p 00006000 08:0a 1319149    /lib/i386-linux-gnu/librt-2.15.so
b64ff000-b6500000 rw-p 00007000 08:0a 1319149    /lib/i386-linux-gnu/librt-2.15.so
b6500000-b65fa000 rw-p 00000000 00:00 0 
b65fa000-b6600000 ---p 00000000 00:00 0 
b6601000-b6604000 ---p 00000000 00:00 0 
b6604000-b6652000 rw-p 00000000 00:00 0 
b6652000-b666e000 r-xp 00000000 08:0a 1311652    /lib/i386-linux-gnu/libgcc_s.so.1
b666e000-b666f000 r--p 0001b000 08:0a 1311652    /lib/i386-linux-gnu/libgcc_s.so.1
b666f000-b6670000 rw-p 0001c000 08:0a 1311652    /lib/i386-linux-gnu/libgcc_s.so.1
b6670000-b669a000 r-xp 00000000 08:0a 1319153    /lib/i386-linux-gnu/libm-2.15.so
b669a000-b669b000 r--p 00029000 08:0a 1319153    /lib/i386-linux-gnu/libm-2.15.so
b669b000-b669c000 rw-p 0002a000 08:0a 1319153    /lib/i386-linux-gnu/libm-2.15.so
b669c000-b6774000 r-xp 00000000 08:0a 3932513    /usr/lib/i386-linux-gnu/libstdc++.so.6.0.16
b6774000-b6775000 ---p 000d8000 08:0a 3932513    /usr/lib/i386-linux-gnu/libstdc++.so.6.0.16
b6775000-b6779000 r--p 000d8000 08:0a 3932513    /usr/lib/i386-linux-gnu/libstdc++.so.6.0.16
b6779000-b677a000 rw-p 000dc000 08:0a 3932513    /usr/lib/i386-linux-gnu/libstdc++.so.6.0.16
b677a000-b6781000 rw-p 00000000 00:00 0 
b6781000-b7066000 r-xp 00000000 08:0a 4078114    /usr/lib/jvm/java-7-openjdk-i386/jre/lib/i386/server/libjvm.so
b7066000-b70ad000 r--p 008e5000 08:0a 4078114    /usr/lib/jvm/java-7-openjdk-i386/jre/lib/i386/server/libjvm.so
b70ad000-b70c1000 rw-p 0092c000 08:0a 4078114    /usr/lib/jvm/java-7-openjdk-i386/jre/lib/i386/server/libjvm.so
b70c1000-b74df000 rw-p 00000000 00:00 0 
b74df000-b74f3000 r-xp 00000000 08:0a 1311731    /lib/i386-linux-gnu/libz.so.1.2.3.4
b74f3000-b74f4000 r--p 00013000 08:0a 1311731    /lib/i386-linux-gnu/libz.so.1.2.3.4
b74f4000-b74f5000 rw-p 00014000 08:0a 1311731    /lib/i386-linux-gnu/libz.so.1.2.3.4
b74f5000-b750c000 r-xp 00000000 08:0a 1319151    /lib/i386-linux-gnu/libpthread-2.15.so
b750c000-b750d000 r--p 00016000 08:0a 1319151    /lib/i386-linux-gnu/libpthread-2.15.so
b750d000-b750e000 rw-p 00017000 08:0a 1319151    /lib/i386-linux-gnu/libpthread-2.15.so
b750e000-b7510000 rw-p 00000000 00:00 0 
b7510000-b7513000 r-xp 00000000 08:0a 1319157    /lib/i386-linux-gnu/libdl-2.15.so
b7513000-b7514000 r--p 00002000 08:0a 1319157    /lib/i386-linux-gnu/libdl-2.15.so
b7514000-b7515000 rw-p 00003000 08:0a 1319157    /lib/i386-linux-gnu/libdl-2.15.so
b7515000-b76b8000 r-xp 00000000 08:0a 1319140    /lib/i386-linux-gnu/libc-2.15.so
b76b8000-b76ba000 r--p 001a3000 08:0a 1319140    /lib/i386-linux-gnu/libc-2.15.so
b76ba000-b76bb000 rw-p 001a5000 08:0a 1319140    /lib/i386-linux-gnu/libc-2.15.so
b76bb000-b76bf000 rw-p 00000000 00:00 0 
b76bf000-b76c0000 r--s 00002000 08:0a 4063568    /usr/lib/jvm/java-7-openjdk-common/jre/lib/ext/dnsns.jar
b76c0000-b76c1000 r-xp 00000000 08:0a 3932523    /usr/lib/i386-linux-gnu/libgthread-2.0.so.0.3200.3
b76c1000-b76c2000 r--p 00000000 08:0a 3932523    /usr/lib/i386-linux-gnu/libgthread-2.0.so.0.3200.3
b76c2000-b76c3000 rw-p 00001000 08:0a 3932523    /usr/lib/i386-linux-gnu/libgthread-2.0.so.0.3200.3
b76c3000-b76c4000 r--p 002c5000 08:0a 3937742    /usr/lib/locale/locale-archive
b76c4000-b76c5000 rw-p 00000000 00:00 0 
b76c5000-b76c6000 ---p 00000000 00:00 0 
b76c6000-b76d2000 r-xp 00000000 08:0a 4078121    /usr/lib/jvm/java-7-openjdk-i386/jre/lib/i386/libverify.so
b76d2000-b76d3000 r--p 0000b000 08:0a 4078121    /usr/lib/jvm/java-7-openjdk-i386/jre/lib/i386/libverify.so
b76d3000-b76d4000 rw-p 0000c000 08:0a 4078121    /usr/lib/jvm/java-7-openjdk-i386/jre/lib/i386/libverify.so
b76d4000-b76e1000 r-xp 00000000 08:0a 4078129    /usr/lib/jvm/java-7-openjdk-i386/jre/lib/i386/jli/libjli.so
b76e1000-b76e2000 r--p 0000c000 08:0a 4078129    /usr/lib/jvm/java-7-openjdk-i386/jre/lib/i386/jli/libjli.so
b76e2000-b76e3000 rw-p 0000d000 08:0a 4078129    /usr/lib/jvm/java-7-openjdk-i386/jre/lib/i386/jli/libjli.so
b76e3000-b76e6000 rw-p 00000000 00:00 0 
b76e6000-b76e7000 r-xp 00000000 00:00 0          [vdso]
b76e7000-b7707000 r-xp 00000000 08:0a 1319154    /lib/i386-linux-gnu/ld-2.15.so
b7707000-b7708000 r--p 0001f000 08:0a 1319154    /lib/i386-linux-gnu/ld-2.15.so
b7708000-b7709000 rw-p 00020000 08:0a 1319154    /lib/i386-linux-gnu/ld-2.15.so
bf918000-bf939000 rw-p 00000000 00:00 0          [stack]

VM Arguments:
jvm_args: -Djava.library.path=/home/matt/CS/Hack/opencv/build/lib -Djava.security.policy=java.policy.applet -Dfile.encoding=UTF-8 
java_command: sun.applet.AppletViewer Main1373746194064.html
Launcher Type: SUN_STANDARD

Environment Variables:
PATH=/usr/lib/lightdm/lightdm:/usr/local/sbin:/usr/local/bin:/usr/sbin:/usr/bin:/sbin:/bin:/usr/games
LD_LIBRARY_PATH=/usr/lib/jvm/java-7-openjdk-i386/jre/lib/i386/server:/usr/lib/jvm/java-7-openjdk-i386/jre/lib/i386:/usr/lib/jvm/java-7-openjdk-i386/jre/../lib/i386:/usr/lib/jvm/java-7-openjdk-i386/jre/lib/i386/client:/usr/lib/jvm/java-7-openjdk-i386/jre/lib/i386:
SHELL=/bin/bash
DISPLAY=:0

Signal Handlers:
SIGSEGV: [libjvm.so+0x753ab0], sa_mask[0]=0x7ffbfeff, sa_flags=0x10000004
SIGBUS: [libjvm.so+0x753ab0], sa_mask[0]=0x7ffbfeff, sa_flags=0x10000004
SIGFPE: [libjvm.so+0x5e95d0], sa_mask[0]=0x7ffbfeff, sa_flags=0x10000004
SIGPIPE: [libjvm.so+0x5e95d0], sa_mask[0]=0x7ffbfeff, sa_flags=0x10000004
SIGXFSZ: [libjvm.so+0x5e95d0], sa_mask[0]=0x7ffbfeff, sa_flags=0x10000004
SIGILL: [libjvm.so+0x5e95d0], sa_mask[0]=0x7ffbfeff, sa_flags=0x10000004
SIGUSR1: SIG_DFL, sa_mask[0]=0x00000000, sa_flags=0x00000000
SIGUSR2: [libjvm.so+0x5e9460], sa_mask[0]=0x00000004, sa_flags=0x10000004
SIGHUP: [libjvm.so+0x5e9ae0], sa_mask[0]=0x7ffbfeff, sa_flags=0x10000004
SIGINT: [libjvm.so+0x5e9ae0], sa_mask[0]=0x7ffbfeff, sa_flags=0x10000004
SIGTERM: [libjvm.so+0x5e9ae0], sa_mask[0]=0x7ffbfeff, sa_flags=0x10000004
SIGQUIT: [libjvm.so+0x5e9ae0], sa_mask[0]=0x7ffbfeff, sa_flags=0x10000004


---------------  S Y S T E M  ---------------

OS:Ubuntu 12.04 (precise)
uname:Linux 3.2.0-49-generic-pae #75-Ubuntu SMP Tue Jun 18 18:00:21 UTC 2013 i686
libc:glibc 2.15 NPTL 2.15 
rlimit: STACK 8192k, CORE 0k, NPROC 64018, NOFILE 4096, AS infinity
load average:0.81 1.27 1.00

/proc/meminfo:
MemTotal:        8208944 kB
MemFree:         5612896 kB
Buffers:          151324 kB
Cached:           991796 kB
SwapCached:            0 kB
Active:          1691936 kB
Inactive:         781260 kB
Active(anon):    1341376 kB
Inactive(anon):   119352 kB
Active(file):     350560 kB
Inactive(file):   661908 kB
Unevictable:          48 kB
Mlocked:              48 kB
HighTotal:       7420168 kB
HighFree:        5064912 kB
LowTotal:         788776 kB
LowFree:          547984 kB
SwapTotal:       8330236 kB
SwapFree:        8330236 kB
Dirty:               612 kB
Writeback:             0 kB
AnonPages:       1329916 kB
Mapped:           215512 kB
Shmem:            130656 kB
Slab:              62708 kB
SReclaimable:      35880 kB
SUnreclaim:        26828 kB
KernelStack:        4528 kB
PageTables:        14444 kB
NFS_Unstable:          0 kB
Bounce:                0 kB
WritebackTmp:          0 kB
CommitLimit:    12434708 kB
Committed_AS:    4208912 kB
VmallocTotal:     122880 kB
VmallocUsed:       29668 kB
VmallocChunk:      86452 kB
HardwareCorrupted:     0 kB
AnonHugePages:         0 kB
HugePages_Total:       0
HugePages_Free:        0
HugePages_Rsvd:        0
HugePages_Surp:        0
Hugepagesize:       2048 kB
DirectMap4k:       10232 kB
DirectMap2M:      903168 kB


CPU:total 8 (4 cores per cpu, 2 threads per core) family 6 model 42 stepping 7, cmov, cx8, fxsr, mmx, sse, sse2, sse3, ssse3, sse4.1, sse4.2, popcnt, avx, ht, tsc, tscinvbit

/proc/cpuinfo:
processor	: 0
vendor_id	: GenuineIntel
cpu family	: 6
model		: 42
model name	: Intel(R) Core(TM) i7-2630QM CPU @ 2.00GHz
stepping	: 7
microcode	: 0x17
cpu MHz		: 1300.000
cache size	: 6144 KB
physical id	: 0
siblings	: 8
core id		: 0
cpu cores	: 4
apicid		: 0
initial apicid	: 0
fdiv_bug	: no
hlt_bug		: no
f00f_bug	: no
coma_bug	: no
fpu		: yes
fpu_exception	: yes
cpuid level	: 13
wp		: yes
flags		: fpu vme de pse tsc msr pae mce cx8 apic sep mtrr pge mca cmov pat pse36 clflush dts acpi mmx fxsr sse sse2 ss ht tm pbe nx rdtscp lm constant_tsc arch_perfmon pebs bts xtopology nonstop_tsc aperfmperf pni pclmulqdq dtes64 monitor ds_cpl vmx est tm2 ssse3 cx16 xtpr pdcm pcid sse4_1 sse4_2 x2apic popcnt tsc_deadline_timer xsave avx lahf_lm ida arat epb xsaveopt pln pts dtherm tpr_shadow vnmi flexpriority ept vpid
bogomips	: 3991.07
clflush size	: 64
cache_alignment	: 64
address sizes	: 36 bits physical, 48 bits virtual
power management:

processor	: 1
vendor_id	: GenuineIntel
cpu family	: 6
model		: 42
model name	: Intel(R) Core(TM) i7-2630QM CPU @ 2.00GHz
stepping	: 7
microcode	: 0x17
cpu MHz		: 800.000
cache size	: 6144 KB
physical id	: 0
siblings	: 8
core id		: 0
cpu cores	: 4
apicid		: 1
initial apicid	: 1
fdiv_bug	: no
hlt_bug		: no
f00f_bug	: no
coma_bug	: no
fpu		: yes
fpu_exception	: yes
cpuid level	: 13
wp		: yes
flags		: fpu vme de pse tsc msr pae mce cx8 apic sep mtrr pge mca cmov pat pse36 clflush dts acpi mmx fxsr sse sse2 ss ht tm pbe nx rdtscp lm constant_tsc arch_perfmon pebs bts xtopology nonstop_tsc aperfmperf pni pclmulqdq dtes64 monitor ds_cpl vmx est tm2 ssse3 cx16 xtpr pdcm pcid sse4_1 sse4_2 x2apic popcnt tsc_deadline_timer xsave avx lahf_lm ida arat epb xsaveopt pln pts dtherm tpr_shadow vnmi flexpriority ept vpid
bogomips	: 3990.74
clflush size	: 64
cache_alignment	: 64
address sizes	: 36 bits physical, 48 bits virtual
power management:

processor	: 2
vendor_id	: GenuineIntel
cpu family	: 6
model		: 42
model name	: Intel(R) Core(TM) i7-2630QM CPU @ 2.00GHz
stepping	: 7
microcode	: 0x17
cpu MHz		: 800.000
cache size	: 6144 KB
physical id	: 0
siblings	: 8
core id		: 1
cpu cores	: 4
apicid		: 2
initial apicid	: 2
fdiv_bug	: no
hlt_bug		: no
f00f_bug	: no
coma_bug	: no
fpu		: yes
fpu_exception	: yes
cpuid level	: 13
wp		: yes
flags		: fpu vme de pse tsc msr pae mce cx8 apic sep mtrr pge mca cmov pat pse36 clflush dts acpi mmx fxsr sse sse2 ss ht tm pbe nx rdtscp lm constant_tsc arch_perfmon pebs bts xtopology nonstop_tsc aperfmperf pni pclmulqdq dtes64 monitor ds_cpl vmx est tm2 ssse3 cx16 xtpr pdcm pcid sse4_1 sse4_2 x2apic popcnt tsc_deadline_timer xsave avx lahf_lm ida arat epb xsaveopt pln pts dtherm tpr_shadow vnmi flexpriority ept vpid
bogomips	: 3990.76
clflush size	: 64
cache_alignment	: 64
address sizes	: 36 bits physical, 48 bits virtual
power management:

processor	: 3
vendor_id	: GenuineIntel
cpu family	: 6
model		: 42
model name	: Intel(R) Core(TM) i7-2630QM CPU @ 2.00GHz
stepping	: 7
microcode	: 0x17
cpu MHz		: 2001.000
cache size	: 6144 KB
physical id	: 0
siblings	: 8
core id		: 1
cpu cores	: 4
apicid		: 3
initial apicid	: 3
fdiv_bug	: no
hlt_bug		: no
f00f_bug	: no
coma_bug	: no
fpu		: yes
fpu_exception	: yes
cpuid level	: 13
wp		: yes
flags		: fpu vme de pse tsc msr pae mce cx8 apic sep mtrr pge mca cmov pat pse36 clflush dts acpi mmx fxsr sse sse2 ss ht tm pbe nx rdtscp lm constant_tsc arch_perfmon pebs bts xtopology nonstop_tsc aperfmperf pni pclmulqdq dtes64 monitor ds_cpl vmx est tm2 ssse3 cx16 xtpr pdcm pcid sse4_1 sse4_2 x2apic popcnt tsc_deadline_timer xsave avx lahf_lm ida arat epb xsaveopt pln pts dtherm tpr_shadow vnmi flexpriority ept vpid
bogomips	: 3990.75
clflush size	: 64
cache_alignment	: 64
address sizes	: 36 bits physical, 48 bits virtual
power management:

processor	: 4
vendor_id	: GenuineIntel
cpu family	: 6
model		: 42
model name	: Intel(R) Core(TM) i7-2630QM CPU @ 2.00GHz
stepping	: 7
microcode	: 0x17
cpu MHz		: 800.000
cache size	: 6144 KB
physical id	: 0
siblings	: 8
core id		: 2
cpu cores	: 4
apicid		: 4
initial apicid	: 4
fdiv_bug	: no
hlt_bug		: no
f00f_bug	: no
coma_bug	: no
fpu		: yes
fpu_exception	: yes
cpuid level	: 13
wp		: yes
flags		: fpu vme de pse tsc msr pae mce cx8 apic sep mtrr pge mca cmov pat pse36 clflush dts acpi mmx fxsr sse sse2 ss ht tm pbe nx rdtscp lm constant_tsc arch_perfmon pebs bts xtopology nonstop_tsc aperfmperf pni pclmulqdq dtes64 monitor ds_cpl vmx est tm2 ssse3 cx16 xtpr pdcm pcid sse4_1 sse4_2 x2apic popcnt tsc_deadline_timer xsave avx lahf_lm ida arat epb xsaveopt pln pts dtherm tpr_shadow vnmi flexpriority ept vpid
bogomips	: 3990.74
clflush size	: 64
cache_alignment	: 64
address sizes	: 36 bits physical, 48 bits virtual
power management:

processor	: 5
vendor_id	: GenuineIntel
cpu family	: 6
model		: 42
model name	: Intel(R) Core(TM) i7-2630QM CPU @ 2.00GHz
stepping	: 7
microcode	: 0x17
cpu MHz		: 2001.000
cache size	: 6144 KB
physical id	: 0
siblings	: 8
core id		: 2
cpu cores	: 4
apicid		: 5
initial apicid	: 5
fdiv_bug	: no
hlt_bug		: no
f00f_bug	: no
coma_bug	: no
fpu		: yes
fpu_exception	: yes
cpuid level	: 13
wp		: yes
flags		: fpu vme de pse tsc msr pae mce cx8 apic sep mtrr pge mca cmov pat pse36 clflush dts acpi mmx fxsr sse sse2 ss ht tm pbe nx rdtscp lm constant_tsc arch_perfmon pebs bts xtopology nonstop_tsc aperfmperf pni pclmulqdq dtes64 monitor ds_cpl vmx est tm2 ssse3 cx16 xtpr pdcm pcid sse4_1 sse4_2 x2apic popcnt tsc_deadline_timer xsave avx lahf_lm ida arat epb xsaveopt pln pts dtherm tpr_shadow vnmi flexpriority ept vpid
bogomips	: 3990.75
clflush size	: 64
cache_alignment	: 64
address sizes	: 36 bits physical, 48 bits virtual
power management:

processor	: 6
vendor_id	: GenuineIntel
cpu family	: 6
model		: 42
model name	: Intel(R) Core(TM) i7-2630QM CPU @ 2.00GHz
stepping	: 7
microcode	: 0x17
cpu MHz		: 800.000
cache size	: 6144 KB
physical id	: 0
siblings	: 8
core id		: 3
cpu cores	: 4
apicid		: 6
initial apicid	: 6
fdiv_bug	: no
hlt_bug		: no
f00f_bug	: no
coma_bug	: no
fpu		: yes
fpu_exception	: yes
cpuid level	: 13
wp		: yes
flags		: fpu vme de pse tsc msr pae mce cx8 apic sep mtrr pge mca cmov pat pse36 clflush dts acpi mmx fxsr sse sse2 ss ht tm pbe nx rdtscp lm constant_tsc arch_perfmon pebs bts xtopology nonstop_tsc aperfmperf pni pclmulqdq dtes64 monitor ds_cpl vmx est tm2 ssse3 cx16 xtpr pdcm pcid sse4_1 sse4_2 x2apic popcnt tsc_deadline_timer xsave avx lahf_lm ida arat epb xsaveopt pln pts dtherm tpr_shadow vnmi flexpriority ept vpid
bogomips	: 3990.76
clflush size	: 64
cache_alignment	: 64
address sizes	: 36 bits physical, 48 bits virtual
power management:

processor	: 7
vendor_id	: GenuineIntel
cpu family	: 6
model		: 42
model name	: Intel(R) Core(TM) i7-2630QM CPU @ 2.00GHz
stepping	: 7
microcode	: 0x17
cpu MHz		: 800.000
cache size	: 6144 KB
physical id	: 0
siblings	: 8
core id		: 3
cpu cores	: 4
apicid		: 7
initial apicid	: 7
fdiv_bug	: no
hlt_bug		: no
f00f_bug	: no
coma_bug	: no
fpu		: yes
fpu_exception	: yes
cpuid level	: 13
wp		: yes
flags		: fpu vme de pse tsc msr pae mce cx8 apic sep mtrr pge mca cmov pat pse36 clflush dts acpi mmx fxsr sse sse2 ss ht tm pbe nx rdtscp lm constant_tsc arch_perfmon pebs bts xtopology nonstop_tsc aperfmperf pni pclmulqdq dtes64 monitor ds_cpl vmx est tm2 ssse3 cx16 xtpr pdcm pcid sse4_1 sse4_2 x2apic popcnt tsc_deadline_timer xsave avx lahf_lm ida arat epb xsaveopt pln pts dtherm tpr_shadow vnmi flexpriority ept vpid
bogomips	: 3990.75
clflush size	: 64
cache_alignment	: 64
address sizes	: 36 bits physical, 48 bits virtual
power management:



Memory: 4k page, physical 8208944k(5612896k free), swap 8330236k(8330236k free)

vm_info: OpenJDK Server VM (23.7-b01) for linux-x86 JRE (1.7.0_21-b02), built on Apr 23 2013 13:58:31 by "buildd" with gcc 4.6.3

time: Sat Jul 13 13:10:46 2013
elapsed time: 52 seconds

