#
# A fatal error has been detected by the Java Runtime Environment:
#
#  SIGSEGV (0xb) at pc=0x6457e675, pid=22495, tid=1725954880
#
# JRE version: 7.0_21-b02
# Java VM: OpenJDK Server VM (23.7-b01 mixed mode linux-x86 )
# Problematic frame:
# C  [libopencv_java246.so+0x30e675]  cv::Mutex::~Mutex()+0x25
#
# Failed to write core dump. Core dumps have been disabled. To enable core dumping, try "ulimit -c unlimited" before starting Java again
#
# If you would like to submit a bug report, please include
# instructions on how to reproduce the bug and visit:
#   https://bugs.launchpad.net/ubuntu/+source/openjdk-7/
#

---------------  T H R E A D  ---------------

Current thread (0x66ca8400):  VMThread [stack: 0x66d7f000,0x66e00000] [id=22509]

siginfo:si_signo=SIGSEGV: si_errno=0, si_code=1 (SEGV_MAPERR), si_addr=0x00000004

Registers:
EAX=0x00000000, EBX=0x64d0aff4, ECX=0x6a306fc0, EDX=0xffffffff
ESP=0x66dfed00, EBP=0xb76ee3e4, ESI=0x64dadefc, EDI=0x0000008f
EIP=0x6457e675, EFLAGS=0x00210212, CR2=0x00000004

Top of Stack: (sp=0x66dfed00)
0x66dfed00:   6a307420 0000008f b76ee3e4 b76edff4
0x66dfed10:   b76edff4 6a306f58 0000008f b757bf51
0x66dfed20:   64dadefc 0000008f b7629542 b6de2be1
0x66dfed30:   b6504f38 b68edab6 b70e0ff4 01dae813
0x66dfed40:   b6500468 656d6974 b6507cf0 b76edff4
0x66dfed50:   63251c04 b6530bb0 b6530fa4 b757bfdd
0x66dfed60:   0000008f b76ee3e4 00000001 b6de1d4f
0x66dfed70:   b753487f b757bfb6 b70e0ff4 b6bd6510 

Instructions: (pc=0x6457e675)
0x6457e655:   ff ff ff 89 74 24 14 8b 74 24 20 89 5c 24 10 e8
0x6457e665:   be 32 e1 ff 81 c3 8b c9 78 00 89 7c 24 18 8b 06
0x6457e675:   f0 0f c1 50 04 83 fa 01 74 19 c7 06 00 00 00 00
0x6457e685:   8b 5c 24 10 8b 74 24 14 8b 7c 24 18 83 c4 1c c3 

Register to memory mapping:

EAX=0x00000000 is an unknown value
EBX=0x64d0aff4: <offset 0xa9aff4> in /home/matt/CS/Hack/opencv/build/lib/libopencv_java246.so at 0x64270000
ECX=0x6a306fc0 is an unknown value
EDX=0xffffffff is an unknown value
ESP=0x66dfed00 is an unknown value
EBP=0xb76ee3e4: <offset 0x1a53e4> in /lib/i386-linux-gnu/libc.so.6 at 0xb7549000
ESI=0x64dadefc: _ZN2cv15SURFFindInvoker19findMaximaInLayer_mE+0 in /home/matt/CS/Hack/opencv/build/lib/libopencv_java246.so at 0x64270000
EDI=0x0000008f is an unknown value


Stack: [0x66d7f000,0x66e00000],  sp=0x66dfed00,  free space=511k
Native frames: (J=compiled Java code, j=interpreted, Vv=VM code, C=native code)
C  [libopencv_java246.so+0x30e675]  cv::Mutex::~Mutex()+0x25

VM_Operation (0x63251c04): Exit, mode: safepoint, requested by thread 0x6650b000


---------------  P R O C E S S  ---------------

Java Threads: ( => current thread )
  0x6650b000 JavaThread "SIGTERM handler" daemon [_thread_blocked, id=22527, stack(0x63202000,0x63253000)]
  0x6a31d000 JavaThread "Image Fetcher 0" daemon [_thread_blocked, id=22526, stack(0x632aa000,0x632fb000)]
  0x66a0f800 JavaThread "Animation Thread" [_thread_blocked, id=22525, stack(0x64daf000,0x64e00000)]
  0x66a03c00 JavaThread "AWT-EventQueue-1" [_thread_blocked, id=22524, stack(0x64f40000,0x64f91000)]
  0xb6506800 JavaThread "DestroyJavaVM" [_thread_blocked, id=22500, stack(0xb6635000,0xb6686000)]
  0x6519b000 JavaThread "AWT-EventQueue-0" [_thread_blocked, id=22522, stack(0x64fbc000,0x6500d000)]
  0x65195400 JavaThread "AWT-Shutdown" [_thread_blocked, id=22521, stack(0x6500d000,0x6505e000)]
  0x6516f400 JavaThread "thread applet-Main.class" [_thread_blocked, id=22520, stack(0x6505e000,0x650af000)]
  0x65157c00 JavaThread "AWT-XAWT" daemon [_thread_blocked, id=22518, stack(0x650af000,0x65100000)]
  0x65126400 JavaThread "Java2D Disposer" daemon [_thread_blocked, id=22517, stack(0x6524c000,0x6529d000)]
  0x66cf7c00 JavaThread "Service Thread" daemon [_thread_blocked, id=22515, stack(0x6a62e000,0x6a67f000)]
  0x66cf6000 JavaThread "C2 CompilerThread1" daemon [_thread_blocked, id=22514, stack(0x6647f000,0x66500000)]
  0x66cf4000 JavaThread "C2 CompilerThread0" daemon [_thread_blocked, id=22513, stack(0x66f4a000,0x66fcb000)]
  0x66cf2400 JavaThread "Signal Dispatcher" daemon [_thread_blocked, id=22512, stack(0x6a82e000,0x6a87f000)]
  0x66cb0000 JavaThread "Finalizer" daemon [_thread_blocked, id=22511, stack(0x6aa2e000,0x6aa7f000)]
  0x66cae400 JavaThread "Reference Handler" daemon [_thread_blocked, id=22510, stack(0x6ad2e000,0x6ad7f000)]

Other Threads:
=>0x66ca8400 VMThread [stack: 0x66d7f000,0x66e00000] [id=22509]

VM state:at safepoint (shutting down)

VM Mutex/Monitor currently owned by a thread:  ([mutex/lock_event])
[0xb6504238] Threads_lock - owner thread: 0x66ca8400

Heap
 PSYoungGen      total 110848K, used 40108K [0x9de90000, 0xa9b60000, 0xb33e0000)
  eden space 34752K, 5% used [0x9de90000,0x9e087360,0xa0080000)
  from space 76096K, 50% used [0xa5110000,0xa7644000,0xa9b60000)
  to   space 79296K, 0% used [0xa0080000,0xa0080000,0xa4df0000)
 ParOldGen       total 235520K, used 194073K [0x733e0000, 0x819e0000, 0x9de90000)
  object space 235520K, 82% used [0x733e0000,0x7f166560,0x819e0000)
 PSPermGen       total 16384K, used 7447K [0x6b3e0000, 0x6c3e0000, 0x733e0000)
  object space 16384K, 45% used [0x6b3e0000,0x6bb25e08,0x6c3e0000)

Card table byte_map: [0x6b19f000,0x6b3e0000] byte_map_base: 0x6ae45100

Polling page: 0xb76f9000

Code Cache  [0xb34ae000, 0xb36ee000, 0xb64ae000)
 total_blobs=326 nmethods=63 adapters=216 free_code_cache=48697Kb largest_free_block=49852672

Compilation events (10 events):
Event: 0.897 Thread 0x66cf4000 nmethod 55 0xb351eb08 code [0xb351ebe0, 0xb351ec30]
Event: 0.897 Thread 0x66cf4000   56             java.awt.Rectangle::getHeight (6 bytes)
Event: 0.897 Thread 0x66cf4000 nmethod 56 0xb351e988 code [0xb351ea60, 0xb351eab0]
Event: 0.897 Thread 0x66cf4000   57             Main$BlackLine::<init> (20 bytes)
Event: 0.897 Thread 0x66cf4000 nmethod 57 0xb351e808 code [0xb351e8e0, 0xb351e930]
Event: 0.897 Thread 0x66cf4000   58             Main$BlackLine::getCost (12 bytes)
Event: 0.897 Thread 0x66cf4000 nmethod 58 0xb351e688 code [0xb351e760, 0xb351e7b0]
Event: 0.898 Thread 0x66cf6000 nmethod 53 0xb351a5c8 code [0xb351a720, 0xb351a910]
Event: 0.899 Thread 0x66cf4000    5 %           Main::getSeries @ 23 (72 bytes)
Event: 0.903 Thread 0x66cf4000 nmethod 5% 0xb3522448 code [0xb35225e0, 0xb3522a78]

GC Heap History (10 events):
Event: 2.537 GC heap before
{Heap before GC invocations=9 (full 2):
 PSYoungGen      total 62080K, used 62075K [0x9de90000, 0xa4dd0000, 0xb33e0000)
  eden space 32320K, 100% used [0x9de90000,0x9fe20000,0x9fe20000)
  from space 29760K, 99% used [0xa2370000,0xa407ec00,0xa4080000)
  to   space 38208K, 0% used [0x9fe20000,0x9fe20000,0xa2370000)
 ParOldGen       total 132992K, used 54672K [0x733e0000, 0x7b5c0000, 0x9de90000)
  object space 132992K, 41% used [0x733e0000,0x76944250,0x7b5c0000)
 PSPermGen       total 16896K, used 7430K [0x6b3e0000, 0x6c460000, 0x733e0000)
  object space 16896K, 43% used [0x6b3e0000,0x6bb21a80,0x6c460000)
Event: 2.588 GC heap after
Heap after GC invocations=9 (full 2):
 PSYoungGen      total 70528K, used 38200K [0x9de90000, 0xa6be0000, 0xb33e0000)
  eden space 32320K, 0% used [0x9de90000,0x9de90000,0x9fe20000)
  from space 38208K, 99% used [0x9fe20000,0xa236e1f8,0xa2370000)
  to   space 52736K, 0% used [0xa3860000,0xa3860000,0xa6be0000)
 ParOldGen       total 132992K, used 67932K [0x733e0000, 0x7b5c0000, 0x9de90000)
  object space 132992K, 51% used [0x733e0000,0x77637250,0x7b5c0000)
 PSPermGen       total 16896K, used 7430K [0x6b3e0000, 0x6c460000, 0x733e0000)
  object space 16896K, 43% used [0x6b3e0000,0x6bb21a80,0x6c460000)
}
Event: 3.017 GC heap before
{Heap before GC invocations=10 (full 2):
 PSYoungGen      total 70528K, used 70520K [0x9de90000, 0xa6be0000, 0xb33e0000)
  eden space 32320K, 100% used [0x9de90000,0x9fe20000,0x9fe20000)
  from space 38208K, 99% used [0x9fe20000,0xa236e1f8,0xa2370000)
  to   space 52736K, 0% used [0xa3860000,0xa3860000,0xa6be0000)
 ParOldGen       total 132992K, used 91969K [0x733e0000, 0x7b5c0000, 0x9de90000)
  object space 132992K, 69% used [0x733e0000,0x78db0540,0x7b5c0000)
 PSPermGen       total 16896K, used 7430K [0x6b3e0000, 0x6c460000, 0x733e0000)
  object space 16896K, 43% used [0x6b3e0000,0x6bb21a80,0x6c460000)
Event: 3.211 GC heap after
Heap after GC invocations=10 (full 2):
 PSYoungGen      total 81216K, used 52736K [0x9de90000, 0xa83e0000, 0xb33e0000)
  eden space 28480K, 0% used [0x9de90000,0x9de90000,0x9fa60000)
  from space 52736K, 100% used [0xa3860000,0xa6be0000,0xa6be0000)
  to   space 63488K, 0% used [0x9fa60000,0x9fa60000,0xa3860000)
 ParOldGen       total 132992K, used 93821K [0x733e0000, 0x7b5c0000, 0x9de90000)
  object space 132992K, 70% used [0x733e0000,0x78f7f540,0x7b5c0000)
 PSPermGen       total 16896K, used 7430K [0x6b3e0000, 0x6c460000, 0x733e0000)
  object space 16896K, 43% used [0x6b3e0000,0x6bb21a80,0x6c460000)
}
Event: 3.579 GC heap before
{Heap before GC invocations=11 (full 2):
 PSYoungGen      total 81216K, used 81216K [0x9de90000, 0xa83e0000, 0xb33e0000)
  eden space 28480K, 100% used [0x9de90000,0x9fa60000,0x9fa60000)
  from space 52736K, 100% used [0xa3860000,0xa6be0000,0xa6be0000)
  to   space 63488K, 0% used [0x9fa60000,0x9fa60000,0xa3860000)
 ParOldGen       total 132992K, used 93821K [0x733e0000, 0x7b5c0000, 0x9de90000)
  object space 132992K, 70% used [0x733e0000,0x78f7f540,0x7b5c0000)
 PSPermGen       total 16896K, used 7430K [0x6b3e0000, 0x6c460000, 0x733e0000)
  object space 16896K, 43% used [0x6b3e0000,0x6bb21a80,0x6c460000)
Event: 3.853 GC heap after
Heap after GC invocations=11 (full 2):
 PSYoungGen      total 91968K, used 63488K [0x9de90000, 0xaa110000, 0xb33e0000)
  eden space 28480K, 0% used [0x9de90000,0x9de90000,0x9fa60000)
  from space 63488K, 100% used [0x9fa60000,0xa3860000,0xa3860000)
  to   space 81920K, 0% used [0xa5110000,0xa5110000,0xaa110000)
 ParOldGen       total 132992K, used 111669K [0x733e0000, 0x7b5c0000, 0x9de90000)
  object space 132992K, 83% used [0x733e0000,0x7a0ed540,0x7b5c0000)
 PSPermGen       total 16896K, used 7430K [0x6b3e0000, 0x6c460000, 0x733e0000)
  object space 16896K, 43% used [0x6b3e0000,0x6bb21a80,0x6c460000)
}
Event: 3.853 GC heap before
{Heap before GC invocations=12 (full 3):
 PSYoungGen      total 91968K, used 63488K [0x9de90000, 0xaa110000, 0xb33e0000)
  eden space 28480K, 0% used [0x9de90000,0x9de90000,0x9fa60000)
  from space 63488K, 100% used [0x9fa60000,0xa3860000,0xa3860000)
  to   space 81920K, 0% used [0xa5110000,0xa5110000,0xaa110000)
 ParOldGen       total 132992K, used 111669K [0x733e0000, 0x7b5c0000, 0x9de90000)
  object space 132992K, 83% used [0x733e0000,0x7a0ed540,0x7b5c0000)
 PSPermGen       total 16896K, used 7430K [0x6b3e0000, 0x6c460000, 0x733e0000)
  object space 16896K, 43% used [0x6b3e0000,0x6bb21a80,0x6c460000)
Event: 4.783 GC heap after
Heap after GC invocations=12 (full 3):
 PSYoungGen      total 91968K, used 34708K [0x9de90000, 0xaa110000, 0xb33e0000)
  eden space 28480K, 0% used [0x9de90000,0x9de90000,0x9fa60000)
  from space 63488K, 54% used [0x9fa60000,0xa1c45038,0xa3860000)
  to   space 81920K, 0% used [0xa5110000,0xa5110000,0xaa110000)
 ParOldGen       total 235520K, used 132990K [0x733e0000, 0x819e0000, 0x9de90000)
  object space 235520K, 56% used [0x733e0000,0x7b5bf900,0x819e0000)
 PSPermGen       total 16384K, used 7430K [0x6b3e0000, 0x6c3e0000, 0x733e0000)
  object space 16384K, 45% used [0x6b3e0000,0x6bb21a80,0x6c3e0000)
}
Event: 5.169 GC heap before
{Heap before GC invocations=13 (full 3):
 PSYoungGen      total 91968K, used 63188K [0x9de90000, 0xaa110000, 0xb33e0000)
  eden space 28480K, 100% used [0x9de90000,0x9fa60000,0x9fa60000)
  from space 63488K, 54% used [0x9fa60000,0xa1c45038,0xa3860000)
  to   space 81920K, 0% used [0xa5110000,0xa5110000,0xaa110000)
 ParOldGen       total 235520K, used 169045K [0x733e0000, 0x819e0000, 0x9de90000)
  object space 235520K, 71% used [0x733e0000,0x7d8f5560,0x819e0000)
 PSPermGen       total 16384K, used 7430K [0x6b3e0000, 0x6c3e0000, 0x733e0000)
  object space 16384K, 45% used [0x6b3e0000,0x6bb21af8,0x6c3e0000)
Event: 5.321 GC heap after
Heap after GC invocations=13 (full 3):
 PSYoungGen      total 110848K, used 38096K [0x9de90000, 0xa9b60000, 0xb33e0000)
  eden space 34752K, 0% used [0x9de90000,0x9de90000,0xa0080000)
  from space 76096K, 50% used [0xa5110000,0xa7644000,0xa9b60000)
  to   space 79296K, 0% used [0xa0080000,0xa0080000,0xa4df0000)
 ParOldGen       total 235520K, used 194073K [0x733e0000, 0x819e0000, 0x9de90000)
  object space 235520K, 82% used [0x733e0000,0x7f166560,0x819e0000)
 PSPermGen       total 16384K, used 7430K [0x6b3e0000, 0x6c3e0000, 0x733e0000)
  object space 16384K, 45% used [0x6b3e0000,0x6bb21af8,0x6c3e0000)
}

Deoptimization events (6 events):
Event: 0.224 Thread 0x6519b000 Uncommon trap -34 fr.pc 0xb34f8708
Event: 0.224 Thread 0x6519b000 Uncommon trap -34 fr.pc 0xb34f8708
Event: 0.226 Thread 0x6519b000 Uncommon trap -34 fr.pc 0xb34f8708
Event: 0.226 Thread 0x6519b000 Uncommon trap -34 fr.pc 0xb34f8708
Event: 0.497 Thread 0x6a31d000 Uncommon trap -28 fr.pc 0xb350f424
Event: 0.502 Thread 0x6a31d000 Uncommon trap -28 fr.pc 0xb3514f64

Internal exceptions (10 events):
Event: 0.418 Thread 0x66a0f800 Threw 0x9e5fdb00 at /build/buildd/openjdk-7-7u21-2.3.9/build/openjdk/hotspot/src/share/vm/prims/jvm.cpp:1166
Event: 0.421 Thread 0x66a0f800 Threw 0x9e602c60 at /build/buildd/openjdk-7-7u21-2.3.9/build/openjdk/hotspot/src/share/vm/prims/jvm.cpp:1166
Event: 0.440 Thread 0x66a0f800 Threw 0x9e60b440 at /build/buildd/openjdk-7-7u21-2.3.9/build/openjdk/hotspot/src/share/vm/prims/jvm.cpp:1166
Event: 0.442 Thread 0x66a0f800 Threw 0x9e616c30 at /build/buildd/openjdk-7-7u21-2.3.9/build/openjdk/hotspot/src/share/vm/prims/jvm.cpp:1166
Event: 0.443 Thread 0x66a0f800 Threw 0x9e6290e0 at /build/buildd/openjdk-7-7u21-2.3.9/build/openjdk/hotspot/src/share/vm/prims/jvm.cpp:1166
Event: 0.444 Thread 0x66a0f800 Threw 0x9e62e2e0 at /build/buildd/openjdk-7-7u21-2.3.9/build/openjdk/hotspot/src/share/vm/prims/jvm.cpp:1166
Event: 0.444 Thread 0x66a0f800 Threw 0x9e634210 at /build/buildd/openjdk-7-7u21-2.3.9/build/openjdk/hotspot/src/share/vm/prims/jvm.cpp:1166
Event: 0.535 Thread 0x66a0f800 Threw 0x9e819bd0 at /build/buildd/openjdk-7-7u21-2.3.9/build/openjdk/hotspot/src/share/vm/prims/jvm.cpp:1166
Event: 0.621 Thread 0x66a0f800 Threw 0x9e1306b8 at /build/buildd/openjdk-7-7u21-2.3.9/build/openjdk/hotspot/src/share/vm/prims/jvm.cpp:1166
Event: 0.876 Thread 0x66a0f800 Threw 0x9e136028 at /build/buildd/openjdk-7-7u21-2.3.9/build/openjdk/hotspot/src/share/vm/prims/jvm.cpp:1166

Events (10 events):
Event: 5.322 loading class 0x661a4d78 done
Event: 5.322 Thread 0x6a703800 Thread added: 0x6a703800
Event: 5.322 loading class 0x6513e5e8
Event: 5.322 loading class 0x63100820
Event: 5.322 loading class 0x63100820 done
Event: 5.322 loading class 0x63100850
Event: 5.322 loading class 0x63100850 done
Event: 5.322 loading class 0x6513e5e8 done
Event: 5.323 Thread 0x6a703800 Thread exited: 0x6a703800
Event: 5.323 Executing VM operation: Exit


Dynamic libraries:
08048000-08049000 r-xp 00000000 08:0a 3935629    /usr/lib/jvm/java-7-openjdk-i386/jre/bin/java
08049000-0804a000 r--p 00000000 08:0a 3935629    /usr/lib/jvm/java-7-openjdk-i386/jre/bin/java
0804a000-0804b000 rw-p 00001000 08:0a 3935629    /usr/lib/jvm/java-7-openjdk-i386/jre/bin/java
082b2000-082d3000 rw-p 00000000 00:00 0          [heap]
61800000-61991000 rw-p 00000000 00:00 0 
61991000-61a00000 ---p 00000000 00:00 0 
61a00000-61c00000 rw-p 00000000 00:00 0 
61c00000-61e00000 rw-p 00000000 00:00 0 
61e00000-61eaa000 rw-p 00000000 00:00 0 
61eaa000-61f00000 ---p 00000000 00:00 0 
61f00000-62000000 rw-p 00000000 00:00 0 
62000000-62200000 rw-p 00000000 00:00 0 
62200000-62400000 rw-p 00000000 00:00 0 
62400000-62600000 rw-p 00000000 00:00 0 
62600000-62800000 rw-p 00000000 00:00 0 
62900000-62a00000 rw-p 00000000 00:00 0 
62d29000-62f00000 rw-p 00000000 00:00 0 
630af000-630b2000 ---p 00000000 00:00 0 
630b2000-63100000 rw-p 00000000 00:00 0 
63100000-63200000 rw-p 00000000 00:00 0 
63202000-63205000 ---p 00000000 00:00 0 
63205000-63253000 rw-p 00000000 00:00 0 
63253000-63298000 r-xp 00000000 08:0a 3932808    /usr/lib/i386-linux-gnu/libjpeg.so.8.0.2
63298000-63299000 r--p 00044000 08:0a 3932808    /usr/lib/i386-linux-gnu/libjpeg.so.8.0.2
63299000-6329a000 rw-p 00045000 08:0a 3932808    /usr/lib/i386-linux-gnu/libjpeg.so.8.0.2
6329a000-632aa000 rw-p 00000000 00:00 0 
632aa000-632ad000 ---p 00000000 00:00 0 
632ad000-632fb000 rw-p 00000000 00:00 0 
632fb000-6348d000 r-xp 00000000 08:0a 1321284    /lib/i386-linux-gnu/libcrypto.so.1.0.0
6348d000-6349c000 r--p 00192000 08:0a 1321284    /lib/i386-linux-gnu/libcrypto.so.1.0.0
6349c000-634a3000 rw-p 001a1000 08:0a 1321284    /lib/i386-linux-gnu/libcrypto.so.1.0.0
634a3000-634a6000 rw-p 00000000 00:00 0 
634a6000-634f7000 r-xp 00000000 08:0a 1321281    /lib/i386-linux-gnu/libssl.so.1.0.0
634f7000-634f9000 r--p 00050000 08:0a 1321281    /lib/i386-linux-gnu/libssl.so.1.0.0
634f9000-634fd000 rw-p 00052000 08:0a 1321281    /lib/i386-linux-gnu/libssl.so.1.0.0
634fd000-63760000 r-xp 00000000 08:0a 3932992    /usr/lib/libpython2.7.so.1.0
63760000-63761000 ---p 00263000 08:0a 3932992    /usr/lib/libpython2.7.so.1.0
63761000-63762000 r--p 00263000 08:0a 3932992    /usr/lib/libpython2.7.so.1.0
63762000-637b7000 rw-p 00264000 08:0a 3932992    /usr/lib/libpython2.7.so.1.0
637b7000-637c3000 rw-p 00000000 00:00 0 
637c3000-641af000 r-xp 00000000 08:0a 2399629    /home/matt/CS/Hack/opencv/build/lib/cv2.so
641af000-641bb000 r--p 009eb000 08:0a 2399629    /home/matt/CS/Hack/opencv/build/lib/cv2.so
641bb000-641d1000 rw-p 009f7000 08:0a 2399629    /home/matt/CS/Hack/opencv/build/lib/cv2.so
641d1000-64270000 rw-p 00000000 00:00 0 
64270000-64cfe000 r-xp 00000000 08:0a 2399698    /home/matt/CS/Hack/opencv/build/lib/libopencv_java246.so
64cfe000-64d0b000 r--p 00a8d000 08:0a 2399698    /home/matt/CS/Hack/opencv/build/lib/libopencv_java246.so
64d0b000-64d15000 rw-p 00a9a000 08:0a 2399698    /home/matt/CS/Hack/opencv/build/lib/libopencv_java246.so
64d15000-64daf000 rw-p 00000000 00:00 0 
64daf000-64db2000 ---p 00000000 00:00 0 
64db2000-64e00000 rw-p 00000000 00:00 0 
64e00000-64e69000 rw-p 00000000 00:00 0 
64e69000-64f00000 ---p 00000000 00:00 0 
64f35000-64f3e000 r-xp 00000000 08:0a 4078118    /usr/lib/jvm/java-7-openjdk-i386/jre/lib/i386/libjavajpeg.so
64f3e000-64f3f000 r--p 00008000 08:0a 4078118    /usr/lib/jvm/java-7-openjdk-i386/jre/lib/i386/libjavajpeg.so
64f3f000-64f40000 rw-p 00009000 08:0a 4078118    /usr/lib/jvm/java-7-openjdk-i386/jre/lib/i386/libjavajpeg.so
64f40000-64f43000 ---p 00000000 00:00 0 
64f43000-64f91000 rw-p 00000000 00:00 0 
64f91000-64fa2000 r-xp 00000000 08:0a 4078113    /usr/lib/jvm/java-7-openjdk-i386/jre/lib/i386/libnio.so
64fa2000-64fa3000 r--p 00010000 08:0a 4078113    /usr/lib/jvm/java-7-openjdk-i386/jre/lib/i386/libnio.so
64fa3000-64fa4000 rw-p 00011000 08:0a 4078113    /usr/lib/jvm/java-7-openjdk-i386/jre/lib/i386/libnio.so
64fa4000-64fba000 r-xp 00000000 08:0a 4078127    /usr/lib/jvm/java-7-openjdk-i386/jre/lib/i386/libnet.so
64fba000-64fbb000 r--p 00015000 08:0a 4078127    /usr/lib/jvm/java-7-openjdk-i386/jre/lib/i386/libnet.so
64fbb000-64fbc000 rw-p 00016000 08:0a 4078127    /usr/lib/jvm/java-7-openjdk-i386/jre/lib/i386/libnet.so
64fbc000-64fbf000 ---p 00000000 00:00 0 
64fbf000-6500d000 rw-p 00000000 00:00 0 
6500d000-65010000 ---p 00000000 00:00 0 
65010000-6505e000 rw-p 00000000 00:00 0 
6505e000-65061000 ---p 00000000 00:00 0 
65061000-650af000 rw-p 00000000 00:00 0 
650af000-650b2000 ---p 00000000 00:00 0 
650b2000-65100000 rw-p 00000000 00:00 0 
65100000-651aa000 rw-p 00000000 00:00 0 
651aa000-65200000 ---p 00000000 00:00 0 
65203000-65205000 r-xp 00000000 08:0a 1311808    /lib/i386-linux-gnu/libutil-2.15.so
65205000-65206000 r--p 00001000 08:0a 1311808    /lib/i386-linux-gnu/libutil-2.15.so
65206000-65207000 rw-p 00002000 08:0a 1311808    /lib/i386-linux-gnu/libutil-2.15.so
65207000-6524a000 r-xp 00000000 08:0a 4078145    /usr/lib/jvm/java-7-openjdk-i386/jre/lib/i386/libfontmanager.so
6524a000-6524b000 r--p 00043000 08:0a 4078145    /usr/lib/jvm/java-7-openjdk-i386/jre/lib/i386/libfontmanager.so
6524b000-6524c000 rw-p 00044000 08:0a 4078145    /usr/lib/jvm/java-7-openjdk-i386/jre/lib/i386/libfontmanager.so
6524c000-6524f000 ---p 00000000 00:00 0 
6524f000-6529d000 rw-p 00000000 00:00 0 
6529d000-652a6000 r--s 000bc000 08:0a 3936868    /usr/lib/jvm/java-7-openjdk-common/jre/lib/resources.jar
652a6000-652a9000 r-xp 00000000 08:0a 1310833    /lib/i386-linux-gnu/libgpg-error.so.0.8.0
652a9000-652aa000 r--p 00002000 08:0a 1310833    /lib/i386-linux-gnu/libgpg-error.so.0.8.0
652aa000-652ab000 rw-p 00003000 08:0a 1310833    /lib/i386-linux-gnu/libgpg-error.so.0.8.0
652ab000-652ad000 r-xp 00000000 08:0a 1310842    /lib/i386-linux-gnu/libkeyutils.so.1.4
652ad000-652ae000 r--p 00002000 08:0a 1310842    /lib/i386-linux-gnu/libkeyutils.so.1.4
652ae000-652af000 rw-p 00003000 08:0a 1310842    /lib/i386-linux-gnu/libkeyutils.so.1.4
652af000-652f6000 r-xp 00000000 08:0a 1322241    /lib/i386-linux-gnu/libdbus-1.so.3.5.8
652f6000-652f7000 r--p 00047000 08:0a 1322241    /lib/i386-linux-gnu/libdbus-1.so.3.5.8
652f7000-652f8000 rw-p 00048000 08:0a 1322241    /lib/i386-linux-gnu/libdbus-1.so.3.5.8
652f8000-65308000 r-xp 00000000 08:0a 3933453    /usr/lib/i386-linux-gnu/libp11-kit.so.0.0.0
65308000-65309000 r--p 0000f000 08:0a 3933453    /usr/lib/i386-linux-gnu/libp11-kit.so.0.0.0
65309000-6530a000 rw-p 00010000 08:0a 3933453    /usr/lib/i386-linux-gnu/libp11-kit.so.0.0.0
6530a000-6538c000 r-xp 00000000 08:0a 1310835    /lib/i386-linux-gnu/libgcrypt.so.11.7.0
6538c000-6538d000 r--p 00081000 08:0a 1310835    /lib/i386-linux-gnu/libgcrypt.so.11.7.0
6538d000-6538f000 rw-p 00082000 08:0a 1310835    /lib/i386-linux-gnu/libgcrypt.so.11.7.0
6538f000-6539f000 r-xp 00000000 08:0a 3932307    /usr/lib/i386-linux-gnu/libtasn1.so.3.1.12
6539f000-653a0000 r--p 0000f000 08:0a 3932307    /usr/lib/i386-linux-gnu/libtasn1.so.3.1.12
653a0000-653a1000 rw-p 00010000 08:0a 3932307    /usr/lib/i386-linux-gnu/libtasn1.so.3.1.12
653a1000-653a8000 r-xp 00000000 08:0a 3933015    /usr/lib/i386-linux-gnu/libkrb5support.so.0.1
653a8000-653a9000 r--p 00006000 08:0a 3933015    /usr/lib/i386-linux-gnu/libkrb5support.so.0.1
653a9000-653aa000 rw-p 00007000 08:0a 3933015    /usr/lib/i386-linux-gnu/libkrb5support.so.0.1
653aa000-653d0000 r-xp 00000000 08:0a 3933054    /usr/lib/i386-linux-gnu/libk5crypto.so.3.1
653d0000-653d1000 r--p 00025000 08:0a 3933054    /usr/lib/i386-linux-gnu/libk5crypto.so.3.1
653d1000-653d2000 rw-p 00026000 08:0a 3933054    /usr/lib/i386-linux-gnu/libk5crypto.so.3.1
653d2000-6549a000 r-xp 00000000 08:0a 3933062    /usr/lib/i386-linux-gnu/libkrb5.so.3.3
6549a000-654a0000 r--p 000c7000 08:0a 3933062    /usr/lib/i386-linux-gnu/libkrb5.so.3.3
654a0000-654a1000 rw-p 000cd000 08:0a 3933062    /usr/lib/i386-linux-gnu/libkrb5.so.3.3
654a1000-654a9000 r-xp 00000000 08:0a 3955781    /usr/lib/i386-linux-gnu/libxcb-render.so.0.0.0
654a9000-654aa000 r--p 00008000 08:0a 3955781    /usr/lib/i386-linux-gnu/libxcb-render.so.0.0.0
654aa000-654ab000 rw-p 00009000 08:0a 3955781    /usr/lib/i386-linux-gnu/libxcb-render.so.0.0.0
654ab000-654d3000 r-xp 00000000 08:0a 1310827    /lib/i386-linux-gnu/libpng12.so.0.46.0
654d3000-654d4000 r--p 00027000 08:0a 1310827    /lib/i386-linux-gnu/libpng12.so.0.46.0
654d4000-654d5000 rw-p 00028000 08:0a 1310827    /lib/i386-linux-gnu/libpng12.so.0.46.0
654d5000-65568000 r-xp 00000000 08:0a 3933109    /usr/lib/i386-linux-gnu/libpixman-1.so.0.24.4
65568000-6556c000 r--p 00092000 08:0a 3933109    /usr/lib/i386-linux-gnu/libpixman-1.so.0.24.4
6556c000-6556d000 rw-p 00096000 08:0a 3933109    /usr/lib/i386-linux-gnu/libpixman-1.so.0.24.4
6556d000-6557d000 r-xp 00000000 08:0a 3934172    /usr/lib/i386-linux-gnu/libavahi-client.so.3.2.9
6557d000-6557e000 r--p 0000f000 08:0a 3934172    /usr/lib/i386-linux-gnu/libavahi-client.so.3.2.9
6557e000-6557f000 rw-p 00010000 08:0a 3934172    /usr/lib/i386-linux-gnu/libavahi-client.so.3.2.9
6557f000-6563e000 r-xp 00000000 08:0a 3954631    /usr/lib/i386-linux-gnu/libgnutls.so.26.21.8
6563e000-65642000 r--p 000bf000 08:0a 3954631    /usr/lib/i386-linux-gnu/libgnutls.so.26.21.8
65642000-65643000 rw-p 000c3000 08:0a 3954631    /usr/lib/i386-linux-gnu/libgnutls.so.26.21.8
65643000-656d8000 r-xp 00000000 08:0a 3932907    /usr/lib/i386-linux-gnu/libfreetype.so.6.8.0
656d8000-656dc000 r--p 00094000 08:0a 3932907    /usr/lib/i386-linux-gnu/libfreetype.so.6.8.0
656dc000-656dd000 rw-p 00098000 08:0a 3932907    /usr/lib/i386-linux-gnu/libfreetype.so.6.8.0
656dd000-657a4000 r-xp 00000000 08:0a 3934052    /usr/lib/i386-linux-gnu/libcairo.so.2.11000.2
657a4000-657a5000 r--p 000c7000 08:0a 3934052    /usr/lib/i386-linux-gnu/libcairo.so.2.11000.2
657a5000-657a6000 rw-p 000c8000 08:0a 3934052    /usr/lib/i386-linux-gnu/libcairo.so.2.11000.2
657a6000-657a8000 rw-p 00000000 00:00 0 
657a8000-6589f000 r-xp 00000000 08:0a 1311644    /lib/i386-linux-gnu/libglib-2.0.so.0.3200.3
6589f000-658a0000 r--p 000f6000 08:0a 1311644    /lib/i386-linux-gnu/libglib-2.0.so.0.3200.3
658a0000-658a1000 rw-p 000f7000 08:0a 1311644    /lib/i386-linux-gnu/libglib-2.0.so.0.3200.3
658a1000-659f4000 r-xp 00000000 08:0a 3932600    /usr/lib/i386-linux-gnu/libgio-2.0.so.0.3200.3
659f4000-659f6000 r--p 00153000 08:0a 3932600    /usr/lib/i386-linux-gnu/libgio-2.0.so.0.3200.3
659f6000-659f7000 rw-p 00155000 08:0a 3932600    /usr/lib/i386-linux-gnu/libgio-2.0.so.0.3200.3
659f7000-659f8000 rw-p 00000000 00:00 0 
659f8000-65aa3000 r-xp 00000000 08:0a 3935700    /usr/lib/i386-linux-gnu/libgdk-x11-2.0.so.0.2400.10
65aa3000-65aa4000 ---p 000ab000 08:0a 3935700    /usr/lib/i386-linux-gnu/libgdk-x11-2.0.so.0.2400.10
65aa4000-65aa6000 r--p 000ab000 08:0a 3935700    /usr/lib/i386-linux-gnu/libgdk-x11-2.0.so.0.2400.10
65aa6000-65aa7000 rw-p 000ad000 08:0a 3935700    /usr/lib/i386-linux-gnu/libgdk-x11-2.0.so.0.2400.10
65aa7000-65f07000 r-xp 00000000 08:0a 3935042    /usr/lib/i386-linux-gnu/libgtk-x11-2.0.so.0.2400.10
65f07000-65f0b000 r--p 00460000 08:0a 3935042    /usr/lib/i386-linux-gnu/libgtk-x11-2.0.so.0.2400.10
65f0b000-65f0d000 rw-p 00464000 08:0a 3935042    /usr/lib/i386-linux-gnu/libgtk-x11-2.0.so.0.2400.10
65f0d000-65f0f000 rw-p 00000000 00:00 0 
65f0f000-6603f000 r-xp 00000000 08:0a 3935449    /usr/lib/i386-linux-gnu/libX11.so.6.3.0
6603f000-66040000 r--p 0012f000 08:0a 3935449    /usr/lib/i386-linux-gnu/libX11.so.6.3.0
66040000-66042000 rw-p 00130000 08:0a 3935449    /usr/lib/i386-linux-gnu/libX11.so.6.3.0
66042000-66043000 rw-p 00000000 00:00 0 
66043000-660d4000 r-xp 00000000 08:0a 4078119    /usr/lib/jvm/java-7-openjdk-i386/jre/lib/i386/libawt.so
660d4000-660d5000 r--p 00090000 08:0a 4078119    /usr/lib/jvm/java-7-openjdk-i386/jre/lib/i386/libawt.so
660d5000-660dc000 rw-p 00091000 08:0a 4078119    /usr/lib/jvm/java-7-openjdk-i386/jre/lib/i386/libawt.so
660dc000-66100000 rw-p 00000000 00:00 0 
66100000-661fb000 rw-p 00000000 00:00 0 
661fb000-66200000 ---p 00000000 00:00 0 
66200000-66203000 r-xp 00000000 08:0a 1310755    /lib/i386-linux-gnu/libcom_err.so.2.1
66203000-66204000 r--p 00002000 08:0a 1310755    /lib/i386-linux-gnu/libcom_err.so.2.1
66204000-66205000 rw-p 00003000 08:0a 1310755    /lib/i386-linux-gnu/libcom_err.so.2.1
66205000-66240000 r-xp 00000000 08:0a 3933031    /usr/lib/i386-linux-gnu/libgssapi_krb5.so.2.2
66240000-66241000 ---p 0003b000 08:0a 3933031    /usr/lib/i386-linux-gnu/libgssapi_krb5.so.2.2
66241000-66242000 r--p 0003b000 08:0a 3933031    /usr/lib/i386-linux-gnu/libgssapi_krb5.so.2.2
66242000-66243000 rw-p 0003c000 08:0a 3933031    /usr/lib/i386-linux-gnu/libgssapi_krb5.so.2.2
66243000-6627d000 r-xp 00000000 08:0a 1310829    /lib/i386-linux-gnu/libpcre.so.3.12.1
6627d000-6627e000 r--p 00039000 08:0a 1310829    /lib/i386-linux-gnu/libpcre.so.3.12.1
6627e000-6627f000 rw-p 0003a000 08:0a 1310829    /lib/i386-linux-gnu/libpcre.so.3.12.1
6627f000-66280000 ---p 00000000 00:00 0 
66280000-66300000 rw-p 00000000 00:00 0 
66300000-663fb000 rw-p 00000000 00:00 0 
663fb000-66400000 ---p 00000000 00:00 0 
66402000-66428000 r-xp 00000000 08:0a 1310825    /lib/i386-linux-gnu/libexpat.so.1.5.2
66428000-66429000 ---p 00026000 08:0a 1310825    /lib/i386-linux-gnu/libexpat.so.1.5.2
66429000-6642b000 r--p 00026000 08:0a 1310825    /lib/i386-linux-gnu/libexpat.so.1.5.2
6642b000-6642c000 rw-p 00028000 08:0a 1310825    /lib/i386-linux-gnu/libexpat.so.1.5.2
6642c000-6647b000 r-xp 00000000 08:0a 3933694    /usr/lib/i386-linux-gnu/libcups.so.2
6647b000-6647e000 r--p 0004e000 08:0a 3933694    /usr/lib/i386-linux-gnu/libcups.so.2
6647e000-6647f000 rw-p 00051000 08:0a 3933694    /usr/lib/i386-linux-gnu/libcups.so.2
6647f000-66482000 ---p 00000000 00:00 0 
66482000-66500000 rw-p 00000000 00:00 0 
66500000-66521000 rw-p 00000000 00:00 0 
66521000-66600000 ---p 00000000 00:00 0 
66600000-666f3000 rw-p 00000000 00:00 0 
666f3000-66700000 ---p 00000000 00:00 0 
66700000-66900000 r--p 00000000 08:0a 3937742    /usr/lib/locale/locale-archive
66900000-66921000 rw-p 00000000 00:00 0 
66921000-66a00000 ---p 00000000 00:00 0 
66a00000-66a21000 rw-p 00000000 00:00 0 
66a21000-66b00000 ---p 00000000 00:00 0 
66b00000-66c00000 rw-p 00000000 00:00 0 
66c00000-66cfd000 rw-p 00000000 00:00 0 
66cfd000-66d00000 ---p 00000000 00:00 0 
66d03000-66d0f000 r-xp 00000000 08:0a 3934170    /usr/lib/i386-linux-gnu/libavahi-common.so.3.5.3
66d0f000-66d10000 r--p 0000b000 08:0a 3934170    /usr/lib/i386-linux-gnu/libavahi-common.so.3.5.3
66d10000-66d11000 rw-p 0000c000 08:0a 3934170    /usr/lib/i386-linux-gnu/libavahi-common.so.3.5.3
66d11000-66d2e000 r-xp 00000000 08:0a 1311702    /lib/i386-linux-gnu/libselinux.so.1
66d2e000-66d2f000 r--p 0001c000 08:0a 1311702    /lib/i386-linux-gnu/libselinux.so.1
66d2f000-66d30000 rw-p 0001d000 08:0a 1311702    /lib/i386-linux-gnu/libselinux.so.1
66d30000-66d7d000 r-xp 00000000 08:0a 3932602    /usr/lib/i386-linux-gnu/libgobject-2.0.so.0.3200.3
66d7d000-66d7e000 r--p 0004c000 08:0a 3932602    /usr/lib/i386-linux-gnu/libgobject-2.0.so.0.3200.3
66d7e000-66d7f000 rw-p 0004d000 08:0a 3932602    /usr/lib/i386-linux-gnu/libgobject-2.0.so.0.3200.3
66d7f000-66d80000 ---p 00000000 00:00 0 
66d80000-66e00000 rw-p 00000000 00:00 0 
66e00000-66ef1000 rw-p 00000000 00:00 0 
66ef1000-66f00000 ---p 00000000 00:00 0 
66f02000-66f04000 r-xp 00000000 08:0a 3955792    /usr/lib/i386-linux-gnu/libxcb-shm.so.0.0.0
66f04000-66f05000 r--p 00001000 08:0a 3955792    /usr/lib/i386-linux-gnu/libxcb-shm.so.0.0.0
66f05000-66f06000 rw-p 00002000 08:0a 3955792    /usr/lib/i386-linux-gnu/libxcb-shm.so.0.0.0
66f06000-66f19000 r-xp 00000000 08:0a 1319147    /lib/i386-linux-gnu/libresolv-2.15.so
66f19000-66f1a000 ---p 00013000 08:0a 1319147    /lib/i386-linux-gnu/libresolv-2.15.so
66f1a000-66f1b000 r--p 00013000 08:0a 1319147    /lib/i386-linux-gnu/libresolv-2.15.so
66f1b000-66f1c000 rw-p 00014000 08:0a 1319147    /lib/i386-linux-gnu/libresolv-2.15.so
66f1c000-66f1e000 rw-p 00000000 00:00 0 
66f1e000-66f48000 r-xp 00000000 08:0a 3936905    /usr/lib/i386-linux-gnu/libpangoft2-1.0.so.0.3000.0
66f48000-66f49000 r--p 00029000 08:0a 3936905    /usr/lib/i386-linux-gnu/libpangoft2-1.0.so.0.3000.0
66f49000-66f4a000 rw-p 0002a000 08:0a 3936905    /usr/lib/i386-linux-gnu/libpangoft2-1.0.so.0.3000.0
66f4a000-66f4d000 ---p 00000000 00:00 0 
66f4d000-67013000 rw-p 00000000 00:00 0 
67013000-671c0000 r--s 01cde000 08:0a 4063766    /usr/lib/jvm/java-7-openjdk-i386/jre/lib/rt.jar
671c0000-6a100000 rw-p 00000000 00:00 0 
6a100000-6a15d000 rw-p 00000000 00:00 0 
6a15d000-6a200000 ---p 00000000 00:00 0 
6a201000-6a233000 r-xp 00000000 08:0a 3932285    /usr/lib/i386-linux-gnu/libfontconfig.so.1.4.4
6a233000-6a234000 r--p 00032000 08:0a 3932285    /usr/lib/i386-linux-gnu/libfontconfig.so.1.4.4
6a234000-6a235000 rw-p 00033000 08:0a 3932285    /usr/lib/i386-linux-gnu/libfontconfig.so.1.4.4
6a235000-6a27c000 r-xp 00000000 08:0a 3932604    /usr/lib/i386-linux-gnu/libpango-1.0.so.0.3000.0
6a27c000-6a27d000 ---p 00047000 08:0a 3932604    /usr/lib/i386-linux-gnu/libpango-1.0.so.0.3000.0
6a27d000-6a27e000 r--p 00047000 08:0a 3932604    /usr/lib/i386-linux-gnu/libpango-1.0.so.0.3000.0
6a27e000-6a27f000 rw-p 00048000 08:0a 3932604    /usr/lib/i386-linux-gnu/libpango-1.0.so.0.3000.0
6a27f000-6a280000 ---p 00000000 00:00 0 
6a280000-6a300000 rw-p 00000000 00:00 0 
6a300000-6a400000 rw-p 00000000 00:00 0 
6a402000-6a407000 r-xp 00000000 08:0a 3933281    /usr/lib/i386-linux-gnu/libXdmcp.so.6.0.0
6a407000-6a408000 r--p 00004000 08:0a 3933281    /usr/lib/i386-linux-gnu/libXdmcp.so.6.0.0
6a408000-6a409000 rw-p 00005000 08:0a 3933281    /usr/lib/i386-linux-gnu/libXdmcp.so.6.0.0
6a409000-6a426000 r-xp 00000000 08:0a 3932338    /usr/lib/i386-linux-gnu/libatk-1.0.so.0.20409.1
6a426000-6a428000 r--p 0001c000 08:0a 3932338    /usr/lib/i386-linux-gnu/libatk-1.0.so.0.20409.1
6a428000-6a429000 rw-p 0001e000 08:0a 3932338    /usr/lib/i386-linux-gnu/libatk-1.0.so.0.20409.1
6a429000-6a47b000 r-xp 00000000 08:0a 4063757    /usr/lib/jvm/java-7-openjdk-i386/jre/lib/i386/xawt/libmawt.so
6a47b000-6a47c000 r--p 00051000 08:0a 4063757    /usr/lib/jvm/java-7-openjdk-i386/jre/lib/i386/xawt/libmawt.so
6a47c000-6a47e000 rw-p 00052000 08:0a 4063757    /usr/lib/jvm/java-7-openjdk-i386/jre/lib/i386/xawt/libmawt.so
6a47e000-6a47f000 rw-p 00000000 00:00 0 
6a47f000-6a480000 ---p 00000000 00:00 0 
6a480000-6a500000 rw-p 00000000 00:00 0 
6a500000-6a521000 rw-p 00000000 00:00 0 
6a521000-6a600000 ---p 00000000 00:00 0 
6a601000-6a606000 r-xp 00000000 08:0a 3934056    /usr/lib/i386-linux-gnu/libffi.so.6.0.0
6a606000-6a607000 r--p 00004000 08:0a 3934056    /usr/lib/i386-linux-gnu/libffi.so.6.0.0
6a607000-6a608000 rw-p 00005000 08:0a 3934056    /usr/lib/i386-linux-gnu/libffi.so.6.0.0
6a608000-6a60b000 r-xp 00000000 08:0a 3932601    /usr/lib/i386-linux-gnu/libgmodule-2.0.so.0.3200.3
6a60b000-6a60c000 r--p 00002000 08:0a 3932601    /usr/lib/i386-linux-gnu/libgmodule-2.0.so.0.3200.3
6a60c000-6a60d000 rw-p 00003000 08:0a 3932601    /usr/lib/i386-linux-gnu/libgmodule-2.0.so.0.3200.3
6a60d000-6a62c000 r-xp 00000000 08:0a 3954626    /usr/lib/i386-linux-gnu/libxcb.so.1.1.0
6a62c000-6a62d000 r--p 0001f000 08:0a 3954626    /usr/lib/i386-linux-gnu/libxcb.so.1.1.0
6a62d000-6a62e000 rw-p 00020000 08:0a 3954626    /usr/lib/i386-linux-gnu/libxcb.so.1.1.0
6a62e000-6a631000 ---p 00000000 00:00 0 
6a631000-6a67f000 rw-p 00000000 00:00 0 
6a67f000-6a680000 ---p 00000000 00:00 0 
6a680000-6a700000 rw-p 00000000 00:00 0 
6a700000-6a721000 rw-p 00000000 00:00 0 
6a721000-6a800000 ---p 00000000 00:00 0 
6a802000-6a80b000 r-xp 00000000 08:0a 3955808    /usr/lib/i386-linux-gnu/libXcursor.so.1.0.2
6a80b000-6a80c000 r--p 00008000 08:0a 3955808    /usr/lib/i386-linux-gnu/libXcursor.so.1.0.2
6a80c000-6a80d000 rw-p 00009000 08:0a 3955808    /usr/lib/i386-linux-gnu/libXcursor.so.1.0.2
6a80d000-6a82c000 r-xp 00000000 08:0a 3936835    /usr/lib/i386-linux-gnu/libgdk_pixbuf-2.0.so.0.2600.1
6a82c000-6a82d000 r--p 0001e000 08:0a 3936835    /usr/lib/i386-linux-gnu/libgdk_pixbuf-2.0.so.0.2600.1
6a82d000-6a82e000 rw-p 0001f000 08:0a 3936835    /usr/lib/i386-linux-gnu/libgdk_pixbuf-2.0.so.0.2600.1
6a82e000-6a831000 ---p 00000000 00:00 0 
6a831000-6a87f000 rw-p 00000000 00:00 0 
6a87f000-6a880000 ---p 00000000 00:00 0 
6a880000-6a900000 rw-p 00000000 00:00 0 
6a900000-6aa00000 rw-p 00000000 00:00 0 
6aa00000-6aa02000 r-xp 00000000 08:0a 3933268    /usr/lib/i386-linux-gnu/libXau.so.6.0.0
6aa02000-6aa03000 r--p 00001000 08:0a 3933268    /usr/lib/i386-linux-gnu/libXau.so.6.0.0
6aa03000-6aa04000 rw-p 00002000 08:0a 3933268    /usr/lib/i386-linux-gnu/libXau.so.6.0.0
6aa04000-6aa06000 r-xp 00000000 08:0a 3937397    /usr/lib/i386-linux-gnu/libXdamage.so.1.1.0
6aa06000-6aa07000 r--p 00001000 08:0a 3937397    /usr/lib/i386-linux-gnu/libXdamage.so.1.1.0
6aa07000-6aa08000 rw-p 00002000 08:0a 3937397    /usr/lib/i386-linux-gnu/libXdamage.so.1.1.0
6aa08000-6aa0f000 r-xp 00000000 08:0a 3955829    /usr/lib/i386-linux-gnu/libXrandr.so.2.2.0
6aa0f000-6aa10000 r--p 00006000 08:0a 3955829    /usr/lib/i386-linux-gnu/libXrandr.so.2.2.0
6aa10000-6aa11000 rw-p 00007000 08:0a 3955829    /usr/lib/i386-linux-gnu/libXrandr.so.2.2.0
6aa11000-6aa1c000 r-xp 00000000 08:0a 3936754    /usr/lib/i386-linux-gnu/libpangocairo-1.0.so.0.3000.0
6aa1c000-6aa1d000 r--p 0000a000 08:0a 3936754    /usr/lib/i386-linux-gnu/libpangocairo-1.0.so.0.3000.0
6aa1d000-6aa1e000 rw-p 0000b000 08:0a 3936754    /usr/lib/i386-linux-gnu/libpangocairo-1.0.so.0.3000.0
6aa1e000-6aa2c000 r-xp 00000000 08:0a 3955814    /usr/lib/i386-linux-gnu/libXi.so.6.1.0
6aa2c000-6aa2d000 r--p 0000d000 08:0a 3955814    /usr/lib/i386-linux-gnu/libXi.so.6.1.0
6aa2d000-6aa2e000 rw-p 0000e000 08:0a 3955814    /usr/lib/i386-linux-gnu/libXi.so.6.1.0
6aa2e000-6aa31000 ---p 00000000 00:00 0 
6aa31000-6aa7f000 rw-p 00000000 00:00 0 
6aa7f000-6aa80000 ---p 00000000 00:00 0 
6aa80000-6ab00000 rw-p 00000000 00:00 0 
6ab00000-6ab21000 rw-p 00000000 00:00 0 
6ab21000-6ac00000 ---p 00000000 00:00 0 
6ac00000-6ad00000 rw-p 00000000 00:00 0 
6ad00000-6ad04000 r-xp 00000000 08:0a 3955798    /usr/lib/i386-linux-gnu/libXfixes.so.3.1.0
6ad04000-6ad05000 r--p 00004000 08:0a 3955798    /usr/lib/i386-linux-gnu/libXfixes.so.3.1.0
6ad05000-6ad06000 rw-p 00005000 08:0a 3955798    /usr/lib/i386-linux-gnu/libXfixes.so.3.1.0
6ad06000-6ad16000 r-xp 00000000 08:0a 3937994    /usr/lib/i386-linux-gnu/libXext.so.6.4.0
6ad16000-6ad17000 r--p 0000f000 08:0a 3937994    /usr/lib/i386-linux-gnu/libXext.so.6.4.0
6ad17000-6ad18000 rw-p 00010000 08:0a 3937994    /usr/lib/i386-linux-gnu/libXext.so.6.4.0
6ad19000-6ad1a000 rw-p 00000000 00:00 0 
6ad1a000-6ad1e000 r--s 0008c000 08:0a 3408443    /home/matt/workspace/obFACEscate/library/core.jar
6ad1e000-6ad22000 r--s 00065000 08:0a 2502399    /home/matt/CS/Hack/opencv/build/bin/opencv-246.jar
6ad22000-6ad25000 r--s 0003c000 08:0a 4063559    /usr/lib/jvm/java-7-openjdk-common/jre/lib/ext/sunpkcs11.jar
6ad25000-6ad29000 r--s 00085000 08:0a 4063564    /usr/lib/jvm/java-7-openjdk-common/jre/lib/ext/localedata.jar
6ad29000-6ad2c000 r--s 00032000 08:0a 4063566    /usr/lib/jvm/java-7-openjdk-common/jre/lib/ext/sunjce_provider.jar
6ad2c000-6ad2e000 r--s 00012000 08:0a 4063569    /usr/lib/jvm/java-7-openjdk-common/jre/lib/ext/zipfs.jar
6ad2e000-6ad31000 ---p 00000000 00:00 0 
6ad31000-6ad7f000 rw-p 00000000 00:00 0 
6ad7f000-6ad80000 ---p 00000000 00:00 0 
6ad80000-6ae00000 rw-p 00000000 00:00 0 
6ae00000-6ae5d000 rw-p 00000000 00:00 0 
6ae5d000-6af00000 ---p 00000000 00:00 0 
6af00000-6af05000 r-xp 00000000 08:0a 3935471    /usr/lib/i386-linux-gnu/libXtst.so.6.1.0
6af05000-6af06000 r--p 00004000 08:0a 3935471    /usr/lib/i386-linux-gnu/libXtst.so.6.1.0
6af06000-6af07000 rw-p 00005000 08:0a 3935471    /usr/lib/i386-linux-gnu/libXtst.so.6.1.0
6af07000-6af08000 ---p 00000000 00:00 0 
6af08000-6af88000 rw-p 00000000 00:00 0 
6af88000-6af89000 ---p 00000000 00:00 0 
6af89000-6b011000 rw-p 00000000 00:00 0 
6b011000-6b012000 ---p 00000000 00:00 0 
6b012000-6b049000 rw-p 00000000 00:00 0 
6b049000-6b0bc000 rw-p 00000000 00:00 0 
6b0bc000-6b19f000 rw-p 00000000 00:00 0 
6b19f000-6b1a7000 rw-p 00000000 00:00 0 
6b1a7000-6b1a8000 ---p 00000000 00:00 0 
6b1a8000-6b1df000 rw-p 00000000 00:00 0 
6b1df000-6b252000 rw-p 00000000 00:00 0 
6b252000-6b334000 rw-p 00000000 00:00 0 
6b334000-6b393000 rw-p 00000000 00:00 0 
6b393000-6b396000 ---p 00000000 00:00 0 
6b396000-6b3df000 rw-p 00000000 00:00 0 
6b3df000-6c3e0000 rw-p 00000000 00:00 0 
6c3e0000-6c460000 ---p 00000000 00:00 0 
6c460000-733e0000 rw-p 00000000 00:00 0 
733e0000-819e0000 rw-p 00000000 00:00 0 
819e0000-9de90000 rw-p 00000000 00:00 0 
9de90000-a9b60000 rw-p 00000000 00:00 0 
a9b60000-aa110000 ---p 00000000 00:00 0 
aa110000-b33e0000 rw-p 00000000 00:00 0 
b33e0000-b33e2000 r-xp 00000000 08:0a 3937431    /usr/lib/i386-linux-gnu/libXcomposite.so.1.0.0
b33e2000-b33e3000 r--p 00001000 08:0a 3937431    /usr/lib/i386-linux-gnu/libXcomposite.so.1.0.0
b33e3000-b33e4000 rw-p 00002000 08:0a 3937431    /usr/lib/i386-linux-gnu/libXcomposite.so.1.0.0
b33e4000-b33ec000 r-xp 00000000 08:0a 3955803    /usr/lib/i386-linux-gnu/libXrender.so.1.3.0
b33ec000-b33ed000 r--p 00007000 08:0a 3955803    /usr/lib/i386-linux-gnu/libXrender.so.1.3.0
b33ed000-b33ee000 rw-p 00008000 08:0a 3955803    /usr/lib/i386-linux-gnu/libXrender.so.1.3.0
b33ee000-b33f7000 rw-p 00000000 00:00 0 
b33f7000-b34ae000 rw-p 00000000 00:00 0 
b34ae000-b36ee000 rwxp 00000000 00:00 0 
b36ee000-b64ae000 rw-p 00000000 00:00 0 
b64ae000-b64b9000 r-xp 00000000 08:0a 1319146    /lib/i386-linux-gnu/libnss_files-2.15.so
b64b9000-b64ba000 r--p 0000a000 08:0a 1319146    /lib/i386-linux-gnu/libnss_files-2.15.so
b64ba000-b64bb000 rw-p 0000b000 08:0a 1319146    /lib/i386-linux-gnu/libnss_files-2.15.so
b64bb000-b64c5000 r-xp 00000000 08:0a 1319150    /lib/i386-linux-gnu/libnss_nis-2.15.so
b64c5000-b64c6000 r--p 00009000 08:0a 1319150    /lib/i386-linux-gnu/libnss_nis-2.15.so
b64c6000-b64c7000 rw-p 0000a000 08:0a 1319150    /lib/i386-linux-gnu/libnss_nis-2.15.so
b64c7000-b64dd000 r-xp 00000000 08:0a 1319162    /lib/i386-linux-gnu/libnsl-2.15.so
b64dd000-b64de000 r--p 00015000 08:0a 1319162    /lib/i386-linux-gnu/libnsl-2.15.so
b64de000-b64df000 rw-p 00016000 08:0a 1319162    /lib/i386-linux-gnu/libnsl-2.15.so
b64df000-b64e1000 rw-p 00000000 00:00 0 
b64e1000-b64e8000 r-xp 00000000 08:0a 1319142    /lib/i386-linux-gnu/libnss_compat-2.15.so
b64e8000-b64e9000 r--p 00006000 08:0a 1319142    /lib/i386-linux-gnu/libnss_compat-2.15.so
b64e9000-b64ea000 rw-p 00007000 08:0a 1319142    /lib/i386-linux-gnu/libnss_compat-2.15.so
b64ea000-b64ec000 r-xp 00000000 08:0a 3955819    /usr/lib/i386-linux-gnu/libXinerama.so.1.0.0
b64ec000-b64ed000 r--p 00001000 08:0a 3955819    /usr/lib/i386-linux-gnu/libXinerama.so.1.0.0
b64ed000-b64ee000 rw-p 00002000 08:0a 3955819    /usr/lib/i386-linux-gnu/libXinerama.so.1.0.0
b64ee000-b64f6000 r-xp 00000000 08:0a 4078112    /usr/lib/jvm/java-7-openjdk-i386/jre/lib/i386/libzip.so
b64f6000-b64f7000 r--p 00007000 08:0a 4078112    /usr/lib/jvm/java-7-openjdk-i386/jre/lib/i386/libzip.so
b64f7000-b64f8000 rw-p 00008000 08:0a 4078112    /usr/lib/jvm/java-7-openjdk-i386/jre/lib/i386/libzip.so
b64f8000-b6500000 rw-s 00000000 08:0a 5266348    /tmp/hsperfdata_matt/22495 (deleted)
b6500000-b65fa000 rw-p 00000000 00:00 0 
b65fa000-b6600000 ---p 00000000 00:00 0 
b6600000-b6603000 r--s 0000f000 08:0a 4063567    /usr/lib/jvm/java-7-openjdk-common/jre/lib/ext/pulse-java.jar
b6603000-b662a000 r-xp 00000000 08:0a 4078135    /usr/lib/jvm/java-7-openjdk-i386/jre/lib/i386/libjava.so
b662a000-b662b000 r--p 00026000 08:0a 4078135    /usr/lib/jvm/java-7-openjdk-i386/jre/lib/i386/libjava.so
b662b000-b662c000 rw-p 00027000 08:0a 4078135    /usr/lib/jvm/java-7-openjdk-i386/jre/lib/i386/libjava.so
b662c000-b6633000 r-xp 00000000 08:0a 1319149    /lib/i386-linux-gnu/librt-2.15.so
b6633000-b6634000 r--p 00006000 08:0a 1319149    /lib/i386-linux-gnu/librt-2.15.so
b6634000-b6635000 rw-p 00007000 08:0a 1319149    /lib/i386-linux-gnu/librt-2.15.so
b6635000-b6638000 ---p 00000000 00:00 0 
b6638000-b6686000 rw-p 00000000 00:00 0 
b6686000-b66a2000 r-xp 00000000 08:0a 1311652    /lib/i386-linux-gnu/libgcc_s.so.1
b66a2000-b66a3000 r--p 0001b000 08:0a 1311652    /lib/i386-linux-gnu/libgcc_s.so.1
b66a3000-b66a4000 rw-p 0001c000 08:0a 1311652    /lib/i386-linux-gnu/libgcc_s.so.1
b66a4000-b66ce000 r-xp 00000000 08:0a 1319153    /lib/i386-linux-gnu/libm-2.15.so
b66ce000-b66cf000 r--p 00029000 08:0a 1319153    /lib/i386-linux-gnu/libm-2.15.so
b66cf000-b66d0000 rw-p 0002a000 08:0a 1319153    /lib/i386-linux-gnu/libm-2.15.so
b66d0000-b67a8000 r-xp 00000000 08:0a 3932513    /usr/lib/i386-linux-gnu/libstdc++.so.6.0.16
b67a8000-b67a9000 ---p 000d8000 08:0a 3932513    /usr/lib/i386-linux-gnu/libstdc++.so.6.0.16
b67a9000-b67ad000 r--p 000d8000 08:0a 3932513    /usr/lib/i386-linux-gnu/libstdc++.so.6.0.16
b67ad000-b67ae000 rw-p 000dc000 08:0a 3932513    /usr/lib/i386-linux-gnu/libstdc++.so.6.0.16
b67ae000-b67b5000 rw-p 00000000 00:00 0 
b67b5000-b709a000 r-xp 00000000 08:0a 4078114    /usr/lib/jvm/java-7-openjdk-i386/jre/lib/i386/server/libjvm.so
b709a000-b70e1000 r--p 008e5000 08:0a 4078114    /usr/lib/jvm/java-7-openjdk-i386/jre/lib/i386/server/libjvm.so
b70e1000-b70f5000 rw-p 0092c000 08:0a 4078114    /usr/lib/jvm/java-7-openjdk-i386/jre/lib/i386/server/libjvm.so
b70f5000-b7513000 rw-p 00000000 00:00 0 
b7513000-b7527000 r-xp 00000000 08:0a 1311731    /lib/i386-linux-gnu/libz.so.1.2.3.4
b7527000-b7528000 r--p 00013000 08:0a 1311731    /lib/i386-linux-gnu/libz.so.1.2.3.4
b7528000-b7529000 rw-p 00014000 08:0a 1311731    /lib/i386-linux-gnu/libz.so.1.2.3.4
b7529000-b7540000 r-xp 00000000 08:0a 1319151    /lib/i386-linux-gnu/libpthread-2.15.so
b7540000-b7541000 r--p 00016000 08:0a 1319151    /lib/i386-linux-gnu/libpthread-2.15.so
b7541000-b7542000 rw-p 00017000 08:0a 1319151    /lib/i386-linux-gnu/libpthread-2.15.so
b7542000-b7544000 rw-p 00000000 00:00 0 
b7544000-b7547000 r-xp 00000000 08:0a 1319157    /lib/i386-linux-gnu/libdl-2.15.so
b7547000-b7548000 r--p 00002000 08:0a 1319157    /lib/i386-linux-gnu/libdl-2.15.so
b7548000-b7549000 rw-p 00003000 08:0a 1319157    /lib/i386-linux-gnu/libdl-2.15.so
b7549000-b76ec000 r-xp 00000000 08:0a 1319140    /lib/i386-linux-gnu/libc-2.15.so
b76ec000-b76ee000 r--p 001a3000 08:0a 1319140    /lib/i386-linux-gnu/libc-2.15.so
b76ee000-b76ef000 rw-p 001a5000 08:0a 1319140    /lib/i386-linux-gnu/libc-2.15.so
b76ef000-b76f2000 rw-p 00000000 00:00 0 
b76f2000-b76f3000 r--s 00007000 08:0a 4327239    /usr/share/java/java-atk-wrapper.jar
b76f3000-b76f4000 r--s 00002000 08:0a 4063568    /usr/lib/jvm/java-7-openjdk-common/jre/lib/ext/dnsns.jar
b76f4000-b76f5000 r-xp 00000000 08:0a 3932523    /usr/lib/i386-linux-gnu/libgthread-2.0.so.0.3200.3
b76f5000-b76f6000 r--p 00000000 08:0a 3932523    /usr/lib/i386-linux-gnu/libgthread-2.0.so.0.3200.3
b76f6000-b76f7000 rw-p 00001000 08:0a 3932523    /usr/lib/i386-linux-gnu/libgthread-2.0.so.0.3200.3
b76f7000-b76f8000 r--p 002c5000 08:0a 3937742    /usr/lib/locale/locale-archive
b76f8000-b76f9000 rw-p 00000000 00:00 0 
b76f9000-b76fa000 ---p 00000000 00:00 0 
b76fa000-b7706000 r-xp 00000000 08:0a 4078121    /usr/lib/jvm/java-7-openjdk-i386/jre/lib/i386/libverify.so
b7706000-b7707000 r--p 0000b000 08:0a 4078121    /usr/lib/jvm/java-7-openjdk-i386/jre/lib/i386/libverify.so
b7707000-b7708000 rw-p 0000c000 08:0a 4078121    /usr/lib/jvm/java-7-openjdk-i386/jre/lib/i386/libverify.so
b7708000-b7715000 r-xp 00000000 08:0a 4078129    /usr/lib/jvm/java-7-openjdk-i386/jre/lib/i386/jli/libjli.so
b7715000-b7716000 r--p 0000c000 08:0a 4078129    /usr/lib/jvm/java-7-openjdk-i386/jre/lib/i386/jli/libjli.so
b7716000-b7717000 rw-p 0000d000 08:0a 4078129    /usr/lib/jvm/java-7-openjdk-i386/jre/lib/i386/jli/libjli.so
b7717000-b771a000 rw-p 00000000 00:00 0 
b771a000-b771b000 r-xp 00000000 00:00 0          [vdso]
b771b000-b773b000 r-xp 00000000 08:0a 1319154    /lib/i386-linux-gnu/ld-2.15.so
b773b000-b773c000 r--p 0001f000 08:0a 1319154    /lib/i386-linux-gnu/ld-2.15.so
b773c000-b773d000 rw-p 00020000 08:0a 1319154    /lib/i386-linux-gnu/ld-2.15.so
bff64000-bff85000 rw-p 00000000 00:00 0          [stack]

VM Arguments:
jvm_args: -Djava.library.path=/home/matt/CS/Hack/opencv/build/lib -Djava.security.policy=java.policy.applet -Dfile.encoding=UTF-8 
java_command: sun.applet.AppletViewer Main1373745940370.html
Launcher Type: SUN_STANDARD

Environment Variables:
PATH=/usr/lib/lightdm/lightdm:/usr/local/sbin:/usr/local/bin:/usr/sbin:/usr/bin:/sbin:/bin:/usr/games
LD_LIBRARY_PATH=/usr/lib/jvm/java-7-openjdk-i386/jre/lib/i386/server:/usr/lib/jvm/java-7-openjdk-i386/jre/lib/i386:/usr/lib/jvm/java-7-openjdk-i386/jre/../lib/i386:/usr/lib/jvm/java-7-openjdk-i386/jre/lib/i386/client:/usr/lib/jvm/java-7-openjdk-i386/jre/lib/i386:
SHELL=/bin/bash
DISPLAY=:0

Signal Handlers:
SIGSEGV: [libjvm.so+0x753ab0], sa_mask[0]=0x7ffbfeff, sa_flags=0x10000004
SIGBUS: [libjvm.so+0x753ab0], sa_mask[0]=0x7ffbfeff, sa_flags=0x10000004
SIGFPE: [libjvm.so+0x5e95d0], sa_mask[0]=0x7ffbfeff, sa_flags=0x10000004
SIGPIPE: [libjvm.so+0x5e95d0], sa_mask[0]=0x7ffbfeff, sa_flags=0x10000004
SIGXFSZ: [libjvm.so+0x5e95d0], sa_mask[0]=0x7ffbfeff, sa_flags=0x10000004
SIGILL: [libjvm.so+0x5e95d0], sa_mask[0]=0x7ffbfeff, sa_flags=0x10000004
SIGUSR1: SIG_DFL, sa_mask[0]=0x00000000, sa_flags=0x00000000
SIGUSR2: [libjvm.so+0x5e9460], sa_mask[0]=0x00000004, sa_flags=0x10000004
SIGHUP: [libjvm.so+0x5e9ae0], sa_mask[0]=0x7ffbfeff, sa_flags=0x10000004
SIGINT: [libjvm.so+0x5e9ae0], sa_mask[0]=0x7ffbfeff, sa_flags=0x10000004
SIGTERM: [libjvm.so+0x5e9ae0], sa_mask[0]=0x7ffbfeff, sa_flags=0x10000004
SIGQUIT: [libjvm.so+0x5e9ae0], sa_mask[0]=0x7ffbfeff, sa_flags=0x10000004


---------------  S Y S T E M  ---------------

OS:Ubuntu 12.04 (precise)
uname:Linux 3.2.0-49-generic-pae #75-Ubuntu SMP Tue Jun 18 18:00:21 UTC 2013 i686
libc:glibc 2.15 NPTL 2.15 
rlimit: STACK 8192k, CORE 0k, NPROC 64018, NOFILE 4096, AS infinity
load average:2.73 1.63 0.92

/proc/meminfo:
MemTotal:        8208944 kB
MemFree:         5474324 kB
Buffers:          150744 kB
Cached:           992192 kB
SwapCached:            0 kB
Active:          1829268 kB
Inactive:         782676 kB
Active(anon):    1480428 kB
Inactive(anon):   121620 kB
Active(file):     348840 kB
Inactive(file):   661056 kB
Unevictable:          48 kB
Mlocked:              48 kB
HighTotal:       7420168 kB
HighFree:        4925660 kB
LowTotal:         788776 kB
LowFree:          548664 kB
SwapTotal:       8330236 kB
SwapFree:        8330236 kB
Dirty:               452 kB
Writeback:             0 kB
AnonPages:       1469548 kB
Mapped:           218548 kB
Shmem:            133044 kB
Slab:              62476 kB
SReclaimable:      35788 kB
SUnreclaim:        26688 kB
KernelStack:        4512 kB
PageTables:        14844 kB
NFS_Unstable:          0 kB
Bounce:                0 kB
WritebackTmp:          0 kB
CommitLimit:    12434708 kB
Committed_AS:    4427664 kB
VmallocTotal:     122880 kB
VmallocUsed:       29668 kB
VmallocChunk:      86452 kB
HardwareCorrupted:     0 kB
AnonHugePages:         0 kB
HugePages_Total:       0
HugePages_Free:        0
HugePages_Rsvd:        0
HugePages_Surp:        0
Hugepagesize:       2048 kB
DirectMap4k:       10232 kB
DirectMap2M:      903168 kB


CPU:total 8 (4 cores per cpu, 2 threads per core) family 6 model 42 stepping 7, cmov, cx8, fxsr, mmx, sse, sse2, sse3, ssse3, sse4.1, sse4.2, popcnt, avx, ht, tsc, tscinvbit

/proc/cpuinfo:
processor	: 0
vendor_id	: GenuineIntel
cpu family	: 6
model		: 42
model name	: Intel(R) Core(TM) i7-2630QM CPU @ 2.00GHz
stepping	: 7
microcode	: 0x17
cpu MHz		: 800.000
cache size	: 6144 KB
physical id	: 0
siblings	: 8
core id		: 0
cpu cores	: 4
apicid		: 0
initial apicid	: 0
fdiv_bug	: no
hlt_bug		: no
f00f_bug	: no
coma_bug	: no
fpu		: yes
fpu_exception	: yes
cpuid level	: 13
wp		: yes
flags		: fpu vme de pse tsc msr pae mce cx8 apic sep mtrr pge mca cmov pat pse36 clflush dts acpi mmx fxsr sse sse2 ss ht tm pbe nx rdtscp lm constant_tsc arch_perfmon pebs bts xtopology nonstop_tsc aperfmperf pni pclmulqdq dtes64 monitor ds_cpl vmx est tm2 ssse3 cx16 xtpr pdcm pcid sse4_1 sse4_2 x2apic popcnt tsc_deadline_timer xsave avx lahf_lm ida arat epb xsaveopt pln pts dtherm tpr_shadow vnmi flexpriority ept vpid
bogomips	: 3991.07
clflush size	: 64
cache_alignment	: 64
address sizes	: 36 bits physical, 48 bits virtual
power management:

processor	: 1
vendor_id	: GenuineIntel
cpu family	: 6
model		: 42
model name	: Intel(R) Core(TM) i7-2630QM CPU @ 2.00GHz
stepping	: 7
microcode	: 0x17
cpu MHz		: 2001.000
cache size	: 6144 KB
physical id	: 0
siblings	: 8
core id		: 0
cpu cores	: 4
apicid		: 1
initial apicid	: 1
fdiv_bug	: no
hlt_bug		: no
f00f_bug	: no
coma_bug	: no
fpu		: yes
fpu_exception	: yes
cpuid level	: 13
wp		: yes
flags		: fpu vme de pse tsc msr pae mce cx8 apic sep mtrr pge mca cmov pat pse36 clflush dts acpi mmx fxsr sse sse2 ss ht tm pbe nx rdtscp lm constant_tsc arch_perfmon pebs bts xtopology nonstop_tsc aperfmperf pni pclmulqdq dtes64 monitor ds_cpl vmx est tm2 ssse3 cx16 xtpr pdcm pcid sse4_1 sse4_2 x2apic popcnt tsc_deadline_timer xsave avx lahf_lm ida arat epb xsaveopt pln pts dtherm tpr_shadow vnmi flexpriority ept vpid
bogomips	: 3990.74
clflush size	: 64
cache_alignment	: 64
address sizes	: 36 bits physical, 48 bits virtual
power management:

processor	: 2
vendor_id	: GenuineIntel
cpu family	: 6
model		: 42
model name	: Intel(R) Core(TM) i7-2630QM CPU @ 2.00GHz
stepping	: 7
microcode	: 0x17
cpu MHz		: 2001.000
cache size	: 6144 KB
physical id	: 0
siblings	: 8
core id		: 1
cpu cores	: 4
apicid		: 2
initial apicid	: 2
fdiv_bug	: no
hlt_bug		: no
f00f_bug	: no
coma_bug	: no
fpu		: yes
fpu_exception	: yes
cpuid level	: 13
wp		: yes
flags		: fpu vme de pse tsc msr pae mce cx8 apic sep mtrr pge mca cmov pat pse36 clflush dts acpi mmx fxsr sse sse2 ss ht tm pbe nx rdtscp lm constant_tsc arch_perfmon pebs bts xtopology nonstop_tsc aperfmperf pni pclmulqdq dtes64 monitor ds_cpl vmx est tm2 ssse3 cx16 xtpr pdcm pcid sse4_1 sse4_2 x2apic popcnt tsc_deadline_timer xsave avx lahf_lm ida arat epb xsaveopt pln pts dtherm tpr_shadow vnmi flexpriority ept vpid
bogomips	: 3990.76
clflush size	: 64
cache_alignment	: 64
address sizes	: 36 bits physical, 48 bits virtual
power management:

processor	: 3
vendor_id	: GenuineIntel
cpu family	: 6
model		: 42
model name	: Intel(R) Core(TM) i7-2630QM CPU @ 2.00GHz
stepping	: 7
microcode	: 0x17
cpu MHz		: 800.000
cache size	: 6144 KB
physical id	: 0
siblings	: 8
core id		: 1
cpu cores	: 4
apicid		: 3
initial apicid	: 3
fdiv_bug	: no
hlt_bug		: no
f00f_bug	: no
coma_bug	: no
fpu		: yes
fpu_exception	: yes
cpuid level	: 13
wp		: yes
flags		: fpu vme de pse tsc msr pae mce cx8 apic sep mtrr pge mca cmov pat pse36 clflush dts acpi mmx fxsr sse sse2 ss ht tm pbe nx rdtscp lm constant_tsc arch_perfmon pebs bts xtopology nonstop_tsc aperfmperf pni pclmulqdq dtes64 monitor ds_cpl vmx est tm2 ssse3 cx16 xtpr pdcm pcid sse4_1 sse4_2 x2apic popcnt tsc_deadline_timer xsave avx lahf_lm ida arat epb xsaveopt pln pts dtherm tpr_shadow vnmi flexpriority ept vpid
bogomips	: 3990.75
clflush size	: 64
cache_alignment	: 64
address sizes	: 36 bits physical, 48 bits virtual
power management:

processor	: 4
vendor_id	: GenuineIntel
cpu family	: 6
model		: 42
model name	: Intel(R) Core(TM) i7-2630QM CPU @ 2.00GHz
stepping	: 7
microcode	: 0x17
cpu MHz		: 800.000
cache size	: 6144 KB
physical id	: 0
siblings	: 8
core id		: 2
cpu cores	: 4
apicid		: 4
initial apicid	: 4
fdiv_bug	: no
hlt_bug		: no
f00f_bug	: no
coma_bug	: no
fpu		: yes
fpu_exception	: yes
cpuid level	: 13
wp		: yes
flags		: fpu vme de pse tsc msr pae mce cx8 apic sep mtrr pge mca cmov pat pse36 clflush dts acpi mmx fxsr sse sse2 ss ht tm pbe nx rdtscp lm constant_tsc arch_perfmon pebs bts xtopology nonstop_tsc aperfmperf pni pclmulqdq dtes64 monitor ds_cpl vmx est tm2 ssse3 cx16 xtpr pdcm pcid sse4_1 sse4_2 x2apic popcnt tsc_deadline_timer xsave avx lahf_lm ida arat epb xsaveopt pln pts dtherm tpr_shadow vnmi flexpriority ept vpid
bogomips	: 3990.74
clflush size	: 64
cache_alignment	: 64
address sizes	: 36 bits physical, 48 bits virtual
power management:

processor	: 5
vendor_id	: GenuineIntel
cpu family	: 6
model		: 42
model name	: Intel(R) Core(TM) i7-2630QM CPU @ 2.00GHz
stepping	: 7
microcode	: 0x17
cpu MHz		: 2001.000
cache size	: 6144 KB
physical id	: 0
siblings	: 8
core id		: 2
cpu cores	: 4
apicid		: 5
initial apicid	: 5
fdiv_bug	: no
hlt_bug		: no
f00f_bug	: no
coma_bug	: no
fpu		: yes
fpu_exception	: yes
cpuid level	: 13
wp		: yes
flags		: fpu vme de pse tsc msr pae mce cx8 apic sep mtrr pge mca cmov pat pse36 clflush dts acpi mmx fxsr sse sse2 ss ht tm pbe nx rdtscp lm constant_tsc arch_perfmon pebs bts xtopology nonstop_tsc aperfmperf pni pclmulqdq dtes64 monitor ds_cpl vmx est tm2 ssse3 cx16 xtpr pdcm pcid sse4_1 sse4_2 x2apic popcnt tsc_deadline_timer xsave avx lahf_lm ida arat epb xsaveopt pln pts dtherm tpr_shadow vnmi flexpriority ept vpid
bogomips	: 3990.75
clflush size	: 64
cache_alignment	: 64
address sizes	: 36 bits physical, 48 bits virtual
power management:

processor	: 6
vendor_id	: GenuineIntel
cpu family	: 6
model		: 42
model name	: Intel(R) Core(TM) i7-2630QM CPU @ 2.00GHz
stepping	: 7
microcode	: 0x17
cpu MHz		: 2001.000
cache size	: 6144 KB
physical id	: 0
siblings	: 8
core id		: 3
cpu cores	: 4
apicid		: 6
initial apicid	: 6
fdiv_bug	: no
hlt_bug		: no
f00f_bug	: no
coma_bug	: no
fpu		: yes
fpu_exception	: yes
cpuid level	: 13
wp		: yes
flags		: fpu vme de pse tsc msr pae mce cx8 apic sep mtrr pge mca cmov pat pse36 clflush dts acpi mmx fxsr sse sse2 ss ht tm pbe nx rdtscp lm constant_tsc arch_perfmon pebs bts xtopology nonstop_tsc aperfmperf pni pclmulqdq dtes64 monitor ds_cpl vmx est tm2 ssse3 cx16 xtpr pdcm pcid sse4_1 sse4_2 x2apic popcnt tsc_deadline_timer xsave avx lahf_lm ida arat epb xsaveopt pln pts dtherm tpr_shadow vnmi flexpriority ept vpid
bogomips	: 3990.76
clflush size	: 64
cache_alignment	: 64
address sizes	: 36 bits physical, 48 bits virtual
power management:

processor	: 7
vendor_id	: GenuineIntel
cpu family	: 6
model		: 42
model name	: Intel(R) Core(TM) i7-2630QM CPU @ 2.00GHz
stepping	: 7
microcode	: 0x17
cpu MHz		: 800.000
cache size	: 6144 KB
physical id	: 0
siblings	: 8
core id		: 3
cpu cores	: 4
apicid		: 7
initial apicid	: 7
fdiv_bug	: no
hlt_bug		: no
f00f_bug	: no
coma_bug	: no
fpu		: yes
fpu_exception	: yes
cpuid level	: 13
wp		: yes
flags		: fpu vme de pse tsc msr pae mce cx8 apic sep mtrr pge mca cmov pat pse36 clflush dts acpi mmx fxsr sse sse2 ss ht tm pbe nx rdtscp lm constant_tsc arch_perfmon pebs bts xtopology nonstop_tsc aperfmperf pni pclmulqdq dtes64 monitor ds_cpl vmx est tm2 ssse3 cx16 xtpr pdcm pcid sse4_1 sse4_2 x2apic popcnt tsc_deadline_timer xsave avx lahf_lm ida arat epb xsaveopt pln pts dtherm tpr_shadow vnmi flexpriority ept vpid
bogomips	: 3990.75
clflush size	: 64
cache_alignment	: 64
address sizes	: 36 bits physical, 48 bits virtual
power management:



Memory: 4k page, physical 8208944k(5474324k free), swap 8330236k(8330236k free)

vm_info: OpenJDK Server VM (23.7-b01) for linux-x86 JRE (1.7.0_21-b02), built on Apr 23 2013 13:58:31 by "buildd" with gcc 4.6.3

time: Sat Jul 13 13:05:45 2013
elapsed time: 5 seconds

