#
# A fatal error has been detected by the Java Runtime Environment:
#
#  SIGSEGV (0xb) at pc=0x645cf675, pid=22448, tid=1725954880
#
# JRE version: 7.0_21-b02
# Java VM: OpenJDK Server VM (23.7-b01 mixed mode linux-x86 )
# Problematic frame:
# C  [libopencv_java246.so+0x30e675]  cv::Mutex::~Mutex()+0x25
#
# Failed to write core dump. Core dumps have been disabled. To enable core dumping, try "ulimit -c unlimited" before starting Java again
#
# If you would like to submit a bug report, please include
# instructions on how to reproduce the bug and visit:
#   https://bugs.launchpad.net/ubuntu/+source/openjdk-7/
#

---------------  T H R E A D  ---------------

Current thread (0x66ca8400):  VMThread [stack: 0x66d7f000,0x66e00000] [id=22462]

siginfo:si_signo=SIGSEGV: si_errno=0, si_code=1 (SEGV_MAPERR), si_addr=0x00000004

Registers:
EAX=0x00000000, EBX=0x64d5bff4, ECX=0x6a307008, EDX=0xffffffff
ESP=0x66dff080, EBP=0xb77673e4, ESI=0x64dfeefc, EDI=0x0000008f
EIP=0x645cf675, EFLAGS=0x00210212, CR2=0x00000004

Top of Stack: (sp=0x66dff080)
0x66dff080:   6a307468 0000008f b77673e4 b7766ff4
0x66dff090:   b7766ff4 6a306fa0 0000008f b75f4f51
0x66dff0a0:   64dfeefc 0000008f b76a2542 b6e5bbe1
0x66dff0b0:   b6504f38 b6966ab6 b7159ff4 01e27813
0x66dff0c0:   b6500468 656d6974 b6507cf0 b7766ff4
0x66dff0d0:   64f50d84 b6530bb0 b6530fa4 b75f4fdd
0x66dff0e0:   0000008f b77673e4 00000001 b6e5ad4f
0x66dff0f0:   b75ad87f b75f4fb6 b7159ff4 b6c4f510 

Instructions: (pc=0x645cf675)
0x645cf655:   ff ff ff 89 74 24 14 8b 74 24 20 89 5c 24 10 e8
0x645cf665:   be 32 e1 ff 81 c3 8b c9 78 00 89 7c 24 18 8b 06
0x645cf675:   f0 0f c1 50 04 83 fa 01 74 19 c7 06 00 00 00 00
0x645cf685:   8b 5c 24 10 8b 74 24 14 8b 7c 24 18 83 c4 1c c3 

Register to memory mapping:

EAX=0x00000000 is an unknown value
EBX=0x64d5bff4: <offset 0xa9aff4> in /home/matt/CS/Hack/opencv/build/lib/libopencv_java246.so at 0x642c1000
ECX=0x6a307008 is an unknown value
EDX=0xffffffff is an unknown value
ESP=0x66dff080 is an unknown value
EBP=0xb77673e4: <offset 0x1a53e4> in /lib/i386-linux-gnu/libc.so.6 at 0xb75c2000
ESI=0x64dfeefc: _ZN2cv15SURFFindInvoker19findMaximaInLayer_mE+0 in /home/matt/CS/Hack/opencv/build/lib/libopencv_java246.so at 0x642c1000
EDI=0x0000008f is an unknown value


Stack: [0x66d7f000,0x66e00000],  sp=0x66dff080,  free space=512k
Native frames: (J=compiled Java code, j=interpreted, Vv=VM code, C=native code)
C  [libopencv_java246.so+0x30e675]  cv::Mutex::~Mutex()+0x25

VM_Operation (0x64f50d84): Exit, mode: safepoint, requested by thread 0x6650b400


---------------  P R O C E S S  ---------------

Java Threads: ( => current thread )
  0x6650b400 JavaThread "SIGTERM handler" daemon [_thread_blocked, id=22490, stack(0x64f01000,0x64f52000)]
  0x66a0f800 JavaThread "Animation Thread" [_thread_blocked, id=22478, stack(0x64f6c000,0x64fbd000)]
  0x66a03c00 JavaThread "AWT-EventQueue-1" [_thread_blocked, id=22477, stack(0x64fbd000,0x6500e000)]
  0xb6506800 JavaThread "DestroyJavaVM" [_thread_blocked, id=22453, stack(0xb66ae000,0xb66ff000)]
  0x652ae000 JavaThread "AWT-EventQueue-0" [_thread_blocked, id=22475, stack(0x6506b000,0x650bc000)]
  0x652a8400 JavaThread "AWT-Shutdown" [_thread_blocked, id=22474, stack(0x650bc000,0x6510d000)]
  0x65282400 JavaThread "thread applet-Main.class" [_thread_blocked, id=22473, stack(0x6510d000,0x6515e000)]
  0x6526ac00 JavaThread "AWT-XAWT" daemon [_thread_blocked, id=22471, stack(0x6515e000,0x651af000)]
  0x65239400 JavaThread "Java2D Disposer" daemon [_thread_blocked, id=22470, stack(0x651af000,0x65200000)]
  0x66cf7c00 JavaThread "Service Thread" daemon [_thread_blocked, id=22468, stack(0x6a82e000,0x6a87f000)]
  0x66cf6000 JavaThread "C2 CompilerThread1" daemon [_thread_blocked, id=22467, stack(0x6647f000,0x66500000)]
  0x66cf4000 JavaThread "C2 CompilerThread0" daemon [_thread_blocked, id=22466, stack(0x66f4a000,0x66fcb000)]
  0x66cf2400 JavaThread "Signal Dispatcher" daemon [_thread_blocked, id=22465, stack(0x6aa2e000,0x6aa7f000)]
  0x66cb0000 JavaThread "Finalizer" daemon [_thread_blocked, id=22464, stack(0x6ad2e000,0x6ad7f000)]
  0x66cae400 JavaThread "Reference Handler" daemon [_thread_blocked, id=22463, stack(0x6af16000,0x6af67000)]

Other Threads:
=>0x66ca8400 VMThread [stack: 0x66d7f000,0x66e00000] [id=22462]

VM state:at safepoint (shutting down)

VM Mutex/Monitor currently owned by a thread:  ([mutex/lock_event])
[0xb6504238] Threads_lock - owner thread: 0x66ca8400

Heap
 PSYoungGen      total 142848K, used 38845K [0x9def0000, 0xadcf0000, 0xb3440000)
  eden space 26368K, 7% used [0x9def0000,0x9e0fd078,0x9f8b0000)
  from space 116480K, 31% used [0xa6a70000,0xa8e52708,0xadc30000)
  to   space 116480K, 0% used [0x9f8b0000,0x9f8b0000,0xa6a70000)
 ParOldGen       total 416576K, used 287039K [0x73440000, 0x8cb10000, 0x9def0000)
  object space 416576K, 68% used [0x73440000,0x84c8fd40,0x8cb10000)
 PSPermGen       total 16384K, used 7447K [0x6b440000, 0x6c440000, 0x73440000)
  object space 16384K, 45% used [0x6b440000,0x6bb85e88,0x6c440000)

Card table byte_map: [0x6b1ff000,0x6b440000] byte_map_base: 0x6aea4e00

Polling page: 0xb7772000

Code Cache  [0xb3500000, 0xb3740000, 0xb6500000)
 total_blobs=325 nmethods=62 adapters=216 free_code_cache=48699Kb largest_free_block=49848064

Compilation events (10 events):
Event: 0.892 Thread 0x66cf6000 nmethod 55 0xb3570348 code [0xb3570420, 0xb3570470]
Event: 0.892 Thread 0x66cf6000   56             java.awt.Rectangle::getHeight (6 bytes)
Event: 0.892 Thread 0x66cf6000 nmethod 56 0xb3568788 code [0xb3568860, 0xb35688b0]
Event: 0.892 Thread 0x66cf6000   57             Main$BlackLine::<init> (20 bytes)
Event: 0.892 Thread 0x66cf4000 nmethod 53 0xb3571748 code [0xb35718a0, 0xb3571a90]
Event: 0.892 Thread 0x66cf4000   58             Main$BlackLine::getCost (12 bytes)
Event: 0.893 Thread 0x66cf6000 nmethod 57 0xb356c108 code [0xb356c1e0, 0xb356c230]
Event: 0.893 Thread 0x66cf4000 nmethod 58 0xb356bf88 code [0xb356c060, 0xb356c0b0]
Event: 0.894 Thread 0x66cf6000    4 %           Main::getSeries @ 23 (72 bytes)
Event: 0.898 Thread 0x66cf6000 nmethod 4% 0xb3575648 code [0xb35757e0, 0xb3575c78]

GC Heap History (10 events):
Event: 7.536 GC heap before
{Heap before GC invocations=14 (full 3):
 PSYoungGen      total 108032K, used 56804K [0x9def0000, 0xadaa0000, 0xb3440000)
  eden space 20928K, 100% used [0x9def0000,0x9f360000,0x9f360000)
  from space 87104K, 41% used [0xa5c30000,0xa7f393a0,0xab140000)
  to   space 107328K, 0% used [0x9f360000,0x9f360000,0xa5c30000)
 ParOldGen       total 287040K, used 185918K [0x73440000, 0x84c90000, 0x9def0000)
  object space 287040K, 64% used [0x73440000,0x7e9cf950,0x84c90000)
 PSPermGen       total 16384K, used 7430K [0x6b440000, 0x6c440000, 0x73440000)
  object space 16384K, 45% used [0x6b440000,0x6bb81b78,0x6c440000)
Event: 7.754 GC heap after
Heap after GC invocations=14 (full 3):
 PSYoungGen      total 67008K, used 46080K [0x9def0000, 0xabfe0000, 0xb3440000)
  eden space 20928K, 0% used [0x9def0000,0x9def0000,0x9f360000)
  from space 46080K, 100% used [0x9f360000,0xa2060000,0xa2060000)
  to   space 102848K, 0% used [0xa5b70000,0xa5b70000,0xabfe0000)
 ParOldGen       total 287040K, used 196818K [0x73440000, 0x84c90000, 0x9def0000)
  object space 287040K, 68% used [0x73440000,0x7f474950,0x84c90000)
 PSPermGen       total 16384K, used 7430K [0x6b440000, 0x6c440000, 0x73440000)
  object space 16384K, 45% used [0x6b440000,0x6bb81b78,0x6c440000)
}
Event: 8.059 GC heap before
{Heap before GC invocations=15 (full 3):
 PSYoungGen      total 67008K, used 67008K [0x9def0000, 0xabfe0000, 0xb3440000)
  eden space 20928K, 100% used [0x9def0000,0x9f360000,0x9f360000)
  from space 46080K, 100% used [0x9f360000,0xa2060000,0xa2060000)
  to   space 102848K, 0% used [0xa5b70000,0xa5b70000,0xabfe0000)
 ParOldGen       total 287040K, used 250900K [0x73440000, 0x84c90000, 0x9def0000)
  object space 287040K, 87% used [0x73440000,0x829453d8,0x84c90000)
 PSPermGen       total 16384K, used 7430K [0x6b440000, 0x6c440000, 0x73440000)
  object space 16384K, 45% used [0x6b440000,0x6bb81b78,0x6c440000)
Event: 8.277 GC heap after
Heap after GC invocations=15 (full 3):
 PSYoungGen      total 123904K, used 67008K [0x9def0000, 0xac7d0000, 0xb3440000)
  eden space 21056K, 0% used [0x9def0000,0x9def0000,0x9f380000)
  from space 102848K, 65% used [0xa5b70000,0xa9ce0000,0xabfe0000)
  to   space 106432K, 0% used [0x9f380000,0x9f380000,0xa5b70000)
 ParOldGen       total 287040K, used 250900K [0x73440000, 0x84c90000, 0x9def0000)
  object space 287040K, 87% used [0x73440000,0x829453d8,0x84c90000)
 PSPermGen       total 16384K, used 7430K [0x6b440000, 0x6c440000, 0x73440000)
  object space 16384K, 45% used [0x6b440000,0x6bb81b78,0x6c440000)
}
Event: 8.540 GC heap before
{Heap before GC invocations=16 (full 3):
 PSYoungGen      total 123904K, used 88064K [0x9def0000, 0xac7d0000, 0xb3440000)
  eden space 21056K, 100% used [0x9def0000,0x9f380000,0x9f380000)
  from space 102848K, 65% used [0xa5b70000,0xa9ce0000,0xabfe0000)
  to   space 106432K, 0% used [0x9f380000,0x9f380000,0xa5b70000)
 ParOldGen       total 287040K, used 250900K [0x73440000, 0x84c90000, 0x9def0000)
  object space 287040K, 87% used [0x73440000,0x829453d8,0x84c90000)
 PSPermGen       total 16384K, used 7430K [0x6b440000, 0x6c440000, 0x73440000)
  object space 16384K, 45% used [0x6b440000,0x6bb81b78,0x6c440000)
Event: 8.738 GC heap after
Heap after GC invocations=16 (full 3):
 PSYoungGen      total 127488K, used 88080K [0x9def0000, 0xadc30000, 0xb3440000)
  eden space 21056K, 0% used [0x9def0000,0x9def0000,0x9f380000)
  from space 106432K, 82% used [0x9f380000,0xa4984000,0xa5b70000)
  to   space 116480K, 0% used [0xa6a70000,0xa6a70000,0xadc30000)
 ParOldGen       total 287040K, used 250900K [0x73440000, 0x84c90000, 0x9def0000)
  object space 287040K, 87% used [0x73440000,0x829453d8,0x84c90000)
 PSPermGen       total 16384K, used 7430K [0x6b440000, 0x6c440000, 0x73440000)
  object space 16384K, 45% used [0x6b440000,0x6bb81b78,0x6c440000)
}
Event: 9.346 GC heap before
{Heap before GC invocations=17 (full 3):
 PSYoungGen      total 127488K, used 109136K [0x9def0000, 0xadc30000, 0xb3440000)
  eden space 21056K, 100% used [0x9def0000,0x9f380000,0x9f380000)
  from space 106432K, 82% used [0x9f380000,0xa4984000,0xa5b70000)
  to   space 116480K, 0% used [0xa6a70000,0xa6a70000,0xadc30000)
 ParOldGen       total 287040K, used 250900K [0x73440000, 0x84c90000, 0x9def0000)
  object space 287040K, 87% used [0x73440000,0x829453d8,0x84c90000)
 PSPermGen       total 16384K, used 7430K [0x6b440000, 0x6c440000, 0x73440000)
  object space 16384K, 45% used [0x6b440000,0x6bb81b78,0x6c440000)
Event: 10.275 GC heap after
Heap after GC invocations=17 (full 3):
 PSYoungGen      total 142848K, used 84112K [0x9def0000, 0xadcf0000, 0xb3440000)
  eden space 26368K, 0% used [0x9def0000,0x9def0000,0x9f8b0000)
  from space 116480K, 72% used [0xa6a70000,0xabc94000,0xadc30000)
  to   space 116480K, 0% used [0x9f8b0000,0x9f8b0000,0xa6a70000)
 ParOldGen       total 287040K, used 276048K [0x73440000, 0x84c90000, 0x9def0000)
  object space 287040K, 96% used [0x73440000,0x841d43d8,0x84c90000)
 PSPermGen       total 16384K, used 7430K [0x6b440000, 0x6c440000, 0x73440000)
  object space 16384K, 45% used [0x6b440000,0x6bb81b78,0x6c440000)
}
Event: 10.275 GC heap before
{Heap before GC invocations=18 (full 4):
 PSYoungGen      total 142848K, used 84112K [0x9def0000, 0xadcf0000, 0xb3440000)
  eden space 26368K, 0% used [0x9def0000,0x9def0000,0x9f8b0000)
  from space 116480K, 72% used [0xa6a70000,0xabc94000,0xadc30000)
  to   space 116480K, 0% used [0x9f8b0000,0x9f8b0000,0xa6a70000)
 ParOldGen       total 287040K, used 276048K [0x73440000, 0x84c90000, 0x9def0000)
  object space 287040K, 96% used [0x73440000,0x841d43d8,0x84c90000)
 PSPermGen       total 16384K, used 7430K [0x6b440000, 0x6c440000, 0x73440000)
  object space 16384K, 45% used [0x6b440000,0x6bb81b78,0x6c440000)
Event: 11.948 GC heap after
Heap after GC invocations=18 (full 4):
 PSYoungGen      total 142848K, used 36745K [0x9def0000, 0xadcf0000, 0xb3440000)
  eden space 26368K, 0% used [0x9def0000,0x9def0000,0x9f8b0000)
  from space 116480K, 31% used [0xa6a70000,0xa8e52708,0xadc30000)
  to   space 116480K, 0% used [0x9f8b0000,0x9f8b0000,0xa6a70000)
 ParOldGen       total 416576K, used 287039K [0x73440000, 0x8cb10000, 0x9def0000)
  object space 416576K, 68% used [0x73440000,0x84c8fd40,0x8cb10000)
 PSPermGen       total 16384K, used 7430K [0x6b440000, 0x6c440000, 0x73440000)
  object space 16384K, 45% used [0x6b440000,0x6bb81b78,0x6c440000)
}

Deoptimization events (6 events):
Event: 0.243 Thread 0x652ae000 Uncommon trap -34 fr.pc 0xb354a5c4
Event: 0.243 Thread 0x652ae000 Uncommon trap -34 fr.pc 0xb354a5c4
Event: 0.244 Thread 0x652ae000 Uncommon trap -34 fr.pc 0xb354a5c4
Event: 0.245 Thread 0x652ae000 Uncommon trap -34 fr.pc 0xb354a5c4
Event: 0.488 Thread 0x6a31bc00 Uncommon trap -28 fr.pc 0xb35623a4
Event: 0.497 Thread 0x6a31bc00 Uncommon trap -28 fr.pc 0xb3567164

Internal exceptions (10 events):
Event: 0.407 Thread 0x66a0f800 Threw 0x9e65da78 at /build/buildd/openjdk-7-7u21-2.3.9/build/openjdk/hotspot/src/share/vm/prims/jvm.cpp:1166
Event: 0.409 Thread 0x66a0f800 Threw 0x9e662bd8 at /build/buildd/openjdk-7-7u21-2.3.9/build/openjdk/hotspot/src/share/vm/prims/jvm.cpp:1166
Event: 0.433 Thread 0x66a0f800 Threw 0x9e66b3b8 at /build/buildd/openjdk-7-7u21-2.3.9/build/openjdk/hotspot/src/share/vm/prims/jvm.cpp:1166
Event: 0.434 Thread 0x66a0f800 Threw 0x9e676ba8 at /build/buildd/openjdk-7-7u21-2.3.9/build/openjdk/hotspot/src/share/vm/prims/jvm.cpp:1166
Event: 0.435 Thread 0x66a0f800 Threw 0x9e689058 at /build/buildd/openjdk-7-7u21-2.3.9/build/openjdk/hotspot/src/share/vm/prims/jvm.cpp:1166
Event: 0.435 Thread 0x66a0f800 Threw 0x9e68e258 at /build/buildd/openjdk-7-7u21-2.3.9/build/openjdk/hotspot/src/share/vm/prims/jvm.cpp:1166
Event: 0.436 Thread 0x66a0f800 Threw 0x9e694188 at /build/buildd/openjdk-7-7u21-2.3.9/build/openjdk/hotspot/src/share/vm/prims/jvm.cpp:1166
Event: 0.531 Thread 0x66a0f800 Threw 0x9e879af8 at /build/buildd/openjdk-7-7u21-2.3.9/build/openjdk/hotspot/src/share/vm/prims/jvm.cpp:1166
Event: 0.616 Thread 0x66a0f800 Threw 0x9e1905f0 at /build/buildd/openjdk-7-7u21-2.3.9/build/openjdk/hotspot/src/share/vm/prims/jvm.cpp:1166
Event: 0.873 Thread 0x66a0f800 Threw 0x9e195f68 at /build/buildd/openjdk-7-7u21-2.3.9/build/openjdk/hotspot/src/share/vm/prims/jvm.cpp:1166

Events (10 events):
Event: 11.950 loading class 0x661acd70 done
Event: 11.950 Thread 0x6a504c00 Thread added: 0x6a504c00
Event: 11.951 loading class 0x652515d8
Event: 11.951 loading class 0x5f3086d8
Event: 11.951 loading class 0x5f3086d8 done
Event: 11.951 loading class 0x5f308708
Event: 11.951 loading class 0x5f308708 done
Event: 11.951 loading class 0x652515d8 done
Event: 11.952 Thread 0x6a504c00 Thread exited: 0x6a504c00
Event: 11.952 Executing VM operation: Exit


Dynamic libraries:
08048000-08049000 r-xp 00000000 08:0a 3935629    /usr/lib/jvm/java-7-openjdk-i386/jre/bin/java
08049000-0804a000 r--p 00000000 08:0a 3935629    /usr/lib/jvm/java-7-openjdk-i386/jre/bin/java
0804a000-0804b000 rw-p 00001000 08:0a 3935629    /usr/lib/jvm/java-7-openjdk-i386/jre/bin/java
0919c000-091bd000 rw-p 00000000 00:00 0          [heap]
5e900000-5ea22000 rw-p 00000000 00:00 0 
5ea22000-5eb00000 ---p 00000000 00:00 0 
5eb00000-5ed00000 rw-p 00000000 00:00 0 
5ed00000-5ef00000 rw-p 00000000 00:00 0 
5ef00000-5efd7000 rw-p 00000000 00:00 0 
5efd7000-5f000000 ---p 00000000 00:00 0 
5f000000-5f100000 rw-p 00000000 00:00 0 
5f100000-5f28d000 rw-p 00000000 00:00 0 
5f28d000-5f300000 ---p 00000000 00:00 0 
5f300000-5f3d7000 rw-p 00000000 00:00 0 
5f3d7000-5f400000 ---p 00000000 00:00 0 
5f400000-5f500000 rw-p 00000000 00:00 0 
5f500000-5f600000 rw-p 00000000 00:00 0 
5f600000-5f700000 rw-p 00000000 00:00 0 
5f700000-5f800000 rw-p 00000000 00:00 0 
5f800000-5f900000 rw-p 00000000 00:00 0 
5f900000-5fb00000 rw-p 00000000 00:00 0 
5fb00000-5fc00000 rw-p 00000000 00:00 0 
5fc00000-5fd00000 rw-p 00000000 00:00 0 
5fd00000-5fe00000 rw-p 00000000 00:00 0 
5fe00000-5ff00000 rw-p 00000000 00:00 0 
5ff00000-60000000 rw-p 00000000 00:00 0 
60000000-60100000 rw-p 00000000 00:00 0 
60100000-60300000 rw-p 00000000 00:00 0 
60300000-60500000 rw-p 00000000 00:00 0 
60500000-60700000 rw-p 00000000 00:00 0 
60800000-60b00000 rw-p 00000000 00:00 0 
60b00000-60bd0000 rw-p 00000000 00:00 0 
60bd0000-60c00000 ---p 00000000 00:00 0 
60c00000-60e00000 rw-p 00000000 00:00 0 
60e00000-60f22000 rw-p 00000000 00:00 0 
60f22000-61000000 ---p 00000000 00:00 0 
61000000-61300000 rw-p 00000000 00:00 0 
61300000-61400000 rw-p 00000000 00:00 0 
61400000-61500000 rw-p 00000000 00:00 0 
61500000-61600000 rw-p 00000000 00:00 0 
61600000-61700000 rw-p 00000000 00:00 0 
61700000-61800000 rw-p 00000000 00:00 0 
61800000-61900000 rw-p 00000000 00:00 0 
61900000-61a00000 rw-p 00000000 00:00 0 
61a00000-61b00000 rw-p 00000000 00:00 0 
61b00000-61c00000 rw-p 00000000 00:00 0 
61c00000-61d00000 rw-p 00000000 00:00 0 
61d00000-61e00000 rw-p 00000000 00:00 0 
61e00000-61ec7000 rw-p 00000000 00:00 0 
61ec7000-61f00000 ---p 00000000 00:00 0 
61f00000-62000000 rw-p 00000000 00:00 0 
62000000-62100000 rw-p 00000000 00:00 0 
62100000-62300000 rw-p 00000000 00:00 0 
62300000-62400000 rw-p 00000000 00:00 0 
62400000-62500000 rw-p 00000000 00:00 0 
62500000-62600000 rw-p 00000000 00:00 0 
62600000-62700000 rw-p 00000000 00:00 0 
62700000-62800000 rw-p 00000000 00:00 0 
62800000-62900000 rw-p 00000000 00:00 0 
62900000-62a00000 rw-p 00000000 00:00 0 
62a00000-62b00000 rw-p 00000000 00:00 0 
62b00000-62c00000 rw-p 00000000 00:00 0 
62c29000-62e00000 rw-p 00000000 00:00 0 
62f00000-63000000 rw-p 00000000 00:00 0 
63000000-63100000 rw-p 00000000 00:00 0 
63100000-63144000 rw-p 00000000 00:00 0 
63144000-63200000 ---p 00000000 00:00 0 
6328e000-63291000 ---p 00000000 00:00 0 
63291000-632df000 rw-p 00000000 00:00 0 
632df000-63324000 r-xp 00000000 08:0a 3932808    /usr/lib/i386-linux-gnu/libjpeg.so.8.0.2
63324000-63325000 r--p 00044000 08:0a 3932808    /usr/lib/i386-linux-gnu/libjpeg.so.8.0.2
63325000-63326000 rw-p 00045000 08:0a 3932808    /usr/lib/i386-linux-gnu/libjpeg.so.8.0.2
63326000-63336000 rw-p 00000000 00:00 0 
6334c000-634de000 r-xp 00000000 08:0a 1321284    /lib/i386-linux-gnu/libcrypto.so.1.0.0
634de000-634ed000 r--p 00192000 08:0a 1321284    /lib/i386-linux-gnu/libcrypto.so.1.0.0
634ed000-634f4000 rw-p 001a1000 08:0a 1321284    /lib/i386-linux-gnu/libcrypto.so.1.0.0
634f4000-634f7000 rw-p 00000000 00:00 0 
634f7000-63548000 r-xp 00000000 08:0a 1321281    /lib/i386-linux-gnu/libssl.so.1.0.0
63548000-6354a000 r--p 00050000 08:0a 1321281    /lib/i386-linux-gnu/libssl.so.1.0.0
6354a000-6354e000 rw-p 00052000 08:0a 1321281    /lib/i386-linux-gnu/libssl.so.1.0.0
6354e000-637b1000 r-xp 00000000 08:0a 3932992    /usr/lib/libpython2.7.so.1.0
637b1000-637b2000 ---p 00263000 08:0a 3932992    /usr/lib/libpython2.7.so.1.0
637b2000-637b3000 r--p 00263000 08:0a 3932992    /usr/lib/libpython2.7.so.1.0
637b3000-63808000 rw-p 00264000 08:0a 3932992    /usr/lib/libpython2.7.so.1.0
63808000-63814000 rw-p 00000000 00:00 0 
63814000-64200000 r-xp 00000000 08:0a 2399629    /home/matt/CS/Hack/opencv/build/lib/cv2.so
64200000-6420c000 r--p 009eb000 08:0a 2399629    /home/matt/CS/Hack/opencv/build/lib/cv2.so
6420c000-64222000 rw-p 009f7000 08:0a 2399629    /home/matt/CS/Hack/opencv/build/lib/cv2.so
64222000-642c1000 rw-p 00000000 00:00 0 
642c1000-64d4f000 r-xp 00000000 08:0a 2399698    /home/matt/CS/Hack/opencv/build/lib/libopencv_java246.so
64d4f000-64d5c000 r--p 00a8d000 08:0a 2399698    /home/matt/CS/Hack/opencv/build/lib/libopencv_java246.so
64d5c000-64d66000 rw-p 00a9a000 08:0a 2399698    /home/matt/CS/Hack/opencv/build/lib/libopencv_java246.so
64d66000-64e00000 rw-p 00000000 00:00 0 
64e00000-64e69000 rw-p 00000000 00:00 0 
64e69000-64f00000 ---p 00000000 00:00 0 
64f01000-64f04000 ---p 00000000 00:00 0 
64f04000-64f52000 rw-p 00000000 00:00 0 
64f52000-64f54000 r-xp 00000000 08:0a 1311808    /lib/i386-linux-gnu/libutil-2.15.so
64f54000-64f55000 r--p 00001000 08:0a 1311808    /lib/i386-linux-gnu/libutil-2.15.so
64f55000-64f56000 rw-p 00002000 08:0a 1311808    /lib/i386-linux-gnu/libutil-2.15.so
64f61000-64f6a000 r-xp 00000000 08:0a 4078118    /usr/lib/jvm/java-7-openjdk-i386/jre/lib/i386/libjavajpeg.so
64f6a000-64f6b000 r--p 00008000 08:0a 4078118    /usr/lib/jvm/java-7-openjdk-i386/jre/lib/i386/libjavajpeg.so
64f6b000-64f6c000 rw-p 00009000 08:0a 4078118    /usr/lib/jvm/java-7-openjdk-i386/jre/lib/i386/libjavajpeg.so
64f6c000-64f6f000 ---p 00000000 00:00 0 
64f6f000-64fbd000 rw-p 00000000 00:00 0 
64fbd000-64fc0000 ---p 00000000 00:00 0 
64fc0000-6500e000 rw-p 00000000 00:00 0 
6500e000-65024000 r-xp 00000000 08:0a 4078127    /usr/lib/jvm/java-7-openjdk-i386/jre/lib/i386/libnet.so
65024000-65025000 r--p 00015000 08:0a 4078127    /usr/lib/jvm/java-7-openjdk-i386/jre/lib/i386/libnet.so
65025000-65026000 rw-p 00016000 08:0a 4078127    /usr/lib/jvm/java-7-openjdk-i386/jre/lib/i386/libnet.so
65026000-65069000 r-xp 00000000 08:0a 4078145    /usr/lib/jvm/java-7-openjdk-i386/jre/lib/i386/libfontmanager.so
65069000-6506a000 r--p 00043000 08:0a 4078145    /usr/lib/jvm/java-7-openjdk-i386/jre/lib/i386/libfontmanager.so
6506a000-6506b000 rw-p 00044000 08:0a 4078145    /usr/lib/jvm/java-7-openjdk-i386/jre/lib/i386/libfontmanager.so
6506b000-6506e000 ---p 00000000 00:00 0 
6506e000-650bc000 rw-p 00000000 00:00 0 
650bc000-650bf000 ---p 00000000 00:00 0 
650bf000-6510d000 rw-p 00000000 00:00 0 
6510d000-65110000 ---p 00000000 00:00 0 
65110000-6515e000 rw-p 00000000 00:00 0 
6515e000-65161000 ---p 00000000 00:00 0 
65161000-651af000 rw-p 00000000 00:00 0 
651af000-651b2000 ---p 00000000 00:00 0 
651b2000-65200000 rw-p 00000000 00:00 0 
65200000-652bd000 rw-p 00000000 00:00 0 
652bd000-65300000 ---p 00000000 00:00 0 
65301000-65312000 r-xp 00000000 08:0a 4078113    /usr/lib/jvm/java-7-openjdk-i386/jre/lib/i386/libnio.so
65312000-65313000 r--p 00010000 08:0a 4078113    /usr/lib/jvm/java-7-openjdk-i386/jre/lib/i386/libnio.so
65313000-65314000 rw-p 00011000 08:0a 4078113    /usr/lib/jvm/java-7-openjdk-i386/jre/lib/i386/libnio.so
65314000-6531d000 r--s 000bc000 08:0a 3936868    /usr/lib/jvm/java-7-openjdk-common/jre/lib/resources.jar
6531d000-65321000 r--s 0008c000 08:0a 3408443    /home/matt/workspace/obFACEscate/library/core.jar
65321000-65324000 r-xp 00000000 08:0a 1310833    /lib/i386-linux-gnu/libgpg-error.so.0.8.0
65324000-65325000 r--p 00002000 08:0a 1310833    /lib/i386-linux-gnu/libgpg-error.so.0.8.0
65325000-65326000 rw-p 00003000 08:0a 1310833    /lib/i386-linux-gnu/libgpg-error.so.0.8.0
65326000-6536d000 r-xp 00000000 08:0a 1322241    /lib/i386-linux-gnu/libdbus-1.so.3.5.8
6536d000-6536e000 r--p 00047000 08:0a 1322241    /lib/i386-linux-gnu/libdbus-1.so.3.5.8
6536e000-6536f000 rw-p 00048000 08:0a 1322241    /lib/i386-linux-gnu/libdbus-1.so.3.5.8
6536f000-6537f000 r-xp 00000000 08:0a 3933453    /usr/lib/i386-linux-gnu/libp11-kit.so.0.0.0
6537f000-65380000 r--p 0000f000 08:0a 3933453    /usr/lib/i386-linux-gnu/libp11-kit.so.0.0.0
65380000-65381000 rw-p 00010000 08:0a 3933453    /usr/lib/i386-linux-gnu/libp11-kit.so.0.0.0
65381000-65403000 r-xp 00000000 08:0a 1310835    /lib/i386-linux-gnu/libgcrypt.so.11.7.0
65403000-65404000 r--p 00081000 08:0a 1310835    /lib/i386-linux-gnu/libgcrypt.so.11.7.0
65404000-65406000 rw-p 00082000 08:0a 1310835    /lib/i386-linux-gnu/libgcrypt.so.11.7.0
65406000-65416000 r-xp 00000000 08:0a 3932307    /usr/lib/i386-linux-gnu/libtasn1.so.3.1.12
65416000-65417000 r--p 0000f000 08:0a 3932307    /usr/lib/i386-linux-gnu/libtasn1.so.3.1.12
65417000-65418000 rw-p 00010000 08:0a 3932307    /usr/lib/i386-linux-gnu/libtasn1.so.3.1.12
65418000-654e0000 r-xp 00000000 08:0a 3933062    /usr/lib/i386-linux-gnu/libkrb5.so.3.3
654e0000-654e6000 r--p 000c7000 08:0a 3933062    /usr/lib/i386-linux-gnu/libkrb5.so.3.3
654e6000-654e7000 rw-p 000cd000 08:0a 3933062    /usr/lib/i386-linux-gnu/libkrb5.so.3.3
654e7000-6557a000 r-xp 00000000 08:0a 3933109    /usr/lib/i386-linux-gnu/libpixman-1.so.0.24.4
6557a000-6557e000 r--p 00092000 08:0a 3933109    /usr/lib/i386-linux-gnu/libpixman-1.so.0.24.4
6557e000-6557f000 rw-p 00096000 08:0a 3933109    /usr/lib/i386-linux-gnu/libpixman-1.so.0.24.4
6557f000-6563e000 r-xp 00000000 08:0a 3954631    /usr/lib/i386-linux-gnu/libgnutls.so.26.21.8
6563e000-65642000 r--p 000bf000 08:0a 3954631    /usr/lib/i386-linux-gnu/libgnutls.so.26.21.8
65642000-65643000 rw-p 000c3000 08:0a 3954631    /usr/lib/i386-linux-gnu/libgnutls.so.26.21.8
65643000-656d8000 r-xp 00000000 08:0a 3932907    /usr/lib/i386-linux-gnu/libfreetype.so.6.8.0
656d8000-656dc000 r--p 00094000 08:0a 3932907    /usr/lib/i386-linux-gnu/libfreetype.so.6.8.0
656dc000-656dd000 rw-p 00098000 08:0a 3932907    /usr/lib/i386-linux-gnu/libfreetype.so.6.8.0
656dd000-657a4000 r-xp 00000000 08:0a 3934052    /usr/lib/i386-linux-gnu/libcairo.so.2.11000.2
657a4000-657a5000 r--p 000c7000 08:0a 3934052    /usr/lib/i386-linux-gnu/libcairo.so.2.11000.2
657a5000-657a6000 rw-p 000c8000 08:0a 3934052    /usr/lib/i386-linux-gnu/libcairo.so.2.11000.2
657a6000-657a8000 rw-p 00000000 00:00 0 
657a8000-6589f000 r-xp 00000000 08:0a 1311644    /lib/i386-linux-gnu/libglib-2.0.so.0.3200.3
6589f000-658a0000 r--p 000f6000 08:0a 1311644    /lib/i386-linux-gnu/libglib-2.0.so.0.3200.3
658a0000-658a1000 rw-p 000f7000 08:0a 1311644    /lib/i386-linux-gnu/libglib-2.0.so.0.3200.3
658a1000-659f4000 r-xp 00000000 08:0a 3932600    /usr/lib/i386-linux-gnu/libgio-2.0.so.0.3200.3
659f4000-659f6000 r--p 00153000 08:0a 3932600    /usr/lib/i386-linux-gnu/libgio-2.0.so.0.3200.3
659f6000-659f7000 rw-p 00155000 08:0a 3932600    /usr/lib/i386-linux-gnu/libgio-2.0.so.0.3200.3
659f7000-659f8000 rw-p 00000000 00:00 0 
659f8000-65aa3000 r-xp 00000000 08:0a 3935700    /usr/lib/i386-linux-gnu/libgdk-x11-2.0.so.0.2400.10
65aa3000-65aa4000 ---p 000ab000 08:0a 3935700    /usr/lib/i386-linux-gnu/libgdk-x11-2.0.so.0.2400.10
65aa4000-65aa6000 r--p 000ab000 08:0a 3935700    /usr/lib/i386-linux-gnu/libgdk-x11-2.0.so.0.2400.10
65aa6000-65aa7000 rw-p 000ad000 08:0a 3935700    /usr/lib/i386-linux-gnu/libgdk-x11-2.0.so.0.2400.10
65aa7000-65f07000 r-xp 00000000 08:0a 3935042    /usr/lib/i386-linux-gnu/libgtk-x11-2.0.so.0.2400.10
65f07000-65f0b000 r--p 00460000 08:0a 3935042    /usr/lib/i386-linux-gnu/libgtk-x11-2.0.so.0.2400.10
65f0b000-65f0d000 rw-p 00464000 08:0a 3935042    /usr/lib/i386-linux-gnu/libgtk-x11-2.0.so.0.2400.10
65f0d000-65f0f000 rw-p 00000000 00:00 0 
65f0f000-6603f000 r-xp 00000000 08:0a 3935449    /usr/lib/i386-linux-gnu/libX11.so.6.3.0
6603f000-66040000 r--p 0012f000 08:0a 3935449    /usr/lib/i386-linux-gnu/libX11.so.6.3.0
66040000-66042000 rw-p 00130000 08:0a 3935449    /usr/lib/i386-linux-gnu/libX11.so.6.3.0
66042000-66043000 rw-p 00000000 00:00 0 
66043000-660d4000 r-xp 00000000 08:0a 4078119    /usr/lib/jvm/java-7-openjdk-i386/jre/lib/i386/libawt.so
660d4000-660d5000 r--p 00090000 08:0a 4078119    /usr/lib/jvm/java-7-openjdk-i386/jre/lib/i386/libawt.so
660d5000-660dc000 rw-p 00091000 08:0a 4078119    /usr/lib/jvm/java-7-openjdk-i386/jre/lib/i386/libawt.so
660dc000-66100000 rw-p 00000000 00:00 0 
66100000-66200000 rw-p 00000000 00:00 0 
66201000-66208000 r-xp 00000000 08:0a 3933015    /usr/lib/i386-linux-gnu/libkrb5support.so.0.1
66208000-66209000 r--p 00006000 08:0a 3933015    /usr/lib/i386-linux-gnu/libkrb5support.so.0.1
66209000-6620a000 rw-p 00007000 08:0a 3933015    /usr/lib/i386-linux-gnu/libkrb5support.so.0.1
6620a000-66230000 r-xp 00000000 08:0a 3933054    /usr/lib/i386-linux-gnu/libk5crypto.so.3.1
66230000-66231000 r--p 00025000 08:0a 3933054    /usr/lib/i386-linux-gnu/libk5crypto.so.3.1
66231000-66232000 rw-p 00026000 08:0a 3933054    /usr/lib/i386-linux-gnu/libk5crypto.so.3.1
66232000-6623a000 r-xp 00000000 08:0a 3955781    /usr/lib/i386-linux-gnu/libxcb-render.so.0.0.0
6623a000-6623b000 r--p 00008000 08:0a 3955781    /usr/lib/i386-linux-gnu/libxcb-render.so.0.0.0
6623b000-6623c000 rw-p 00009000 08:0a 3955781    /usr/lib/i386-linux-gnu/libxcb-render.so.0.0.0
6623c000-66264000 r-xp 00000000 08:0a 1310827    /lib/i386-linux-gnu/libpng12.so.0.46.0
66264000-66265000 r--p 00027000 08:0a 1310827    /lib/i386-linux-gnu/libpng12.so.0.46.0
66265000-66266000 rw-p 00028000 08:0a 1310827    /lib/i386-linux-gnu/libpng12.so.0.46.0
66266000-6626b000 r-xp 00000000 08:0a 3933281    /usr/lib/i386-linux-gnu/libXdmcp.so.6.0.0
6626b000-6626c000 r--p 00004000 08:0a 3933281    /usr/lib/i386-linux-gnu/libXdmcp.so.6.0.0
6626c000-6626d000 rw-p 00005000 08:0a 3933281    /usr/lib/i386-linux-gnu/libXdmcp.so.6.0.0
6626d000-6627d000 r-xp 00000000 08:0a 3934172    /usr/lib/i386-linux-gnu/libavahi-client.so.3.2.9
6627d000-6627e000 r--p 0000f000 08:0a 3934172    /usr/lib/i386-linux-gnu/libavahi-client.so.3.2.9
6627e000-6627f000 rw-p 00010000 08:0a 3934172    /usr/lib/i386-linux-gnu/libavahi-client.so.3.2.9
6627f000-66280000 ---p 00000000 00:00 0 
66280000-66300000 rw-p 00000000 00:00 0 
66300000-663fb000 rw-p 00000000 00:00 0 
663fb000-66400000 ---p 00000000 00:00 0 
66401000-66403000 r-xp 00000000 08:0a 1310842    /lib/i386-linux-gnu/libkeyutils.so.1.4
66403000-66404000 r--p 00002000 08:0a 1310842    /lib/i386-linux-gnu/libkeyutils.so.1.4
66404000-66405000 rw-p 00003000 08:0a 1310842    /lib/i386-linux-gnu/libkeyutils.so.1.4
66405000-66440000 r-xp 00000000 08:0a 3933031    /usr/lib/i386-linux-gnu/libgssapi_krb5.so.2.2
66440000-66441000 ---p 0003b000 08:0a 3933031    /usr/lib/i386-linux-gnu/libgssapi_krb5.so.2.2
66441000-66442000 r--p 0003b000 08:0a 3933031    /usr/lib/i386-linux-gnu/libgssapi_krb5.so.2.2
66442000-66443000 rw-p 0003c000 08:0a 3933031    /usr/lib/i386-linux-gnu/libgssapi_krb5.so.2.2
66443000-6647d000 r-xp 00000000 08:0a 1310829    /lib/i386-linux-gnu/libpcre.so.3.12.1
6647d000-6647e000 r--p 00039000 08:0a 1310829    /lib/i386-linux-gnu/libpcre.so.3.12.1
6647e000-6647f000 rw-p 0003a000 08:0a 1310829    /lib/i386-linux-gnu/libpcre.so.3.12.1
6647f000-66482000 ---p 00000000 00:00 0 
66482000-66500000 rw-p 00000000 00:00 0 
66500000-66521000 rw-p 00000000 00:00 0 
66521000-66600000 ---p 00000000 00:00 0 
66600000-666f9000 rw-p 00000000 00:00 0 
666f9000-66700000 ---p 00000000 00:00 0 
66700000-66900000 r--p 00000000 08:0a 3937742    /usr/lib/locale/locale-archive
66900000-66921000 rw-p 00000000 00:00 0 
66921000-66a00000 ---p 00000000 00:00 0 
66a00000-66a21000 rw-p 00000000 00:00 0 
66a21000-66b00000 ---p 00000000 00:00 0 
66b00000-66bfe000 rw-p 00000000 00:00 0 
66bfe000-66c00000 ---p 00000000 00:00 0 
66c00000-66cfd000 rw-p 00000000 00:00 0 
66cfd000-66d00000 ---p 00000000 00:00 0 
66d02000-66d28000 r-xp 00000000 08:0a 1310825    /lib/i386-linux-gnu/libexpat.so.1.5.2
66d28000-66d29000 ---p 00026000 08:0a 1310825    /lib/i386-linux-gnu/libexpat.so.1.5.2
66d29000-66d2b000 r--p 00026000 08:0a 1310825    /lib/i386-linux-gnu/libexpat.so.1.5.2
66d2b000-66d2c000 rw-p 00028000 08:0a 1310825    /lib/i386-linux-gnu/libexpat.so.1.5.2
66d2c000-66d7b000 r-xp 00000000 08:0a 3933694    /usr/lib/i386-linux-gnu/libcups.so.2
66d7b000-66d7e000 r--p 0004e000 08:0a 3933694    /usr/lib/i386-linux-gnu/libcups.so.2
66d7e000-66d7f000 rw-p 00051000 08:0a 3933694    /usr/lib/i386-linux-gnu/libcups.so.2
66d7f000-66d80000 ---p 00000000 00:00 0 
66d80000-66e00000 rw-p 00000000 00:00 0 
66e00000-66ef1000 rw-p 00000000 00:00 0 
66ef1000-66f00000 ---p 00000000 00:00 0 
66f00000-66f03000 r-xp 00000000 08:0a 1310755    /lib/i386-linux-gnu/libcom_err.so.2.1
66f03000-66f04000 r--p 00002000 08:0a 1310755    /lib/i386-linux-gnu/libcom_err.so.2.1
66f04000-66f05000 rw-p 00003000 08:0a 1310755    /lib/i386-linux-gnu/libcom_err.so.2.1
66f05000-66f11000 r-xp 00000000 08:0a 3934170    /usr/lib/i386-linux-gnu/libavahi-common.so.3.5.3
66f11000-66f12000 r--p 0000b000 08:0a 3934170    /usr/lib/i386-linux-gnu/libavahi-common.so.3.5.3
66f12000-66f13000 rw-p 0000c000 08:0a 3934170    /usr/lib/i386-linux-gnu/libavahi-common.so.3.5.3
66f13000-66f26000 r-xp 00000000 08:0a 1319147    /lib/i386-linux-gnu/libresolv-2.15.so
66f26000-66f27000 ---p 00013000 08:0a 1319147    /lib/i386-linux-gnu/libresolv-2.15.so
66f27000-66f28000 r--p 00013000 08:0a 1319147    /lib/i386-linux-gnu/libresolv-2.15.so
66f28000-66f29000 rw-p 00014000 08:0a 1319147    /lib/i386-linux-gnu/libresolv-2.15.so
66f29000-66f2b000 rw-p 00000000 00:00 0 
66f2b000-66f48000 r-xp 00000000 08:0a 1311702    /lib/i386-linux-gnu/libselinux.so.1
66f48000-66f49000 r--p 0001c000 08:0a 1311702    /lib/i386-linux-gnu/libselinux.so.1
66f49000-66f4a000 rw-p 0001d000 08:0a 1311702    /lib/i386-linux-gnu/libselinux.so.1
66f4a000-66f4d000 ---p 00000000 00:00 0 
66f4d000-67013000 rw-p 00000000 00:00 0 
67013000-671c0000 r--s 01cde000 08:0a 4063766    /usr/lib/jvm/java-7-openjdk-i386/jre/lib/rt.jar
671c0000-6a100000 rw-p 00000000 00:00 0 
6a100000-6a200000 rw-p 00000000 00:00 0 
6a200000-6a202000 r-xp 00000000 08:0a 3955792    /usr/lib/i386-linux-gnu/libxcb-shm.so.0.0.0
6a202000-6a203000 r--p 00001000 08:0a 3955792    /usr/lib/i386-linux-gnu/libxcb-shm.so.0.0.0
6a203000-6a204000 rw-p 00002000 08:0a 3955792    /usr/lib/i386-linux-gnu/libxcb-shm.so.0.0.0
6a204000-6a22e000 r-xp 00000000 08:0a 3936905    /usr/lib/i386-linux-gnu/libpangoft2-1.0.so.0.3000.0
6a22e000-6a22f000 r--p 00029000 08:0a 3936905    /usr/lib/i386-linux-gnu/libpangoft2-1.0.so.0.3000.0
6a22f000-6a230000 rw-p 0002a000 08:0a 3936905    /usr/lib/i386-linux-gnu/libpangoft2-1.0.so.0.3000.0
6a230000-6a27d000 r-xp 00000000 08:0a 3932602    /usr/lib/i386-linux-gnu/libgobject-2.0.so.0.3200.3
6a27d000-6a27e000 r--p 0004c000 08:0a 3932602    /usr/lib/i386-linux-gnu/libgobject-2.0.so.0.3200.3
6a27e000-6a27f000 rw-p 0004d000 08:0a 3932602    /usr/lib/i386-linux-gnu/libgobject-2.0.so.0.3200.3
6a27f000-6a280000 ---p 00000000 00:00 0 
6a280000-6a300000 rw-p 00000000 00:00 0 
6a300000-6a400000 rw-p 00000000 00:00 0 
6a401000-6a433000 r-xp 00000000 08:0a 3932285    /usr/lib/i386-linux-gnu/libfontconfig.so.1.4.4
6a433000-6a434000 r--p 00032000 08:0a 3932285    /usr/lib/i386-linux-gnu/libfontconfig.so.1.4.4
6a434000-6a435000 rw-p 00033000 08:0a 3932285    /usr/lib/i386-linux-gnu/libfontconfig.so.1.4.4
6a435000-6a47c000 r-xp 00000000 08:0a 3932604    /usr/lib/i386-linux-gnu/libpango-1.0.so.0.3000.0
6a47c000-6a47d000 ---p 00047000 08:0a 3932604    /usr/lib/i386-linux-gnu/libpango-1.0.so.0.3000.0
6a47d000-6a47e000 r--p 00047000 08:0a 3932604    /usr/lib/i386-linux-gnu/libpango-1.0.so.0.3000.0
6a47e000-6a47f000 rw-p 00048000 08:0a 3932604    /usr/lib/i386-linux-gnu/libpango-1.0.so.0.3000.0
6a47f000-6a480000 ---p 00000000 00:00 0 
6a480000-6a500000 rw-p 00000000 00:00 0 
6a500000-6a600000 rw-p 00000000 00:00 0 
6a602000-6a607000 r-xp 00000000 08:0a 3934056    /usr/lib/i386-linux-gnu/libffi.so.6.0.0
6a607000-6a608000 r--p 00004000 08:0a 3934056    /usr/lib/i386-linux-gnu/libffi.so.6.0.0
6a608000-6a609000 rw-p 00005000 08:0a 3934056    /usr/lib/i386-linux-gnu/libffi.so.6.0.0
6a609000-6a626000 r-xp 00000000 08:0a 3932338    /usr/lib/i386-linux-gnu/libatk-1.0.so.0.20409.1
6a626000-6a628000 r--p 0001c000 08:0a 3932338    /usr/lib/i386-linux-gnu/libatk-1.0.so.0.20409.1
6a628000-6a629000 rw-p 0001e000 08:0a 3932338    /usr/lib/i386-linux-gnu/libatk-1.0.so.0.20409.1
6a629000-6a67b000 r-xp 00000000 08:0a 4063757    /usr/lib/jvm/java-7-openjdk-i386/jre/lib/i386/xawt/libmawt.so
6a67b000-6a67c000 r--p 00051000 08:0a 4063757    /usr/lib/jvm/java-7-openjdk-i386/jre/lib/i386/xawt/libmawt.so
6a67c000-6a67e000 rw-p 00052000 08:0a 4063757    /usr/lib/jvm/java-7-openjdk-i386/jre/lib/i386/xawt/libmawt.so
6a67e000-6a67f000 rw-p 00000000 00:00 0 
6a67f000-6a680000 ---p 00000000 00:00 0 
6a680000-6a700000 rw-p 00000000 00:00 0 
6a700000-6a800000 rw-p 00000000 00:00 0 
6a800000-6a802000 r-xp 00000000 08:0a 3933268    /usr/lib/i386-linux-gnu/libXau.so.6.0.0
6a802000-6a803000 r--p 00001000 08:0a 3933268    /usr/lib/i386-linux-gnu/libXau.so.6.0.0
6a803000-6a804000 rw-p 00002000 08:0a 3933268    /usr/lib/i386-linux-gnu/libXau.so.6.0.0
6a804000-6a807000 r-xp 00000000 08:0a 3932601    /usr/lib/i386-linux-gnu/libgmodule-2.0.so.0.3200.3
6a807000-6a808000 r--p 00002000 08:0a 3932601    /usr/lib/i386-linux-gnu/libgmodule-2.0.so.0.3200.3
6a808000-6a809000 rw-p 00003000 08:0a 3932601    /usr/lib/i386-linux-gnu/libgmodule-2.0.so.0.3200.3
6a809000-6a80b000 r-xp 00000000 08:0a 3937397    /usr/lib/i386-linux-gnu/libXdamage.so.1.1.0
6a80b000-6a80c000 r--p 00001000 08:0a 3937397    /usr/lib/i386-linux-gnu/libXdamage.so.1.1.0
6a80c000-6a80d000 rw-p 00002000 08:0a 3937397    /usr/lib/i386-linux-gnu/libXdamage.so.1.1.0
6a80d000-6a82c000 r-xp 00000000 08:0a 3954626    /usr/lib/i386-linux-gnu/libxcb.so.1.1.0
6a82c000-6a82d000 r--p 0001f000 08:0a 3954626    /usr/lib/i386-linux-gnu/libxcb.so.1.1.0
6a82d000-6a82e000 rw-p 00020000 08:0a 3954626    /usr/lib/i386-linux-gnu/libxcb.so.1.1.0
6a82e000-6a831000 ---p 00000000 00:00 0 
6a831000-6a87f000 rw-p 00000000 00:00 0 
6a87f000-6a880000 ---p 00000000 00:00 0 
6a880000-6a900000 rw-p 00000000 00:00 0 
6a900000-6aa00000 rw-p 00000000 00:00 0 
6aa02000-6aa0b000 r-xp 00000000 08:0a 3955808    /usr/lib/i386-linux-gnu/libXcursor.so.1.0.2
6aa0b000-6aa0c000 r--p 00008000 08:0a 3955808    /usr/lib/i386-linux-gnu/libXcursor.so.1.0.2
6aa0c000-6aa0d000 rw-p 00009000 08:0a 3955808    /usr/lib/i386-linux-gnu/libXcursor.so.1.0.2
6aa0d000-6aa2c000 r-xp 00000000 08:0a 3936835    /usr/lib/i386-linux-gnu/libgdk_pixbuf-2.0.so.0.2600.1
6aa2c000-6aa2d000 r--p 0001e000 08:0a 3936835    /usr/lib/i386-linux-gnu/libgdk_pixbuf-2.0.so.0.2600.1
6aa2d000-6aa2e000 rw-p 0001f000 08:0a 3936835    /usr/lib/i386-linux-gnu/libgdk_pixbuf-2.0.so.0.2600.1
6aa2e000-6aa31000 ---p 00000000 00:00 0 
6aa31000-6aa7f000 rw-p 00000000 00:00 0 
6aa7f000-6aa80000 ---p 00000000 00:00 0 
6aa80000-6ab00000 rw-p 00000000 00:00 0 
6ab00000-6ac00000 rw-p 00000000 00:00 0 
6ac00000-6ad00000 rw-p 00000000 00:00 0 
6ad02000-6ad09000 r-xp 00000000 08:0a 3955829    /usr/lib/i386-linux-gnu/libXrandr.so.2.2.0
6ad09000-6ad0a000 r--p 00006000 08:0a 3955829    /usr/lib/i386-linux-gnu/libXrandr.so.2.2.0
6ad0a000-6ad0b000 rw-p 00007000 08:0a 3955829    /usr/lib/i386-linux-gnu/libXrandr.so.2.2.0
6ad0b000-6ad0f000 r-xp 00000000 08:0a 3955798    /usr/lib/i386-linux-gnu/libXfixes.so.3.1.0
6ad0f000-6ad10000 r--p 00004000 08:0a 3955798    /usr/lib/i386-linux-gnu/libXfixes.so.3.1.0
6ad10000-6ad11000 rw-p 00005000 08:0a 3955798    /usr/lib/i386-linux-gnu/libXfixes.so.3.1.0
6ad11000-6ad1c000 r-xp 00000000 08:0a 3936754    /usr/lib/i386-linux-gnu/libpangocairo-1.0.so.0.3000.0
6ad1c000-6ad1d000 r--p 0000a000 08:0a 3936754    /usr/lib/i386-linux-gnu/libpangocairo-1.0.so.0.3000.0
6ad1d000-6ad1e000 rw-p 0000b000 08:0a 3936754    /usr/lib/i386-linux-gnu/libpangocairo-1.0.so.0.3000.0
6ad1e000-6ad2c000 r-xp 00000000 08:0a 3955814    /usr/lib/i386-linux-gnu/libXi.so.6.1.0
6ad2c000-6ad2d000 r--p 0000d000 08:0a 3955814    /usr/lib/i386-linux-gnu/libXi.so.6.1.0
6ad2d000-6ad2e000 rw-p 0000e000 08:0a 3955814    /usr/lib/i386-linux-gnu/libXi.so.6.1.0
6ad2e000-6ad31000 ---p 00000000 00:00 0 
6ad31000-6ad7f000 rw-p 00000000 00:00 0 
6ad7f000-6ad80000 ---p 00000000 00:00 0 
6ad80000-6ae00000 rw-p 00000000 00:00 0 
6ae00000-6af00000 rw-p 00000000 00:00 0 
6af01000-6af03000 r-xp 00000000 08:0a 3937431    /usr/lib/i386-linux-gnu/libXcomposite.so.1.0.0
6af03000-6af04000 r--p 00001000 08:0a 3937431    /usr/lib/i386-linux-gnu/libXcomposite.so.1.0.0
6af04000-6af05000 rw-p 00002000 08:0a 3937431    /usr/lib/i386-linux-gnu/libXcomposite.so.1.0.0
6af05000-6af0a000 r-xp 00000000 08:0a 3935471    /usr/lib/i386-linux-gnu/libXtst.so.6.1.0
6af0a000-6af0b000 r--p 00004000 08:0a 3935471    /usr/lib/i386-linux-gnu/libXtst.so.6.1.0
6af0b000-6af0c000 rw-p 00005000 08:0a 3935471    /usr/lib/i386-linux-gnu/libXtst.so.6.1.0
6af0c000-6af14000 r-xp 00000000 08:0a 3955803    /usr/lib/i386-linux-gnu/libXrender.so.1.3.0
6af14000-6af15000 r--p 00007000 08:0a 3955803    /usr/lib/i386-linux-gnu/libXrender.so.1.3.0
6af15000-6af16000 rw-p 00008000 08:0a 3955803    /usr/lib/i386-linux-gnu/libXrender.so.1.3.0
6af16000-6af19000 ---p 00000000 00:00 0 
6af19000-6af67000 rw-p 00000000 00:00 0 
6af67000-6af68000 ---p 00000000 00:00 0 
6af68000-6afe8000 rw-p 00000000 00:00 0 
6afe8000-6afe9000 ---p 00000000 00:00 0 
6afe9000-6b071000 rw-p 00000000 00:00 0 
6b071000-6b072000 ---p 00000000 00:00 0 
6b072000-6b0a9000 rw-p 00000000 00:00 0 
6b0a9000-6b175000 rw-p 00000000 00:00 0 
6b175000-6b1ff000 rw-p 00000000 00:00 0 
6b1ff000-6b207000 rw-p 00000000 00:00 0 
6b207000-6b208000 ---p 00000000 00:00 0 
6b208000-6b23f000 rw-p 00000000 00:00 0 
6b23f000-6b30b000 rw-p 00000000 00:00 0 
6b30b000-6b394000 rw-p 00000000 00:00 0 
6b394000-6b414000 rw-p 00000000 00:00 0 
6b414000-6b43f000 rw-p 00000000 00:00 0 
6b43f000-6c440000 rw-p 00000000 00:00 0 
6c440000-6c4c0000 ---p 00000000 00:00 0 
6c4c0000-73440000 rw-p 00000000 00:00 0 
73440000-8cb10000 rw-p 00000000 00:00 0 
8cb10000-9def0000 rw-p 00000000 00:00 0 
9def0000-adcf0000 rw-p 00000000 00:00 0 
adcf0000-b3440000 rw-p 00000000 00:00 0 
b3440000-b3449000 rw-p 00000000 00:00 0 
b3449000-b3500000 rw-p 00000000 00:00 0 
b3500000-b3740000 rwxp 00000000 00:00 0 
b3740000-b65fa000 rw-p 00000000 00:00 0 
b65fa000-b6600000 ---p 00000000 00:00 0 
b6602000-b6612000 r-xp 00000000 08:0a 3937994    /usr/lib/i386-linux-gnu/libXext.so.6.4.0
b6612000-b6613000 r--p 0000f000 08:0a 3937994    /usr/lib/i386-linux-gnu/libXext.so.6.4.0
b6613000-b6614000 rw-p 00010000 08:0a 3937994    /usr/lib/i386-linux-gnu/libXext.so.6.4.0
b6616000-b661a000 r--s 00065000 08:0a 2502399    /home/matt/CS/Hack/opencv/build/bin/opencv-246.jar
b661a000-b661d000 r--s 0003c000 08:0a 4063559    /usr/lib/jvm/java-7-openjdk-common/jre/lib/ext/sunpkcs11.jar
b661d000-b6621000 r--s 00085000 08:0a 4063564    /usr/lib/jvm/java-7-openjdk-common/jre/lib/ext/localedata.jar
b6621000-b6624000 r--s 00032000 08:0a 4063566    /usr/lib/jvm/java-7-openjdk-common/jre/lib/ext/sunjce_provider.jar
b6624000-b6625000 r--s 00007000 08:0a 4327239    /usr/share/java/java-atk-wrapper.jar
b6625000-b6627000 r--s 00012000 08:0a 4063569    /usr/lib/jvm/java-7-openjdk-common/jre/lib/ext/zipfs.jar
b6627000-b662a000 r--s 0000f000 08:0a 4063567    /usr/lib/jvm/java-7-openjdk-common/jre/lib/ext/pulse-java.jar
b662a000-b6635000 r-xp 00000000 08:0a 1319146    /lib/i386-linux-gnu/libnss_files-2.15.so
b6635000-b6636000 r--p 0000a000 08:0a 1319146    /lib/i386-linux-gnu/libnss_files-2.15.so
b6636000-b6637000 rw-p 0000b000 08:0a 1319146    /lib/i386-linux-gnu/libnss_files-2.15.so
b6637000-b6641000 r-xp 00000000 08:0a 1319150    /lib/i386-linux-gnu/libnss_nis-2.15.so
b6641000-b6642000 r--p 00009000 08:0a 1319150    /lib/i386-linux-gnu/libnss_nis-2.15.so
b6642000-b6643000 rw-p 0000a000 08:0a 1319150    /lib/i386-linux-gnu/libnss_nis-2.15.so
b6643000-b6659000 r-xp 00000000 08:0a 1319162    /lib/i386-linux-gnu/libnsl-2.15.so
b6659000-b665a000 r--p 00015000 08:0a 1319162    /lib/i386-linux-gnu/libnsl-2.15.so
b665a000-b665b000 rw-p 00016000 08:0a 1319162    /lib/i386-linux-gnu/libnsl-2.15.so
b665b000-b665d000 rw-p 00000000 00:00 0 
b665d000-b6664000 r-xp 00000000 08:0a 1319142    /lib/i386-linux-gnu/libnss_compat-2.15.so
b6664000-b6665000 r--p 00006000 08:0a 1319142    /lib/i386-linux-gnu/libnss_compat-2.15.so
b6665000-b6666000 rw-p 00007000 08:0a 1319142    /lib/i386-linux-gnu/libnss_compat-2.15.so
b6666000-b6668000 r-xp 00000000 08:0a 3955819    /usr/lib/i386-linux-gnu/libXinerama.so.1.0.0
b6668000-b6669000 r--p 00001000 08:0a 3955819    /usr/lib/i386-linux-gnu/libXinerama.so.1.0.0
b6669000-b666a000 rw-p 00002000 08:0a 3955819    /usr/lib/i386-linux-gnu/libXinerama.so.1.0.0
b666a000-b6672000 r-xp 00000000 08:0a 4078112    /usr/lib/jvm/java-7-openjdk-i386/jre/lib/i386/libzip.so
b6672000-b6673000 r--p 00007000 08:0a 4078112    /usr/lib/jvm/java-7-openjdk-i386/jre/lib/i386/libzip.so
b6673000-b6674000 rw-p 00008000 08:0a 4078112    /usr/lib/jvm/java-7-openjdk-i386/jre/lib/i386/libzip.so
b6674000-b667c000 rw-s 00000000 08:0a 5266348    /tmp/hsperfdata_matt/22448 (deleted)
b667c000-b66a3000 r-xp 00000000 08:0a 4078135    /usr/lib/jvm/java-7-openjdk-i386/jre/lib/i386/libjava.so
b66a3000-b66a4000 r--p 00026000 08:0a 4078135    /usr/lib/jvm/java-7-openjdk-i386/jre/lib/i386/libjava.so
b66a4000-b66a5000 rw-p 00027000 08:0a 4078135    /usr/lib/jvm/java-7-openjdk-i386/jre/lib/i386/libjava.so
b66a5000-b66ac000 r-xp 00000000 08:0a 1319149    /lib/i386-linux-gnu/librt-2.15.so
b66ac000-b66ad000 r--p 00006000 08:0a 1319149    /lib/i386-linux-gnu/librt-2.15.so
b66ad000-b66ae000 rw-p 00007000 08:0a 1319149    /lib/i386-linux-gnu/librt-2.15.so
b66ae000-b66b1000 ---p 00000000 00:00 0 
b66b1000-b66ff000 rw-p 00000000 00:00 0 
b66ff000-b671b000 r-xp 00000000 08:0a 1311652    /lib/i386-linux-gnu/libgcc_s.so.1
b671b000-b671c000 r--p 0001b000 08:0a 1311652    /lib/i386-linux-gnu/libgcc_s.so.1
b671c000-b671d000 rw-p 0001c000 08:0a 1311652    /lib/i386-linux-gnu/libgcc_s.so.1
b671d000-b6747000 r-xp 00000000 08:0a 1319153    /lib/i386-linux-gnu/libm-2.15.so
b6747000-b6748000 r--p 00029000 08:0a 1319153    /lib/i386-linux-gnu/libm-2.15.so
b6748000-b6749000 rw-p 0002a000 08:0a 1319153    /lib/i386-linux-gnu/libm-2.15.so
b6749000-b6821000 r-xp 00000000 08:0a 3932513    /usr/lib/i386-linux-gnu/libstdc++.so.6.0.16
b6821000-b6822000 ---p 000d8000 08:0a 3932513    /usr/lib/i386-linux-gnu/libstdc++.so.6.0.16
b6822000-b6826000 r--p 000d8000 08:0a 3932513    /usr/lib/i386-linux-gnu/libstdc++.so.6.0.16
b6826000-b6827000 rw-p 000dc000 08:0a 3932513    /usr/lib/i386-linux-gnu/libstdc++.so.6.0.16
b6827000-b682e000 rw-p 00000000 00:00 0 
b682e000-b7113000 r-xp 00000000 08:0a 4078114    /usr/lib/jvm/java-7-openjdk-i386/jre/lib/i386/server/libjvm.so
b7113000-b715a000 r--p 008e5000 08:0a 4078114    /usr/lib/jvm/java-7-openjdk-i386/jre/lib/i386/server/libjvm.so
b715a000-b716e000 rw-p 0092c000 08:0a 4078114    /usr/lib/jvm/java-7-openjdk-i386/jre/lib/i386/server/libjvm.so
b716e000-b758c000 rw-p 00000000 00:00 0 
b758c000-b75a0000 r-xp 00000000 08:0a 1311731    /lib/i386-linux-gnu/libz.so.1.2.3.4
b75a0000-b75a1000 r--p 00013000 08:0a 1311731    /lib/i386-linux-gnu/libz.so.1.2.3.4
b75a1000-b75a2000 rw-p 00014000 08:0a 1311731    /lib/i386-linux-gnu/libz.so.1.2.3.4
b75a2000-b75b9000 r-xp 00000000 08:0a 1319151    /lib/i386-linux-gnu/libpthread-2.15.so
b75b9000-b75ba000 r--p 00016000 08:0a 1319151    /lib/i386-linux-gnu/libpthread-2.15.so
b75ba000-b75bb000 rw-p 00017000 08:0a 1319151    /lib/i386-linux-gnu/libpthread-2.15.so
b75bb000-b75bd000 rw-p 00000000 00:00 0 
b75bd000-b75c0000 r-xp 00000000 08:0a 1319157    /lib/i386-linux-gnu/libdl-2.15.so
b75c0000-b75c1000 r--p 00002000 08:0a 1319157    /lib/i386-linux-gnu/libdl-2.15.so
b75c1000-b75c2000 rw-p 00003000 08:0a 1319157    /lib/i386-linux-gnu/libdl-2.15.so
b75c2000-b7765000 r-xp 00000000 08:0a 1319140    /lib/i386-linux-gnu/libc-2.15.so
b7765000-b7767000 r--p 001a3000 08:0a 1319140    /lib/i386-linux-gnu/libc-2.15.so
b7767000-b7768000 rw-p 001a5000 08:0a 1319140    /lib/i386-linux-gnu/libc-2.15.so
b7768000-b776c000 rw-p 00000000 00:00 0 
b776c000-b776d000 r--s 00002000 08:0a 4063568    /usr/lib/jvm/java-7-openjdk-common/jre/lib/ext/dnsns.jar
b776d000-b776e000 r-xp 00000000 08:0a 3932523    /usr/lib/i386-linux-gnu/libgthread-2.0.so.0.3200.3
b776e000-b776f000 r--p 00000000 08:0a 3932523    /usr/lib/i386-linux-gnu/libgthread-2.0.so.0.3200.3
b776f000-b7770000 rw-p 00001000 08:0a 3932523    /usr/lib/i386-linux-gnu/libgthread-2.0.so.0.3200.3
b7770000-b7771000 r--p 002c5000 08:0a 3937742    /usr/lib/locale/locale-archive
b7771000-b7772000 rw-p 00000000 00:00 0 
b7772000-b7773000 ---p 00000000 00:00 0 
b7773000-b777f000 r-xp 00000000 08:0a 4078121    /usr/lib/jvm/java-7-openjdk-i386/jre/lib/i386/libverify.so
b777f000-b7780000 r--p 0000b000 08:0a 4078121    /usr/lib/jvm/java-7-openjdk-i386/jre/lib/i386/libverify.so
b7780000-b7781000 rw-p 0000c000 08:0a 4078121    /usr/lib/jvm/java-7-openjdk-i386/jre/lib/i386/libverify.so
b7781000-b778e000 r-xp 00000000 08:0a 4078129    /usr/lib/jvm/java-7-openjdk-i386/jre/lib/i386/jli/libjli.so
b778e000-b778f000 r--p 0000c000 08:0a 4078129    /usr/lib/jvm/java-7-openjdk-i386/jre/lib/i386/jli/libjli.so
b778f000-b7790000 rw-p 0000d000 08:0a 4078129    /usr/lib/jvm/java-7-openjdk-i386/jre/lib/i386/jli/libjli.so
b7790000-b7793000 rw-p 00000000 00:00 0 
b7793000-b7794000 r-xp 00000000 00:00 0          [vdso]
b7794000-b77b4000 r-xp 00000000 08:0a 1319154    /lib/i386-linux-gnu/ld-2.15.so
b77b4000-b77b5000 r--p 0001f000 08:0a 1319154    /lib/i386-linux-gnu/ld-2.15.so
b77b5000-b77b6000 rw-p 00020000 08:0a 1319154    /lib/i386-linux-gnu/ld-2.15.so
bfa54000-bfa75000 rw-p 00000000 00:00 0          [stack]

VM Arguments:
jvm_args: -Djava.library.path=/home/matt/CS/Hack/opencv/build/lib -Djava.security.policy=java.policy.applet -Dfile.encoding=UTF-8 
java_command: sun.applet.AppletViewer Main1373745926800.html
Launcher Type: SUN_STANDARD

Environment Variables:
PATH=/usr/lib/lightdm/lightdm:/usr/local/sbin:/usr/local/bin:/usr/sbin:/usr/bin:/sbin:/bin:/usr/games
LD_LIBRARY_PATH=/usr/lib/jvm/java-7-openjdk-i386/jre/lib/i386/server:/usr/lib/jvm/java-7-openjdk-i386/jre/lib/i386:/usr/lib/jvm/java-7-openjdk-i386/jre/../lib/i386:/usr/lib/jvm/java-7-openjdk-i386/jre/lib/i386/client:/usr/lib/jvm/java-7-openjdk-i386/jre/lib/i386:
SHELL=/bin/bash
DISPLAY=:0

Signal Handlers:
SIGSEGV: [libjvm.so+0x753ab0], sa_mask[0]=0x7ffbfeff, sa_flags=0x10000004
SIGBUS: [libjvm.so+0x753ab0], sa_mask[0]=0x7ffbfeff, sa_flags=0x10000004
SIGFPE: [libjvm.so+0x5e95d0], sa_mask[0]=0x7ffbfeff, sa_flags=0x10000004
SIGPIPE: [libjvm.so+0x5e95d0], sa_mask[0]=0x7ffbfeff, sa_flags=0x10000004
SIGXFSZ: [libjvm.so+0x5e95d0], sa_mask[0]=0x7ffbfeff, sa_flags=0x10000004
SIGILL: [libjvm.so+0x5e95d0], sa_mask[0]=0x7ffbfeff, sa_flags=0x10000004
SIGUSR1: SIG_DFL, sa_mask[0]=0x00000000, sa_flags=0x00000000
SIGUSR2: [libjvm.so+0x5e9460], sa_mask[0]=0x00000004, sa_flags=0x10000004
SIGHUP: [libjvm.so+0x5e9ae0], sa_mask[0]=0x7ffbfeff, sa_flags=0x10000004
SIGINT: [libjvm.so+0x5e9ae0], sa_mask[0]=0x7ffbfeff, sa_flags=0x10000004
SIGTERM: [libjvm.so+0x5e9ae0], sa_mask[0]=0x7ffbfeff, sa_flags=0x10000004
SIGQUIT: [libjvm.so+0x5e9ae0], sa_mask[0]=0x7ffbfeff, sa_flags=0x10000004


---------------  S Y S T E M  ---------------

OS:Ubuntu 12.04 (precise)
uname:Linux 3.2.0-49-generic-pae #75-Ubuntu SMP Tue Jun 18 18:00:21 UTC 2013 i686
libc:glibc 2.15 NPTL 2.15 
rlimit: STACK 8192k, CORE 0k, NPROC 64018, NOFILE 4096, AS infinity
load average:2.88 1.64 0.92

/proc/meminfo:
MemTotal:        8208944 kB
MemFree:         5245600 kB
Buffers:          150728 kB
Cached:           992224 kB
SwapCached:            0 kB
Active:          2057440 kB
Inactive:         782844 kB
Active(anon):    1708644 kB
Inactive(anon):   121824 kB
Active(file):     348796 kB
Inactive(file):   661020 kB
Unevictable:          48 kB
Mlocked:              48 kB
HighTotal:       7420168 kB
HighFree:        4696880 kB
LowTotal:         788776 kB
LowFree:          548720 kB
SwapTotal:       8330236 kB
SwapFree:        8330236 kB
Dirty:               296 kB
Writeback:             0 kB
AnonPages:       1697372 kB
Mapped:           218556 kB
Shmem:            133140 kB
Slab:              62544 kB
SReclaimable:      35856 kB
SUnreclaim:        26688 kB
KernelStack:        4496 kB
PageTables:        15404 kB
NFS_Unstable:          0 kB
Bounce:                0 kB
WritebackTmp:          0 kB
CommitLimit:    12434708 kB
Committed_AS:    4675240 kB
VmallocTotal:     122880 kB
VmallocUsed:       29668 kB
VmallocChunk:      86452 kB
HardwareCorrupted:     0 kB
AnonHugePages:         0 kB
HugePages_Total:       0
HugePages_Free:        0
HugePages_Rsvd:        0
HugePages_Surp:        0
Hugepagesize:       2048 kB
DirectMap4k:       10232 kB
DirectMap2M:      903168 kB


CPU:total 8 (4 cores per cpu, 2 threads per core) family 6 model 42 stepping 7, cmov, cx8, fxsr, mmx, sse, sse2, sse3, ssse3, sse4.1, sse4.2, popcnt, avx, ht, tsc, tscinvbit

/proc/cpuinfo:
processor	: 0
vendor_id	: GenuineIntel
cpu family	: 6
model		: 42
model name	: Intel(R) Core(TM) i7-2630QM CPU @ 2.00GHz
stepping	: 7
microcode	: 0x17
cpu MHz		: 800.000
cache size	: 6144 KB
physical id	: 0
siblings	: 8
core id		: 0
cpu cores	: 4
apicid		: 0
initial apicid	: 0
fdiv_bug	: no
hlt_bug		: no
f00f_bug	: no
coma_bug	: no
fpu		: yes
fpu_exception	: yes
cpuid level	: 13
wp		: yes
flags		: fpu vme de pse tsc msr pae mce cx8 apic sep mtrr pge mca cmov pat pse36 clflush dts acpi mmx fxsr sse sse2 ss ht tm pbe nx rdtscp lm constant_tsc arch_perfmon pebs bts xtopology nonstop_tsc aperfmperf pni pclmulqdq dtes64 monitor ds_cpl vmx est tm2 ssse3 cx16 xtpr pdcm pcid sse4_1 sse4_2 x2apic popcnt tsc_deadline_timer xsave avx lahf_lm ida arat epb xsaveopt pln pts dtherm tpr_shadow vnmi flexpriority ept vpid
bogomips	: 3991.07
clflush size	: 64
cache_alignment	: 64
address sizes	: 36 bits physical, 48 bits virtual
power management:

processor	: 1
vendor_id	: GenuineIntel
cpu family	: 6
model		: 42
model name	: Intel(R) Core(TM) i7-2630QM CPU @ 2.00GHz
stepping	: 7
microcode	: 0x17
cpu MHz		: 800.000
cache size	: 6144 KB
physical id	: 0
siblings	: 8
core id		: 0
cpu cores	: 4
apicid		: 1
initial apicid	: 1
fdiv_bug	: no
hlt_bug		: no
f00f_bug	: no
coma_bug	: no
fpu		: yes
fpu_exception	: yes
cpuid level	: 13
wp		: yes
flags		: fpu vme de pse tsc msr pae mce cx8 apic sep mtrr pge mca cmov pat pse36 clflush dts acpi mmx fxsr sse sse2 ss ht tm pbe nx rdtscp lm constant_tsc arch_perfmon pebs bts xtopology nonstop_tsc aperfmperf pni pclmulqdq dtes64 monitor ds_cpl vmx est tm2 ssse3 cx16 xtpr pdcm pcid sse4_1 sse4_2 x2apic popcnt tsc_deadline_timer xsave avx lahf_lm ida arat epb xsaveopt pln pts dtherm tpr_shadow vnmi flexpriority ept vpid
bogomips	: 3990.74
clflush size	: 64
cache_alignment	: 64
address sizes	: 36 bits physical, 48 bits virtual
power management:

processor	: 2
vendor_id	: GenuineIntel
cpu family	: 6
model		: 42
model name	: Intel(R) Core(TM) i7-2630QM CPU @ 2.00GHz
stepping	: 7
microcode	: 0x17
cpu MHz		: 800.000
cache size	: 6144 KB
physical id	: 0
siblings	: 8
core id		: 1
cpu cores	: 4
apicid		: 2
initial apicid	: 2
fdiv_bug	: no
hlt_bug		: no
f00f_bug	: no
coma_bug	: no
fpu		: yes
fpu_exception	: yes
cpuid level	: 13
wp		: yes
flags		: fpu vme de pse tsc msr pae mce cx8 apic sep mtrr pge mca cmov pat pse36 clflush dts acpi mmx fxsr sse sse2 ss ht tm pbe nx rdtscp lm constant_tsc arch_perfmon pebs bts xtopology nonstop_tsc aperfmperf pni pclmulqdq dtes64 monitor ds_cpl vmx est tm2 ssse3 cx16 xtpr pdcm pcid sse4_1 sse4_2 x2apic popcnt tsc_deadline_timer xsave avx lahf_lm ida arat epb xsaveopt pln pts dtherm tpr_shadow vnmi flexpriority ept vpid
bogomips	: 3990.76
clflush size	: 64
cache_alignment	: 64
address sizes	: 36 bits physical, 48 bits virtual
power management:

processor	: 3
vendor_id	: GenuineIntel
cpu family	: 6
model		: 42
model name	: Intel(R) Core(TM) i7-2630QM CPU @ 2.00GHz
stepping	: 7
microcode	: 0x17
cpu MHz		: 2001.000
cache size	: 6144 KB
physical id	: 0
siblings	: 8
core id		: 1
cpu cores	: 4
apicid		: 3
initial apicid	: 3
fdiv_bug	: no
hlt_bug		: no
f00f_bug	: no
coma_bug	: no
fpu		: yes
fpu_exception	: yes
cpuid level	: 13
wp		: yes
flags		: fpu vme de pse tsc msr pae mce cx8 apic sep mtrr pge mca cmov pat pse36 clflush dts acpi mmx fxsr sse sse2 ss ht tm pbe nx rdtscp lm constant_tsc arch_perfmon pebs bts xtopology nonstop_tsc aperfmperf pni pclmulqdq dtes64 monitor ds_cpl vmx est tm2 ssse3 cx16 xtpr pdcm pcid sse4_1 sse4_2 x2apic popcnt tsc_deadline_timer xsave avx lahf_lm ida arat epb xsaveopt pln pts dtherm tpr_shadow vnmi flexpriority ept vpid
bogomips	: 3990.75
clflush size	: 64
cache_alignment	: 64
address sizes	: 36 bits physical, 48 bits virtual
power management:

processor	: 4
vendor_id	: GenuineIntel
cpu family	: 6
model		: 42
model name	: Intel(R) Core(TM) i7-2630QM CPU @ 2.00GHz
stepping	: 7
microcode	: 0x17
cpu MHz		: 800.000
cache size	: 6144 KB
physical id	: 0
siblings	: 8
core id		: 2
cpu cores	: 4
apicid		: 4
initial apicid	: 4
fdiv_bug	: no
hlt_bug		: no
f00f_bug	: no
coma_bug	: no
fpu		: yes
fpu_exception	: yes
cpuid level	: 13
wp		: yes
flags		: fpu vme de pse tsc msr pae mce cx8 apic sep mtrr pge mca cmov pat pse36 clflush dts acpi mmx fxsr sse sse2 ss ht tm pbe nx rdtscp lm constant_tsc arch_perfmon pebs bts xtopology nonstop_tsc aperfmperf pni pclmulqdq dtes64 monitor ds_cpl vmx est tm2 ssse3 cx16 xtpr pdcm pcid sse4_1 sse4_2 x2apic popcnt tsc_deadline_timer xsave avx lahf_lm ida arat epb xsaveopt pln pts dtherm tpr_shadow vnmi flexpriority ept vpid
bogomips	: 3990.74
clflush size	: 64
cache_alignment	: 64
address sizes	: 36 bits physical, 48 bits virtual
power management:

processor	: 5
vendor_id	: GenuineIntel
cpu family	: 6
model		: 42
model name	: Intel(R) Core(TM) i7-2630QM CPU @ 2.00GHz
stepping	: 7
microcode	: 0x17
cpu MHz		: 2001.000
cache size	: 6144 KB
physical id	: 0
siblings	: 8
core id		: 2
cpu cores	: 4
apicid		: 5
initial apicid	: 5
fdiv_bug	: no
hlt_bug		: no
f00f_bug	: no
coma_bug	: no
fpu		: yes
fpu_exception	: yes
cpuid level	: 13
wp		: yes
flags		: fpu vme de pse tsc msr pae mce cx8 apic sep mtrr pge mca cmov pat pse36 clflush dts acpi mmx fxsr sse sse2 ss ht tm pbe nx rdtscp lm constant_tsc arch_perfmon pebs bts xtopology nonstop_tsc aperfmperf pni pclmulqdq dtes64 monitor ds_cpl vmx est tm2 ssse3 cx16 xtpr pdcm pcid sse4_1 sse4_2 x2apic popcnt tsc_deadline_timer xsave avx lahf_lm ida arat epb xsaveopt pln pts dtherm tpr_shadow vnmi flexpriority ept vpid
bogomips	: 3990.75
clflush size	: 64
cache_alignment	: 64
address sizes	: 36 bits physical, 48 bits virtual
power management:

processor	: 6
vendor_id	: GenuineIntel
cpu family	: 6
model		: 42
model name	: Intel(R) Core(TM) i7-2630QM CPU @ 2.00GHz
stepping	: 7
microcode	: 0x17
cpu MHz		: 2001.000
cache size	: 6144 KB
physical id	: 0
siblings	: 8
core id		: 3
cpu cores	: 4
apicid		: 6
initial apicid	: 6
fdiv_bug	: no
hlt_bug		: no
f00f_bug	: no
coma_bug	: no
fpu		: yes
fpu_exception	: yes
cpuid level	: 13
wp		: yes
flags		: fpu vme de pse tsc msr pae mce cx8 apic sep mtrr pge mca cmov pat pse36 clflush dts acpi mmx fxsr sse sse2 ss ht tm pbe nx rdtscp lm constant_tsc arch_perfmon pebs bts xtopology nonstop_tsc aperfmperf pni pclmulqdq dtes64 monitor ds_cpl vmx est tm2 ssse3 cx16 xtpr pdcm pcid sse4_1 sse4_2 x2apic popcnt tsc_deadline_timer xsave avx lahf_lm ida arat epb xsaveopt pln pts dtherm tpr_shadow vnmi flexpriority ept vpid
bogomips	: 3990.76
clflush size	: 64
cache_alignment	: 64
address sizes	: 36 bits physical, 48 bits virtual
power management:

processor	: 7
vendor_id	: GenuineIntel
cpu family	: 6
model		: 42
model name	: Intel(R) Core(TM) i7-2630QM CPU @ 2.00GHz
stepping	: 7
microcode	: 0x17
cpu MHz		: 800.000
cache size	: 6144 KB
physical id	: 0
siblings	: 8
core id		: 3
cpu cores	: 4
apicid		: 7
initial apicid	: 7
fdiv_bug	: no
hlt_bug		: no
f00f_bug	: no
coma_bug	: no
fpu		: yes
fpu_exception	: yes
cpuid level	: 13
wp		: yes
flags		: fpu vme de pse tsc msr pae mce cx8 apic sep mtrr pge mca cmov pat pse36 clflush dts acpi mmx fxsr sse sse2 ss ht tm pbe nx rdtscp lm constant_tsc arch_perfmon pebs bts xtopology nonstop_tsc aperfmperf pni pclmulqdq dtes64 monitor ds_cpl vmx est tm2 ssse3 cx16 xtpr pdcm pcid sse4_1 sse4_2 x2apic popcnt tsc_deadline_timer xsave avx lahf_lm ida arat epb xsaveopt pln pts dtherm tpr_shadow vnmi flexpriority ept vpid
bogomips	: 3990.75
clflush size	: 64
cache_alignment	: 64
address sizes	: 36 bits physical, 48 bits virtual
power management:



Memory: 4k page, physical 8208944k(5245600k free), swap 8330236k(8330236k free)

vm_info: OpenJDK Server VM (23.7-b01) for linux-x86 JRE (1.7.0_21-b02), built on Apr 23 2013 13:58:31 by "buildd" with gcc 4.6.3

time: Sat Jul 13 13:05:38 2013
elapsed time: 12 seconds

