#
# A fatal error has been detected by the Java Runtime Environment:
#
#  SIGSEGV (0xb) at pc=0x643cf675, pid=22315, tid=1725954880
#
# JRE version: 7.0_21-b02
# Java VM: OpenJDK Server VM (23.7-b01 mixed mode linux-x86 )
# Problematic frame:
# C  [libopencv_java246.so+0x30e675]  cv::Mutex::~Mutex()+0x25
#
# Failed to write core dump. Core dumps have been disabled. To enable core dumping, try "ulimit -c unlimited" before starting Java again
#
# If you would like to submit a bug report, please include
# instructions on how to reproduce the bug and visit:
#   https://bugs.launchpad.net/ubuntu/+source/openjdk-7/
#

---------------  T H R E A D  ---------------

Current thread (0x66ca8400):  VMThread [stack: 0x66d7f000,0x66e00000] [id=22330]

siginfo:si_signo=SIGSEGV: si_errno=0, si_code=1 (SEGV_MAPERR), si_addr=0x00000004

Registers:
EAX=0x00000000, EBX=0x64b5bff4, ECX=0x6a305f60, EDX=0xffffffff
ESP=0x66dfef00, EBP=0xb77133e4, ESI=0x64bfeefc, EDI=0x0000008f
EIP=0x643cf675, EFLAGS=0x00210212, CR2=0x00000004

Top of Stack: (sp=0x66dfef00)
0x66dfef00:   6a3063c0 0000008f b77133e4 b7712ff4
0x66dfef10:   b7712ff4 6a305ef8 0000008f b75a0f51
0x66dfef20:   64bfeefc 0000008f b764e542 b6e07be1
0x66dfef30:   b6504f38 b6912ab6 b7105ff4 01dd3813
0x66dfef40:   b6500468 656d6974 b6507cf0 b7712ff4
0x66dfef50:   64f62d84 b6530bb0 b6530fa4 b75a0fdd
0x66dfef60:   0000008f b77133e4 00000001 b6e06d4f
0x66dfef70:   b755987f b75a0fb6 b7105ff4 b6bfb510 

Instructions: (pc=0x643cf675)
0x643cf655:   ff ff ff 89 74 24 14 8b 74 24 20 89 5c 24 10 e8
0x643cf665:   be 32 e1 ff 81 c3 8b c9 78 00 89 7c 24 18 8b 06
0x643cf675:   f0 0f c1 50 04 83 fa 01 74 19 c7 06 00 00 00 00
0x643cf685:   8b 5c 24 10 8b 74 24 14 8b 7c 24 18 83 c4 1c c3 

Register to memory mapping:

EAX=0x00000000 is an unknown value
EBX=0x64b5bff4: <offset 0xa9aff4> in /home/matt/CS/Hack/opencv/build/lib/libopencv_java246.so at 0x640c1000
ECX=0x6a305f60 is an unknown value
EDX=0xffffffff is an unknown value
ESP=0x66dfef00 is an unknown value
EBP=0xb77133e4: <offset 0x1a53e4> in /lib/i386-linux-gnu/libc.so.6 at 0xb756e000
ESI=0x64bfeefc: _ZN2cv15SURFFindInvoker19findMaximaInLayer_mE+0 in /home/matt/CS/Hack/opencv/build/lib/libopencv_java246.so at 0x640c1000
EDI=0x0000008f is an unknown value


Stack: [0x66d7f000,0x66e00000],  sp=0x66dfef00,  free space=511k
Native frames: (J=compiled Java code, j=interpreted, Vv=VM code, C=native code)
C  [libopencv_java246.so+0x30e675]  cv::Mutex::~Mutex()+0x25

VM_Operation (0x64f62d84): Exit, mode: safepoint, requested by thread 0x6650c000


---------------  P R O C E S S  ---------------

Java Threads: ( => current thread )
  0x6650c000 JavaThread "SIGTERM handler" daemon [_thread_blocked, id=22356, stack(0x64f13000,0x64f64000)]
  0x66a03c00 JavaThread "AWT-EventQueue-1" [_thread_blocked, id=22346, stack(0x64f64000,0x64fb5000)]
  0xb6506800 JavaThread "DestroyJavaVM" [_thread_blocked, id=22321, stack(0xb665a000,0xb66ab000)]
  0x651a8000 JavaThread "AWT-EventQueue-0" [_thread_blocked, id=22343, stack(0x6500d000,0x6505e000)]
  0x651a2400 JavaThread "AWT-Shutdown" [_thread_blocked, id=22342, stack(0x6505e000,0x650af000)]
  0x6517c400 JavaThread "thread applet-Main.class" [_thread_blocked, id=22341, stack(0x650af000,0x65100000)]
  0x65164c00 JavaThread "AWT-XAWT" daemon [_thread_blocked, id=22339, stack(0x6521b000,0x6526c000)]
  0x65133400 JavaThread "Java2D Disposer" daemon [_thread_blocked, id=22338, stack(0x6526c000,0x652bd000)]
  0x66cf7c00 JavaThread "Service Thread" daemon [_thread_blocked, id=22336, stack(0x6a62e000,0x6a67f000)]
  0x66cf6000 JavaThread "C2 CompilerThread1" daemon [_thread_blocked, id=22335, stack(0x6647f000,0x66500000)]
  0x66cf4000 JavaThread "C2 CompilerThread0" daemon [_thread_blocked, id=22334, stack(0x66f4a000,0x66fcb000)]
  0x66cf2400 JavaThread "Signal Dispatcher" daemon [_thread_blocked, id=22333, stack(0x6a82e000,0x6a87f000)]
  0x66cb0000 JavaThread "Finalizer" daemon [_thread_blocked, id=22332, stack(0x6aa2e000,0x6aa7f000)]
  0x66cae400 JavaThread "Reference Handler" daemon [_thread_blocked, id=22331, stack(0x6ad2e000,0x6ad7f000)]

Other Threads:
=>0x66ca8400 VMThread [stack: 0x66d7f000,0x66e00000] [id=22330]

VM state:at safepoint (shutting down)

VM Mutex/Monitor currently owned by a thread:  ([mutex/lock_event])
[0xb6504238] Threads_lock - owner thread: 0x66ca8400

Heap
 PSYoungGen      total 19136K, used 10477K [0x9deb0000, 0x9f400000, 0xb3400000)
  eden space 16448K, 63% used [0x9deb0000,0x9e8eb6d0,0x9eec0000)
  from space 2688K, 0% used [0x9f160000,0x9f160000,0x9f400000)
  to   space 2688K, 0% used [0x9eec0000,0x9eec0000,0x9f160000)
 ParOldGen       total 43712K, used 0K [0x73400000, 0x75eb0000, 0x9deb0000)
  object space 43712K, 0% used [0x73400000,0x73400000,0x75eb0000)
 PSPermGen       total 16384K, used 7341K [0x6b400000, 0x6c400000, 0x73400000)
  object space 16384K, 44% used [0x6b400000,0x6bb2b5e0,0x6c400000)

Card table byte_map: [0x6b1bf000,0x6b400000] byte_map_base: 0x6ae65000

Polling page: 0xb771e000

Code Cache  [0xb34cd000, 0xb370d000, 0xb64cd000)
 total_blobs=278 nmethods=25 adapters=206 free_code_cache=48767Kb largest_free_block=49928256

Compilation events (10 events):
Event: 0.396 Thread 0x66cf4000   20             java.lang.String::indexOf (166 bytes)
Event: 0.398 Thread 0x66cf6000   21             java.util.Arrays::copyOfRange (63 bytes)
Event: 0.399 Thread 0x66cf6000 nmethod 21 0xb352cfc8 code [0xb352d0c0, 0xb352d2b0]
Event: 0.402 Thread 0x66cf4000 nmethod 20 0xb352b908 code [0xb352ba00, 0xb352bdb0]
Event: 0.418 Thread 0x66cf6000   22             java.lang.String::<init> (67 bytes)
Event: 0.418 Thread 0x66cf4000   23             java.lang.String::startsWith (72 bytes)
Event: 0.420 Thread 0x66cf4000 nmethod 23 0xb352aa48 code [0xb352ab40, 0xb352ac50]
Event: 0.422 Thread 0x66cf6000 nmethod 22 0xb352ee88 code [0xb352efa0, 0xb352f210]
Event: 0.425 Thread 0x66cf4000   24             java.util.Arrays::binarySearch0 (95 bytes)
Event: 0.427 Thread 0x66cf4000 nmethod 24 0xb352f388 code [0xb352f480, 0xb352f610]

GC Heap History (0 events):
No events

Deoptimization events (4 events):
Event: 0.243 Thread 0xb6506800 Uncommon trap -34 fr.pc 0xb3517708
Event: 0.243 Thread 0xb6506800 Uncommon trap -34 fr.pc 0xb3517708
Event: 0.244 Thread 0xb6506800 Uncommon trap -34 fr.pc 0xb3517708
Event: 0.244 Thread 0xb6506800 Uncommon trap -34 fr.pc 0xb3517708

Internal exceptions (10 events):
Event: 0.411 Thread 0x6517c400 Threw 0x9e2154c0 at /build/buildd/openjdk-7-7u21-2.3.9/build/openjdk/hotspot/src/share/vm/prims/jvm.cpp:1166
Event: 0.425 Thread 0x6517c400 Threw 0x9e608e38 at /build/buildd/openjdk-7-7u21-2.3.9/build/openjdk/hotspot/src/share/vm/prims/jvm.cpp:1166
Event: 0.427 Thread 0x66a0f800 Threw 0x9e61da60 at /build/buildd/openjdk-7-7u21-2.3.9/build/openjdk/hotspot/src/share/vm/prims/jvm.cpp:1166
Event: 0.431 Thread 0x66a0f800 Threw 0x9e622bc0 at /build/buildd/openjdk-7-7u21-2.3.9/build/openjdk/hotspot/src/share/vm/prims/jvm.cpp:1166
Event: 0.456 Thread 0x66a0f800 Threw 0x9e62b3a0 at /build/buildd/openjdk-7-7u21-2.3.9/build/openjdk/hotspot/src/share/vm/prims/jvm.cpp:1166
Event: 0.457 Thread 0x66a0f800 Threw 0x9e636b90 at /build/buildd/openjdk-7-7u21-2.3.9/build/openjdk/hotspot/src/share/vm/prims/jvm.cpp:1166
Event: 0.458 Thread 0x66a0f800 Threw 0x9e649040 at /build/buildd/openjdk-7-7u21-2.3.9/build/openjdk/hotspot/src/share/vm/prims/jvm.cpp:1166
Event: 0.459 Thread 0x66a0f800 Threw 0x9e64e240 at /build/buildd/openjdk-7-7u21-2.3.9/build/openjdk/hotspot/src/share/vm/prims/jvm.cpp:1166
Event: 0.459 Thread 0x66a0f800 Threw 0x9e654170 at /build/buildd/openjdk-7-7u21-2.3.9/build/openjdk/hotspot/src/share/vm/prims/jvm.cpp:1166
Event: 0.462 Thread 0x66a0f800 Threw 0x9e65e668 at /build/buildd/openjdk-7-7u21-2.3.9/build/openjdk/hotspot/src/share/vm/interpreter/linkResolver.cpp:805

Events (10 events):
Event: 31.081 loading class 0x661acd70 done
Event: 31.082 Thread 0x6a314800 Thread added: 0x6a314800
Event: 31.082 loading class 0x6514b5d0
Event: 31.082 loading class 0x6a500c98
Event: 31.083 loading class 0x6a500c98 done
Event: 31.083 loading class 0x6a500cc8
Event: 31.083 loading class 0x6a500cc8 done
Event: 31.083 loading class 0x6514b5d0 done
Event: 31.085 Thread 0x6a314800 Thread exited: 0x6a314800
Event: 31.085 Executing VM operation: Exit


Dynamic libraries:
08048000-08049000 r-xp 00000000 08:0a 3935629    /usr/lib/jvm/java-7-openjdk-i386/jre/bin/java
08049000-0804a000 r--p 00000000 08:0a 3935629    /usr/lib/jvm/java-7-openjdk-i386/jre/bin/java
0804a000-0804b000 rw-p 00001000 08:0a 3935629    /usr/lib/jvm/java-7-openjdk-i386/jre/bin/java
09043000-09064000 rw-p 00000000 00:00 0          [heap]
631a3000-63335000 r-xp 00000000 08:0a 1321284    /lib/i386-linux-gnu/libcrypto.so.1.0.0
63335000-63344000 r--p 00192000 08:0a 1321284    /lib/i386-linux-gnu/libcrypto.so.1.0.0
63344000-6334b000 rw-p 001a1000 08:0a 1321284    /lib/i386-linux-gnu/libcrypto.so.1.0.0
6334b000-6334e000 rw-p 00000000 00:00 0 
6334e000-635b1000 r-xp 00000000 08:0a 3932992    /usr/lib/libpython2.7.so.1.0
635b1000-635b2000 ---p 00263000 08:0a 3932992    /usr/lib/libpython2.7.so.1.0
635b2000-635b3000 r--p 00263000 08:0a 3932992    /usr/lib/libpython2.7.so.1.0
635b3000-63608000 rw-p 00264000 08:0a 3932992    /usr/lib/libpython2.7.so.1.0
63608000-63614000 rw-p 00000000 00:00 0 
63614000-64000000 r-xp 00000000 08:0a 2399629    /home/matt/CS/Hack/opencv/build/lib/cv2.so
64000000-6400c000 r--p 009eb000 08:0a 2399629    /home/matt/CS/Hack/opencv/build/lib/cv2.so
6400c000-64022000 rw-p 009f7000 08:0a 2399629    /home/matt/CS/Hack/opencv/build/lib/cv2.so
64022000-640c1000 rw-p 00000000 00:00 0 
640c1000-64b4f000 r-xp 00000000 08:0a 2399698    /home/matt/CS/Hack/opencv/build/lib/libopencv_java246.so
64b4f000-64b5c000 r--p 00a8d000 08:0a 2399698    /home/matt/CS/Hack/opencv/build/lib/libopencv_java246.so
64b5c000-64b66000 rw-p 00a9a000 08:0a 2399698    /home/matt/CS/Hack/opencv/build/lib/libopencv_java246.so
64b66000-64c00000 rw-p 00000000 00:00 0 
64c00000-64c5a000 rw-p 00000000 00:00 0 
64c5a000-64d00000 ---p 00000000 00:00 0 
64d42000-64d45000 ---p 00000000 00:00 0 
64d45000-64d93000 rw-p 00000000 00:00 0 
64d93000-64de4000 r-xp 00000000 08:0a 1321281    /lib/i386-linux-gnu/libssl.so.1.0.0
64de4000-64de6000 r--p 00050000 08:0a 1321281    /lib/i386-linux-gnu/libssl.so.1.0.0
64de6000-64dea000 rw-p 00052000 08:0a 1321281    /lib/i386-linux-gnu/libssl.so.1.0.0
64e00000-64e26000 rw-p 00000000 00:00 0 
64e26000-64f00000 ---p 00000000 00:00 0 
64f13000-64f16000 ---p 00000000 00:00 0 
64f16000-64f64000 rw-p 00000000 00:00 0 
64f64000-64f67000 ---p 00000000 00:00 0 
64f67000-64fb5000 rw-p 00000000 00:00 0 
64fb5000-64fc6000 r-xp 00000000 08:0a 4078113    /usr/lib/jvm/java-7-openjdk-i386/jre/lib/i386/libnio.so
64fc6000-64fc7000 r--p 00010000 08:0a 4078113    /usr/lib/jvm/java-7-openjdk-i386/jre/lib/i386/libnio.so
64fc7000-64fc8000 rw-p 00011000 08:0a 4078113    /usr/lib/jvm/java-7-openjdk-i386/jre/lib/i386/libnio.so
64fc8000-6500b000 r-xp 00000000 08:0a 4078145    /usr/lib/jvm/java-7-openjdk-i386/jre/lib/i386/libfontmanager.so
6500b000-6500c000 r--p 00043000 08:0a 4078145    /usr/lib/jvm/java-7-openjdk-i386/jre/lib/i386/libfontmanager.so
6500c000-6500d000 rw-p 00044000 08:0a 4078145    /usr/lib/jvm/java-7-openjdk-i386/jre/lib/i386/libfontmanager.so
6500d000-65010000 ---p 00000000 00:00 0 
65010000-6505e000 rw-p 00000000 00:00 0 
6505e000-65061000 ---p 00000000 00:00 0 
65061000-650af000 rw-p 00000000 00:00 0 
650af000-650b2000 ---p 00000000 00:00 0 
650b2000-65100000 rw-p 00000000 00:00 0 
65100000-651fd000 rw-p 00000000 00:00 0 
651fd000-65200000 ---p 00000000 00:00 0 
65203000-65219000 r-xp 00000000 08:0a 4078127    /usr/lib/jvm/java-7-openjdk-i386/jre/lib/i386/libnet.so
65219000-6521a000 r--p 00015000 08:0a 4078127    /usr/lib/jvm/java-7-openjdk-i386/jre/lib/i386/libnet.so
6521a000-6521b000 rw-p 00016000 08:0a 4078127    /usr/lib/jvm/java-7-openjdk-i386/jre/lib/i386/libnet.so
6521b000-6521e000 ---p 00000000 00:00 0 
6521e000-6526c000 rw-p 00000000 00:00 0 
6526c000-6526f000 ---p 00000000 00:00 0 
6526f000-652bd000 rw-p 00000000 00:00 0 
652bd000-652c6000 r--s 000bc000 08:0a 3936868    /usr/lib/jvm/java-7-openjdk-common/jre/lib/resources.jar
652c6000-652c9000 r-xp 00000000 08:0a 1310833    /lib/i386-linux-gnu/libgpg-error.so.0.8.0
652c9000-652ca000 r--p 00002000 08:0a 1310833    /lib/i386-linux-gnu/libgpg-error.so.0.8.0
652ca000-652cb000 rw-p 00003000 08:0a 1310833    /lib/i386-linux-gnu/libgpg-error.so.0.8.0
652cb000-65312000 r-xp 00000000 08:0a 1322241    /lib/i386-linux-gnu/libdbus-1.so.3.5.8
65312000-65313000 r--p 00047000 08:0a 1322241    /lib/i386-linux-gnu/libdbus-1.so.3.5.8
65313000-65314000 rw-p 00048000 08:0a 1322241    /lib/i386-linux-gnu/libdbus-1.so.3.5.8
65314000-65324000 r-xp 00000000 08:0a 3933453    /usr/lib/i386-linux-gnu/libp11-kit.so.0.0.0
65324000-65325000 r--p 0000f000 08:0a 3933453    /usr/lib/i386-linux-gnu/libp11-kit.so.0.0.0
65325000-65326000 rw-p 00010000 08:0a 3933453    /usr/lib/i386-linux-gnu/libp11-kit.so.0.0.0
65326000-653a8000 r-xp 00000000 08:0a 1310835    /lib/i386-linux-gnu/libgcrypt.so.11.7.0
653a8000-653a9000 r--p 00081000 08:0a 1310835    /lib/i386-linux-gnu/libgcrypt.so.11.7.0
653a9000-653ab000 rw-p 00082000 08:0a 1310835    /lib/i386-linux-gnu/libgcrypt.so.11.7.0
653ab000-653bb000 r-xp 00000000 08:0a 3932307    /usr/lib/i386-linux-gnu/libtasn1.so.3.1.12
653bb000-653bc000 r--p 0000f000 08:0a 3932307    /usr/lib/i386-linux-gnu/libtasn1.so.3.1.12
653bc000-653bd000 rw-p 00010000 08:0a 3932307    /usr/lib/i386-linux-gnu/libtasn1.so.3.1.12
653bd000-653c4000 r-xp 00000000 08:0a 3933015    /usr/lib/i386-linux-gnu/libkrb5support.so.0.1
653c4000-653c5000 r--p 00006000 08:0a 3933015    /usr/lib/i386-linux-gnu/libkrb5support.so.0.1
653c5000-653c6000 rw-p 00007000 08:0a 3933015    /usr/lib/i386-linux-gnu/libkrb5support.so.0.1
653c6000-653ec000 r-xp 00000000 08:0a 3933054    /usr/lib/i386-linux-gnu/libk5crypto.so.3.1
653ec000-653ed000 r--p 00025000 08:0a 3933054    /usr/lib/i386-linux-gnu/libk5crypto.so.3.1
653ed000-653ee000 rw-p 00026000 08:0a 3933054    /usr/lib/i386-linux-gnu/libk5crypto.so.3.1
653ee000-654b6000 r-xp 00000000 08:0a 3933062    /usr/lib/i386-linux-gnu/libkrb5.so.3.3
654b6000-654bc000 r--p 000c7000 08:0a 3933062    /usr/lib/i386-linux-gnu/libkrb5.so.3.3
654bc000-654bd000 rw-p 000cd000 08:0a 3933062    /usr/lib/i386-linux-gnu/libkrb5.so.3.3
654bd000-654e5000 r-xp 00000000 08:0a 1310827    /lib/i386-linux-gnu/libpng12.so.0.46.0
654e5000-654e6000 r--p 00027000 08:0a 1310827    /lib/i386-linux-gnu/libpng12.so.0.46.0
654e6000-654e7000 rw-p 00028000 08:0a 1310827    /lib/i386-linux-gnu/libpng12.so.0.46.0
654e7000-6557a000 r-xp 00000000 08:0a 3933109    /usr/lib/i386-linux-gnu/libpixman-1.so.0.24.4
6557a000-6557e000 r--p 00092000 08:0a 3933109    /usr/lib/i386-linux-gnu/libpixman-1.so.0.24.4
6557e000-6557f000 rw-p 00096000 08:0a 3933109    /usr/lib/i386-linux-gnu/libpixman-1.so.0.24.4
6557f000-6563e000 r-xp 00000000 08:0a 3954631    /usr/lib/i386-linux-gnu/libgnutls.so.26.21.8
6563e000-65642000 r--p 000bf000 08:0a 3954631    /usr/lib/i386-linux-gnu/libgnutls.so.26.21.8
65642000-65643000 rw-p 000c3000 08:0a 3954631    /usr/lib/i386-linux-gnu/libgnutls.so.26.21.8
65643000-656d8000 r-xp 00000000 08:0a 3932907    /usr/lib/i386-linux-gnu/libfreetype.so.6.8.0
656d8000-656dc000 r--p 00094000 08:0a 3932907    /usr/lib/i386-linux-gnu/libfreetype.so.6.8.0
656dc000-656dd000 rw-p 00098000 08:0a 3932907    /usr/lib/i386-linux-gnu/libfreetype.so.6.8.0
656dd000-657a4000 r-xp 00000000 08:0a 3934052    /usr/lib/i386-linux-gnu/libcairo.so.2.11000.2
657a4000-657a5000 r--p 000c7000 08:0a 3934052    /usr/lib/i386-linux-gnu/libcairo.so.2.11000.2
657a5000-657a6000 rw-p 000c8000 08:0a 3934052    /usr/lib/i386-linux-gnu/libcairo.so.2.11000.2
657a6000-657a8000 rw-p 00000000 00:00 0 
657a8000-6589f000 r-xp 00000000 08:0a 1311644    /lib/i386-linux-gnu/libglib-2.0.so.0.3200.3
6589f000-658a0000 r--p 000f6000 08:0a 1311644    /lib/i386-linux-gnu/libglib-2.0.so.0.3200.3
658a0000-658a1000 rw-p 000f7000 08:0a 1311644    /lib/i386-linux-gnu/libglib-2.0.so.0.3200.3
658a1000-659f4000 r-xp 00000000 08:0a 3932600    /usr/lib/i386-linux-gnu/libgio-2.0.so.0.3200.3
659f4000-659f6000 r--p 00153000 08:0a 3932600    /usr/lib/i386-linux-gnu/libgio-2.0.so.0.3200.3
659f6000-659f7000 rw-p 00155000 08:0a 3932600    /usr/lib/i386-linux-gnu/libgio-2.0.so.0.3200.3
659f7000-659f8000 rw-p 00000000 00:00 0 
659f8000-65aa3000 r-xp 00000000 08:0a 3935700    /usr/lib/i386-linux-gnu/libgdk-x11-2.0.so.0.2400.10
65aa3000-65aa4000 ---p 000ab000 08:0a 3935700    /usr/lib/i386-linux-gnu/libgdk-x11-2.0.so.0.2400.10
65aa4000-65aa6000 r--p 000ab000 08:0a 3935700    /usr/lib/i386-linux-gnu/libgdk-x11-2.0.so.0.2400.10
65aa6000-65aa7000 rw-p 000ad000 08:0a 3935700    /usr/lib/i386-linux-gnu/libgdk-x11-2.0.so.0.2400.10
65aa7000-65f07000 r-xp 00000000 08:0a 3935042    /usr/lib/i386-linux-gnu/libgtk-x11-2.0.so.0.2400.10
65f07000-65f0b000 r--p 00460000 08:0a 3935042    /usr/lib/i386-linux-gnu/libgtk-x11-2.0.so.0.2400.10
65f0b000-65f0d000 rw-p 00464000 08:0a 3935042    /usr/lib/i386-linux-gnu/libgtk-x11-2.0.so.0.2400.10
65f0d000-65f0f000 rw-p 00000000 00:00 0 
65f0f000-6603f000 r-xp 00000000 08:0a 3935449    /usr/lib/i386-linux-gnu/libX11.so.6.3.0
6603f000-66040000 r--p 0012f000 08:0a 3935449    /usr/lib/i386-linux-gnu/libX11.so.6.3.0
66040000-66042000 rw-p 00130000 08:0a 3935449    /usr/lib/i386-linux-gnu/libX11.so.6.3.0
66042000-66043000 rw-p 00000000 00:00 0 
66043000-660d4000 r-xp 00000000 08:0a 4078119    /usr/lib/jvm/java-7-openjdk-i386/jre/lib/i386/libawt.so
660d4000-660d5000 r--p 00090000 08:0a 4078119    /usr/lib/jvm/java-7-openjdk-i386/jre/lib/i386/libawt.so
660d5000-660dc000 rw-p 00091000 08:0a 4078119    /usr/lib/jvm/java-7-openjdk-i386/jre/lib/i386/libawt.so
660dc000-66100000 rw-p 00000000 00:00 0 
66100000-661fe000 rw-p 00000000 00:00 0 
661fe000-66200000 ---p 00000000 00:00 0 
66201000-66203000 r-xp 00000000 08:0a 1310842    /lib/i386-linux-gnu/libkeyutils.so.1.4
66203000-66204000 r--p 00002000 08:0a 1310842    /lib/i386-linux-gnu/libkeyutils.so.1.4
66204000-66205000 rw-p 00003000 08:0a 1310842    /lib/i386-linux-gnu/libkeyutils.so.1.4
66205000-66240000 r-xp 00000000 08:0a 3933031    /usr/lib/i386-linux-gnu/libgssapi_krb5.so.2.2
66240000-66241000 ---p 0003b000 08:0a 3933031    /usr/lib/i386-linux-gnu/libgssapi_krb5.so.2.2
66241000-66242000 r--p 0003b000 08:0a 3933031    /usr/lib/i386-linux-gnu/libgssapi_krb5.so.2.2
66242000-66243000 rw-p 0003c000 08:0a 3933031    /usr/lib/i386-linux-gnu/libgssapi_krb5.so.2.2
66243000-6627d000 r-xp 00000000 08:0a 1310829    /lib/i386-linux-gnu/libpcre.so.3.12.1
6627d000-6627e000 r--p 00039000 08:0a 1310829    /lib/i386-linux-gnu/libpcre.so.3.12.1
6627e000-6627f000 rw-p 0003a000 08:0a 1310829    /lib/i386-linux-gnu/libpcre.so.3.12.1
6627f000-66280000 ---p 00000000 00:00 0 
66280000-66300000 rw-p 00000000 00:00 0 
66300000-6638e000 rw-p 00000000 00:00 0 
6638e000-66400000 ---p 00000000 00:00 0 
66402000-6640a000 r-xp 00000000 08:0a 3955781    /usr/lib/i386-linux-gnu/libxcb-render.so.0.0.0
6640a000-6640b000 r--p 00008000 08:0a 3955781    /usr/lib/i386-linux-gnu/libxcb-render.so.0.0.0
6640b000-6640c000 rw-p 00009000 08:0a 3955781    /usr/lib/i386-linux-gnu/libxcb-render.so.0.0.0
6640c000-6641c000 r-xp 00000000 08:0a 3934172    /usr/lib/i386-linux-gnu/libavahi-client.so.3.2.9
6641c000-6641d000 r--p 0000f000 08:0a 3934172    /usr/lib/i386-linux-gnu/libavahi-client.so.3.2.9
6641d000-6641e000 rw-p 00010000 08:0a 3934172    /usr/lib/i386-linux-gnu/libavahi-client.so.3.2.9
6641e000-6642a000 r-xp 00000000 08:0a 3934170    /usr/lib/i386-linux-gnu/libavahi-common.so.3.5.3
6642a000-6642b000 r--p 0000b000 08:0a 3934170    /usr/lib/i386-linux-gnu/libavahi-common.so.3.5.3
6642b000-6642c000 rw-p 0000c000 08:0a 3934170    /usr/lib/i386-linux-gnu/libavahi-common.so.3.5.3
6642c000-6647b000 r-xp 00000000 08:0a 3933694    /usr/lib/i386-linux-gnu/libcups.so.2
6647b000-6647e000 r--p 0004e000 08:0a 3933694    /usr/lib/i386-linux-gnu/libcups.so.2
6647e000-6647f000 rw-p 00051000 08:0a 3933694    /usr/lib/i386-linux-gnu/libcups.so.2
6647f000-66482000 ---p 00000000 00:00 0 
66482000-66500000 rw-p 00000000 00:00 0 
66500000-66521000 rw-p 00000000 00:00 0 
66521000-66600000 ---p 00000000 00:00 0 
66600000-666ae000 rw-p 00000000 00:00 0 
666ae000-66700000 ---p 00000000 00:00 0 
66700000-66900000 r--p 00000000 08:0a 3937742    /usr/lib/locale/locale-archive
66900000-66921000 rw-p 00000000 00:00 0 
66921000-66a00000 ---p 00000000 00:00 0 
66a00000-66a21000 rw-p 00000000 00:00 0 
66a21000-66b00000 ---p 00000000 00:00 0 
66b00000-66bce000 rw-p 00000000 00:00 0 
66bce000-66c00000 ---p 00000000 00:00 0 
66c00000-66cfd000 rw-p 00000000 00:00 0 
66cfd000-66d00000 ---p 00000000 00:00 0 
66d01000-66d04000 r-xp 00000000 08:0a 1310755    /lib/i386-linux-gnu/libcom_err.so.2.1
66d04000-66d05000 r--p 00002000 08:0a 1310755    /lib/i386-linux-gnu/libcom_err.so.2.1
66d05000-66d06000 rw-p 00003000 08:0a 1310755    /lib/i386-linux-gnu/libcom_err.so.2.1
66d06000-66d2c000 r-xp 00000000 08:0a 1310825    /lib/i386-linux-gnu/libexpat.so.1.5.2
66d2c000-66d2d000 ---p 00026000 08:0a 1310825    /lib/i386-linux-gnu/libexpat.so.1.5.2
66d2d000-66d2f000 r--p 00026000 08:0a 1310825    /lib/i386-linux-gnu/libexpat.so.1.5.2
66d2f000-66d30000 rw-p 00028000 08:0a 1310825    /lib/i386-linux-gnu/libexpat.so.1.5.2
66d30000-66d7d000 r-xp 00000000 08:0a 3932602    /usr/lib/i386-linux-gnu/libgobject-2.0.so.0.3200.3
66d7d000-66d7e000 r--p 0004c000 08:0a 3932602    /usr/lib/i386-linux-gnu/libgobject-2.0.so.0.3200.3
66d7e000-66d7f000 rw-p 0004d000 08:0a 3932602    /usr/lib/i386-linux-gnu/libgobject-2.0.so.0.3200.3
66d7f000-66d80000 ---p 00000000 00:00 0 
66d80000-66e00000 rw-p 00000000 00:00 0 
66e00000-66ef1000 rw-p 00000000 00:00 0 
66ef1000-66f00000 ---p 00000000 00:00 0 
66f02000-66f04000 r-xp 00000000 08:0a 3955792    /usr/lib/i386-linux-gnu/libxcb-shm.so.0.0.0
66f04000-66f05000 r--p 00001000 08:0a 3955792    /usr/lib/i386-linux-gnu/libxcb-shm.so.0.0.0
66f05000-66f06000 rw-p 00002000 08:0a 3955792    /usr/lib/i386-linux-gnu/libxcb-shm.so.0.0.0
66f06000-66f19000 r-xp 00000000 08:0a 1319147    /lib/i386-linux-gnu/libresolv-2.15.so
66f19000-66f1a000 ---p 00013000 08:0a 1319147    /lib/i386-linux-gnu/libresolv-2.15.so
66f1a000-66f1b000 r--p 00013000 08:0a 1319147    /lib/i386-linux-gnu/libresolv-2.15.so
66f1b000-66f1c000 rw-p 00014000 08:0a 1319147    /lib/i386-linux-gnu/libresolv-2.15.so
66f1c000-66f1e000 rw-p 00000000 00:00 0 
66f1e000-66f48000 r-xp 00000000 08:0a 3936905    /usr/lib/i386-linux-gnu/libpangoft2-1.0.so.0.3000.0
66f48000-66f49000 r--p 00029000 08:0a 3936905    /usr/lib/i386-linux-gnu/libpangoft2-1.0.so.0.3000.0
66f49000-66f4a000 rw-p 0002a000 08:0a 3936905    /usr/lib/i386-linux-gnu/libpangoft2-1.0.so.0.3000.0
66f4a000-66f4d000 ---p 00000000 00:00 0 
66f4d000-67013000 rw-p 00000000 00:00 0 
67013000-671c0000 r--s 01cde000 08:0a 4063766    /usr/lib/jvm/java-7-openjdk-i386/jre/lib/rt.jar
671c0000-6a100000 rw-p 00000000 00:00 0 
6a100000-6a15b000 rw-p 00000000 00:00 0 
6a15b000-6a200000 ---p 00000000 00:00 0 
6a201000-6a233000 r-xp 00000000 08:0a 3932285    /usr/lib/i386-linux-gnu/libfontconfig.so.1.4.4
6a233000-6a234000 r--p 00032000 08:0a 3932285    /usr/lib/i386-linux-gnu/libfontconfig.so.1.4.4
6a234000-6a235000 rw-p 00033000 08:0a 3932285    /usr/lib/i386-linux-gnu/libfontconfig.so.1.4.4
6a235000-6a27c000 r-xp 00000000 08:0a 3932604    /usr/lib/i386-linux-gnu/libpango-1.0.so.0.3000.0
6a27c000-6a27d000 ---p 00047000 08:0a 3932604    /usr/lib/i386-linux-gnu/libpango-1.0.so.0.3000.0
6a27d000-6a27e000 r--p 00047000 08:0a 3932604    /usr/lib/i386-linux-gnu/libpango-1.0.so.0.3000.0
6a27e000-6a27f000 rw-p 00048000 08:0a 3932604    /usr/lib/i386-linux-gnu/libpango-1.0.so.0.3000.0
6a27f000-6a280000 ---p 00000000 00:00 0 
6a280000-6a300000 rw-p 00000000 00:00 0 
6a300000-6a3e6000 rw-p 00000000 00:00 0 
6a3e6000-6a400000 ---p 00000000 00:00 0 
6a403000-6a408000 r-xp 00000000 08:0a 3933281    /usr/lib/i386-linux-gnu/libXdmcp.so.6.0.0
6a408000-6a409000 r--p 00004000 08:0a 3933281    /usr/lib/i386-linux-gnu/libXdmcp.so.6.0.0
6a409000-6a40a000 rw-p 00005000 08:0a 3933281    /usr/lib/i386-linux-gnu/libXdmcp.so.6.0.0
6a40a000-6a427000 r-xp 00000000 08:0a 1311702    /lib/i386-linux-gnu/libselinux.so.1
6a427000-6a428000 r--p 0001c000 08:0a 1311702    /lib/i386-linux-gnu/libselinux.so.1
6a428000-6a429000 rw-p 0001d000 08:0a 1311702    /lib/i386-linux-gnu/libselinux.so.1
6a429000-6a47b000 r-xp 00000000 08:0a 4063757    /usr/lib/jvm/java-7-openjdk-i386/jre/lib/i386/xawt/libmawt.so
6a47b000-6a47c000 r--p 00051000 08:0a 4063757    /usr/lib/jvm/java-7-openjdk-i386/jre/lib/i386/xawt/libmawt.so
6a47c000-6a47e000 rw-p 00052000 08:0a 4063757    /usr/lib/jvm/java-7-openjdk-i386/jre/lib/i386/xawt/libmawt.so
6a47e000-6a47f000 rw-p 00000000 00:00 0 
6a47f000-6a480000 ---p 00000000 00:00 0 
6a480000-6a500000 rw-p 00000000 00:00 0 
6a500000-6a521000 rw-p 00000000 00:00 0 
6a521000-6a600000 ---p 00000000 00:00 0 
6a603000-6a605000 r-xp 00000000 08:0a 3933268    /usr/lib/i386-linux-gnu/libXau.so.6.0.0
6a605000-6a606000 r--p 00001000 08:0a 3933268    /usr/lib/i386-linux-gnu/libXau.so.6.0.0
6a606000-6a607000 rw-p 00002000 08:0a 3933268    /usr/lib/i386-linux-gnu/libXau.so.6.0.0
6a607000-6a60c000 r-xp 00000000 08:0a 3934056    /usr/lib/i386-linux-gnu/libffi.so.6.0.0
6a60c000-6a60d000 r--p 00004000 08:0a 3934056    /usr/lib/i386-linux-gnu/libffi.so.6.0.0
6a60d000-6a60e000 rw-p 00005000 08:0a 3934056    /usr/lib/i386-linux-gnu/libffi.so.6.0.0
6a60e000-6a62b000 r-xp 00000000 08:0a 3932338    /usr/lib/i386-linux-gnu/libatk-1.0.so.0.20409.1
6a62b000-6a62d000 r--p 0001c000 08:0a 3932338    /usr/lib/i386-linux-gnu/libatk-1.0.so.0.20409.1
6a62d000-6a62e000 rw-p 0001e000 08:0a 3932338    /usr/lib/i386-linux-gnu/libatk-1.0.so.0.20409.1
6a62e000-6a631000 ---p 00000000 00:00 0 
6a631000-6a67f000 rw-p 00000000 00:00 0 
6a67f000-6a680000 ---p 00000000 00:00 0 
6a680000-6a700000 rw-p 00000000 00:00 0 
6a700000-6a721000 rw-p 00000000 00:00 0 
6a721000-6a800000 ---p 00000000 00:00 0 
6a800000-6a803000 r-xp 00000000 08:0a 3932601    /usr/lib/i386-linux-gnu/libgmodule-2.0.so.0.3200.3
6a803000-6a804000 r--p 00002000 08:0a 3932601    /usr/lib/i386-linux-gnu/libgmodule-2.0.so.0.3200.3
6a804000-6a805000 rw-p 00003000 08:0a 3932601    /usr/lib/i386-linux-gnu/libgmodule-2.0.so.0.3200.3
6a805000-6a807000 r-xp 00000000 08:0a 3937397    /usr/lib/i386-linux-gnu/libXdamage.so.1.1.0
6a807000-6a808000 r--p 00001000 08:0a 3937397    /usr/lib/i386-linux-gnu/libXdamage.so.1.1.0
6a808000-6a809000 rw-p 00002000 08:0a 3937397    /usr/lib/i386-linux-gnu/libXdamage.so.1.1.0
6a809000-6a80b000 r-xp 00000000 08:0a 3937431    /usr/lib/i386-linux-gnu/libXcomposite.so.1.0.0
6a80b000-6a80c000 r--p 00001000 08:0a 3937431    /usr/lib/i386-linux-gnu/libXcomposite.so.1.0.0
6a80c000-6a80d000 rw-p 00002000 08:0a 3937431    /usr/lib/i386-linux-gnu/libXcomposite.so.1.0.0
6a80d000-6a82c000 r-xp 00000000 08:0a 3954626    /usr/lib/i386-linux-gnu/libxcb.so.1.1.0
6a82c000-6a82d000 r--p 0001f000 08:0a 3954626    /usr/lib/i386-linux-gnu/libxcb.so.1.1.0
6a82d000-6a82e000 rw-p 00020000 08:0a 3954626    /usr/lib/i386-linux-gnu/libxcb.so.1.1.0
6a82e000-6a831000 ---p 00000000 00:00 0 
6a831000-6a87f000 rw-p 00000000 00:00 0 
6a87f000-6a880000 ---p 00000000 00:00 0 
6a880000-6a900000 rw-p 00000000 00:00 0 
6a900000-6a921000 rw-p 00000000 00:00 0 
6a921000-6aa00000 ---p 00000000 00:00 0 
6aa02000-6aa0b000 r-xp 00000000 08:0a 3955808    /usr/lib/i386-linux-gnu/libXcursor.so.1.0.2
6aa0b000-6aa0c000 r--p 00008000 08:0a 3955808    /usr/lib/i386-linux-gnu/libXcursor.so.1.0.2
6aa0c000-6aa0d000 rw-p 00009000 08:0a 3955808    /usr/lib/i386-linux-gnu/libXcursor.so.1.0.2
6aa0d000-6aa2c000 r-xp 00000000 08:0a 3936835    /usr/lib/i386-linux-gnu/libgdk_pixbuf-2.0.so.0.2600.1
6aa2c000-6aa2d000 r--p 0001e000 08:0a 3936835    /usr/lib/i386-linux-gnu/libgdk_pixbuf-2.0.so.0.2600.1
6aa2d000-6aa2e000 rw-p 0001f000 08:0a 3936835    /usr/lib/i386-linux-gnu/libgdk_pixbuf-2.0.so.0.2600.1
6aa2e000-6aa31000 ---p 00000000 00:00 0 
6aa31000-6aa7f000 rw-p 00000000 00:00 0 
6aa7f000-6aa80000 ---p 00000000 00:00 0 
6aa80000-6ab00000 rw-p 00000000 00:00 0 
6ab00000-6ab21000 rw-p 00000000 00:00 0 
6ab21000-6ac00000 ---p 00000000 00:00 0 
6ac00000-6ac21000 rw-p 00000000 00:00 0 
6ac21000-6ad00000 ---p 00000000 00:00 0 
6ad00000-6ad07000 r-xp 00000000 08:0a 3955829    /usr/lib/i386-linux-gnu/libXrandr.so.2.2.0
6ad07000-6ad08000 r--p 00006000 08:0a 3955829    /usr/lib/i386-linux-gnu/libXrandr.so.2.2.0
6ad08000-6ad09000 rw-p 00007000 08:0a 3955829    /usr/lib/i386-linux-gnu/libXrandr.so.2.2.0
6ad09000-6ad0d000 r-xp 00000000 08:0a 3955798    /usr/lib/i386-linux-gnu/libXfixes.so.3.1.0
6ad0d000-6ad0e000 r--p 00004000 08:0a 3955798    /usr/lib/i386-linux-gnu/libXfixes.so.3.1.0
6ad0e000-6ad0f000 rw-p 00005000 08:0a 3955798    /usr/lib/i386-linux-gnu/libXfixes.so.3.1.0
6ad0f000-6ad1a000 r-xp 00000000 08:0a 3936754    /usr/lib/i386-linux-gnu/libpangocairo-1.0.so.0.3000.0
6ad1a000-6ad1b000 r--p 0000a000 08:0a 3936754    /usr/lib/i386-linux-gnu/libpangocairo-1.0.so.0.3000.0
6ad1b000-6ad1c000 rw-p 0000b000 08:0a 3936754    /usr/lib/i386-linux-gnu/libpangocairo-1.0.so.0.3000.0
6ad1c000-6ad2c000 r-xp 00000000 08:0a 3937994    /usr/lib/i386-linux-gnu/libXext.so.6.4.0
6ad2c000-6ad2d000 r--p 0000f000 08:0a 3937994    /usr/lib/i386-linux-gnu/libXext.so.6.4.0
6ad2d000-6ad2e000 rw-p 00010000 08:0a 3937994    /usr/lib/i386-linux-gnu/libXext.so.6.4.0
6ad2e000-6ad31000 ---p 00000000 00:00 0 
6ad31000-6ad7f000 rw-p 00000000 00:00 0 
6ad7f000-6ad80000 ---p 00000000 00:00 0 
6ad80000-6ae00000 rw-p 00000000 00:00 0 
6ae00000-6ae21000 rw-p 00000000 00:00 0 
6ae21000-6af00000 ---p 00000000 00:00 0 
6af01000-6af0f000 r-xp 00000000 08:0a 3955814    /usr/lib/i386-linux-gnu/libXi.so.6.1.0
6af0f000-6af10000 r--p 0000d000 08:0a 3955814    /usr/lib/i386-linux-gnu/libXi.so.6.1.0
6af10000-6af11000 rw-p 0000e000 08:0a 3955814    /usr/lib/i386-linux-gnu/libXi.so.6.1.0
6af11000-6af13000 r-xp 00000000 08:0a 1311808    /lib/i386-linux-gnu/libutil-2.15.so
6af13000-6af14000 r--p 00001000 08:0a 1311808    /lib/i386-linux-gnu/libutil-2.15.so
6af14000-6af15000 rw-p 00002000 08:0a 1311808    /lib/i386-linux-gnu/libutil-2.15.so
6af15000-6af19000 r--s 0008c000 08:0a 3408443    /home/matt/workspace/obFACEscate/library/core.jar
6af19000-6af1d000 r--s 00065000 08:0a 2502399    /home/matt/CS/Hack/opencv/build/bin/opencv-246.jar
6af1d000-6af20000 r--s 0003c000 08:0a 4063559    /usr/lib/jvm/java-7-openjdk-common/jre/lib/ext/sunpkcs11.jar
6af20000-6af24000 r--s 00085000 08:0a 4063564    /usr/lib/jvm/java-7-openjdk-common/jre/lib/ext/localedata.jar
6af24000-6af27000 r--s 00032000 08:0a 4063566    /usr/lib/jvm/java-7-openjdk-common/jre/lib/ext/sunjce_provider.jar
6af27000-6af28000 ---p 00000000 00:00 0 
6af28000-6afa8000 rw-p 00000000 00:00 0 
6afa8000-6afa9000 ---p 00000000 00:00 0 
6afa9000-6b031000 rw-p 00000000 00:00 0 
6b031000-6b069000 rw-p 00000000 00:00 0 
6b069000-6b07f000 rw-p 00000000 00:00 0 
6b07f000-6b1bf000 rw-p 00000000 00:00 0 
6b1bf000-6b1c7000 rw-p 00000000 00:00 0 
6b1c7000-6b1ff000 rw-p 00000000 00:00 0 
6b1ff000-6b215000 rw-p 00000000 00:00 0 
6b215000-6b354000 rw-p 00000000 00:00 0 
6b354000-6b35f000 rw-p 00000000 00:00 0 
6b35f000-6b3ff000 rw-p 00000000 00:00 0 
6b3ff000-6c400000 rw-p 00000000 00:00 0 
6c400000-73400000 rw-p 00000000 00:00 0 
73400000-75eb0000 rw-p 00000000 00:00 0 
75eb0000-9deb0000 rw-p 00000000 00:00 0 
9deb0000-9f400000 rw-p 00000000 00:00 0 
9f400000-b3400000 rw-p 00000000 00:00 0 
b3400000-b3403000 r--s 0000f000 08:0a 4063567    /usr/lib/jvm/java-7-openjdk-common/jre/lib/ext/pulse-java.jar
b3403000-b340b000 r-xp 00000000 08:0a 3955803    /usr/lib/i386-linux-gnu/libXrender.so.1.3.0
b340b000-b340c000 r--p 00007000 08:0a 3955803    /usr/lib/i386-linux-gnu/libXrender.so.1.3.0
b340c000-b340d000 rw-p 00008000 08:0a 3955803    /usr/lib/i386-linux-gnu/libXrender.so.1.3.0
b340d000-b3416000 rw-p 00000000 00:00 0 
b3416000-b34cd000 rw-p 00000000 00:00 0 
b34cd000-b370d000 rwxp 00000000 00:00 0 
b370d000-b64cd000 rw-p 00000000 00:00 0 
b64cd000-b64d8000 r-xp 00000000 08:0a 1319146    /lib/i386-linux-gnu/libnss_files-2.15.so
b64d8000-b64d9000 r--p 0000a000 08:0a 1319146    /lib/i386-linux-gnu/libnss_files-2.15.so
b64d9000-b64da000 rw-p 0000b000 08:0a 1319146    /lib/i386-linux-gnu/libnss_files-2.15.so
b64da000-b64e4000 r-xp 00000000 08:0a 1319150    /lib/i386-linux-gnu/libnss_nis-2.15.so
b64e4000-b64e5000 r--p 00009000 08:0a 1319150    /lib/i386-linux-gnu/libnss_nis-2.15.so
b64e5000-b64e6000 rw-p 0000a000 08:0a 1319150    /lib/i386-linux-gnu/libnss_nis-2.15.so
b64e6000-b64fc000 r-xp 00000000 08:0a 1319162    /lib/i386-linux-gnu/libnsl-2.15.so
b64fc000-b64fd000 r--p 00015000 08:0a 1319162    /lib/i386-linux-gnu/libnsl-2.15.so
b64fd000-b64fe000 rw-p 00016000 08:0a 1319162    /lib/i386-linux-gnu/libnsl-2.15.so
b64fe000-b6500000 rw-p 00000000 00:00 0 
b6500000-b65fa000 rw-p 00000000 00:00 0 
b65fa000-b6600000 ---p 00000000 00:00 0 
b6600000-b6602000 r--s 00012000 08:0a 4063569    /usr/lib/jvm/java-7-openjdk-common/jre/lib/ext/zipfs.jar
b6602000-b6607000 r-xp 00000000 08:0a 3935471    /usr/lib/i386-linux-gnu/libXtst.so.6.1.0
b6607000-b6608000 r--p 00004000 08:0a 3935471    /usr/lib/i386-linux-gnu/libXtst.so.6.1.0
b6608000-b6609000 rw-p 00005000 08:0a 3935471    /usr/lib/i386-linux-gnu/libXtst.so.6.1.0
b6609000-b6610000 r-xp 00000000 08:0a 1319142    /lib/i386-linux-gnu/libnss_compat-2.15.so
b6610000-b6611000 r--p 00006000 08:0a 1319142    /lib/i386-linux-gnu/libnss_compat-2.15.so
b6611000-b6612000 rw-p 00007000 08:0a 1319142    /lib/i386-linux-gnu/libnss_compat-2.15.so
b6612000-b6614000 r-xp 00000000 08:0a 3955819    /usr/lib/i386-linux-gnu/libXinerama.so.1.0.0
b6614000-b6615000 r--p 00001000 08:0a 3955819    /usr/lib/i386-linux-gnu/libXinerama.so.1.0.0
b6615000-b6616000 rw-p 00002000 08:0a 3955819    /usr/lib/i386-linux-gnu/libXinerama.so.1.0.0
b6616000-b661e000 r-xp 00000000 08:0a 4078112    /usr/lib/jvm/java-7-openjdk-i386/jre/lib/i386/libzip.so
b661e000-b661f000 r--p 00007000 08:0a 4078112    /usr/lib/jvm/java-7-openjdk-i386/jre/lib/i386/libzip.so
b661f000-b6620000 rw-p 00008000 08:0a 4078112    /usr/lib/jvm/java-7-openjdk-i386/jre/lib/i386/libzip.so
b6620000-b6628000 rw-s 00000000 08:0a 5266379    /tmp/hsperfdata_matt/22315 (deleted)
b6628000-b664f000 r-xp 00000000 08:0a 4078135    /usr/lib/jvm/java-7-openjdk-i386/jre/lib/i386/libjava.so
b664f000-b6650000 r--p 00026000 08:0a 4078135    /usr/lib/jvm/java-7-openjdk-i386/jre/lib/i386/libjava.so
b6650000-b6651000 rw-p 00027000 08:0a 4078135    /usr/lib/jvm/java-7-openjdk-i386/jre/lib/i386/libjava.so
b6651000-b6658000 r-xp 00000000 08:0a 1319149    /lib/i386-linux-gnu/librt-2.15.so
b6658000-b6659000 r--p 00006000 08:0a 1319149    /lib/i386-linux-gnu/librt-2.15.so
b6659000-b665a000 rw-p 00007000 08:0a 1319149    /lib/i386-linux-gnu/librt-2.15.so
b665a000-b665d000 ---p 00000000 00:00 0 
b665d000-b66ab000 rw-p 00000000 00:00 0 
b66ab000-b66c7000 r-xp 00000000 08:0a 1311652    /lib/i386-linux-gnu/libgcc_s.so.1
b66c7000-b66c8000 r--p 0001b000 08:0a 1311652    /lib/i386-linux-gnu/libgcc_s.so.1
b66c8000-b66c9000 rw-p 0001c000 08:0a 1311652    /lib/i386-linux-gnu/libgcc_s.so.1
b66c9000-b66f3000 r-xp 00000000 08:0a 1319153    /lib/i386-linux-gnu/libm-2.15.so
b66f3000-b66f4000 r--p 00029000 08:0a 1319153    /lib/i386-linux-gnu/libm-2.15.so
b66f4000-b66f5000 rw-p 0002a000 08:0a 1319153    /lib/i386-linux-gnu/libm-2.15.so
b66f5000-b67cd000 r-xp 00000000 08:0a 3932513    /usr/lib/i386-linux-gnu/libstdc++.so.6.0.16
b67cd000-b67ce000 ---p 000d8000 08:0a 3932513    /usr/lib/i386-linux-gnu/libstdc++.so.6.0.16
b67ce000-b67d2000 r--p 000d8000 08:0a 3932513    /usr/lib/i386-linux-gnu/libstdc++.so.6.0.16
b67d2000-b67d3000 rw-p 000dc000 08:0a 3932513    /usr/lib/i386-linux-gnu/libstdc++.so.6.0.16
b67d3000-b67da000 rw-p 00000000 00:00 0 
b67da000-b70bf000 r-xp 00000000 08:0a 4078114    /usr/lib/jvm/java-7-openjdk-i386/jre/lib/i386/server/libjvm.so
b70bf000-b7106000 r--p 008e5000 08:0a 4078114    /usr/lib/jvm/java-7-openjdk-i386/jre/lib/i386/server/libjvm.so
b7106000-b711a000 rw-p 0092c000 08:0a 4078114    /usr/lib/jvm/java-7-openjdk-i386/jre/lib/i386/server/libjvm.so
b711a000-b7538000 rw-p 00000000 00:00 0 
b7538000-b754c000 r-xp 00000000 08:0a 1311731    /lib/i386-linux-gnu/libz.so.1.2.3.4
b754c000-b754d000 r--p 00013000 08:0a 1311731    /lib/i386-linux-gnu/libz.so.1.2.3.4
b754d000-b754e000 rw-p 00014000 08:0a 1311731    /lib/i386-linux-gnu/libz.so.1.2.3.4
b754e000-b7565000 r-xp 00000000 08:0a 1319151    /lib/i386-linux-gnu/libpthread-2.15.so
b7565000-b7566000 r--p 00016000 08:0a 1319151    /lib/i386-linux-gnu/libpthread-2.15.so
b7566000-b7567000 rw-p 00017000 08:0a 1319151    /lib/i386-linux-gnu/libpthread-2.15.so
b7567000-b7569000 rw-p 00000000 00:00 0 
b7569000-b756c000 r-xp 00000000 08:0a 1319157    /lib/i386-linux-gnu/libdl-2.15.so
b756c000-b756d000 r--p 00002000 08:0a 1319157    /lib/i386-linux-gnu/libdl-2.15.so
b756d000-b756e000 rw-p 00003000 08:0a 1319157    /lib/i386-linux-gnu/libdl-2.15.so
b756e000-b7711000 r-xp 00000000 08:0a 1319140    /lib/i386-linux-gnu/libc-2.15.so
b7711000-b7713000 r--p 001a3000 08:0a 1319140    /lib/i386-linux-gnu/libc-2.15.so
b7713000-b7714000 rw-p 001a5000 08:0a 1319140    /lib/i386-linux-gnu/libc-2.15.so
b7714000-b7717000 rw-p 00000000 00:00 0 
b7717000-b7718000 r--s 00007000 08:0a 4327239    /usr/share/java/java-atk-wrapper.jar
b7718000-b7719000 r--s 00002000 08:0a 4063568    /usr/lib/jvm/java-7-openjdk-common/jre/lib/ext/dnsns.jar
b7719000-b771a000 r-xp 00000000 08:0a 3932523    /usr/lib/i386-linux-gnu/libgthread-2.0.so.0.3200.3
b771a000-b771b000 r--p 00000000 08:0a 3932523    /usr/lib/i386-linux-gnu/libgthread-2.0.so.0.3200.3
b771b000-b771c000 rw-p 00001000 08:0a 3932523    /usr/lib/i386-linux-gnu/libgthread-2.0.so.0.3200.3
b771c000-b771d000 r--p 002c5000 08:0a 3937742    /usr/lib/locale/locale-archive
b771d000-b771e000 rw-p 00000000 00:00 0 
b771e000-b771f000 ---p 00000000 00:00 0 
b771f000-b772b000 r-xp 00000000 08:0a 4078121    /usr/lib/jvm/java-7-openjdk-i386/jre/lib/i386/libverify.so
b772b000-b772c000 r--p 0000b000 08:0a 4078121    /usr/lib/jvm/java-7-openjdk-i386/jre/lib/i386/libverify.so
b772c000-b772d000 rw-p 0000c000 08:0a 4078121    /usr/lib/jvm/java-7-openjdk-i386/jre/lib/i386/libverify.so
b772d000-b773a000 r-xp 00000000 08:0a 4078129    /usr/lib/jvm/java-7-openjdk-i386/jre/lib/i386/jli/libjli.so
b773a000-b773b000 r--p 0000c000 08:0a 4078129    /usr/lib/jvm/java-7-openjdk-i386/jre/lib/i386/jli/libjli.so
b773b000-b773c000 rw-p 0000d000 08:0a 4078129    /usr/lib/jvm/java-7-openjdk-i386/jre/lib/i386/jli/libjli.so
b773c000-b773f000 rw-p 00000000 00:00 0 
b773f000-b7740000 r-xp 00000000 00:00 0          [vdso]
b7740000-b7760000 r-xp 00000000 08:0a 1319154    /lib/i386-linux-gnu/ld-2.15.so
b7760000-b7761000 r--p 0001f000 08:0a 1319154    /lib/i386-linux-gnu/ld-2.15.so
b7761000-b7762000 rw-p 00020000 08:0a 1319154    /lib/i386-linux-gnu/ld-2.15.so
bfac1000-bfae2000 rw-p 00000000 00:00 0          [stack]

VM Arguments:
jvm_args: -Djava.library.path=/home/matt/CS/Hack/opencv/build/lib -Djava.security.policy=java.policy.applet -Dfile.encoding=UTF-8 
java_command: sun.applet.AppletViewer Main1373745785331.html
Launcher Type: SUN_STANDARD

Environment Variables:
PATH=/usr/lib/lightdm/lightdm:/usr/local/sbin:/usr/local/bin:/usr/sbin:/usr/bin:/sbin:/bin:/usr/games
LD_LIBRARY_PATH=/usr/lib/jvm/java-7-openjdk-i386/jre/lib/i386/server:/usr/lib/jvm/java-7-openjdk-i386/jre/lib/i386:/usr/lib/jvm/java-7-openjdk-i386/jre/../lib/i386:/usr/lib/jvm/java-7-openjdk-i386/jre/lib/i386/client:/usr/lib/jvm/java-7-openjdk-i386/jre/lib/i386:
SHELL=/bin/bash
DISPLAY=:0

Signal Handlers:
SIGSEGV: [libjvm.so+0x753ab0], sa_mask[0]=0x7ffbfeff, sa_flags=0x10000004
SIGBUS: [libjvm.so+0x753ab0], sa_mask[0]=0x7ffbfeff, sa_flags=0x10000004
SIGFPE: [libjvm.so+0x5e95d0], sa_mask[0]=0x7ffbfeff, sa_flags=0x10000004
SIGPIPE: [libjvm.so+0x5e95d0], sa_mask[0]=0x7ffbfeff, sa_flags=0x10000004
SIGXFSZ: [libjvm.so+0x5e95d0], sa_mask[0]=0x7ffbfeff, sa_flags=0x10000004
SIGILL: [libjvm.so+0x5e95d0], sa_mask[0]=0x7ffbfeff, sa_flags=0x10000004
SIGUSR1: SIG_DFL, sa_mask[0]=0x00000000, sa_flags=0x00000000
SIGUSR2: [libjvm.so+0x5e9460], sa_mask[0]=0x00000004, sa_flags=0x10000004
SIGHUP: [libjvm.so+0x5e9ae0], sa_mask[0]=0x7ffbfeff, sa_flags=0x10000004
SIGINT: [libjvm.so+0x5e9ae0], sa_mask[0]=0x7ffbfeff, sa_flags=0x10000004
SIGTERM: [libjvm.so+0x5e9ae0], sa_mask[0]=0x7ffbfeff, sa_flags=0x10000004
SIGQUIT: [libjvm.so+0x5e9ae0], sa_mask[0]=0x7ffbfeff, sa_flags=0x10000004


---------------  S Y S T E M  ---------------

OS:Ubuntu 12.04 (precise)
uname:Linux 3.2.0-49-generic-pae #75-Ubuntu SMP Tue Jun 18 18:00:21 UTC 2013 i686
libc:glibc 2.15 NPTL 2.15 
rlimit: STACK 8192k, CORE 0k, NPROC 64018, NOFILE 4096, AS infinity
load average:0.55 0.51 0.49

/proc/meminfo:
MemTotal:        8208944 kB
MemFree:         5840556 kB
Buffers:          150528 kB
Cached:           990048 kB
SwapCached:            0 kB
Active:          1464704 kB
Inactive:         780872 kB
Active(anon):    1116184 kB
Inactive(anon):   119860 kB
Active(file):     348520 kB
Inactive(file):   661012 kB
Unevictable:          48 kB
Mlocked:              48 kB
HighTotal:       7420168 kB
HighFree:        5292576 kB
LowTotal:         788776 kB
LowFree:          547980 kB
SwapTotal:       8330236 kB
SwapFree:        8330236 kB
Dirty:              1568 kB
Writeback:             0 kB
AnonPages:       1105020 kB
Mapped:           218056 kB
Shmem:            131048 kB
Slab:              62620 kB
SReclaimable:      35908 kB
SUnreclaim:        26712 kB
KernelStack:        4808 kB
PageTables:        14400 kB
NFS_Unstable:          0 kB
Bounce:                0 kB
WritebackTmp:          0 kB
CommitLimit:    12434708 kB
Committed_AS:    4196376 kB
VmallocTotal:     122880 kB
VmallocUsed:       29668 kB
VmallocChunk:      86452 kB
HardwareCorrupted:     0 kB
AnonHugePages:         0 kB
HugePages_Total:       0
HugePages_Free:        0
HugePages_Rsvd:        0
HugePages_Surp:        0
Hugepagesize:       2048 kB
DirectMap4k:       10232 kB
DirectMap2M:      903168 kB


CPU:total 8 (4 cores per cpu, 2 threads per core) family 6 model 42 stepping 7, cmov, cx8, fxsr, mmx, sse, sse2, sse3, ssse3, sse4.1, sse4.2, popcnt, avx, ht, tsc, tscinvbit

/proc/cpuinfo:
processor	: 0
vendor_id	: GenuineIntel
cpu family	: 6
model		: 42
model name	: Intel(R) Core(TM) i7-2630QM CPU @ 2.00GHz
stepping	: 7
microcode	: 0x17
cpu MHz		: 800.000
cache size	: 6144 KB
physical id	: 0
siblings	: 8
core id		: 0
cpu cores	: 4
apicid		: 0
initial apicid	: 0
fdiv_bug	: no
hlt_bug		: no
f00f_bug	: no
coma_bug	: no
fpu		: yes
fpu_exception	: yes
cpuid level	: 13
wp		: yes
flags		: fpu vme de pse tsc msr pae mce cx8 apic sep mtrr pge mca cmov pat pse36 clflush dts acpi mmx fxsr sse sse2 ss ht tm pbe nx rdtscp lm constant_tsc arch_perfmon pebs bts xtopology nonstop_tsc aperfmperf pni pclmulqdq dtes64 monitor ds_cpl vmx est tm2 ssse3 cx16 xtpr pdcm pcid sse4_1 sse4_2 x2apic popcnt tsc_deadline_timer xsave avx lahf_lm ida arat epb xsaveopt pln pts dtherm tpr_shadow vnmi flexpriority ept vpid
bogomips	: 3991.07
clflush size	: 64
cache_alignment	: 64
address sizes	: 36 bits physical, 48 bits virtual
power management:

processor	: 1
vendor_id	: GenuineIntel
cpu family	: 6
model		: 42
model name	: Intel(R) Core(TM) i7-2630QM CPU @ 2.00GHz
stepping	: 7
microcode	: 0x17
cpu MHz		: 800.000
cache size	: 6144 KB
physical id	: 0
siblings	: 8
core id		: 0
cpu cores	: 4
apicid		: 1
initial apicid	: 1
fdiv_bug	: no
hlt_bug		: no
f00f_bug	: no
coma_bug	: no
fpu		: yes
fpu_exception	: yes
cpuid level	: 13
wp		: yes
flags		: fpu vme de pse tsc msr pae mce cx8 apic sep mtrr pge mca cmov pat pse36 clflush dts acpi mmx fxsr sse sse2 ss ht tm pbe nx rdtscp lm constant_tsc arch_perfmon pebs bts xtopology nonstop_tsc aperfmperf pni pclmulqdq dtes64 monitor ds_cpl vmx est tm2 ssse3 cx16 xtpr pdcm pcid sse4_1 sse4_2 x2apic popcnt tsc_deadline_timer xsave avx lahf_lm ida arat epb xsaveopt pln pts dtherm tpr_shadow vnmi flexpriority ept vpid
bogomips	: 3990.74
clflush size	: 64
cache_alignment	: 64
address sizes	: 36 bits physical, 48 bits virtual
power management:

processor	: 2
vendor_id	: GenuineIntel
cpu family	: 6
model		: 42
model name	: Intel(R) Core(TM) i7-2630QM CPU @ 2.00GHz
stepping	: 7
microcode	: 0x17
cpu MHz		: 2001.000
cache size	: 6144 KB
physical id	: 0
siblings	: 8
core id		: 1
cpu cores	: 4
apicid		: 2
initial apicid	: 2
fdiv_bug	: no
hlt_bug		: no
f00f_bug	: no
coma_bug	: no
fpu		: yes
fpu_exception	: yes
cpuid level	: 13
wp		: yes
flags		: fpu vme de pse tsc msr pae mce cx8 apic sep mtrr pge mca cmov pat pse36 clflush dts acpi mmx fxsr sse sse2 ss ht tm pbe nx rdtscp lm constant_tsc arch_perfmon pebs bts xtopology nonstop_tsc aperfmperf pni pclmulqdq dtes64 monitor ds_cpl vmx est tm2 ssse3 cx16 xtpr pdcm pcid sse4_1 sse4_2 x2apic popcnt tsc_deadline_timer xsave avx lahf_lm ida arat epb xsaveopt pln pts dtherm tpr_shadow vnmi flexpriority ept vpid
bogomips	: 3990.76
clflush size	: 64
cache_alignment	: 64
address sizes	: 36 bits physical, 48 bits virtual
power management:

processor	: 3
vendor_id	: GenuineIntel
cpu family	: 6
model		: 42
model name	: Intel(R) Core(TM) i7-2630QM CPU @ 2.00GHz
stepping	: 7
microcode	: 0x17
cpu MHz		: 800.000
cache size	: 6144 KB
physical id	: 0
siblings	: 8
core id		: 1
cpu cores	: 4
apicid		: 3
initial apicid	: 3
fdiv_bug	: no
hlt_bug		: no
f00f_bug	: no
coma_bug	: no
fpu		: yes
fpu_exception	: yes
cpuid level	: 13
wp		: yes
flags		: fpu vme de pse tsc msr pae mce cx8 apic sep mtrr pge mca cmov pat pse36 clflush dts acpi mmx fxsr sse sse2 ss ht tm pbe nx rdtscp lm constant_tsc arch_perfmon pebs bts xtopology nonstop_tsc aperfmperf pni pclmulqdq dtes64 monitor ds_cpl vmx est tm2 ssse3 cx16 xtpr pdcm pcid sse4_1 sse4_2 x2apic popcnt tsc_deadline_timer xsave avx lahf_lm ida arat epb xsaveopt pln pts dtherm tpr_shadow vnmi flexpriority ept vpid
bogomips	: 3990.75
clflush size	: 64
cache_alignment	: 64
address sizes	: 36 bits physical, 48 bits virtual
power management:

processor	: 4
vendor_id	: GenuineIntel
cpu family	: 6
model		: 42
model name	: Intel(R) Core(TM) i7-2630QM CPU @ 2.00GHz
stepping	: 7
microcode	: 0x17
cpu MHz		: 800.000
cache size	: 6144 KB
physical id	: 0
siblings	: 8
core id		: 2
cpu cores	: 4
apicid		: 4
initial apicid	: 4
fdiv_bug	: no
hlt_bug		: no
f00f_bug	: no
coma_bug	: no
fpu		: yes
fpu_exception	: yes
cpuid level	: 13
wp		: yes
flags		: fpu vme de pse tsc msr pae mce cx8 apic sep mtrr pge mca cmov pat pse36 clflush dts acpi mmx fxsr sse sse2 ss ht tm pbe nx rdtscp lm constant_tsc arch_perfmon pebs bts xtopology nonstop_tsc aperfmperf pni pclmulqdq dtes64 monitor ds_cpl vmx est tm2 ssse3 cx16 xtpr pdcm pcid sse4_1 sse4_2 x2apic popcnt tsc_deadline_timer xsave avx lahf_lm ida arat epb xsaveopt pln pts dtherm tpr_shadow vnmi flexpriority ept vpid
bogomips	: 3990.74
clflush size	: 64
cache_alignment	: 64
address sizes	: 36 bits physical, 48 bits virtual
power management:

processor	: 5
vendor_id	: GenuineIntel
cpu family	: 6
model		: 42
model name	: Intel(R) Core(TM) i7-2630QM CPU @ 2.00GHz
stepping	: 7
microcode	: 0x17
cpu MHz		: 800.000
cache size	: 6144 KB
physical id	: 0
siblings	: 8
core id		: 2
cpu cores	: 4
apicid		: 5
initial apicid	: 5
fdiv_bug	: no
hlt_bug		: no
f00f_bug	: no
coma_bug	: no
fpu		: yes
fpu_exception	: yes
cpuid level	: 13
wp		: yes
flags		: fpu vme de pse tsc msr pae mce cx8 apic sep mtrr pge mca cmov pat pse36 clflush dts acpi mmx fxsr sse sse2 ss ht tm pbe nx rdtscp lm constant_tsc arch_perfmon pebs bts xtopology nonstop_tsc aperfmperf pni pclmulqdq dtes64 monitor ds_cpl vmx est tm2 ssse3 cx16 xtpr pdcm pcid sse4_1 sse4_2 x2apic popcnt tsc_deadline_timer xsave avx lahf_lm ida arat epb xsaveopt pln pts dtherm tpr_shadow vnmi flexpriority ept vpid
bogomips	: 3990.75
clflush size	: 64
cache_alignment	: 64
address sizes	: 36 bits physical, 48 bits virtual
power management:

processor	: 6
vendor_id	: GenuineIntel
cpu family	: 6
model		: 42
model name	: Intel(R) Core(TM) i7-2630QM CPU @ 2.00GHz
stepping	: 7
microcode	: 0x17
cpu MHz		: 800.000
cache size	: 6144 KB
physical id	: 0
siblings	: 8
core id		: 3
cpu cores	: 4
apicid		: 6
initial apicid	: 6
fdiv_bug	: no
hlt_bug		: no
f00f_bug	: no
coma_bug	: no
fpu		: yes
fpu_exception	: yes
cpuid level	: 13
wp		: yes
flags		: fpu vme de pse tsc msr pae mce cx8 apic sep mtrr pge mca cmov pat pse36 clflush dts acpi mmx fxsr sse sse2 ss ht tm pbe nx rdtscp lm constant_tsc arch_perfmon pebs bts xtopology nonstop_tsc aperfmperf pni pclmulqdq dtes64 monitor ds_cpl vmx est tm2 ssse3 cx16 xtpr pdcm pcid sse4_1 sse4_2 x2apic popcnt tsc_deadline_timer xsave avx lahf_lm ida arat epb xsaveopt pln pts dtherm tpr_shadow vnmi flexpriority ept vpid
bogomips	: 3990.76
clflush size	: 64
cache_alignment	: 64
address sizes	: 36 bits physical, 48 bits virtual
power management:

processor	: 7
vendor_id	: GenuineIntel
cpu family	: 6
model		: 42
model name	: Intel(R) Core(TM) i7-2630QM CPU @ 2.00GHz
stepping	: 7
microcode	: 0x17
cpu MHz		: 800.000
cache size	: 6144 KB
physical id	: 0
siblings	: 8
core id		: 3
cpu cores	: 4
apicid		: 7
initial apicid	: 7
fdiv_bug	: no
hlt_bug		: no
f00f_bug	: no
coma_bug	: no
fpu		: yes
fpu_exception	: yes
cpuid level	: 13
wp		: yes
flags		: fpu vme de pse tsc msr pae mce cx8 apic sep mtrr pge mca cmov pat pse36 clflush dts acpi mmx fxsr sse sse2 ss ht tm pbe nx rdtscp lm constant_tsc arch_perfmon pebs bts xtopology nonstop_tsc aperfmperf pni pclmulqdq dtes64 monitor ds_cpl vmx est tm2 ssse3 cx16 xtpr pdcm pcid sse4_1 sse4_2 x2apic popcnt tsc_deadline_timer xsave avx lahf_lm ida arat epb xsaveopt pln pts dtherm tpr_shadow vnmi flexpriority ept vpid
bogomips	: 3990.75
clflush size	: 64
cache_alignment	: 64
address sizes	: 36 bits physical, 48 bits virtual
power management:



Memory: 4k page, physical 8208944k(5840556k free), swap 8330236k(8330236k free)

vm_info: OpenJDK Server VM (23.7-b01) for linux-x86 JRE (1.7.0_21-b02), built on Apr 23 2013 13:58:31 by "buildd" with gcc 4.6.3

time: Sat Jul 13 13:03:36 2013
elapsed time: 31 seconds

